 ******** Begin Program SuSeFLAV ************
           model =    GMSB
            loop =    2
         tanbeta =    1.5000E+01
         lambda  =    5.5000E+04
   Messenger scale    1.1000E+05
   number of messen   3.0000E+00
         sign mu =    1.0000E+00
            qmix =    0
   top pole mass =    1.7330E+02
 ********************************************
 
 Invalid point LEPH                                                                                                
  up-type yukawa at high energy:
     5.7333E-06    0.0000E+00    0.0000E+00
     0.0000E+00    5.7334E-03    0.0000E+00
     0.0000E+00    0.0000E+00    7.8705E-01
 
  down-type yukawa at high energy:
     3.1343E-04    0.0000E+00    0.0000E+00
     0.0000E+00    6.2687E-03    0.0000E+00
     0.0000E+00    0.0000E+00    1.6874E-01
 
  lepton-type yukawa at high energy:
     3.9815E-05    0.0000E+00    0.0000E+00
     0.0000E+00    8.3168E-03    0.0000E+00
     0.0000E+00    0.0000E+00    1.4483E-01
 
  nuetrino yukawa at high energy:
     0.0000E+00    0.0000E+00    0.0000E+00
     0.0000E+00    0.0000E+00    0.0000E+00
     0.0000E+00    0.0000E+00    0.0000E+00
 
  up-type yukawa at msusy :
     6.6004E-06    0.0000E+00    0.0000E+00
     0.0000E+00    6.6004E-03    0.0000E+00
     0.0000E+00    0.0000E+00    8.5416E-01
 
  down-type yukawa at msusy :
     3.8079E-04    0.0000E+00    0.0000E+00
     0.0000E+00    7.6159E-03    0.0000E+00
     0.0000E+00    0.0000E+00    2.0051E-01
 
  lepton-type yukawa at msusy :
     4.1653E-05    0.0000E+00    0.0000E+00
     0.0000E+00    8.7007E-03    0.0000E+00
     0.0000E+00    0.0000E+00    1.5122E-01
 
  Spectrum at msusy, q =   1.1022E+03
              alpha_1  =   3.6311E-01
              alpha_2  =   6.4443E-01
              alpha_3  =   1.0566E+00
               vev1    =   1.6793E+01
               vev2    =   2.4311E+02
           newtbeta    =   1.4477E+01
                  \mu  =   5.0698E+02
              ~gluino  =   1.2719E+03
               ~stop_1 =   1.0888E+03
               ~stop_2 =   1.1890E+03
             ~scharm_R =   1.1681E+03
             ~scharm_L =   1.2116E+03
                ~sup_R =   1.1681E+03
                ~sup_L =   1.2116E+03
           ~sbottom_1  =   1.1564E+03
           ~sbottom_2  =   1.1767E+03
           ~sstrange_R =   1.1653E+03
           ~sstrange_L =   1.2141E+03
             ~sdown_R  =   1.1654E+03
             ~sdown_L  =   1.2141E+03
               ~stau_1 =   1.7097E+02
               ~stau_2 =   3.6078E+02
               ~smu_R  =   1.7828E+02
               ~smu_L  =   3.5853E+02
              ~sel_R   =   1.7832E+02
              ~sel_L   =   3.5852E+02
              ~tausnu  =   3.4861E+02
                ~musnu =   3.4887E+02
                ~elsnu =   3.4887E+02
 
 Higgs Spectrum
                 mA0   =   5.1039E+02
            mh_charged =   5.1711E+02
                 mh0   =   1.1315E+02
                  mH   =   5.1068E+02
            \alpha_h   =  -7.4688E-02
 
 Neutralino spectrum
                  N1   =   2.3192E+02
                  N2   =   4.1948E+02
                  N3   =   5.1313E+02
                  N4   =   5.5139E+02
 
 Chargino spectrum
                  C1   =   4.1318E+02
                  C2   =   5.4447E+02
 
  Low Energy Observables 
   Fine tuning, Cmz^2mu^2   =    6.0648E+01
   Fine tuning, Cmt^2mu^2   =    3.0358E+01
        Br(B  => s,gamma)   =    0.0000E+00
       Br(mu  => e,gamma)   =    0.0000E+00 X 10^(-11)
       Br(tau => mu,gamma)  =    0.0000E+00 X 10^(-08)
       Br(tau => e,gamma)   =    0.0000E+00 X 10^(-07)
         Br(tau => e,e,e)   =    0.0000E+00 X 10^(-07)
      Br(tau => mu,mu,mu)   =    0.0000E+00 X 10^(-07)
          Br(mu => e,e,e)   =    0.0000E+00 X 10^(-12)
        Br(mu => e in Ti)   =    0.0000E+00 X 10^(-12)
            (g_mu - 2)      =    1.5368E+01 X 10^(-10)
------------------------------
flag for the point is LEPH                                                                                                
 --------------------------------------------------
 FLAGS AND THEIR MEANINGS
 AOK = Everything is fine.
 BMUNEG = B_mu is negative at Msusy.
 REWSB = |\mu|^2 < 0 at Msusy.
 MUNOC = Non-convergent |\mu| at Msusy.
 SW2NOC = Non-convergent Sin^2_thetaw at Mz.
 NPERTYUK = Non-perturbative yukawa.
 TACSPEC = Spectrum is tachyonic at Msusy.
 TACSPECMZ = Spectrum is tachyonic at Mz.
 FSNC = Final spectrum non-convergent.
 TACMh = Lightest CP-even neutral higgs tachyonic.
 TACMH = Heaviest CP-even neutral higgs tachyonic.
 TACMA = CP-odd neutral higgs tachyonic.
 TACMHCH = Charged higgs tachyonic.
 VARUNDER = Stepsize is zero while integrating the RGEs.
 TACSUP = SUP sector tachyonic.
 TACSDN = SDOWN sector tachyonic.
 TACSLP = SLEPTON sector tachyonic.
 TACSNU = SNEUTRINO sector tachyonic.
 LEPH = Lightest higgs mass below LEP limit.
 LEPC = Lightest chargino mass < 103.5 GeV.
 LSPSTAU = Lightest stau is LSP.
 --------------------------------------------------
