 ******** Begin Program SuSeFLAV ************
           model =    GMSB
            loop =    2
         tanbeta =    1.5000E+01
         lambda  =    9.0000E+04
   Messenger scale    1.0000E+05
   number of messen   1.0000E+00
         sign mu =    1.0000E+00
            qmix =    0
   top pole mass =    1.7330E+02
 ********************************************
 
 Invalid point LEPH                                                                                                
  up-type yukawa at high energy:
     5.7342E-06    0.0000E+00    0.0000E+00
     0.0000E+00    5.7342E-03    0.0000E+00
     0.0000E+00    0.0000E+00    7.9253E-01
 
  down-type yukawa at high energy:
     3.1340E-04    0.0000E+00    0.0000E+00
     0.0000E+00    6.2680E-03    0.0000E+00
     0.0000E+00    0.0000E+00    1.6897E-01
 
  lepton-type yukawa at high energy:
     3.9875E-05    0.0000E+00    0.0000E+00
     0.0000E+00    8.3293E-03    0.0000E+00
     0.0000E+00    0.0000E+00    1.4439E-01
 
  nuetrino yukawa at high energy:
     0.0000E+00    0.0000E+00    0.0000E+00
     0.0000E+00    0.0000E+00    0.0000E+00
     0.0000E+00    0.0000E+00    0.0000E+00
 
  up-type yukawa at msusy :
     6.6296E-06    0.0000E+00    0.0000E+00
     0.0000E+00    6.6297E-03    0.0000E+00
     0.0000E+00    0.0000E+00    8.6234E-01
 
  down-type yukawa at msusy :
     3.8302E-04    0.0000E+00    0.0000E+00
     0.0000E+00    7.6604E-03    0.0000E+00
     0.0000E+00    0.0000E+00    2.0186E-01
 
  lepton-type yukawa at msusy :
     4.1744E-05    0.0000E+00    0.0000E+00
     0.0000E+00    8.7198E-03    0.0000E+00
     0.0000E+00    0.0000E+00    1.5086E-01
 
  Spectrum at msusy, q =   9.4798E+02
              alpha_1  =   3.6279E-01
              alpha_2  =   6.4594E-01
              alpha_3  =   1.0695E+00
               vev1    =   1.6765E+01
               vev2    =   2.4308E+02
           newtbeta    =   1.4499E+01
                  \mu  =   4.5715E+02
              ~gluino  =   8.7181E+02
               ~stop_1 =   9.2671E+02
               ~stop_2 =   1.0164E+03
             ~scharm_R =   9.9491E+02
             ~scharm_L =   1.0350E+03
                ~sup_R =   9.9491E+02
                ~sup_L =   1.0350E+03
           ~sbottom_1  =   9.8364E+02
           ~sbottom_2  =   1.0040E+03
           ~sstrange_R =   9.9241E+02
           ~sstrange_L =   1.0379E+03
             ~sdown_R  =   9.9242E+02
             ~sdown_L  =   1.0379E+03
               ~stau_1 =   1.5327E+02
               ~stau_2 =   3.2148E+02
               ~smu_R  =   1.6105E+02
               ~smu_L  =   3.1882E+02
              ~sel_R   =   1.6108E+02
              ~sel_L   =   3.1881E+02
              ~tausnu  =   3.0795E+02
                ~musnu =   3.0819E+02
                ~elsnu =   3.0819E+02
 
 Higgs Spectrum
                 mA0   =   4.5282E+02
            mh_charged =   4.6032E+02
                 mh0   =   1.1198E+02
                  mH   =   4.5309E+02
            \alpha_h   =  -7.6157E-02
 
 Neutralino spectrum
                  N1   =   1.4694E+02
                  N2   =   2.7500E+02
                  N3   =   4.6447E+02
                  N4   =   4.8191E+02
 
 Chargino spectrum
                  C1   =   2.7074E+02
                  C2   =   4.7780E+02
 
  Low Energy Observables 
   Fine tuning, Cmz^2mu^2   =    4.9362E+01
   Fine tuning, Cmt^2mu^2   =    2.4628E+01
        Br(B  => s,gamma)   =    0.0000E+00
       Br(mu  => e,gamma)   =    0.0000E+00 X 10^(-11)
       Br(tau => mu,gamma)  =    0.0000E+00 X 10^(-08)
       Br(tau => e,gamma)   =    0.0000E+00 X 10^(-07)
         Br(tau => e,e,e)   =    0.0000E+00 X 10^(-07)
      Br(tau => mu,mu,mu)   =    0.0000E+00 X 10^(-07)
          Br(mu => e,e,e)   =    0.0000E+00 X 10^(-12)
        Br(mu => e in Ti)   =    0.0000E+00 X 10^(-12)
            (g_mu - 2)      =    2.3601E+01 X 10^(-10)
------------------------------
flag for the point is LEPH                                                                                                
 --------------------------------------------------
 FLAGS AND THEIR MEANINGS
 AOK = Everything is fine.
 BMUNEG = B_mu is negative at Msusy.
 REWSB = |\mu|^2 < 0 at Msusy.
 MUNOC = Non-convergent |\mu| at Msusy.
 SW2NOC = Non-convergent Sin^2_thetaw at Mz.
 NPERTYUK = Non-perturbative yukawa.
 TACSPEC = Spectrum is tachyonic at Msusy.
 TACSPECMZ = Spectrum is tachyonic at Mz.
 FSNC = Final spectrum non-convergent.
 TACMh = Lightest CP-even neutral higgs tachyonic.
 TACMH = Heaviest CP-even neutral higgs tachyonic.
 TACMA = CP-odd neutral higgs tachyonic.
 TACMHCH = Charged higgs tachyonic.
 VARUNDER = Stepsize is zero while integrating the RGEs.
 TACSUP = SUP sector tachyonic.
 TACSDN = SDOWN sector tachyonic.
 TACSLP = SLEPTON sector tachyonic.
 TACSNU = SNEUTRINO sector tachyonic.
 LEPH = Lightest higgs mass below LEP limit.
 LEPC = Lightest chargino mass < 103.5 GeV.
 LSPSTAU = Lightest stau is LSP.
 --------------------------------------------------
