# Spectrum Output in SUSY Les Houches Accord 2
# SuSeFLAV v1.2.0 
# D. Chowdhury, R. Garani and S. K. Vempati, hep-ph/1109.3551 
# For bug reports or any other queries please send email to suseflav@cts.iisc.ernet.in 
# Created on 18.06.2012 at 11:50 Hrs
#
BLOCK SPINFO  #  Program information
     1   SuSeFLAV     # Spectrum calculator
     2   1.2.0        # Version number
#
BLOCK MODSEL  #  MODEL NAME
     1      1   # mSUGRA
#
BLOCK MINPAR  # Input parameters
         1     3.00000000E+02   #  m0                 
         2     4.50000000E+02   #  m_1/2              
         3     1.00000000E+01   #  tanbeta(mz)        
         4     1.00000000E+00   #  sign(mu)           
         5     0.00000000E+00   #  A0                 
#
BLOCK SMINPUTS  # Standard Model inputs
         1     1.27934000E+02   # alpha_em (M_Z)^MSbar
         2     1.16637000E-05   # G_F [GeV^-2]
         3     1.17200000E-01   # alpha_S(M_Z)^MSbar
         4     9.11876000E+01   # M_Z pole mass
         5     4.25000000E+00   # mb(mb)^MSbar
         6     1.73300000E+02   # mt pole mass
         7     1.77700000E+00   # mtau pole mass
#
BLOCK EXTPAR  # Extra Input parameters
         0     1.99920623E+16   # Unification Scale
#
BLOCK MASS  # Mass Spectrum
# PDG code           mass       particle
        24     8.05122589E+01   # W+
        25     1.13962871E+02   # h
        35     7.05453336E+02   # H
        36     7.05137754E+02   # A
        37     7.10159339E+02   # H+
   1000001     1.00126322E+03   # ~d_L
   2000001     9.63424348E+02   # ~d_R
   1000002     9.98237784E+02   # ~u_L
   2000002     9.65999833E+02   # ~u_R
   1000003     1.00125714E+03   # ~s_L
   2000003     9.63411509E+02   # ~s_R
   1000004     9.98248915E+02   # ~c_L
   2000004     9.65967794E+02   # ~c_R
   1000005     9.10260545E+02   # ~b_1
   2000005     9.59772636E+02   # ~b_2
   1000006     7.54361824E+02   # ~t_1
   2000006     9.57477600E+02   # ~t_2
   1000011     4.28246609E+02   # ~e_L
   2000011     3.48933256E+02   # ~e_R
   1000012     4.20455501E+02   # ~nu_eL
   1000013     4.28240868E+02   # ~mu_L
   2000013     3.48899470E+02   # ~mu_R
   1000014     4.20456454E+02   # ~nu_muL
   1000015     3.42487432E+02   # ~tau_1
   2000015     4.28742250E+02   # ~tau_2
   1000016     4.18980574E+02   # ~nu_tauL
   1000021     1.05306527E+03   # ~g
   1000022     1.82890934E+02   # ~chi_10
   1000023     3.40784382E+02   # ~chi_20
   1000025     5.81047658E+02   # ~chi_30
   1000035     5.95127160E+02   # ~chi_40
   1000024     3.34223893E+02   # ~chi_1+
   1000037     5.89744389E+02   # ~chi_2+
#
BLOCK NMIX  # Neutralino Mixing Matrix
  1  1     9.94817900E-01   # N_11
  1  2    -2.27494252E-02   # N_12
  1  3     9.17687014E-02   # N_13
  1  4    -3.73940617E-02   # N_14
  2  1     4.69725129E-02   # N_21
  2  2     9.65908478E-01   # N_22
  2  3    -2.12827810E-01   # N_23
  2  4     1.39709406E-01   # N_24
  3  1     3.69046863E-02   # N_31
  3  2    -5.40092965E-02   # N_32
  3  3    -7.02303633E-01   # N_33
  3  4    -7.08865747E-01   # N_34
  4  1    -8.22737742E-02   # N_41
  4  2     2.52163184E-01   # N_42
  4  3     6.73091699E-01   # N_43
  4  4    -6.90356661E-01   # N_44
#
BLOCK UMIX  # Chargino Mixing Matrix U
  1  1     9.54955246E-01   # U_11
  1  2    -2.96749859E-01   # U_12
  2  1     2.96749859E-01   # U_21
  2  2     9.54955246E-01   # U_22
#
BLOCK VMIX  # Chargino Mixing Matrix V
  1  1     9.81205070E-01   # V_11
  1  2    -1.92967898E-01   # V_12
  2  1     1.92967898E-01   # V_21
  2  2     9.81205070E-01   # V_22
#
BLOCK STOPMIX  # Stop Mixing Matrix
  1  1     4.60293180E-01   # STOPMIX_11
  1  2     8.87766967E-01   # STOPMIX_12
  2  1    -8.87766967E-01   # STOPMIX_21
  2  2     4.60293180E-01   # STOPMIX_22
#
BLOCK SBOTMIX  # Sbottom Mixing Matrix
  1  1     9.68600445E-01   # SBOTMIX_11
  1  2     2.48622560E-01   # SBOTMIX_12
  2  1    -2.48622560E-01   # SBOTMIX_21
  2  2     9.68600445E-01   # SBOTMIX_22
#
BLOCK STAUMIX  # Stau Mixing Matrix
  1  1     1.62975986E-01   # STAUMIX_11
  1  2     9.86630036E-01   # STAUMIX_12
  2  1    -9.86630036E-01   # STAUMIX_21
  2  2     1.62975986E-01   # STAUMIX_22
#
BLOCK ALPHA  # Higgs mixing
          -1.06904882E-01   # Mixing angle in the neutral Higgs boson sector
#
BLOCK HMIX Q=  8.21862222E+02  # DRbar Higgs Parameters
     1     5.73162492E+02   # mu(Q)
     2     9.67600036E+00   # tanbeta(Q)
     3     2.44034020E+02   # vev(Q)
     4     5.14554967E+05   # MA^2(Q)
#
BLOCK GAUGE Q=  8.21862222E+02  # The gauge couplings
     1     3.61984983E-01   # gprime(Q) DRbar
     2     6.44581803E-01   # g(Q) DRbar
     3     1.06926889E+00   # g_3(Q) DRbar
#
BLOCK AU Q=  8.21862222E+02  # The trilinear couplings
  1  1    -1.04658492E+03   # A_u(Q) DRbar
  2  2    -1.04656777E+03   # A_c(Q) DRbar
  3  3    -8.09818893E+02   # A_t(Q) DRbar
#
BLOCK AD Q=  8.21862222E+02  # The trilinear couplings
  1  1    -1.27835806E+03   # A_d(Q) DRbar
  2  2    -1.27834485E+03   # A_s(Q) DRbar
  3  3    -1.19774658E+03   # A_b(Q) DRbar
#
BLOCK AE Q=  8.21862222E+02  # The trilinear couplings
  1  1    -2.70725051E+02   # A_e(Q) DRbar
  2  2    -2.70720067E+02   # A_mu(Q) DRbar
  3  3    -2.69257010E+02   # A_tau(Q) DRbar
#
BLOCK YU Q=  8.21862222E+02  # The top Yukawa coupling
  3  3     8.60507872E-01   # y_top(Q) DRbar
#
BLOCK YD Q=  8.21862222E+02  # The down Yukawa coupling
  3  3     1.35551969E-01   # y_b(Q) DRbar
#
BLOCK YE Q=  8.21862222E+02  # The tau Yukawa coupling
  3  3     1.00091957E-01   # y_tau(Q) DRbar
#
BLOCK MSOFT Q=  8.21862222E+02  # soft SUSY breaking masses at scale Q
         1     1.87808269E+02   # M_1
         2     3.48406547E+02   # M_2
         3     1.01258211E+03   # M_3
        21     1.62524626E+05   # M^2_Hd
        22    -3.17702234E+05   # M^2_Hu
        31     4.22700012E+02   # M_eL
        32     4.22695090E+02   # M_muL
        33     4.21248507E+02   # M_tauL
        34     3.44337156E+02   # M_eR
        35     3.44324928E+02   # M_muR
        36     3.40710162E+02   # M_tauR
        41     9.66486223E+02   # M_q1L
        42     9.66477320E+02   # M_q2L
        43     8.83397433E+02   # M_q3L
        44     9.34317462E+02   # M_uR
        45     9.34306408E+02   # M_cR
        46     7.55493525E+02   # M_tR
        47     9.30472442E+02   # M_dR
        48     9.30464905E+02   # M_sR
        49     9.25444336E+02   # M_bR
#
BLOCK SuSeFLAVLOWENERGY   #  PARAMETERS 
         1     3.75404083E-03   # Delta rho parameter
         2     8.36284678E-10   # g_mu - 2
         3     0.00000000E+00   # Br(b -> s gamma)
         4     0.00000000E+00   # Br(tau -> mu gamma)
         5     0.00000000E+00   # Br(tau -> e gamma)
         6     0.00000000E+00   # Br(mu -> e gamma)
         7     0.00000000E+00   # Br(tau -> mu mu mu)
         8     0.00000000E+00   # Br(tau -> e e e)
         9     0.00000000E+00   # Br(mu -> e e e)
#
BLOCK FINETUNE  # Fine Tuning
         1     7.97345323E+01   # delta mZ^2/mZ^2 (mu^2)
         2     3.98959030E+01   # delta mt/mt (mu^2)
