# Spectrum Output in SUSY Les Houches Accord 2
# SuSeFLAV v1.2.0 
# D. Chowdhury, R. Garani and S. K. Vempati, hep-ph/1109.3551 
# For bug reports or any other queries please send email to suseflav@cts.iisc.ernet.in 
# Created on 18.06.2012 at 11:50 Hrs
#
BLOCK SPINFO  #  Program information
     1   SuSeFLAV     # Spectrum calculator
     2   1.2.0        # Version number
#
BLOCK MODSEL  #  MODEL NAME
     1      1   # mSUGRA
#
BLOCK MINPAR  # Input parameters
         1     9.50000000E+02   #  m0                 
         2     4.50000000E+02   #  m_1/2              
         3     1.00000000E+01   #  tanbeta(mz)        
         4     1.00000000E+00   #  sign(mu)           
         5     0.00000000E+00   #  A0                 
#
BLOCK SMINPUTS  # Standard Model inputs
         1     1.27934000E+02   # alpha_em (M_Z)^MSbar
         2     1.16637000E-05   # G_F [GeV^-2]
         3     1.17200000E-01   # alpha_S(M_Z)^MSbar
         4     9.11876000E+01   # M_Z pole mass
         5     4.25000000E+00   # mb(mb)^MSbar
         6     1.73300000E+02   # mt pole mass
         7     1.77700000E+00   # mtau pole mass
#
BLOCK EXTPAR  # Extra Input parameters
         0     2.24769757E+16   # Unification Scale
#
BLOCK MASS  # Mass Spectrum
# PDG code           mass       particle
        24     8.05105875E+01   # W+
        25     1.14539232E+02   # h
        35     1.12570886E+03   # H
        36     1.12563428E+03   # A
        37     1.12871905E+03   # H+
   1000001     1.32907250E+03   # ~d_L
   2000001     1.30364125E+03   # ~d_R
   1000002     1.32683555E+03   # ~u_L
   2000002     1.30516943E+03   # ~u_R
   1000003     1.32905889E+03   # ~s_L
   2000003     1.30362360E+03   # ~s_R
   1000004     1.32683614E+03   # ~c_L
   2000004     1.30513375E+03   # ~c_R
   1000005     1.15633330E+03   # ~b_1
   2000005     1.29505080E+03   # ~b_2
   1000006     9.31860651E+02   # ~t_1
   2000006     1.18192740E+03   # ~t_2
   1000011     9.93450205E+02   # ~e_L
   2000011     9.65914077E+02   # ~e_R
   1000012     9.90187325E+02   # ~nu_eL
   1000013     9.93403217E+02   # ~mu_L
   2000013     9.65858471E+02   # ~mu_R
   1000014     9.90235533E+02   # ~nu_muL
   1000015     9.56219473E+02   # ~tau_1
   2000015     9.90123925E+02   # ~tau_2
   1000016     9.86166929E+02   # ~nu_tauL
   1000021     1.09409243E+03   # ~g
   1000022     1.84596165E+02   # ~chi_10
   1000023     3.43260978E+02   # ~chi_20
   1000025     5.70673716E+02   # ~chi_30
   1000035     5.86107435E+02   # ~chi_40
   1000024     3.34774932E+02   # ~chi_1+
   1000037     5.80102489E+02   # ~chi_2+
#
BLOCK NMIX  # Neutralino Mixing Matrix
  1  1     9.94457182E-01   # N_11
  1  2    -2.33534218E-02   # N_12
  1  3     9.47050495E-02   # N_13
  1  4    -3.92490065E-02   # N_14
  2  1     4.96019245E-02   # N_21
  2  2     9.62389664E-01   # N_22
  2  3    -2.21934571E-01   # N_23
  2  4     1.48629843E-01   # N_24
  3  1     3.76281908E-02   # N_31
  3  2    -5.44265359E-02   # N_32
  3  3    -7.02292411E-01   # N_33
  3  4    -7.08806913E-01   # N_34
  4  1    -8.47271006E-02   # N_41
  4  2     2.65138652E-01   # N_42
  4  3     6.69747242E-01   # N_43
  4  4    -6.88448578E-01   # N_44
#
BLOCK UMIX  # Chargino Mixing Matrix U
  1  1     9.51604701E-01   # U_11
  1  2    -3.07324737E-01   # U_12
  2  1     3.07324737E-01   # U_21
  2  2     9.51604701E-01   # U_22
#
BLOCK VMIX  # Chargino Mixing Matrix V
  1  1     9.79152368E-01   # V_11
  1  2    -2.03127151E-01   # V_12
  2  1     2.03127151E-01   # V_21
  2  2     9.79152368E-01   # V_22
#
BLOCK STOPMIX  # Stop Mixing Matrix
  1  1     2.83924770E-01   # STOPMIX_11
  1  2     9.58846560E-01   # STOPMIX_12
  2  1    -9.58846560E-01   # STOPMIX_21
  2  2     2.83924770E-01   # STOPMIX_22
#
BLOCK SBOTMIX  # Sbottom Mixing Matrix
  1  1     9.98167052E-01   # SBOTMIX_11
  1  2     6.05188943E-02   # SBOTMIX_12
  2  1    -6.05188943E-02   # SBOTMIX_21
  2  2     9.98167052E-01   # SBOTMIX_22
#
BLOCK STAUMIX  # Stau Mixing Matrix
  1  1     1.60734806E-01   # STAUMIX_11
  1  2     9.86997630E-01   # STAUMIX_12
  2  1    -9.86997630E-01   # STAUMIX_21
  2  2     1.60734806E-01   # STAUMIX_22
#
BLOCK ALPHA  # Higgs mixing
          -1.04904030E-01   # Mixing angle in the neutral Higgs boson sector
#
BLOCK HMIX Q=  1.01982644E+03  # DRbar Higgs Parameters
     1     5.62621431E+02   # mu(Q)
     2     9.64664404E+00   # tanbeta(Q)
     3     2.43642749E+02   # vev(Q)
     4     1.29388493E+06   # MA^2(Q)
#
BLOCK GAUGE Q=  1.01982644E+03  # The gauge couplings
     1     3.62138860E-01   # gprime(Q) DRbar
     2     6.43601040E-01   # g(Q) DRbar
     3     1.06080657E+00   # g_3(Q) DRbar
#
BLOCK AU Q=  1.01982644E+03  # The trilinear couplings
  1  1    -1.02988289E+03   # A_u(Q) DRbar
  2  2    -1.02986615E+03   # A_c(Q) DRbar
  3  3    -7.97113978E+02   # A_t(Q) DRbar
#
BLOCK AD Q=  1.01982644E+03  # The trilinear couplings
  1  1    -1.25732403E+03   # A_d(Q) DRbar
  2  2    -1.25731117E+03   # A_s(Q) DRbar
  3  3    -1.17802946E+03   # A_b(Q) DRbar
#
BLOCK AE Q=  1.01982644E+03  # The trilinear couplings
  1  1    -2.69401794E+02   # A_e(Q) DRbar
  2  2    -2.69396871E+02   # A_mu(Q) DRbar
  3  3    -2.67970291E+02   # A_tau(Q) DRbar
#
BLOCK YU Q=  1.01982644E+03  # The top Yukawa coupling
  3  3     8.57121949E-01   # y_top(Q) DRbar
#
BLOCK YD Q=  1.01982644E+03  # The down Yukawa coupling
  3  3     1.35499022E-01   # y_b(Q) DRbar
#
BLOCK YE Q=  1.01982644E+03  # The tau Yukawa coupling
  3  3     9.92111337E-02   # y_tau(Q) DRbar
#
BLOCK MSOFT Q=  1.01982644E+03  # soft SUSY breaking masses at scale Q
         1     1.88527948E+02   # M_1
         2     3.49332010E+02   # M_2
         3     1.00237978E+03   # M_3
        21     9.39092704E+05   # M^2_Hd
        22    -2.89564954E+05   # M^2_Hu
        31     9.90856822E+02   # M_eL
        32     9.90843144E+02   # M_muL
        33     9.86871531E+02   # M_tauL
        34     9.63653765E+02   # M_eR
        35     9.63625458E+02   # M_muR
        36     9.55368871E+02   # M_tauR
        41     1.29850354E+03   # M_q1L
        42     1.29848764E+03   # M_q2L
        43     1.12963379E+03   # M_q3L
        44     1.27746481E+03   # M_uR
        45     1.27744494E+03   # M_cR
        46     9.09547260E+02   # M_tR
        47     1.27506529E+03   # M_dR
        48     1.27505265E+03   # M_sR
        49     1.26627593E+03   # M_bR
#
BLOCK SuSeFLAVLOWENERGY   #  PARAMETERS 
         1     3.72827669E-03   # Delta rho parameter
         2     3.03912500E-10   # g_mu - 2
         3     0.00000000E+00   # Br(b -> s gamma)
         4     0.00000000E+00   # Br(tau -> mu gamma)
         5     0.00000000E+00   # Br(tau -> e gamma)
         6     0.00000000E+00   # Br(mu -> e gamma)
         7     0.00000000E+00   # Br(tau -> mu mu mu)
         8     0.00000000E+00   # Br(tau -> e e e)
         9     0.00000000E+00   # Br(mu -> e e e)
#
BLOCK FINETUNE  # Fine Tuning
         1     7.66290688E+01   # delta mZ^2/mZ^2 (mu^2)
         2     3.83203553E+01   # delta mt/mt (mu^2)
