 ******** Begin Program SuSeFLAV ************
           model =    mSUG
            loop =    2
         tanbeta =    1.0000E+01
             m0  =    9.5000E+02
             a0  =    0.0000E+00
             M12 =    4.5000E+02
             m10 =    9.5000E+02
             m20 =    9.5000E+02
         sign mu =    1.0000E+00
            qmix =    0
   top pole mass =    1.7330E+02
 ********************************************
 
  up-type yukawa at high energy:
     2.6108E-06    0.0000E+00    0.0000E+00
     0.0000E+00    2.6109E-03    0.0000E+00
     0.0000E+00    0.0000E+00    4.4897E-01
 
  down-type yukawa at high energy:
     7.7874E-05    0.0000E+00    0.0000E+00
     0.0000E+00    1.5575E-03    0.0000E+00
     0.0000E+00    0.0000E+00    4.5660E-02
 
  lepton-type yukawa at high energy:
     1.7492E-05    0.0000E+00    0.0000E+00
     0.0000E+00    3.6538E-03    0.0000E+00
     0.0000E+00    0.0000E+00    6.2604E-02
 
  nuetrino yukawa at high energy:
     0.0000E+00    0.0000E+00    0.0000E+00
     0.0000E+00    0.0000E+00    0.0000E+00
     0.0000E+00    0.0000E+00    0.0000E+00
 
  up-type yukawa at msusy :
     6.6381E-06    0.0000E+00    0.0000E+00
     0.0000E+00    6.6381E-03    0.0000E+00
     0.0000E+00    0.0000E+00    8.5712E-01
 
  down-type yukawa at msusy :
     2.5517E-04    0.0000E+00    0.0000E+00
     0.0000E+00    5.1034E-03    0.0000E+00
     0.0000E+00    0.0000E+00    1.3550E-01
 
  lepton-type yukawa at msusy :
     2.7848E-05    0.0000E+00    0.0000E+00
     0.0000E+00    5.8171E-03    0.0000E+00
     0.0000E+00    0.0000E+00    9.9211E-02
 
  Spectrum at msusy, q =   1.0198E+03
              alpha_1  =   3.6214E-01
              alpha_2  =   6.4360E-01
              alpha_3  =   1.0608E+00
               vev1    =   2.5123E+01
               vev2    =   2.4235E+02
           newtbeta    =   9.6466E+00
                  \mu  =   5.6262E+02
              ~gluino  =   1.0941E+03
               ~stop_1 =   9.3186E+02
               ~stop_2 =   1.1819E+03
             ~scharm_R =   1.3051E+03
             ~scharm_L =   1.3268E+03
                ~sup_R =   1.3052E+03
                ~sup_L =   1.3268E+03
           ~sbottom_1  =   1.1563E+03
           ~sbottom_2  =   1.2951E+03
           ~sstrange_R =   1.3036E+03
           ~sstrange_L =   1.3291E+03
             ~sdown_R  =   1.3036E+03
             ~sdown_L  =   1.3291E+03
               ~stau_1 =   9.5622E+02
               ~stau_2 =   9.9012E+02
               ~smu_R  =   9.6586E+02
               ~smu_L  =   9.9340E+02
              ~sel_R   =   9.6591E+02
              ~sel_L   =   9.9345E+02
              ~tausnu  =   9.8617E+02
                ~musnu =   9.9024E+02
                ~elsnu =   9.9019E+02
 
 Higgs Spectrum
                 mA0   =   1.1256E+03
            mh_charged =   1.1287E+03
                 mh0   =   1.1454E+02
                  mH   =   1.1257E+03
            \alpha_h   =  -1.0490E-01
 
 Neutralino spectrum
                  N1   =   1.8460E+02
                  N2   =   3.4326E+02
                  N3   =   5.7067E+02
                  N4   =   5.8611E+02
 
 Chargino spectrum
                  C1   =   3.3477E+02
                  C2   =   5.8010E+02
 
  Low Energy Observables 
   Fine tuning, Cmz^2mu^2   =    7.6629E+01
   Fine tuning, Cmt^2mu^2   =    3.8320E+01
        Br(B  => s,gamma)   =    0.0000E+00
       Br(mu  => e,gamma)   =    0.0000E+00 X 10^(-11)
       Br(tau => mu,gamma)  =    0.0000E+00 X 10^(-08)
       Br(tau => e,gamma)   =    0.0000E+00 X 10^(-07)
         Br(tau => e,e,e)   =    0.0000E+00 X 10^(-07)
      Br(tau => mu,mu,mu)   =    0.0000E+00 X 10^(-07)
          Br(mu => e,e,e)   =    0.0000E+00 X 10^(-12)
        Br(mu => e in Ti)   =    0.0000E+00 X 10^(-12)
            (g_mu - 2)      =    3.0391E+00 X 10^(-10)
------------------------------
flag for the point is  AOK                                                                                                
 --------------------------------------------------
 FLAGS AND THEIR MEANINGS
 AOK = Everything is fine.
 BMUNEG = B_mu is negative at Msusy.
 REWSB = |\mu|^2 < 0 at Msusy.
 MUNOC = Non-convergent |\mu| at Msusy.
 SW2NOC = Non-convergent Sin^2_thetaw at Mz.
 NPERTYUK = Non-perturbative yukawa.
 TACSPEC = Spectrum is tachyonic at Msusy.
 TACSPECMZ = Spectrum is tachyonic at Mz.
 FSNC = Final spectrum non-convergent.
 TACMh = Lightest CP-even neutral higgs tachyonic.
 TACMH = Heaviest CP-even neutral higgs tachyonic.
 TACMA = CP-odd neutral higgs tachyonic.
 TACMHCH = Charged higgs tachyonic.
 VARUNDER = Stepsize is zero while integrating the RGEs.
 TACSUP = SUP sector tachyonic.
 TACSDN = SDOWN sector tachyonic.
 TACSLP = SLEPTON sector tachyonic.
 TACSNU = SNEUTRINO sector tachyonic.
 LEPH = Lightest higgs mass below LEP limit.
 LEPC = Lightest chargino mass < 103.5 GeV.
 LSPSTAU = Lightest stau is LSP.
 --------------------------------------------------
