 ******** Begin Program SuSeFLAV ************
           model =    GMSB
            loop =    2
         tanbeta =    1.5000E+01
         lambda  =    8.1000E+04
   Messenger scale    9.0000E+04
   number of messen   1.0000E+00
         sign mu =    1.0000E+00
            qmix =    0
   top pole mass =    1.7330E+02
 ********************************************
 
 Invalid point LEPH                                                                                                
  up-type yukawa at high energy:
     5.7481E-06    0.0000E+00    0.0000E+00
     0.0000E+00    5.7481E-03    0.0000E+00
     0.0000E+00    0.0000E+00    7.9547E-01
 
  down-type yukawa at high energy:
     3.1439E-04    0.0000E+00    0.0000E+00
     0.0000E+00    6.2878E-03    0.0000E+00
     0.0000E+00    0.0000E+00    1.6970E-01
 
  lepton-type yukawa at high energy:
     3.9929E-05    0.0000E+00    0.0000E+00
     0.0000E+00    8.3407E-03    0.0000E+00
     0.0000E+00    0.0000E+00    1.4449E-01
 
  nuetrino yukawa at high energy:
     0.0000E+00    0.0000E+00    0.0000E+00
     0.0000E+00    0.0000E+00    0.0000E+00
     0.0000E+00    0.0000E+00    0.0000E+00
 
  up-type yukawa at msusy :
     6.6504E-06    0.0000E+00    0.0000E+00
     0.0000E+00    6.6505E-03    0.0000E+00
     0.0000E+00    0.0000E+00    8.6587E-01
 
  down-type yukawa at msusy :
     3.8463E-04    0.0000E+00    0.0000E+00
     0.0000E+00    7.6926E-03    0.0000E+00
     0.0000E+00    0.0000E+00    2.0292E-01
 
  lepton-type yukawa at msusy :
     4.1798E-05    0.0000E+00    0.0000E+00
     0.0000E+00    8.7309E-03    0.0000E+00
     0.0000E+00    0.0000E+00    1.5096E-01
 
  Spectrum at msusy, q =   8.6260E+02
              alpha_1  =   3.6259E-01
              alpha_2  =   6.4649E-01
              alpha_3  =   1.0746E+00
               vev1    =   1.6752E+01
               vev2    =   2.4316E+02
           newtbeta    =   1.4516E+01
                  \mu  =   4.1505E+02
              ~gluino  =   7.9296E+02
               ~stop_1 =   8.4284E+02
               ~stop_2 =   9.2625E+02
             ~scharm_R =   9.0375E+02
             ~scharm_L =   9.3943E+02
                ~sup_R =   9.0376E+02
                ~sup_L =   9.3943E+02
           ~sbottom_1  =   8.9293E+02
           ~sbottom_2  =   9.1249E+02
           ~sstrange_R =   9.0174E+02
           ~sstrange_L =   9.4264E+02
             ~sdown_R  =   9.0175E+02
             ~sdown_L  =   9.4264E+02
               ~stau_1 =   1.3774E+02
               ~stau_2 =   2.9100E+02
               ~smu_R  =   1.4604E+02
               ~smu_L  =   2.8796E+02
              ~sel_R   =   1.4608E+02
              ~sel_L   =   2.8795E+02
              ~tausnu  =   2.7606E+02
                ~musnu =   2.7626E+02
                ~elsnu =   2.7627E+02
 
 Higgs Spectrum
                 mA0   =   4.0993E+02
            mh_charged =   4.1816E+02
                 mh0   =   1.1120E+02
                  mH   =   4.1020E+02
            \alpha_h   =  -7.7717E-02
 
 Neutralino spectrum
                  N1   =   1.3163E+02
                  N2   =   2.4545E+02
                  N3   =   4.2277E+02
                  N4   =   4.4133E+02
 
 Chargino spectrum
                  C1   =   2.4160E+02
                  C2   =   4.3753E+02
 
  Low Energy Observables 
   Fine tuning, Cmz^2mu^2   =    4.0727E+01
   Fine tuning, Cmt^2mu^2   =    2.0321E+01
        Br(B  => s,gamma)   =    0.0000E+00
       Br(mu  => e,gamma)   =    0.0000E+00 X 10^(-11)
       Br(tau => mu,gamma)  =    0.0000E+00 X 10^(-08)
       Br(tau => e,gamma)   =    0.0000E+00 X 10^(-07)
         Br(tau => e,e,e)   =    0.0000E+00 X 10^(-07)
      Br(tau => mu,mu,mu)   =    0.0000E+00 X 10^(-07)
          Br(mu => e,e,e)   =    0.0000E+00 X 10^(-12)
        Br(mu => e in Ti)   =    0.0000E+00 X 10^(-12)
            (g_mu - 2)      =    2.9107E+01 X 10^(-10)
------------------------------
flag for the point is LEPH                                                                                                
 --------------------------------------------------
 FLAGS AND THEIR MEANINGS
 AOK = Everything is fine.
 BMUNEG = B_mu is negative at Msusy.
 REWSB = |\mu|^2 < 0 at Msusy.
 MUNOC = Non-convergent |\mu| at Msusy.
 SW2NOC = Non-convergent Sin^2_thetaw at Mz.
 NPERTYUK = Non-perturbative yukawa.
 TACSPEC = Spectrum is tachyonic at Msusy.
 TACSPECMZ = Spectrum is tachyonic at Mz.
 FSNC = Final spectrum non-convergent.
 TACMh = Lightest CP-even neutral higgs tachyonic.
 TACMH = Heaviest CP-even neutral higgs tachyonic.
 TACMA = CP-odd neutral higgs tachyonic.
 TACMHCH = Charged higgs tachyonic.
 VARUNDER = Stepsize is zero while integrating the RGEs.
 TACSUP = SUP sector tachyonic.
 TACSDN = SDOWN sector tachyonic.
 TACSLP = SLEPTON sector tachyonic.
 TACSNU = SNEUTRINO sector tachyonic.
 LEPH = Lightest higgs mass below LEP limit.
 LEPC = Lightest chargino mass < 103.5 GeV.
 LSPSTAU = Lightest stau is LSP.
 --------------------------------------------------
