# Spectrum Output in SUSY Les Houches Accord 2
# SuSeFLAV v1.2.0 
# D. Chowdhury, R. Garani and S. K. Vempati, hep-ph/1109.3551 
# For bug reports or any other queries please send email to suseflav@cts.iisc.ernet.in 
# Created on 18.06.2012 at 11:50 Hrs
#
BLOCK SPINFO  #  Program information
     1   SuSeFLAV     # Spectrum calculator
     2   1.2.0        # Version number
#
BLOCK MODSEL  #  MODEL NAME
     1      1   # mSUGRA
#
BLOCK MINPAR  # Input parameters
         1     8.50000000E+02   #  m0                 
         2     4.00000000E+02   #  m_1/2              
         3     1.00000000E+01   #  tanbeta(mz)        
         4     1.00000000E+00   #  sign(mu)           
         5     0.00000000E+00   #  A0                 
#
BLOCK SMINPUTS  # Standard Model inputs
         1     1.27934000E+02   # alpha_em (M_Z)^MSbar
         2     1.16637000E-05   # G_F [GeV^-2]
         3     1.17200000E-01   # alpha_S(M_Z)^MSbar
         4     9.11876000E+01   # M_Z pole mass
         5     4.25000000E+00   # mb(mb)^MSbar
         6     1.73300000E+02   # mt pole mass
         7     1.77700000E+00   # mtau pole mass
#
BLOCK EXTPAR  # Extra Input parameters
         0     2.12490416E+16   # Unification Scale
#
BLOCK MASS  # Mass Spectrum
# PDG code           mass       particle
        24     8.05106646E+01   # W+
        25     1.13729905E+02   # h
        35     1.00850694E+03   # H
        36     1.00845552E+03   # A
        37     1.01183821E+03   # H+
   1000001     1.19021231E+03   # ~d_L
   2000001     1.16765143E+03   # ~d_R
   1000002     1.18769712E+03   # ~u_L
   2000002     1.16881330E+03   # ~u_R
   1000003     1.19020074E+03   # ~s_L
   2000003     1.16763465E+03   # ~s_R
   1000004     1.18770180E+03   # ~c_L
   2000004     1.16877470E+03   # ~c_R
   1000005     1.03498846E+03   # ~b_1
   2000005     1.15997902E+03   # ~b_2
   1000006     8.32286814E+02   # ~t_1
   2000006     1.06347001E+03   # ~t_2
   1000011     8.88579531E+02   # ~e_L
   2000011     8.64294593E+02   # ~e_R
   1000012     8.84926327E+02   # ~nu_eL
   1000013     8.88539988E+02   # ~mu_L
   2000013     8.64240809E+02   # ~mu_R
   1000014     8.84966377E+02   # ~nu_muL
   1000015     8.55349084E+02   # ~tau_1
   2000015     8.85795015E+02   # ~tau_2
   1000016     8.81312922E+02   # ~nu_tauL
   1000021     9.80329094E+02   # ~g
   1000022     1.63472597E+02   # ~chi_10
   1000023     3.02291502E+02   # ~chi_20
   1000025     5.16212643E+02   # ~chi_30
   1000035     5.32553726E+02   # ~chi_40
   1000024     2.94801647E+02   # ~chi_1+
   1000037     5.26983053E+02   # ~chi_2+
#
BLOCK NMIX  # Neutralino Mixing Matrix
  1  1     9.93125353E-01   # N_11
  1  2    -2.87747900E-02   # N_12
  1  3     1.05035136E-01   # N_13
  1  4    -4.29146260E-02   # N_14
  2  1     5.94289761E-02   # N_21
  2  2     9.57388247E-01   # N_22
  2  3    -2.36258968E-01   # N_23
  2  4     1.55105262E-01   # N_24
  3  1     4.17540223E-02   # N_31
  3  2    -6.07330628E-02   # N_32
  3  3    -7.01177047E-01   # N_33
  3  4    -7.09167713E-01   # N_34
  4  1    -9.17977771E-02   # N_41
  4  2     2.80875866E-01   # N_42
  4  3     6.64454716E-01   # N_43
  4  4    -6.86426869E-01   # N_44
#
BLOCK UMIX  # Chargino Mixing Matrix U
  1  1     9.44346239E-01   # U_11
  1  2    -3.28953159E-01   # U_12
  2  1     3.28953159E-01   # U_21
  2  2     9.44346239E-01   # U_22
#
BLOCK VMIX  # Chargino Mixing Matrix V
  1  1     9.76992666E-01   # V_11
  1  2    -2.13272901E-01   # V_12
  2  1     2.13272901E-01   # V_21
  2  2     9.76992666E-01   # V_22
#
BLOCK STOPMIX  # Stop Mixing Matrix
  1  1     3.08989578E-01   # STOPMIX_11
  1  2     9.51065424E-01   # STOPMIX_12
  2  1    -9.51065424E-01   # STOPMIX_21
  2  2     3.08989578E-01   # STOPMIX_22
#
BLOCK SBOTMIX  # Sbottom Mixing Matrix
  1  1     9.97704493E-01   # SBOTMIX_11
  1  2     6.77181239E-02   # SBOTMIX_12
  2  1    -6.77181239E-02   # SBOTMIX_21
  2  2     9.97704493E-01   # SBOTMIX_22
#
BLOCK STAUMIX  # Stau Mixing Matrix
  1  1     1.80809463E-01   # STAUMIX_11
  1  2     9.83518143E-01   # STAUMIX_12
  2  1    -9.83518143E-01   # STAUMIX_21
  2  2     1.80809463E-01   # STAUMIX_22
#
BLOCK ALPHA  # Higgs mixing
          -1.05138718E-01   # Mixing angle in the neutral Higgs boson sector
#
BLOCK HMIX Q=  9.13615011E+02  # DRbar Higgs Parameters
     1     5.07979186E+02   # mu(Q)
     2     9.65984629E+00   # tanbeta(Q)
     3     2.43735264E+02   # vev(Q)
     4     1.03865450E+06   # MA^2(Q)
#
BLOCK GAUGE Q=  9.13615011E+02  # The gauge couplings
     1     3.61905423E-01   # gprime(Q) DRbar
     2     6.44182570E-01   # g(Q) DRbar
     3     1.06666785E+00   # g_3(Q) DRbar
#
BLOCK AU Q=  9.13615011E+02  # The trilinear couplings
  1  1    -9.24448816E+02   # A_u(Q) DRbar
  2  2    -9.24433738E+02   # A_c(Q) DRbar
  3  3    -7.14472774E+02   # A_t(Q) DRbar
#
BLOCK AD Q=  9.13615011E+02  # The trilinear couplings
  1  1    -1.12990571E+03   # A_d(Q) DRbar
  2  2    -1.12989411E+03   # A_s(Q) DRbar
  3  3    -1.05837956E+03   # A_b(Q) DRbar
#
BLOCK AE Q=  9.13615011E+02  # The trilinear couplings
  1  1    -2.40024081E+02   # A_e(Q) DRbar
  2  2    -2.40019675E+02   # A_mu(Q) DRbar
  3  3    -2.38744369E+02   # A_tau(Q) DRbar
#
BLOCK YU Q=  9.13615011E+02  # The top Yukawa coupling
  3  3     8.61068135E-01   # y_top(Q) DRbar
#
BLOCK YD Q=  9.13615011E+02  # The down Yukawa coupling
  3  3     1.36328628E-01   # y_b(Q) DRbar
#
BLOCK YE Q=  9.13615011E+02  # The tau Yukawa coupling
  3  3     9.92991357E-02   # y_tau(Q) DRbar
#
BLOCK MSOFT Q=  9.13615011E+02  # soft SUSY breaking masses at scale Q
         1     1.67416583E+02   # M_1
         2     3.10032606E+02   # M_2
         3     8.97065573E+02   # M_3
        21     7.50727299E+05   # M^2_Hd
        22    -2.37522636E+05   # M^2_Hu
        31     8.86099898E+02   # M_eL
        32     8.86087614E+02   # M_muL
        33     8.82524995E+02   # M_tauL
        34     8.62065398E+02   # M_eR
        35     8.62039984E+02   # M_muR
        36     8.54635948E+02   # M_tauR
        41     1.16237731E+03   # M_q1L
        42     1.16236304E+03   # M_q2L
        43     1.01065102E+03   # M_q3L
        44     1.14384708E+03   # M_uR
        45     1.14382926E+03   # M_cR
        46     8.13300452E+02   # M_tR
        47     1.14174187E+03   # M_dR
        48     1.14173050E+03   # M_sR
        49     1.13381782E+03   # M_bR
#
BLOCK SuSeFLAVLOWENERGY   #  PARAMETERS 
         1     3.85892832E-03   # Delta rho parameter
         2     3.80126703E-10   # g_mu - 2
         3     0.00000000E+00   # Br(b -> s gamma)
         4     0.00000000E+00   # Br(tau -> mu gamma)
         5     0.00000000E+00   # Br(tau -> e gamma)
         6     0.00000000E+00   # Br(mu -> e gamma)
         7     0.00000000E+00   # Br(tau -> mu mu mu)
         8     0.00000000E+00   # Br(tau -> e e e)
         9     0.00000000E+00   # Br(mu -> e e e)
#
BLOCK FINETUNE  # Fine Tuning
         1     6.25294925E+01   # delta mZ^2/mZ^2 (mu^2)
         2     3.12708085E+01   # delta mt/mt (mu^2)
