 ******** Begin Program SuSeFLAV ************
           model =    mSUG
            loop =    2
         tanbeta =    1.0000E+01
             m0  =    8.5000E+02
             a0  =    0.0000E+00
             M12 =    4.0000E+02
             m10 =    8.5000E+02
             m20 =    8.5000E+02
         sign mu =    1.0000E+00
            qmix =    0
   top pole mass =    1.7330E+02
 ********************************************
 
 Invalid point LEPH                                                                                                
  up-type yukawa at high energy:
     2.6005E-06    0.0000E+00    0.0000E+00
     0.0000E+00    2.6006E-03    0.0000E+00
     0.0000E+00    0.0000E+00    4.4865E-01
 
  down-type yukawa at high energy:
     7.7500E-05    0.0000E+00    0.0000E+00
     0.0000E+00    1.5500E-03    0.0000E+00
     0.0000E+00    0.0000E+00    4.5533E-02
 
  lepton-type yukawa at high energy:
     1.7479E-05    0.0000E+00    0.0000E+00
     0.0000E+00    3.6511E-03    0.0000E+00
     0.0000E+00    0.0000E+00    6.2520E-02
 
  nuetrino yukawa at high energy:
     0.0000E+00    0.0000E+00    0.0000E+00
     0.0000E+00    0.0000E+00    0.0000E+00
     0.0000E+00    0.0000E+00    0.0000E+00
 
  up-type yukawa at msusy :
     6.6618E-06    0.0000E+00    0.0000E+00
     0.0000E+00    6.6618E-03    0.0000E+00
     0.0000E+00    0.0000E+00    8.6107E-01
 
  down-type yukawa at msusy :
     2.5641E-04    0.0000E+00    0.0000E+00
     0.0000E+00    5.1282E-03    0.0000E+00
     0.0000E+00    0.0000E+00    1.3633E-01
 
  lepton-type yukawa at msusy :
     2.7890E-05    0.0000E+00    0.0000E+00
     0.0000E+00    5.8258E-03    0.0000E+00
     0.0000E+00    0.0000E+00    9.9299E-02
 
  Spectrum at msusy, q =   9.1362E+02
              alpha_1  =   3.6191E-01
              alpha_2  =   6.4418E-01
              alpha_3  =   1.0667E+00
               vev1    =   2.5098E+01
               vev2    =   2.4245E+02
           newtbeta    =   9.6598E+00
                  \mu  =   5.0798E+02
              ~gluino  =   9.8033E+02
               ~stop_1 =   8.3229E+02
               ~stop_2 =   1.0635E+03
             ~scharm_R =   1.1688E+03
             ~scharm_L =   1.1877E+03
                ~sup_R =   1.1688E+03
                ~sup_L =   1.1877E+03
           ~sbottom_1  =   1.0350E+03
           ~sbottom_2  =   1.1600E+03
           ~sstrange_R =   1.1676E+03
           ~sstrange_L =   1.1902E+03
             ~sdown_R  =   1.1677E+03
             ~sdown_L  =   1.1902E+03
               ~stau_1 =   8.5535E+02
               ~stau_2 =   8.8580E+02
               ~smu_R  =   8.6424E+02
               ~smu_L  =   8.8854E+02
              ~sel_R   =   8.6429E+02
              ~sel_L   =   8.8858E+02
              ~tausnu  =   8.8131E+02
                ~musnu =   8.8497E+02
                ~elsnu =   8.8493E+02
 
 Higgs Spectrum
                 mA0   =   1.0085E+03
            mh_charged =   1.0118E+03
                 mh0   =   1.1373E+02
                  mH   =   1.0085E+03
            \alpha_h   =  -1.0514E-01
 
 Neutralino spectrum
                  N1   =   1.6347E+02
                  N2   =   3.0229E+02
                  N3   =   5.1621E+02
                  N4   =   5.3255E+02
 
 Chargino spectrum
                  C1   =   2.9480E+02
                  C2   =   5.2698E+02
 
  Low Energy Observables 
   Fine tuning, Cmz^2mu^2   =    6.2529E+01
   Fine tuning, Cmt^2mu^2   =    3.1271E+01
        Br(B  => s,gamma)   =    0.0000E+00
       Br(mu  => e,gamma)   =    0.0000E+00 X 10^(-11)
       Br(tau => mu,gamma)  =    0.0000E+00 X 10^(-08)
       Br(tau => e,gamma)   =    0.0000E+00 X 10^(-07)
         Br(tau => e,e,e)   =    0.0000E+00 X 10^(-07)
      Br(tau => mu,mu,mu)   =    0.0000E+00 X 10^(-07)
          Br(mu => e,e,e)   =    0.0000E+00 X 10^(-12)
        Br(mu => e in Ti)   =    0.0000E+00 X 10^(-12)
            (g_mu - 2)      =    3.8013E+00 X 10^(-10)
------------------------------
flag for the point is LEPH                                                                                                
 --------------------------------------------------
 FLAGS AND THEIR MEANINGS
 AOK = Everything is fine.
 BMUNEG = B_mu is negative at Msusy.
 REWSB = |\mu|^2 < 0 at Msusy.
 MUNOC = Non-convergent |\mu| at Msusy.
 SW2NOC = Non-convergent Sin^2_thetaw at Mz.
 NPERTYUK = Non-perturbative yukawa.
 TACSPEC = Spectrum is tachyonic at Msusy.
 TACSPECMZ = Spectrum is tachyonic at Mz.
 FSNC = Final spectrum non-convergent.
 TACMh = Lightest CP-even neutral higgs tachyonic.
 TACMH = Heaviest CP-even neutral higgs tachyonic.
 TACMA = CP-odd neutral higgs tachyonic.
 TACMHCH = Charged higgs tachyonic.
 VARUNDER = Stepsize is zero while integrating the RGEs.
 TACSUP = SUP sector tachyonic.
 TACSDN = SDOWN sector tachyonic.
 TACSLP = SLEPTON sector tachyonic.
 TACSNU = SNEUTRINO sector tachyonic.
 LEPH = Lightest higgs mass below LEP limit.
 LEPC = Lightest chargino mass < 103.5 GeV.
 LSPSTAU = Lightest stau is LSP.
 --------------------------------------------------
