# Spectrum Output in SUSY Les Houches Accord 2
# SuSeFLAV v1.2.0 
# D. Chowdhury, R. Garani and S. K. Vempati, hep-ph/1109.3551 
# For bug reports or any other queries please send email to suseflav@cts.iisc.ernet.in 
# Created on 18.06.2012 at 11:51 Hrs
#
BLOCK SPINFO  #  Program information
     1   SuSeFLAV     # Spectrum calculator
     2   1.2.0        # Version number
#
BLOCK MODSEL  #  MODEL NAME
     1      2   # GMSB  
#
BLOCK MINPAR  # Input parameters
         1     7.20000000E+04   #  Lambda_susy        
         2     8.00000000E+04   #  Lambda_mess        
         3     1.50000000E+01   #  tanbeta(mz)        
         4     1.00000000E+00   #  sign(mu)           
         5     1.00000000E+00   #  N_mess             
         6     1.00000000E+00   #  c_grav             
#
BLOCK SMINPUTS  # Standard Model inputs
         1     1.27934000E+02   # alpha_em (M_Z)^MSbar
         2     1.16637000E-05   # G_F [GeV^-2]
         3     1.17200000E-01   # alpha_S(M_Z)^MSbar
         4     9.11876000E+01   # M_Z pole mass
         5     4.25000000E+00   # mb(mb)^MSbar
         6     1.73300000E+02   # mt pole mass
         7     1.77700000E+00   # mtau pole mass
#
#
BLOCK MASS  # Mass Spectrum
# PDG code           mass       particle
        24     8.05201828E+01   # W+
        25     1.10303084E+02   # h
        35     3.66584385E+02   # H
        36     3.66303413E+02   # A
        37     3.75435173E+02   # H+
   1000001     8.46607924E+02   # ~d_L
   2000001     8.10251978E+02   # ~d_R
   1000002     8.43010549E+02   # ~u_L
   2000002     8.11758054E+02   # ~u_R
   1000003     8.46606932E+02   # ~s_L
   2000003     8.10242157E+02   # ~s_R
   1000004     8.43009906E+02   # ~c_L
   2000004     8.11754067E+02   # ~c_R
   1000005     8.01374233E+02   # ~b_1
   2000005     8.20245374E+02   # ~b_2
   1000006     7.58369755E+02   # ~t_1
   2000006     8.35819646E+02   # ~t_2
   1000011     2.57136056E+02   # ~e_L
   2000011     1.31234622E+02   # ~e_R
   1000012     2.44103501E+02   # ~nu_eL
   1000013     2.57148785E+02   # ~mu_L
   2000013     1.31192582E+02   # ~mu_R
   1000014     2.44102613E+02   # ~nu_muL
   1000015     1.22235457E+02   # ~tau_1
   2000015     2.60631926E+02   # ~tau_2
   1000016     2.43924214E+02   # ~nu_tauL
   1000021     7.13324546E+02   # ~g
   1000022     1.16275160E+02   # ~chi_10
   1000023     2.15727924E+02   # ~chi_20
   1000025     3.80577087E+02   # ~chi_30
   1000035     4.00448970E+02   # ~chi_40
   1000024     2.12248635E+02   # ~chi_1+
   1000037     3.96975621E+02   # ~chi_2+
   1000039     1.36512000E-09   # ~gravitino
#
BLOCK NMIX  # Neutralino Mixing Matrix
  1  1     9.87407931E-01   # N_11
  1  2    -4.34787163E-02   # N_12
  1  3     1.42610611E-01   # N_13
  1  4    -5.28903898E-02   # N_14
  2  1     9.34269060E-02   # N_21
  2  2     9.33309632E-01   # N_22
  2  3    -2.94425625E-01   # N_23
  2  4     1.83079479E-01   # N_24
  3  1     5.87285044E-02   # N_31
  3  2    -8.62296965E-02   # N_32
  3  3    -6.96286236E-01   # N_33
  3  4    -7.10141450E-01   # N_34
  4  1    -1.13348818E-01   # N_41
  4  2     3.45842698E-01   # N_42
  4  3     6.38874982E-01   # N_43
  4  4    -6.77778453E-01   # N_44
#
BLOCK UMIX  # Chargino Mixing Matrix U
  1  1     9.08380410E-01   # U_11
  1  2    -4.18144748E-01   # U_12
  2  1     4.18144748E-01   # U_21
  2  2     9.08380410E-01   # U_22
#
BLOCK VMIX  # Chargino Mixing Matrix V
  1  1     9.65886535E-01   # V_11
  1  2    -2.58965636E-01   # V_12
  2  1     2.58965636E-01   # V_21
  2  2     9.65886535E-01   # V_22
#
BLOCK STOPMIX  # Stop Mixing Matrix
  1  1     3.35659268E-01   # STOPMIX_11
  1  2     9.41983469E-01   # STOPMIX_12
  2  1    -9.41983469E-01   # STOPMIX_21
  2  2     3.35659268E-01   # STOPMIX_22
#
BLOCK SBOTMIX  # Sbottom Mixing Matrix
  1  1     4.89841087E-01   # SBOTMIX_11
  1  2     8.71811739E-01   # SBOTMIX_12
  2  1    -8.71811739E-01   # SBOTMIX_21
  2  2     4.89841087E-01   # SBOTMIX_22
#
BLOCK STAUMIX  # Stau Mixing Matrix
  1  1     1.89412316E-01   # STAUMIX_11
  1  2     9.81897639E-01   # STAUMIX_12
  2  1    -9.81897639E-01   # STAUMIX_21
  2  2     1.89412316E-01   # STAUMIX_22
#
BLOCK ALPHA  # Higgs mixing
          -7.99661707E-02   # Mixing angle in the neutral Higgs boson sector
#
BLOCK HMIX Q=  7.76766790E+02  # DRbar Higgs Parameters
     1     3.72332661E+02   # mu(Q)
     2     1.45342718E+01   # tanbeta(Q)
     3     2.43819471E+02   # vev(Q)
     4     1.51194583E+05   # MA^2(Q)
#
BLOCK GAUGE Q=  7.76766790E+02  # The gauge couplings
     1     3.62365877E-01   # gprime(Q) DRbar
     2     6.47112220E-01   # g(Q) DRbar
     3     1.08048115E+00   # g_3(Q) DRbar
#
BLOCK AU Q=  7.76766790E+02  # The trilinear couplings
  1  1    -2.01525044E+02   # A_u(Q) DRbar
  2  2    -2.01524046E+02   # A_c(Q) DRbar
  3  3    -1.89785522E+02   # A_t(Q) DRbar
#
BLOCK AD Q=  7.76766790E+02  # The trilinear couplings
  1  1    -2.14684712E+02   # A_d(Q) DRbar
  2  2    -2.14683544E+02   # A_s(Q) DRbar
  3  3    -2.10428785E+02   # A_b(Q) DRbar
#
BLOCK AE Q=  7.76766790E+02  # The trilinear couplings
  1  1    -1.95472607E+01   # A_e(Q) DRbar
  2  2    -1.95471128E+01   # A_mu(Q) DRbar
  3  3    -1.95032418E+01   # A_tau(Q) DRbar
#
BLOCK YU Q=  7.76766790E+02  # The top Yukawa coupling
  3  3     8.69873563E-01   # y_top(Q) DRbar
#
BLOCK YD Q=  7.76766790E+02  # The down Yukawa coupling
  3  3     2.04125720E-01   # y_b(Q) DRbar
#
BLOCK YE Q=  7.76766790E+02  # The tau Yukawa coupling
  3  3     1.51069444E-01   # y_tau(Q) DRbar
#
BLOCK MSOFT Q=  7.76766790E+02  # soft SUSY breaking masses at scale Q
         1     1.20928739E+02   # M_1
         2     2.30494217E+02   # M_2
         3     6.45959753E+02   # M_3
        21    -3.91332818E+03   # M^2_Hd
        22    -1.31181207E+05   # M^2_Hu
        31     2.50604699E+02   # M_eL
        32     2.50604075E+02   # M_muL
        33     2.50418200E+02   # M_tauL
        34     1.20087063E+02   # M_eR
        35     1.20084433E+02   # M_muR
        36     1.19299781E+02   # M_tauR
        41     8.21563967E+02   # M_q1L
        42     8.21560383E+02   # M_q2L
        43     7.94470663E+02   # M_q3L
        44     7.89360895E+02   # M_uR
        45     7.89357767E+02   # M_cR
        46     7.34905295E+02   # M_tR
        47     7.86359784E+02   # M_dR
        48     7.86355414E+02   # M_sR
        49     7.83325448E+02   # M_bR
#
BLOCK SuSeFLAVLOWENERGY   #  PARAMETERS 
         1     4.63865306E-03   # Delta rho parameter
         2     3.67935536E-09   # g_mu - 2
         3     0.00000000E+00   # Br(b -> s gamma)
         4     0.00000000E+00   # Br(tau -> mu gamma)
         5     0.00000000E+00   # Br(tau -> e gamma)
         6     0.00000000E+00   # Br(mu -> e gamma)
         7     0.00000000E+00   # Br(tau -> mu mu mu)
         8     0.00000000E+00   # Br(tau -> e e e)
         9     0.00000000E+00   # Br(mu -> e e e)
#
BLOCK FINETUNE  # Fine Tuning
         1     3.28075288E+01   # delta mZ^2/mZ^2 (mu^2)
         2     1.63687661E+01   # delta mt/mt (mu^2)
