 ******** Begin Program SuSeFLAV ************
           model =    GMSB
            loop =    2
         tanbeta =    1.5000E+01
         lambda  =    7.2000E+04
   Messenger scale    8.0000E+04
   number of messen   1.0000E+00
         sign mu =    1.0000E+00
            qmix =    0
   top pole mass =    1.7330E+02
 ********************************************
 
 Invalid point LEPH                                                                                                
  up-type yukawa at high energy:
     5.7639E-06    0.0000E+00    0.0000E+00
     0.0000E+00    5.7639E-03    0.0000E+00
     0.0000E+00    0.0000E+00    7.9880E-01
 
  down-type yukawa at high energy:
     3.1551E-04    0.0000E+00    0.0000E+00
     0.0000E+00    6.3102E-03    0.0000E+00
     0.0000E+00    0.0000E+00    1.7054E-01
 
  lepton-type yukawa at high energy:
     3.9991E-05    0.0000E+00    0.0000E+00
     0.0000E+00    8.3535E-03    0.0000E+00
     0.0000E+00    0.0000E+00    1.4461E-01
 
  nuetrino yukawa at high energy:
     0.0000E+00    0.0000E+00    0.0000E+00
     0.0000E+00    0.0000E+00    0.0000E+00
     0.0000E+00    0.0000E+00    0.0000E+00
 
  up-type yukawa at msusy :
     6.6739E-06    0.0000E+00    0.0000E+00
     0.0000E+00    6.6739E-03    0.0000E+00
     0.0000E+00    0.0000E+00    8.6987E-01
 
  down-type yukawa at msusy :
     3.8645E-04    0.0000E+00    0.0000E+00
     0.0000E+00    7.7290E-03    0.0000E+00
     0.0000E+00    0.0000E+00    2.0413E-01
 
  lepton-type yukawa at msusy :
     4.1857E-05    0.0000E+00    0.0000E+00
     0.0000E+00    8.7433E-03    0.0000E+00
     0.0000E+00    0.0000E+00    1.5107E-01
 
  Spectrum at msusy, q =   7.7677E+02
              alpha_1  =   3.6237E-01
              alpha_2  =   6.4711E-01
              alpha_3  =   1.0805E+00
               vev1    =   1.6737E+01
               vev2    =   2.4325E+02
           newtbeta    =   1.4534E+01
                  \mu  =   3.7233E+02
              ~gluino  =   7.1332E+02
               ~stop_1 =   7.5837E+02
               ~stop_2 =   8.3582E+02
             ~scharm_R =   8.1175E+02
             ~scharm_L =   8.4301E+02
                ~sup_R =   8.1176E+02
                ~sup_L =   8.4301E+02
           ~sbottom_1  =   8.0137E+02
           ~sbottom_2  =   8.2025E+02
           ~sstrange_R =   8.1024E+02
           ~sstrange_L =   8.4661E+02
             ~sdown_R  =   8.1025E+02
             ~sdown_L  =   8.4661E+02
               ~stau_1 =   1.2224E+02
               ~stau_2 =   2.6063E+02
               ~smu_R  =   1.3119E+02
               ~smu_L  =   2.5715E+02
              ~sel_R   =   1.3123E+02
              ~sel_L   =   2.5714E+02
              ~tausnu  =   2.4392E+02
                ~musnu =   2.4410E+02
                ~elsnu =   2.4410E+02
 
 Higgs Spectrum
                 mA0   =   3.6630E+02
            mh_charged =   3.7544E+02
                 mh0   =   1.1030E+02
                  mH   =   3.6658E+02
            \alpha_h   =  -7.9966E-02
 
 Neutralino spectrum
                  N1   =   1.1628E+02
                  N2   =   2.1573E+02
                  N3   =   3.8058E+02
                  N4   =   4.0045E+02
 
 Chargino spectrum
                  C1   =   2.1225E+02
                  C2   =   3.9698E+02
 
  Low Energy Observables 
   Fine tuning, Cmz^2mu^2   =    3.2808E+01
   Fine tuning, Cmt^2mu^2   =    1.6369E+01
        Br(B  => s,gamma)   =    0.0000E+00
       Br(mu  => e,gamma)   =    0.0000E+00 X 10^(-11)
       Br(tau => mu,gamma)  =    0.0000E+00 X 10^(-08)
       Br(tau => e,gamma)   =    0.0000E+00 X 10^(-07)
         Br(tau => e,e,e)   =    0.0000E+00 X 10^(-07)
      Br(tau => mu,mu,mu)   =    0.0000E+00 X 10^(-07)
          Br(mu => e,e,e)   =    0.0000E+00 X 10^(-12)
        Br(mu => e in Ti)   =    0.0000E+00 X 10^(-12)
            (g_mu - 2)      =    3.6794E+01 X 10^(-10)
------------------------------
flag for the point is LEPH                                                                                                
 --------------------------------------------------
 FLAGS AND THEIR MEANINGS
 AOK = Everything is fine.
 BMUNEG = B_mu is negative at Msusy.
 REWSB = |\mu|^2 < 0 at Msusy.
 MUNOC = Non-convergent |\mu| at Msusy.
 SW2NOC = Non-convergent Sin^2_thetaw at Mz.
 NPERTYUK = Non-perturbative yukawa.
 TACSPEC = Spectrum is tachyonic at Msusy.
 TACSPECMZ = Spectrum is tachyonic at Mz.
 FSNC = Final spectrum non-convergent.
 TACMh = Lightest CP-even neutral higgs tachyonic.
 TACMH = Heaviest CP-even neutral higgs tachyonic.
 TACMA = CP-odd neutral higgs tachyonic.
 TACMHCH = Charged higgs tachyonic.
 VARUNDER = Stepsize is zero while integrating the RGEs.
 TACSUP = SUP sector tachyonic.
 TACSDN = SDOWN sector tachyonic.
 TACSLP = SLEPTON sector tachyonic.
 TACSNU = SNEUTRINO sector tachyonic.
 LEPH = Lightest higgs mass below LEP limit.
 LEPC = Lightest chargino mass < 103.5 GeV.
 LSPSTAU = Lightest stau is LSP.
 --------------------------------------------------
