# Spectrum Output in SUSY Les Houches Accord 2
# SuSeFLAV v1.2.0 
# D. Chowdhury, R. Garani and S. K. Vempati, hep-ph/1109.3551 
# For bug reports or any other queries please send email to suseflav@cts.iisc.ernet.in 
# Created on 18.06.2012 at 11:51 Hrs
#
BLOCK SPINFO  #  Program information
     1   SuSeFLAV     # Spectrum calculator
     2   1.2.0        # Version number
#
BLOCK MODSEL  #  MODEL NAME
     1      2   # GMSB  
#
BLOCK MINPAR  # Input parameters
         1     1.08000000E+05   #  Lambda_susy        
         2     1.20000000E+05   #  Lambda_mess        
         3     1.50000000E+01   #  tanbeta(mz)        
         4     1.00000000E+00   #  sign(mu)           
         5     1.00000000E+00   #  N_mess             
         6     1.00000000E+00   #  c_grav             
#
BLOCK SMINPUTS  # Standard Model inputs
         1     1.27934000E+02   # alpha_em (M_Z)^MSbar
         2     1.16637000E-05   # G_F [GeV^-2]
         3     1.17200000E-01   # alpha_S(M_Z)^MSbar
         4     9.11876000E+01   # M_Z pole mass
         5     4.25000000E+00   # mb(mb)^MSbar
         6     1.73300000E+02   # mt pole mass
         7     1.77700000E+00   # mtau pole mass
#
#
BLOCK MASS  # Mass Spectrum
# PDG code           mass       particle
        24     8.05140362E+01   # W+
        25     1.13274742E+02   # h
        35     5.37153898E+02   # H
        36     5.36862327E+02   # A
        37     5.43290927E+02   # H+
   1000001     1.22647289E+03   # ~d_L
   2000001     1.17164358E+03   # ~d_R
   1000002     1.22404040E+03   # ~u_L
   2000002     1.17507525E+03   # ~u_R
   1000003     1.22646900E+03   # ~s_L
   2000003     1.17163285E+03   # ~s_R
   1000004     1.22403678E+03   # ~c_L
   2000004     1.17507173E+03   # ~c_R
   1000005     1.16286406E+03   # ~b_1
   2000005     1.18534220E+03   # ~b_2
   1000006     1.09268935E+03   # ~t_1
   2000006     1.19560677E+03   # ~t_2
   1000011     3.80605598E+02   # ~e_L
   2000011     1.91445638E+02   # ~e_R
   1000012     3.71541324E+02   # ~nu_eL
   1000013     3.80612055E+02   # ~mu_L
   2000013     1.91411473E+02   # ~mu_R
   1000014     3.71540899E+02   # ~nu_muL
   1000015     1.84357277E+02   # ~tau_1
   2000015     3.82690447E+02   # ~tau_2
   1000016     3.71247799E+02   # ~nu_tauL
   1000021     1.02750141E+03   # ~g
   1000022     1.77500167E+02   # ~chi_10
   1000023     3.33697609E+02   # ~chi_20
   1000025     5.46627270E+02   # ~chi_30
   1000035     5.62231921E+02   # ~chi_40
   1000024     3.28555031E+02   # ~chi_1+
   1000037     5.57560169E+02   # ~chi_2+
   1000039     3.07152000E-09   # ~gravitino
#
BLOCK NMIX  # Neutralino Mixing Matrix
  1  1     9.94382102E-01   # N_11
  1  2    -2.09988162E-02   # N_12
  1  3     9.67626396E-02   # N_13
  1  4    -3.74202732E-02   # N_14
  2  1     4.84252326E-02   # N_21
  2  2     9.59917439E-01   # N_22
  2  3    -2.30673811E-01   # N_23
  2  4     1.51667728E-01   # N_24
  3  1     4.04056030E-02   # N_31
  3  2    -5.87783973E-02   # N_32
  3  3    -7.02010261E-01   # N_33
  3  4    -7.08585973E-01   # N_34
  4  1    -8.50095268E-02   # N_41
  4  2     2.73244689E-01   # N_42
  4  3     6.66789455E-01   # N_43
  4  4    -6.88115210E-01   # N_44
#
BLOCK UMIX  # Chargino Mixing Matrix U
  1  1     9.46879099E-01   # U_11
  1  2    -3.21589756E-01   # U_12
  2  1     3.21589756E-01   # U_21
  2  2     9.46879099E-01   # U_22
#
BLOCK VMIX  # Chargino Mixing Matrix V
  1  1     9.77663315E-01   # V_11
  1  2    -2.10177169E-01   # V_12
  2  1     2.10177169E-01   # V_21
  2  2     9.77663315E-01   # V_22
#
BLOCK STOPMIX  # Stop Mixing Matrix
  1  1     2.42814218E-01   # STOPMIX_11
  1  2     9.70072809E-01   # STOPMIX_12
  2  1    -9.70072809E-01   # STOPMIX_21
  2  2     2.42814218E-01   # STOPMIX_22
#
BLOCK SBOTMIX  # Sbottom Mixing Matrix
  1  1     3.86508243E-01   # SBOTMIX_11
  1  2     9.22285952E-01   # SBOTMIX_12
  2  1    -9.22285952E-01   # SBOTMIX_21
  2  2     3.86508243E-01   # SBOTMIX_22
#
BLOCK STAUMIX  # Stau Mixing Matrix
  1  1     1.28773067E-01   # STAUMIX_11
  1  2     9.91674088E-01   # STAUMIX_12
  2  1    -9.91674088E-01   # STAUMIX_21
  2  2     1.28773067E-01   # STAUMIX_22
#
BLOCK ALPHA  # Higgs mixing
          -7.41794057E-02   # Mixing angle in the neutral Higgs boson sector
#
BLOCK HMIX Q=  1.11745789E+03  # DRbar Higgs Parameters
     1     5.39836588E+02   # mu(Q)
     2     1.44709255E+01   # tanbeta(Q)
     3     2.43523726E+02   # vev(Q)
     4     3.24097925E+05   # MA^2(Q)
#
BLOCK GAUGE Q=  1.11745789E+03  # The gauge couplings
     1     3.63136744E-01   # gprime(Q) DRbar
     2     6.45014770E-01   # g(Q) DRbar
     3     1.06063615E+00   # g_3(Q) DRbar
#
BLOCK AU Q=  1.11745789E+03  # The trilinear couplings
  1  1    -2.86403777E+02   # A_u(Q) DRbar
  2  2    -2.86402377E+02   # A_c(Q) DRbar
  3  3    -2.70013484E+02   # A_t(Q) DRbar
#
BLOCK AD Q=  1.11745789E+03  # The trilinear couplings
  1  1    -3.04606415E+02   # A_d(Q) DRbar
  2  2    -3.04604785E+02   # A_s(Q) DRbar
  3  3    -2.98666962E+02   # A_b(Q) DRbar
#
BLOCK AE Q=  1.11745789E+03  # The trilinear couplings
  1  1    -2.94089870E+01   # A_e(Q) DRbar
  2  2    -2.94087653E+01   # A_mu(Q) DRbar
  3  3    -2.93426631E+01   # A_tau(Q) DRbar
#
BLOCK YU Q=  1.11745789E+03  # The top Yukawa coupling
  3  3     8.56316859E-01   # y_top(Q) DRbar
#
BLOCK YD Q=  1.11745789E+03  # The down Yukawa coupling
  3  3     2.00046505E-01   # y_b(Q) DRbar
#
BLOCK YE Q=  1.11745789E+03  # The tau Yukawa coupling
  3  3     1.50686670E-01   # y_tau(Q) DRbar
#
BLOCK MSOFT Q=  1.11745789E+03  # soft SUSY breaking masses at scale Q
         1     1.82242315E+02   # M_1
         2     3.43705248E+02   # M_2
         3     9.33988424E+02   # M_3
        21    -7.28772801E+03   # M^2_Hd
        22    -2.70410269E+05   # M^2_Hu
        31     3.73823853E+02   # M_eL
        32     3.73822914E+02   # M_muL
        33     3.73542168E+02   # M_tauL
        34     1.81035481E+02   # M_eR
        35     1.81031567E+02   # M_muR
        36     1.79858067E+02   # M_tauR
        41     1.19281889E+03   # M_q1L
        42     1.19281377E+03   # M_q2L
        43     1.15417693E+03   # M_q3L
        44     1.14351476E+03   # M_uR
        45     1.14351025E+03   # M_cR
        46     1.06562978E+03   # M_tR
        47     1.13879697E+03   # M_dR
        48     1.13879073E+03   # M_sR
        49     1.13449969E+03   # M_bR
#
BLOCK SuSeFLAVLOWENERGY   #  PARAMETERS 
         1     4.09993113E-03   # Delta rho parameter
         2     1.64147345E-09   # g_mu - 2
         3     0.00000000E+00   # Br(b -> s gamma)
         4     0.00000000E+00   # Br(tau -> mu gamma)
         5     0.00000000E+00   # Br(tau -> e gamma)
         6     0.00000000E+00   # Br(mu -> e gamma)
         7     0.00000000E+00   # Br(tau -> mu mu mu)
         8     0.00000000E+00   # Br(tau -> e e e)
         9     0.00000000E+00   # Br(mu -> e e e)
#
BLOCK FINETUNE  # Fine Tuning
         1     6.87257622E+01   # delta mZ^2/mZ^2 (mu^2)
         2     3.42710548E+01   # delta mt/mt (mu^2)
