 ******** Begin Program SuSeFLAV ************
           model =    GMSB
            loop =    2
         tanbeta =    1.5000E+01
         lambda  =    1.0800E+05
   Messenger scale    1.2000E+05
   number of messen   1.0000E+00
         sign mu =    1.0000E+00
            qmix =    0
   top pole mass =    1.7330E+02
 ********************************************
 
 Invalid point LEPH                                                                                                
  up-type yukawa at high energy:
     5.7106E-06    0.0000E+00    0.0000E+00
     0.0000E+00    5.7106E-03    0.0000E+00
     0.0000E+00    0.0000E+00    7.8752E-01
 
  down-type yukawa at high energy:
     3.1172E-04    0.0000E+00    0.0000E+00
     0.0000E+00    6.2344E-03    0.0000E+00
     0.0000E+00    0.0000E+00    1.6772E-01
 
  lepton-type yukawa at high energy:
     3.9781E-05    0.0000E+00    0.0000E+00
     0.0000E+00    8.3097E-03    0.0000E+00
     0.0000E+00    0.0000E+00    1.4420E-01
 
  nuetrino yukawa at high energy:
     0.0000E+00    0.0000E+00    0.0000E+00
     0.0000E+00    0.0000E+00    0.0000E+00
     0.0000E+00    0.0000E+00    0.0000E+00
 
  up-type yukawa at msusy :
     6.5942E-06    0.0000E+00    0.0000E+00
     0.0000E+00    6.5942E-03    0.0000E+00
     0.0000E+00    0.0000E+00    8.5632E-01
 
  down-type yukawa at msusy :
     3.8027E-04    0.0000E+00    0.0000E+00
     0.0000E+00    7.6055E-03    0.0000E+00
     0.0000E+00    0.0000E+00    2.0005E-01
 
  lepton-type yukawa at msusy :
     4.1652E-05    0.0000E+00    0.0000E+00
     0.0000E+00    8.7006E-03    0.0000E+00
     0.0000E+00    0.0000E+00    1.5069E-01
 
  Spectrum at msusy, q =   1.1175E+03
              alpha_1  =   3.6314E-01
              alpha_2  =   6.4501E-01
              alpha_3  =   1.0606E+00
               vev1    =   1.6789E+01
               vev2    =   2.4296E+02
           newtbeta    =   1.4471E+01
                  \mu  =   5.3984E+02
              ~gluino  =   1.0275E+03
               ~stop_1 =   1.0927E+03
               ~stop_2 =   1.1956E+03
             ~scharm_R =   1.1751E+03
             ~scharm_L =   1.2240E+03
                ~sup_R =   1.1751E+03
                ~sup_L =   1.2240E+03
           ~sbottom_1  =   1.1629E+03
           ~sbottom_2  =   1.1853E+03
           ~sstrange_R =   1.1716E+03
           ~sstrange_L =   1.2265E+03
             ~sdown_R  =   1.1716E+03
             ~sdown_L  =   1.2265E+03
               ~stau_1 =   1.8436E+02
               ~stau_2 =   3.8269E+02
               ~smu_R  =   1.9141E+02
               ~smu_L  =   3.8061E+02
              ~sel_R   =   1.9145E+02
              ~sel_L   =   3.8061E+02
              ~tausnu  =   3.7125E+02
                ~musnu =   3.7154E+02
                ~elsnu =   3.7154E+02
 
 Higgs Spectrum
                 mA0   =   5.3686E+02
            mh_charged =   5.4329E+02
                 mh0   =   1.1327E+02
                  mH   =   5.3715E+02
            \alpha_h   =  -7.4179E-02
 
 Neutralino spectrum
                  N1   =   1.7750E+02
                  N2   =   3.3370E+02
                  N3   =   5.4663E+02
                  N4   =   5.6223E+02
 
 Chargino spectrum
                  C1   =   3.2856E+02
                  C2   =   5.5756E+02
 
  Low Energy Observables 
   Fine tuning, Cmz^2mu^2   =    6.8726E+01
   Fine tuning, Cmt^2mu^2   =    3.4271E+01
        Br(B  => s,gamma)   =    0.0000E+00
       Br(mu  => e,gamma)   =    0.0000E+00 X 10^(-11)
       Br(tau => mu,gamma)  =    0.0000E+00 X 10^(-08)
       Br(tau => e,gamma)   =    0.0000E+00 X 10^(-07)
         Br(tau => e,e,e)   =    0.0000E+00 X 10^(-07)
      Br(tau => mu,mu,mu)   =    0.0000E+00 X 10^(-07)
          Br(mu => e,e,e)   =    0.0000E+00 X 10^(-12)
        Br(mu => e in Ti)   =    0.0000E+00 X 10^(-12)
            (g_mu - 2)      =    1.6415E+01 X 10^(-10)
------------------------------
flag for the point is LEPH                                                                                                
 --------------------------------------------------
 FLAGS AND THEIR MEANINGS
 AOK = Everything is fine.
 BMUNEG = B_mu is negative at Msusy.
 REWSB = |\mu|^2 < 0 at Msusy.
 MUNOC = Non-convergent |\mu| at Msusy.
 SW2NOC = Non-convergent Sin^2_thetaw at Mz.
 NPERTYUK = Non-perturbative yukawa.
 TACSPEC = Spectrum is tachyonic at Msusy.
 TACSPECMZ = Spectrum is tachyonic at Mz.
 FSNC = Final spectrum non-convergent.
 TACMh = Lightest CP-even neutral higgs tachyonic.
 TACMH = Heaviest CP-even neutral higgs tachyonic.
 TACMA = CP-odd neutral higgs tachyonic.
 TACMHCH = Charged higgs tachyonic.
 VARUNDER = Stepsize is zero while integrating the RGEs.
 TACSUP = SUP sector tachyonic.
 TACSDN = SDOWN sector tachyonic.
 TACSLP = SLEPTON sector tachyonic.
 TACSNU = SNEUTRINO sector tachyonic.
 LEPH = Lightest higgs mass below LEP limit.
 LEPC = Lightest chargino mass < 103.5 GeV.
 LSPSTAU = Lightest stau is LSP.
 --------------------------------------------------
