# Spectrum Output in SUSY Les Houches Accord 2
# SuSeFLAV v1.2.0 
# D. Chowdhury, R. Garani and S. K. Vempati, hep-ph/1109.3551 
# For bug reports or any other queries please send email to suseflav@cts.iisc.ernet.in 
# Created on 18.06.2012 at 11:50 Hrs
#
BLOCK SPINFO  #  Program information
     1   SuSeFLAV     # Spectrum calculator
     2   1.2.0        # Version number
#
BLOCK MODSEL  #  MODEL NAME
     1      1   # mSUGRA
#
BLOCK MINPAR  # Input parameters
         1     7.50000000E+02   #  m0                 
         2     6.50000000E+02   #  m_1/2              
         3     4.00000000E+01   #  tanbeta(mz)        
         4     1.00000000E+00   #  sign(mu)           
         5    -5.00000000E+02   #  A0                 
#
BLOCK SMINPUTS  # Standard Model inputs
         1     1.27934000E+02   # alpha_em (M_Z)^MSbar
         2     1.16637000E-05   # G_F [GeV^-2]
         3     1.17200000E-01   # alpha_S(M_Z)^MSbar
         4     9.11876000E+01   # M_Z pole mass
         5     4.25000000E+00   # mb(mb)^MSbar
         6     1.73300000E+02   # mt pole mass
         7     1.77700000E+00   # mtau pole mass
#
BLOCK EXTPAR  # Extra Input parameters
         0     1.33848636E+16   # Unification Scale
#
BLOCK MASS  # Mass Spectrum
# PDG code           mass       particle
        24     8.05111888E+01   # W+
        25     1.18085590E+02   # h
        35     8.47193042E+02   # H
        36     8.47267521E+02   # A
        37     8.51437465E+02   # H+
   1000001     1.52095164E+03   # ~d_L
   2000001     1.47217905E+03   # ~d_R
   1000002     1.51899364E+03   # ~u_L
   2000002     1.47626446E+03   # ~u_R
   1000003     1.52085209E+03   # ~s_L
   2000003     1.47190348E+03   # ~s_R
   1000004     1.51888120E+03   # ~c_L
   2000004     1.47623167E+03   # ~c_R
   1000005     1.27387865E+03   # ~b_1
   2000005     1.34943632E+03   # ~b_2
   1000006     1.09406732E+03   # ~t_1
   2000006     1.32592533E+03   # ~t_2
   1000011     8.65529033E+02   # ~e_L
   2000011     7.90479226E+02   # ~e_R
   1000012     8.60006733E+02   # ~nu_eL
   1000013     8.64471934E+02   # ~mu_L
   2000013     7.89880018E+02   # ~mu_R
   1000014     8.60378668E+02   # ~nu_muL
   1000015     6.14039207E+02   # ~tau_1
   2000015     8.05853174E+02   # ~tau_2
   1000016     7.92512586E+02   # ~nu_tauL
   1000021     1.48953628E+03   # ~g
   1000022     2.75993874E+02   # ~chi_10
   1000023     5.13428063E+02   # ~chi_20
   1000025     8.42110189E+02   # ~chi_30
   1000035     8.50165367E+02   # ~chi_40
   1000024     5.02144884E+02   # ~chi_1+
   1000037     8.45866605E+02   # ~chi_2+
#
BLOCK NMIX  # Neutralino Mixing Matrix
  1  1     9.97800587E-01   # N_11
  1  2    -8.31777993E-03   # N_12
  1  3     6.19278198E-02   # N_13
  1  4    -2.21302635E-02   # N_14
  2  1     1.97109811E-02   # N_21
  2  2     9.83658556E-01   # N_22
  2  3    -1.51332449E-01   # N_23
  2  4     9.55291175E-02   # N_24
  3  1     2.76975763E-02   # N_31
  3  2    -4.02144891E-02   # N_32
  3  3    -7.04639617E-01   # N_33
  3  4    -7.07883217E-01   # N_34
  4  1    -5.69061542E-02   # N_41
  4  2     1.75298188E-01   # N_42
  4  3     6.90468279E-01   # N_43
  4  4    -6.99489664E-01   # N_44
#
BLOCK UMIX  # Chargino Mixing Matrix U
  1  1     9.78624163E-01   # U_11
  1  2    -2.05656870E-01   # U_12
  2  1     2.05656870E-01   # U_21
  2  2     9.78624163E-01   # U_22
#
BLOCK VMIX  # Chargino Mixing Matrix V
  1  1     9.91895806E-01   # V_11
  1  2    -1.27053963E-01   # V_12
  2  1     1.27053963E-01   # V_21
  2  2     9.91895806E-01   # V_22
#
BLOCK STOPMIX  # Stop Mixing Matrix
  1  1     4.10799585E-01   # STOPMIX_11
  1  2     9.11725672E-01   # STOPMIX_12
  2  1    -9.11725672E-01   # STOPMIX_21
  2  2     4.10799585E-01   # STOPMIX_22
#
BLOCK SBOTMIX  # Sbottom Mixing Matrix
  1  1     8.62530141E-01   # SBOTMIX_11
  1  2     5.06005688E-01   # SBOTMIX_12
  2  1    -5.06005688E-01   # SBOTMIX_21
  2  2     8.62530141E-01   # SBOTMIX_22
#
BLOCK STAUMIX  # Stau Mixing Matrix
  1  1     2.32833124E-01   # STAUMIX_11
  1  2     9.72516702E-01   # STAUMIX_12
  2  1    -9.72516702E-01   # STAUMIX_21
  2  2     2.32833124E-01   # STAUMIX_22
#
BLOCK ALPHA  # Higgs mixing
          -2.59567387E-02   # Mixing angle in the neutral Higgs boson sector
#
BLOCK HMIX Q=  1.16813113E+03  # DRbar Higgs Parameters
     1     8.36005735E+02   # mu(Q)
     2     3.91515600E+01   # tanbeta(Q)
     3     2.43733144E+02   # vev(Q)
     4     9.24619178E+05   # MA^2(Q)
#
BLOCK GAUGE Q=  1.16813113E+03  # The gauge couplings
     1     3.62501346E-01   # gprime(Q) DRbar
     2     6.42103715E-01   # g(Q) DRbar
     3     1.05037443E+00   # g_3(Q) DRbar
#
BLOCK AU Q=  1.16813113E+03  # The trilinear couplings
  1  1    -1.78606689E+03   # A_u(Q) DRbar
  2  2    -1.78594508E+03   # A_c(Q) DRbar
  3  3    -1.26620414E+03   # A_t(Q) DRbar
#
BLOCK AD Q=  1.16813113E+03  # The trilinear couplings
  1  1    -2.05239926E+03   # A_d(Q) DRbar
  2  2    -2.05210738E+03   # A_s(Q) DRbar
  3  3    -1.73992413E+03   # A_b(Q) DRbar
#
BLOCK AE Q=  1.16813113E+03  # The trilinear couplings
  1  1    -6.81162788E+02   # A_e(Q) DRbar
  2  2    -6.80827061E+02   # A_mu(Q) DRbar
  3  3    -5.72963400E+02   # A_tau(Q) DRbar
#
BLOCK YU Q=  1.16813113E+03  # The top Yukawa coupling
  3  3     8.42830817E-01   # y_top(Q) DRbar
#
BLOCK YD Q=  1.16813113E+03  # The down Yukawa coupling
  3  3     4.93950674E-01   # y_b(Q) DRbar
#
BLOCK YE Q=  1.16813113E+03  # The tau Yukawa coupling
  3  3     4.21974817E-01   # y_tau(Q) DRbar
#
BLOCK MSOFT Q=  1.16813113E+03  # soft SUSY breaking masses at scale Q
         1     2.80808130E+02   # M_1
         2     5.11212173E+02   # M_2
         3     1.41989227E+03   # M_3
        21     5.26552387E+04   # M^2_Hd
        22    -6.81921473E+05   # M^2_Hu
        31     8.60199287E+02   # M_eL
        32     8.59991171E+02   # M_muL
        33     7.92816884E+02   # M_tauL
        34     7.87409453E+02   # M_eR
        35     7.86950917E+02   # M_muR
        36     6.28268107E+02   # M_tauR
        41     1.47721921E+03   # M_q1L
        42     1.47709338E+03   # M_q2L
        43     1.25150381E+03   # M_q3L
        44     1.43506591E+03   # M_uR
        45     1.43504352E+03   # M_cR
        46     1.08507962E+03   # M_tR
        47     1.43000409E+03   # M_dR
        48     1.42976372E+03   # M_sR
        49     1.29743160E+03   # M_bR
#
BLOCK SuSeFLAVLOWENERGY   #  PARAMETERS 
         1     3.02652429E-03   # Delta rho parameter
         2     1.10576366E-09   # g_mu - 2
         3     0.00000000E+00   # Br(b -> s gamma)
         4     0.00000000E+00   # Br(tau -> mu gamma)
         5     0.00000000E+00   # Br(tau -> e gamma)
         6     0.00000000E+00   # Br(mu -> e gamma)
         7     0.00000000E+00   # Br(tau -> mu mu mu)
         8     0.00000000E+00   # Br(tau -> e e e)
         9     0.00000000E+00   # Br(mu -> e e e)
#
BLOCK FINETUNE  # Fine Tuning
         1     1.58304881E+02   # delta mZ^2/mZ^2 (mu^2)
         2     7.91526174E+01   # delta mt/mt (mu^2)
