# Spectrum Output in SUSY Les Houches Accord 2
# SuSeFLAV v1.2.0 
# D. Chowdhury, R. Garani and S. K. Vempati, hep-ph/1109.3551 
# For bug reports or any other queries please send email to suseflav@cts.iisc.ernet.in 
# Created on 18.06.2012 at 11:50 Hrs
#
BLOCK SPINFO  #  Program information
     1   SuSeFLAV     # Spectrum calculator
     2   1.2.0        # Version number
#
BLOCK MODSEL  #  MODEL NAME
     1      1   # mSUGRA
#
BLOCK MINPAR  # Input parameters
         1     1.20000000E+03   #  m0                 
         2     4.50000000E+02   #  m_1/2              
         3     4.00000000E+01   #  tanbeta(mz)        
         4     1.00000000E+00   #  sign(mu)           
         5    -5.00000000E+02   #  A0                 
#
BLOCK SMINPUTS  # Standard Model inputs
         1     1.27934000E+02   # alpha_em (M_Z)^MSbar
         2     1.16637000E-05   # G_F [GeV^-2]
         3     1.17200000E-01   # alpha_S(M_Z)^MSbar
         4     9.11876000E+01   # M_Z pole mass
         5     4.25000000E+00   # mb(mb)^MSbar
         6     1.73300000E+02   # mt pole mass
         7     1.77700000E+00   # mtau pole mass
#
BLOCK EXTPAR  # Extra Input parameters
         0     2.38046443E+16   # Unification Scale
#
BLOCK MASS  # Mass Spectrum
# PDG code           mass       particle
        24     8.05096345E+01   # W+
        25     1.16619976E+02   # h
        35     9.31202008E+02   # H
        36     9.31309723E+02   # A
        37     9.35109649E+02   # H+
   1000001     1.51040546E+03   # ~d_L
   2000001     1.48893963E+03   # ~d_R
   1000002     1.50839299E+03   # ~u_L
   2000002     1.49007052E+03   # ~u_R
   1000003     1.51028781E+03   # ~s_L
   2000003     1.48861807E+03   # ~s_R
   1000004     1.50826357E+03   # ~c_L
   2000004     1.49001705E+03   # ~c_R
   1000005     1.19178123E+03   # ~b_1
   2000005     1.31758159E+03   # ~b_2
   1000006     9.97092881E+02   # ~t_1
   2000006     1.22391075E+03   # ~t_2
   1000011     1.23479684E+03   # ~e_L
   2000011     1.21229177E+03   # ~e_R
   1000012     1.22930440E+03   # ~nu_eL
   1000013     1.23287515E+03   # ~mu_L
   2000013     1.21148377E+03   # ~mu_R
   1000014     1.23025794E+03   # ~nu_muL
   1000015     9.98821330E+02   # ~tau_1
   2000015     1.13848941E+03   # ~tau_2
   1000016     1.13487520E+03   # ~nu_tauL
   1000021     1.10818881E+03   # ~g
   1000022     1.86866324E+02   # ~chi_10
   1000023     3.51214379E+02   # ~chi_20
   1000025     6.09835211E+02   # ~chi_30
   1000035     6.20305127E+02   # ~chi_40
   1000024     3.41614067E+02   # ~chi_1+
   1000037     6.16149639E+02   # ~chi_2+
#
BLOCK NMIX  # Neutralino Mixing Matrix
  1  1     9.95887911E-01   # N_11
  1  2    -1.47507426E-02   # N_12
  1  3     8.47843396E-02   # N_13
  1  4    -2.83072447E-02   # N_14
  2  1     3.42974951E-02   # N_21
  2  2     9.73316184E-01   # N_22
  2  3    -1.94544119E-01   # N_23
  2  4     1.16755611E-01   # N_24
  3  1     3.88261167E-02   # N_31
  3  2    -5.67959281E-02   # N_32
  3  3    -7.02453003E-01   # N_33
  3  4    -7.08397158E-01   # N_34
  4  1    -7.43201403E-02   # N_41
  4  2     2.21838327E-01   # N_42
  4  3     6.79355562E-01   # N_43
  4  4    -6.95514409E-01   # N_44
#
BLOCK UMIX  # Chargino Mixing Matrix U
  1  1     9.64218533E-01   # U_11
  1  2    -2.65108698E-01   # U_12
  2  1     2.65108698E-01   # U_21
  2  2     9.64218533E-01   # U_22
#
BLOCK VMIX  # Chargino Mixing Matrix V
  1  1     9.87875249E-01   # V_11
  1  2    -1.55249777E-01   # V_12
  2  1     1.55249777E-01   # V_21
  2  2     9.87875249E-01   # V_22
#
BLOCK STOPMIX  # Stop Mixing Matrix
  1  1     3.29479654E-01   # STOPMIX_11
  1  2     9.44162675E-01   # STOPMIX_12
  2  1    -9.44162675E-01   # STOPMIX_21
  2  2     3.29479654E-01   # STOPMIX_22
#
BLOCK SBOTMIX  # Sbottom Mixing Matrix
  1  1     9.72318887E-01   # SBOTMIX_11
  1  2     2.33657830E-01   # SBOTMIX_12
  2  1    -2.33657830E-01   # SBOTMIX_21
  2  2     9.72318887E-01   # SBOTMIX_22
#
BLOCK STAUMIX  # Stau Mixing Matrix
  1  1     1.48365487E-01   # STAUMIX_11
  1  2     9.88932598E-01   # STAUMIX_12
  2  1    -9.88932598E-01   # STAUMIX_21
  2  2     1.48365487E-01   # STAUMIX_22
#
BLOCK ALPHA  # Higgs mixing
          -2.59499616E-02   # Mixing angle in the neutral Higgs boson sector
#
BLOCK HMIX Q=  1.07737435E+03  # DRbar Higgs Parameters
     1     6.02127228E+02   # mu(Q)
     2     3.91909918E+01   # tanbeta(Q)
     3     2.43560792E+02   # vev(Q)
     4     1.04631362E+06   # MA^2(Q)
#
BLOCK GAUGE Q=  1.07737435E+03  # The gauge couplings
     1     3.62158995E-01   # gprime(Q) DRbar
     2     6.43086153E-01   # g(Q) DRbar
     3     1.05814680E+00   # g_3(Q) DRbar
#
BLOCK AU Q=  1.07737435E+03  # The trilinear couplings
  1  1    -1.36902044E+03   # A_u(Q) DRbar
  2  2    -1.36892101E+03   # A_c(Q) DRbar
  3  3    -9.37123406E+02   # A_t(Q) DRbar
#
BLOCK AD Q=  1.07737435E+03  # The trilinear couplings
  1  1    -1.57889587E+03   # A_d(Q) DRbar
  2  2    -1.57865756E+03   # A_s(Q) DRbar
  3  3    -1.31205101E+03   # A_b(Q) DRbar
#
BLOCK AE Q=  1.07737435E+03  # The trilinear couplings
  1  1    -5.92717457E+02   # A_e(Q) DRbar
  2  2    -5.92405529E+02   # A_mu(Q) DRbar
  3  3    -4.97718056E+02   # A_tau(Q) DRbar
#
BLOCK YU Q=  1.07737435E+03  # The top Yukawa coupling
  3  3     8.50175209E-01   # y_top(Q) DRbar
#
BLOCK YD Q=  1.07737435E+03  # The down Yukawa coupling
  3  3     5.14668939E-01   # y_b(Q) DRbar
#
BLOCK YE Q=  1.07737435E+03  # The tau Yukawa coupling
  3  3     4.11044808E-01   # y_tau(Q) DRbar
#
BLOCK MSOFT Q=  1.07737435E+03  # soft SUSY breaking masses at scale Q
         1     1.89434532E+02   # M_1
         2     3.51770083E+02   # M_2
         3     1.00322454E+03   # M_3
        21     5.41400035E+05   # M^2_Hd
        22    -3.46860340E+05   # M^2_Hu
        31     1.23054814E+03   # M_eL
        32     1.23024245E+03   # M_muL
        33     1.13499381E+03   # M_tauL
        34     1.21011147E+03   # M_eR
        35     1.20948627E+03   # M_muR
        36     1.00422170E+03   # M_tauR
        41     1.48248871E+03   # M_q1L
        42     1.48234014E+03   # M_q2L
        43     1.17132646E+03   # M_q3L
        44     1.46531466E+03   # M_uR
        45     1.46528781E+03   # M_cR
        46     9.81221202E+02   # M_tR
        47     1.46347938E+03   # M_dR
        48     1.46320250E+03   # M_sR
        49     1.28993930E+03   # M_bR
#
BLOCK SuSeFLAVLOWENERGY   #  PARAMETERS 
         1     3.33893223E-03   # Delta rho parameter
         2     9.36805629E-10   # g_mu - 2
         3     0.00000000E+00   # Br(b -> s gamma)
         4     0.00000000E+00   # Br(tau -> mu gamma)
         5     0.00000000E+00   # Br(tau -> e gamma)
         6     0.00000000E+00   # Br(mu -> e gamma)
         7     0.00000000E+00   # Br(tau -> mu mu mu)
         8     0.00000000E+00   # Br(tau -> e e e)
         9     0.00000000E+00   # Br(mu -> e e e)
#
BLOCK FINETUNE  # Fine Tuning
         1     8.20496156E+01   # delta mZ^2/mZ^2 (mu^2)
         2     4.10249492E+01   # delta mt/mt (mu^2)
