 ******** Begin Program SuSeFLAV ************
           model =    mSUG
            loop =    2
         tanbeta =    4.0000E+01
             m0  =    1.2000E+03
             a0  =   -5.0000E+02
             M12 =    4.5000E+02
             m10 =    1.2000E+03
             m20 =    1.2000E+03
         sign mu =    1.0000E+00
            qmix =    0
   top pole mass =    1.7330E+02
 ********************************************
 
  up-type yukawa at high energy:
     2.6200E-06    0.0000E+00    0.0000E+00
     0.0000E+00    2.6202E-03    0.0000E+00
     0.0000E+00    0.0000E+00    4.6356E-01
 
  down-type yukawa at high energy:
     3.5238E-04    0.0000E+00    0.0000E+00
     0.0000E+00    7.0485E-03    0.0000E+00
     0.0000E+00    0.0000E+00    2.1026E-01
 
  lepton-type yukawa at high energy:
     7.8999E-05    0.0000E+00    0.0000E+00
     0.0000E+00    1.6507E-02    0.0000E+00
     0.0000E+00    0.0000E+00    3.1815E-01
 
  nuetrino yukawa at high energy:
     0.0000E+00    0.0000E+00    0.0000E+00
     0.0000E+00    0.0000E+00    0.0000E+00
     0.0000E+00    0.0000E+00    0.0000E+00
 
  up-type yukawa at msusy :
     6.5940E-06    0.0000E+00    0.0000E+00
     0.0000E+00    6.5940E-03    0.0000E+00
     0.0000E+00    0.0000E+00    8.5018E-01
 
  down-type yukawa at msusy :
     1.0295E-03    0.0000E+00    0.0000E+00
     0.0000E+00    2.0591E-02    0.0000E+00
     0.0000E+00    0.0000E+00    5.1467E-01
 
  lepton-type yukawa at msusy :
     1.1255E-04    0.0000E+00    0.0000E+00
     0.0000E+00    2.3511E-02    0.0000E+00
     0.0000E+00    0.0000E+00    4.1104E-01
 
  Spectrum at msusy, q =   1.0774E+03
              alpha_1  =   3.6216E-01
              alpha_2  =   6.4309E-01
              alpha_3  =   1.0581E+00
               vev1    =   6.2131E+00
               vev2    =   2.4350E+02
           newtbeta    =   3.9191E+01
                  \mu  =   6.0213E+02
              ~gluino  =   1.1082E+03
               ~stop_1 =   9.9709E+02
               ~stop_2 =   1.2239E+03
             ~scharm_R =   1.4900E+03
             ~scharm_L =   1.5083E+03
                ~sup_R =   1.4901E+03
                ~sup_L =   1.5084E+03
           ~sbottom_1  =   1.1918E+03
           ~sbottom_2  =   1.3176E+03
           ~sstrange_R =   1.4886E+03
           ~sstrange_L =   1.5103E+03
             ~sdown_R  =   1.4889E+03
             ~sdown_L  =   1.5104E+03
               ~stau_1 =   9.9882E+02
               ~stau_2 =   1.1385E+03
               ~smu_R  =   1.2115E+03
               ~smu_L  =   1.2329E+03
              ~sel_R   =   1.2123E+03
              ~sel_L   =   1.2348E+03
              ~tausnu  =   1.1349E+03
                ~musnu =   1.2303E+03
                ~elsnu =   1.2293E+03
 
 Higgs Spectrum
                 mA0   =   9.3131E+02
            mh_charged =   9.3511E+02
                 mh0   =   1.1662E+02
                  mH   =   9.3120E+02
            \alpha_h   =  -2.5950E-02
 
 Neutralino spectrum
                  N1   =   1.8687E+02
                  N2   =   3.5121E+02
                  N3   =   6.0984E+02
                  N4   =   6.2031E+02
 
 Chargino spectrum
                  C1   =   3.4161E+02
                  C2   =   6.1615E+02
 
  Low Energy Observables 
   Fine tuning, Cmz^2mu^2   =    8.2050E+01
   Fine tuning, Cmt^2mu^2   =    4.1025E+01
        Br(B  => s,gamma)   =    0.0000E+00
       Br(mu  => e,gamma)   =    0.0000E+00 X 10^(-11)
       Br(tau => mu,gamma)  =    0.0000E+00 X 10^(-08)
       Br(tau => e,gamma)   =    0.0000E+00 X 10^(-07)
         Br(tau => e,e,e)   =    0.0000E+00 X 10^(-07)
      Br(tau => mu,mu,mu)   =    0.0000E+00 X 10^(-07)
          Br(mu => e,e,e)   =    0.0000E+00 X 10^(-12)
        Br(mu => e in Ti)   =    0.0000E+00 X 10^(-12)
            (g_mu - 2)      =    9.3681E+00 X 10^(-10)
------------------------------
flag for the point is  AOK                                                                                                
 --------------------------------------------------
 FLAGS AND THEIR MEANINGS
 AOK = Everything is fine.
 BMUNEG = B_mu is negative at Msusy.
 REWSB = |\mu|^2 < 0 at Msusy.
 MUNOC = Non-convergent |\mu| at Msusy.
 SW2NOC = Non-convergent Sin^2_thetaw at Mz.
 NPERTYUK = Non-perturbative yukawa.
 TACSPEC = Spectrum is tachyonic at Msusy.
 TACSPECMZ = Spectrum is tachyonic at Mz.
 FSNC = Final spectrum non-convergent.
 TACMh = Lightest CP-even neutral higgs tachyonic.
 TACMH = Heaviest CP-even neutral higgs tachyonic.
 TACMA = CP-odd neutral higgs tachyonic.
 TACMHCH = Charged higgs tachyonic.
 VARUNDER = Stepsize is zero while integrating the RGEs.
 TACSUP = SUP sector tachyonic.
 TACSDN = SDOWN sector tachyonic.
 TACSLP = SLEPTON sector tachyonic.
 TACSNU = SNEUTRINO sector tachyonic.
 LEPH = Lightest higgs mass below LEP limit.
 LEPC = Lightest chargino mass < 103.5 GeV.
 LSPSTAU = Lightest stau is LSP.
 --------------------------------------------------
