# Spectrum Output in SUSY Les Houches Accord 2
# SuSeFLAV v1.2.0 
# D. Chowdhury, R. Garani and S. K. Vempati, hep-ph/1109.3551 
# For bug reports or any other queries please send email to suseflav@cts.iisc.ernet.in 
# Created on 18.06.2012 at 11:50 Hrs
#
BLOCK SPINFO  #  Program information
     1   SuSeFLAV     # Spectrum calculator
     2   1.2.0        # Version number
#
BLOCK MODSEL  #  MODEL NAME
     1      1   # mSUGRA
#
BLOCK MINPAR  # Input parameters
         1     3.30000000E+02   #  m0                 
         2     5.00000000E+02   #  m_1/2              
         3     4.00000000E+01   #  tanbeta(mz)        
         4     1.00000000E+00   #  sign(mu)           
         5    -5.00000000E+02   #  A0                 
#
BLOCK SMINPUTS  # Standard Model inputs
         1     1.27934000E+02   # alpha_em (M_Z)^MSbar
         2     1.16637000E-05   # G_F [GeV^-2]
         3     1.17200000E-01   # alpha_S(M_Z)^MSbar
         4     9.11876000E+01   # M_Z pole mass
         5     4.25000000E+00   # mb(mb)^MSbar
         6     1.73300000E+02   # mt pole mass
         7     1.77700000E+00   # mtau pole mass
#
BLOCK EXTPAR  # Extra Input parameters
         0     2.12614952E+16   # Unification Scale
#
BLOCK MASS  # Mass Spectrum
# PDG code           mass       particle
        24     8.05104366E+01   # W+
        25     1.16737918E+02   # h
        35     5.97050342E+02   # H
        36     5.97199959E+02   # A
        37     6.03114686E+02   # H+
   1000001     1.10636666E+03   # ~d_L
   2000001     1.06406343E+03   # ~d_R
   1000002     1.10358323E+03   # ~u_L
   2000002     1.06714891E+03   # ~u_R
   1000003     1.10631255E+03   # ~s_L
   2000003     1.06382320E+03   # ~s_R
   1000004     1.10350818E+03   # ~c_L
   2000004     1.06710734E+03   # ~c_R
   1000005     9.21413717E+02   # ~b_1
   2000005     9.89892804E+02   # ~b_2
   1000006     7.85508080E+02   # ~t_1
   2000006     1.00058771E+03   # ~t_2
   1000011     4.73949232E+02   # ~e_L
   2000011     3.84278756E+02   # ~e_R
   1000012     4.66171742E+02   # ~nu_eL
   1000013     4.73588488E+02   # ~mu_L
   2000013     3.83712441E+02   # ~mu_R
   1000014     4.66142896E+02   # ~nu_muL
   1000015     2.10837776E+02   # ~tau_1
   2000015     4.52632314E+02   # ~tau_2
   1000016     4.21914340E+02   # ~nu_tauL
   1000021     1.16068146E+03   # ~g
   1000022     2.05302807E+02   # ~chi_10
   1000023     3.89119417E+02   # ~chi_20
   1000025     7.08952493E+02   # ~chi_30
   1000035     7.16455742E+02   # ~chi_40
   1000024     3.81079130E+02   # ~chi_1+
   1000037     7.14030456E+02   # ~chi_2+
#
BLOCK NMIX  # Neutralino Mixing Matrix
  1  1     9.97065304E-01   # N_11
  1  2    -1.13985247E-02   # N_12
  1  3     7.20684872E-02   # N_13
  1  4    -2.31729526E-02   # N_14
  2  1     2.50248451E-02   # N_21
  2  2     9.82276591E-01   # N_22
  2  3    -1.61148789E-01   # N_23
  2  4     9.23987264E-02   # N_24
  3  1     3.38157984E-02   # N_31
  3  2    -4.96410739E-02   # N_32
  3  3    -7.03417955E-01   # N_33
  3  4    -7.08234026E-01   # N_34
  4  1    -6.39611433E-02   # N_41
  4  2     1.80384415E-01   # N_42
  4  3     6.88505905E-01   # N_43
  4  4    -6.99521303E-01   # N_44
#
BLOCK UMIX  # Chargino Mixing Matrix U
  1  1     9.75302899E-01   # U_11
  1  2    -2.20871581E-01   # U_12
  2  1     2.20871581E-01   # U_21
  2  2     9.75302899E-01   # U_22
#
BLOCK VMIX  # Chargino Mixing Matrix V
  1  1     9.92299082E-01   # V_11
  1  2    -1.23864974E-01   # V_12
  2  1     1.23864974E-01   # V_21
  2  2     9.92299082E-01   # V_22
#
BLOCK STOPMIX  # Stop Mixing Matrix
  1  1     5.06293474E-01   # STOPMIX_11
  1  2     8.62361246E-01   # STOPMIX_12
  2  1    -8.62361246E-01   # STOPMIX_21
  2  2     5.06293474E-01   # STOPMIX_22
#
BLOCK SBOTMIX  # Sbottom Mixing Matrix
  1  1     7.68725234E-01   # SBOTMIX_11
  1  2     6.39579169E-01   # SBOTMIX_12
  2  1    -6.39579169E-01   # SBOTMIX_21
  2  2     7.68725234E-01   # SBOTMIX_22
#
BLOCK STAUMIX  # Stau Mixing Matrix
  1  1     3.50545578E-01   # STAUMIX_11
  1  2     9.36545673E-01   # STAUMIX_12
  2  1    -9.36545673E-01   # STAUMIX_21
  2  2     3.50545578E-01   # STAUMIX_22
#
BLOCK ALPHA  # Higgs mixing
          -2.61905003E-02   # Mixing angle in the neutral Higgs boson sector
#
BLOCK HMIX Q=  8.58761936E+02  # DRbar Higgs Parameters
     1     7.03053911E+02   # mu(Q)
     2     3.92170340E+01   # tanbeta(Q)
     3     2.43947840E+02   # vev(Q)
     4     4.54917646E+05   # MA^2(Q)
#
BLOCK GAUGE Q=  8.58761936E+02  # The gauge couplings
     1     3.62023591E-01   # gprime(Q) DRbar
     2     6.43666772E-01   # g(Q) DRbar
     3     1.06534090E+00   # g_3(Q) DRbar
#
BLOCK AU Q=  8.58761936E+02  # The trilinear couplings
  1  1    -1.50045519E+03   # A_u(Q) DRbar
  2  2    -1.50034711E+03   # A_c(Q) DRbar
  3  3    -1.04146646E+03   # A_t(Q) DRbar
#
BLOCK AD Q=  8.58761936E+02  # The trilinear couplings
  1  1    -1.74157256E+03   # A_d(Q) DRbar
  2  2    -1.74131349E+03   # A_s(Q) DRbar
  3  3    -1.47063515E+03   # A_b(Q) DRbar
#
BLOCK AE Q=  8.58761936E+02  # The trilinear couplings
  1  1    -6.26548786E+02   # A_e(Q) DRbar
  2  2    -6.26227291E+02   # A_mu(Q) DRbar
  3  3    -5.21613144E+02   # A_tau(Q) DRbar
#
BLOCK YU Q=  8.58761936E+02  # The top Yukawa coupling
  3  3     8.52309392E-01   # y_top(Q) DRbar
#
BLOCK YD Q=  8.58761936E+02  # The down Yukawa coupling
  3  3     4.88701511E-01   # y_b(Q) DRbar
#
BLOCK YE Q=  8.58761936E+02  # The tau Yukawa coupling
  3  3     4.25588847E-01   # y_tau(Q) DRbar
#
BLOCK MSOFT Q=  8.58761936E+02  # soft SUSY breaking masses at scale Q
         1     2.09450176E+02   # M_1
         2     3.89724937E+02   # M_2
         3     1.12448500E+03   # M_3
        21    -1.17649440E+05   # M^2_Hd
        22    -4.87813220E+05   # M^2_Hu
        31     4.67796886E+02   # M_eL
        32     4.67657706E+02   # M_muL
        33     4.24354312E+02   # M_tauL
        34     3.79703133E+02   # M_eR
        35     3.79355899E+02   # M_muR
        36     2.55761488E+02   # M_tauR
        41     1.07089729E+03   # M_q1L
        42     1.07080118E+03   # M_q2L
        43     9.17723779E+02   # M_q3L
        44     1.03480293E+03   # M_uR
        45     1.03478634E+03   # M_cR
        46     7.99685567E+02   # M_tR
        47     1.03051016E+03   # M_dR
        48     1.03032472E+03   # M_sR
        49     9.36435389E+02   # M_bR
#
BLOCK SuSeFLAVLOWENERGY   #  PARAMETERS 
         1     3.26440902E-03   # Delta rho parameter
         2     2.65873998E-09   # g_mu - 2
         3     0.00000000E+00   # Br(b -> s gamma)
         4     0.00000000E+00   # Br(tau -> mu gamma)
         5     0.00000000E+00   # Br(tau -> e gamma)
         6     0.00000000E+00   # Br(mu -> e gamma)
         7     0.00000000E+00   # Br(tau -> mu mu mu)
         8     0.00000000E+00   # Br(tau -> e e e)
         9     0.00000000E+00   # Br(mu -> e e e)
#
BLOCK FINETUNE  # Fine Tuning
         1     1.12752015E+02   # delta mZ^2/mZ^2 (mu^2)
         2     5.63762320E+01   # delta mt/mt (mu^2)
