 ******** Begin Program SuSeFLAV ************
           model =    mSUG
            loop =    2
         tanbeta =    4.0000E+01
             m0  =    3.3000E+02
             a0  =   -5.0000E+02
             M12 =    5.0000E+02
             m10 =    3.3000E+02
             m20 =    3.3000E+02
         sign mu =    1.0000E+00
            qmix =    0
   top pole mass =    1.7330E+02
 ********************************************
 
  up-type yukawa at high energy:
     2.5969E-06    0.0000E+00    0.0000E+00
     0.0000E+00    2.5971E-03    0.0000E+00
     0.0000E+00    0.0000E+00    4.5494E-01
 
  down-type yukawa at high energy:
     3.4758E-04    0.0000E+00    0.0000E+00
     0.0000E+00    6.9526E-03    0.0000E+00
     0.0000E+00    0.0000E+00    1.9339E-01
 
  lepton-type yukawa at high energy:
     7.8081E-05    0.0000E+00    0.0000E+00
     0.0000E+00    1.6315E-02    0.0000E+00
     0.0000E+00    0.0000E+00    3.2786E-01
 
  nuetrino yukawa at high energy:
     0.0000E+00    0.0000E+00    0.0000E+00
     0.0000E+00    0.0000E+00    0.0000E+00
     0.0000E+00    0.0000E+00    0.0000E+00
 
  up-type yukawa at msusy :
     6.6437E-06    0.0000E+00    0.0000E+00
     0.0000E+00    6.6438E-03    0.0000E+00
     0.0000E+00    0.0000E+00    8.5231E-01
 
  down-type yukawa at msusy :
     1.0378E-03    0.0000E+00    0.0000E+00
     0.0000E+00    2.0757E-02    0.0000E+00
     0.0000E+00    0.0000E+00    4.8870E-01
 
  lepton-type yukawa at msusy :
     1.1258E-04    0.0000E+00    0.0000E+00
     0.0000E+00    2.3517E-02    0.0000E+00
     0.0000E+00    0.0000E+00    4.2559E-01
 
  Spectrum at msusy, q =   8.5876E+02
              alpha_1  =   3.6202E-01
              alpha_2  =   6.4367E-01
              alpha_3  =   1.0653E+00
               vev1    =   6.2190E+00
               vev2    =   2.4389E+02
           newtbeta    =   3.9217E+01
                  \mu  =   7.0305E+02
              ~gluino  =   1.1607E+03
               ~stop_1 =   7.8551E+02
               ~stop_2 =   1.0006E+03
             ~scharm_R =   1.0671E+03
             ~scharm_L =   1.1035E+03
                ~sup_R =   1.0671E+03
                ~sup_L =   1.1036E+03
           ~sbottom_1  =   9.2141E+02
           ~sbottom_2  =   9.8989E+02
           ~sstrange_R =   1.0638E+03
           ~sstrange_L =   1.1063E+03
             ~sdown_R  =   1.0641E+03
             ~sdown_L  =   1.1064E+03
               ~stau_1 =   2.1084E+02
               ~stau_2 =   4.5263E+02
               ~smu_R  =   3.8371E+02
               ~smu_L  =   4.7359E+02
              ~sel_R   =   3.8428E+02
              ~sel_L   =   4.7395E+02
              ~tausnu  =   4.2191E+02
                ~musnu =   4.6614E+02
                ~elsnu =   4.6617E+02
 
 Higgs Spectrum
                 mA0   =   5.9720E+02
            mh_charged =   6.0311E+02
                 mh0   =   1.1674E+02
                  mH   =   5.9705E+02
            \alpha_h   =  -2.6191E-02
 
 Neutralino spectrum
                  N1   =   2.0530E+02
                  N2   =   3.8912E+02
                  N3   =   7.0895E+02
                  N4   =   7.1646E+02
 
 Chargino spectrum
                  C1   =   3.8108E+02
                  C2   =   7.1403E+02
 
  Low Energy Observables 
   Fine tuning, Cmz^2mu^2   =    1.1275E+02
   Fine tuning, Cmt^2mu^2   =    5.6376E+01
        Br(B  => s,gamma)   =    0.0000E+00
       Br(mu  => e,gamma)   =    0.0000E+00 X 10^(-11)
       Br(tau => mu,gamma)  =    0.0000E+00 X 10^(-08)
       Br(tau => e,gamma)   =    0.0000E+00 X 10^(-07)
         Br(tau => e,e,e)   =    0.0000E+00 X 10^(-07)
      Br(tau => mu,mu,mu)   =    0.0000E+00 X 10^(-07)
          Br(mu => e,e,e)   =    0.0000E+00 X 10^(-12)
        Br(mu => e in Ti)   =    0.0000E+00 X 10^(-12)
            (g_mu - 2)      =    2.6587E+01 X 10^(-10)
------------------------------
flag for the point is  AOK                                                                                                
 --------------------------------------------------
 FLAGS AND THEIR MEANINGS
 AOK = Everything is fine.
 BMUNEG = B_mu is negative at Msusy.
 REWSB = |\mu|^2 < 0 at Msusy.
 MUNOC = Non-convergent |\mu| at Msusy.
 SW2NOC = Non-convergent Sin^2_thetaw at Mz.
 NPERTYUK = Non-perturbative yukawa.
 TACSPEC = Spectrum is tachyonic at Msusy.
 TACSPECMZ = Spectrum is tachyonic at Mz.
 FSNC = Final spectrum non-convergent.
 TACMh = Lightest CP-even neutral higgs tachyonic.
 TACMH = Heaviest CP-even neutral higgs tachyonic.
 TACMA = CP-odd neutral higgs tachyonic.
 TACMHCH = Charged higgs tachyonic.
 VARUNDER = Stepsize is zero while integrating the RGEs.
 TACSUP = SUP sector tachyonic.
 TACSDN = SDOWN sector tachyonic.
 TACSLP = SLEPTON sector tachyonic.
 TACSNU = SNEUTRINO sector tachyonic.
 LEPH = Lightest higgs mass below LEP limit.
 LEPC = Lightest chargino mass < 103.5 GeV.
 LSPSTAU = Lightest stau is LSP.
 --------------------------------------------------
