# Spectrum Output in SUSY Les Houches Accord 2
# SuSeFLAV v1.2.0 
# D. Chowdhury, R. Garani and S. K. Vempati, hep-ph/1109.3551 
# For bug reports or any other queries please send email to suseflav@cts.iisc.ernet.in 
# Created on 18.06.2012 at 11:50 Hrs
#
BLOCK SPINFO  #  Program information
     1   SuSeFLAV     # Spectrum calculator
     2   1.2.0        # Version number
#
BLOCK MODSEL  #  MODEL NAME
     1      1   # mSUGRA
#
BLOCK MINPAR  # Input parameters
         1     1.15000000E+03   #  m0                 
         2     5.50000000E+02   #  m_1/2              
         3     1.00000000E+01   #  tanbeta(mz)        
         4     1.00000000E+00   #  sign(mu)           
         5     0.00000000E+00   #  A0                 
#
BLOCK SMINPUTS  # Standard Model inputs
         1     1.27934000E+02   # alpha_em (M_Z)^MSbar
         2     1.16637000E-05   # G_F [GeV^-2]
         3     1.17200000E-01   # alpha_S(M_Z)^MSbar
         4     9.11876000E+01   # M_Z pole mass
         5     4.25000000E+00   # mb(mb)^MSbar
         6     1.73300000E+02   # mt pole mass
         7     1.77700000E+00   # mtau pole mass
#
BLOCK EXTPAR  # Extra Input parameters
         0     1.30858736E+16   # Unification Scale
#
BLOCK MASS  # Mass Spectrum
# PDG code           mass       particle
        24     8.05111941E+01   # W+
        25     1.15769198E+02   # h
        35     1.34859406E+03   # H
        36     1.34838567E+03   # A
        37     1.35115262E+03   # H+
   1000001     1.59531906E+03   # ~d_L
   2000001     1.56432675E+03   # ~d_R
   1000002     1.59347871E+03   # ~u_L
   2000002     1.56656274E+03   # ~u_R
   1000003     1.59530175E+03   # ~s_L
   2000003     1.56430745E+03   # ~s_R
   1000004     1.59347266E+03   # ~c_L
   2000004     1.56653136E+03   # ~c_R
   1000005     1.38943242E+03   # ~b_1
   2000005     1.55403159E+03   # ~b_2
   1000006     1.12392146E+03   # ~t_1
   2000006     1.41095763E+03   # ~t_2
   1000011     1.20246913E+03   # ~e_L
   2000011     1.16908162E+03   # ~e_R
   1000012     1.19979671E+03   # ~nu_eL
   1000013     1.20240782E+03   # ~mu_L
   2000013     1.16902274E+03   # ~mu_R
   1000014     1.19986105E+03   # ~nu_muL
   1000015     1.15800973E+03   # ~tau_1
   2000015     1.19816855E+03   # ~tau_2
   1000016     1.19503191E+03   # ~nu_tauL
   1000021     1.30628911E+03   # ~g
   1000022     2.33180265E+02   # ~chi_10
   1000023     4.26330557E+02   # ~chi_20
   1000025     6.57241255E+02   # ~chi_30
   1000035     6.72752212E+02   # ~chi_40
   1000024     4.15748670E+02   # ~chi_1+
   1000037     6.65885508E+02   # ~chi_2+
#
BLOCK NMIX  # Neutralino Mixing Matrix
  1  1     9.95615806E-01   # N_11
  1  2    -1.81593303E-02   # N_12
  1  3     8.38973474E-02   # N_13
  1  4    -3.71569845E-02   # N_14
  2  1     4.12693638E-02   # N_21
  2  2     9.64119966E-01   # N_22
  2  3    -2.13832790E-01   # N_23
  2  4     1.51806022E-01   # N_24
  3  1     3.20138860E-02   # N_31
  3  2    -4.58762794E-02   # N_32
  3  3    -7.03584317E-01   # N_33
  3  4    -7.08406371E-01   # N_34
  4  1    -7.75958659E-02   # N_41
  4  2     2.60841516E-01   # N_42
  4  3     6.72462550E-01   # N_43
  4  4    -6.88283883E-01   # N_44
#
BLOCK UMIX  # Chargino Mixing Matrix U
  1  1     9.55934087E-01   # U_11
  1  2    -2.93581372E-01   # U_12
  2  1     2.93581372E-01   # U_21
  2  2     9.55934087E-01   # U_22
#
BLOCK VMIX  # Chargino Mixing Matrix V
  1  1     9.78645982E-01   # V_11
  1  2    -2.05553014E-01   # V_12
  2  1     2.05553014E-01   # V_21
  2  2     9.78645982E-01   # V_22
#
BLOCK STOPMIX  # Stop Mixing Matrix
  1  1     2.42971163E-01   # STOPMIX_11
  1  2     9.70033512E-01   # STOPMIX_12
  2  1    -9.70033512E-01   # STOPMIX_21
  2  2     2.42971163E-01   # STOPMIX_22
#
BLOCK SBOTMIX  # Sbottom Mixing Matrix
  1  1     9.98791212E-01   # SBOTMIX_11
  1  2     4.91539843E-02   # SBOTMIX_12
  2  1    -4.91539843E-02   # SBOTMIX_21
  2  2     9.98791212E-01   # SBOTMIX_22
#
BLOCK STAUMIX  # Stau Mixing Matrix
  1  1     1.29430951E-01   # STAUMIX_11
  1  2     9.91588437E-01   # STAUMIX_12
  2  1    -9.91588437E-01   # STAUMIX_21
  2  2     1.29430951E-01   # STAUMIX_22
#
BLOCK ALPHA  # Higgs mixing
          -1.04669957E-01   # Mixing angle in the neutral Higgs boson sector
#
BLOCK HMIX Q=  1.22504246E+03  # DRbar Higgs Parameters
     1     6.49434051E+02   # mu(Q)
     2     9.62499201E+00   # tanbeta(Q)
     3     2.43490152E+02   # vev(Q)
     4     1.85659479E+06   # MA^2(Q)
#
BLOCK GAUGE Q=  1.22504246E+03  # The gauge couplings
     1     3.62527747E-01   # gprime(Q) DRbar
     2     6.42650693E-01   # g(Q) DRbar
     3     1.05137799E+00   # g_3(Q) DRbar
#
BLOCK AU Q=  1.22504246E+03  # The trilinear couplings
  1  1    -1.21578745E+03   # A_u(Q) DRbar
  2  2    -1.21576801E+03   # A_c(Q) DRbar
  3  3    -9.46151756E+02   # A_t(Q) DRbar
#
BLOCK AD Q=  1.22504246E+03  # The trilinear couplings
  1  1    -1.47865602E+03   # A_d(Q) DRbar
  2  2    -1.47864112E+03   # A_s(Q) DRbar
  3  3    -1.38680854E+03   # A_b(Q) DRbar
#
BLOCK AE Q=  1.22504246E+03  # The trilinear couplings
  1  1    -3.21456643E+02   # A_e(Q) DRbar
  2  2    -3.21450920E+02   # A_mu(Q) DRbar
  3  3    -3.19789449E+02   # A_tau(Q) DRbar
#
BLOCK YU Q=  1.22504246E+03  # The top Yukawa coupling
  3  3     8.50860027E-01   # y_top(Q) DRbar
#
BLOCK YD Q=  1.22504246E+03  # The down Yukawa coupling
  3  3     1.34263473E-01   # y_b(Q) DRbar
#
BLOCK YE Q=  1.22504246E+03  # The tau Yukawa coupling
  3  3     9.90566828E-02   # y_tau(Q) DRbar
#
BLOCK MSOFT Q=  1.22504246E+03  # soft SUSY breaking masses at scale Q
         1     2.37395041E+02   # M_1
         2     4.30526188E+02   # M_2
         3     1.19799624E+03   # M_3
        21     1.37823035E+06   # M^2_Hd
        22    -3.80259732E+05   # M^2_Hu
        31     1.19957790E+03   # M_eL
        32     1.19956169E+03   # M_muL
        33     1.19484442E+03   # M_tauL
        34     1.16670300E+03   # M_eR
        35     1.16666944E+03   # M_muR
        36     1.15686388E+03   # M_tauR
        41     1.55965491E+03   # M_q1L
        42     1.55963600E+03   # M_q2L
        43     1.35842026E+03   # M_q3L
        44     1.53387727E+03   # M_uR
        45     1.53385355E+03   # M_cR
        46     1.09555025E+03   # M_tR
        47     1.53086799E+03   # M_dR
        48     1.53085301E+03   # M_sR
        49     1.52046928E+03   # M_bR
#
BLOCK SuSeFLAVLOWENERGY   #  PARAMETERS 
         1     3.53545187E-03   # Delta rho parameter
         2     2.09575900E-10   # g_mu - 2
         3     0.00000000E+00   # Br(b -> s gamma)
         4     0.00000000E+00   # Br(tau -> mu gamma)
         5     0.00000000E+00   # Br(tau -> e gamma)
         6     0.00000000E+00   # Br(mu -> e gamma)
         7     0.00000000E+00   # Br(tau -> mu mu mu)
         8     0.00000000E+00   # Br(tau -> e e e)
         9     0.00000000E+00   # Br(mu -> e e e)
#
BLOCK FINETUNE  # Fine Tuning
         1     1.01934116E+02   # delta mZ^2/mZ^2 (mu^2)
         2     5.09721800E+01   # delta mt/mt (mu^2)
