 ******** Begin Program SuSeFLAV ************
           model =    mSUG
            loop =    2
         tanbeta =    1.0000E+01
             m0  =    1.1500E+03
             a0  =    0.0000E+00
             M12 =    5.5000E+02
             m10 =    1.1500E+03
             m20 =    1.1500E+03
         sign mu =    1.0000E+00
            qmix =    0
   top pole mass =    1.7330E+02
 ********************************************
 
  up-type yukawa at high energy:
     2.6279E-06    0.0000E+00    0.0000E+00
     0.0000E+00    2.6279E-03    0.0000E+00
     0.0000E+00    0.0000E+00    4.4966E-01
 
  down-type yukawa at high energy:
     7.8482E-05    0.0000E+00    0.0000E+00
     0.0000E+00    1.5697E-03    0.0000E+00
     0.0000E+00    0.0000E+00    4.5905E-02
 
  lepton-type yukawa at high energy:
     1.7514E-05    0.0000E+00    0.0000E+00
     0.0000E+00    3.6585E-03    0.0000E+00
     0.0000E+00    0.0000E+00    6.2738E-02
 
  nuetrino yukawa at high energy:
     0.0000E+00    0.0000E+00    0.0000E+00
     0.0000E+00    0.0000E+00    0.0000E+00
     0.0000E+00    0.0000E+00    0.0000E+00
 
  up-type yukawa at msusy :
     6.5998E-06    0.0000E+00    0.0000E+00
     0.0000E+00    6.5998E-03    0.0000E+00
     0.0000E+00    0.0000E+00    8.5086E-01
 
  down-type yukawa at msusy :
     2.5316E-04    0.0000E+00    0.0000E+00
     0.0000E+00    5.0633E-03    0.0000E+00
     0.0000E+00    0.0000E+00    1.3426E-01
 
  lepton-type yukawa at msusy :
     2.7780E-05    0.0000E+00    0.0000E+00
     0.0000E+00    5.8029E-03    0.0000E+00
     0.0000E+00    0.0000E+00    9.9057E-02
 
  Spectrum at msusy, q =   1.2250E+03
              alpha_1  =   3.6253E-01
              alpha_2  =   6.4265E-01
              alpha_3  =   1.0514E+00
               vev1    =   2.5163E+01
               vev2    =   2.4219E+02
           newtbeta    =   9.6250E+00
                  \mu  =   6.4943E+02
              ~gluino  =   1.3063E+03
               ~stop_1 =   1.1239E+03
               ~stop_2 =   1.4110E+03
             ~scharm_R =   1.5665E+03
             ~scharm_L =   1.5935E+03
                ~sup_R =   1.5666E+03
                ~sup_L =   1.5935E+03
           ~sbottom_1  =   1.3894E+03
           ~sbottom_2  =   1.5540E+03
           ~sstrange_R =   1.5643E+03
           ~sstrange_L =   1.5953E+03
             ~sdown_R  =   1.5643E+03
             ~sdown_L  =   1.5953E+03
               ~stau_1 =   1.1580E+03
               ~stau_2 =   1.1982E+03
               ~smu_R  =   1.1690E+03
               ~smu_L  =   1.2024E+03
              ~sel_R   =   1.1691E+03
              ~sel_L   =   1.2025E+03
              ~tausnu  =   1.1950E+03
                ~musnu =   1.1999E+03
                ~elsnu =   1.1998E+03
 
 Higgs Spectrum
                 mA0   =   1.3484E+03
            mh_charged =   1.3512E+03
                 mh0   =   1.1577E+02
                  mH   =   1.3486E+03
            \alpha_h   =  -1.0467E-01
 
 Neutralino spectrum
                  N1   =   2.3318E+02
                  N2   =   4.2633E+02
                  N3   =   6.5724E+02
                  N4   =   6.7275E+02
 
 Chargino spectrum
                  C1   =   4.1575E+02
                  C2   =   6.6589E+02
 
  Low Energy Observables 
   Fine tuning, Cmz^2mu^2   =    1.0193E+02
   Fine tuning, Cmt^2mu^2   =    5.0972E+01
        Br(B  => s,gamma)   =    0.0000E+00
       Br(mu  => e,gamma)   =    0.0000E+00 X 10^(-11)
       Br(tau => mu,gamma)  =    0.0000E+00 X 10^(-08)
       Br(tau => e,gamma)   =    0.0000E+00 X 10^(-07)
         Br(tau => e,e,e)   =    0.0000E+00 X 10^(-07)
      Br(tau => mu,mu,mu)   =    0.0000E+00 X 10^(-07)
          Br(mu => e,e,e)   =    0.0000E+00 X 10^(-12)
        Br(mu => e in Ti)   =    0.0000E+00 X 10^(-12)
            (g_mu - 2)      =    2.0958E+00 X 10^(-10)
------------------------------
flag for the point is  AOK                                                                                                
 --------------------------------------------------
 FLAGS AND THEIR MEANINGS
 AOK = Everything is fine.
 BMUNEG = B_mu is negative at Msusy.
 REWSB = |\mu|^2 < 0 at Msusy.
 MUNOC = Non-convergent |\mu| at Msusy.
 SW2NOC = Non-convergent Sin^2_thetaw at Mz.
 NPERTYUK = Non-perturbative yukawa.
 TACSPEC = Spectrum is tachyonic at Msusy.
 TACSPECMZ = Spectrum is tachyonic at Mz.
 FSNC = Final spectrum non-convergent.
 TACMh = Lightest CP-even neutral higgs tachyonic.
 TACMH = Heaviest CP-even neutral higgs tachyonic.
 TACMA = CP-odd neutral higgs tachyonic.
 TACMHCH = Charged higgs tachyonic.
 VARUNDER = Stepsize is zero while integrating the RGEs.
 TACSUP = SUP sector tachyonic.
 TACSDN = SDOWN sector tachyonic.
 TACSLP = SLEPTON sector tachyonic.
 TACSNU = SNEUTRINO sector tachyonic.
 LEPH = Lightest higgs mass below LEP limit.
 LEPC = Lightest chargino mass < 103.5 GeV.
 LSPSTAU = Lightest stau is LSP.
 --------------------------------------------------
