 ******** Begin Program SuSeFLAV ************
           model =    GMSB
            loop =    2
         tanbeta =    1.5000E+01
         lambda  =    6.0000E+04
   Messenger scale    1.0000E+05
   number of messen   3.0000E+00
         sign mu =    1.0000E+00
            qmix =    0
   top pole mass =    1.7330E+02
 ********************************************
 
 Invalid point LEPH                                                                                                
  up-type yukawa at high energy:
     5.7533E-06    0.0000E+00    0.0000E+00
     0.0000E+00    5.7533E-03    0.0000E+00
     0.0000E+00    0.0000E+00    7.8704E-01
 
  down-type yukawa at high energy:
     3.1497E-04    0.0000E+00    0.0000E+00
     0.0000E+00    6.2995E-03    0.0000E+00
     0.0000E+00    0.0000E+00    1.6939E-01
 
  lepton-type yukawa at high energy:
     3.9844E-05    0.0000E+00    0.0000E+00
     0.0000E+00    8.3228E-03    0.0000E+00
     0.0000E+00    0.0000E+00    1.4502E-01
 
  nuetrino yukawa at high energy:
     0.0000E+00    0.0000E+00    0.0000E+00
     0.0000E+00    0.0000E+00    0.0000E+00
     0.0000E+00    0.0000E+00    0.0000E+00
 
  up-type yukawa at msusy :
     6.5827E-06    0.0000E+00    0.0000E+00
     0.0000E+00    6.5827E-03    0.0000E+00
     0.0000E+00    0.0000E+00    8.5105E-01
 
  down-type yukawa at msusy :
     3.7943E-04    0.0000E+00    0.0000E+00
     0.0000E+00    7.5885E-03    0.0000E+00
     0.0000E+00    0.0000E+00    1.9977E-01
 
  lepton-type yukawa at msusy :
     4.1606E-05    0.0000E+00    0.0000E+00
     0.0000E+00    8.6909E-03    0.0000E+00
     0.0000E+00    0.0000E+00    1.5115E-01
 
  Spectrum at msusy, q =   1.2006E+03
              alpha_1  =   3.6330E-01
              alpha_2  =   6.4394E-01
              alpha_3  =   1.0519E+00
               vev1    =   1.6805E+01
               vev2    =   2.4306E+02
           newtbeta    =   1.4463E+01
                  \mu  =   5.4246E+02
              ~gluino  =   1.4019E+03
               ~stop_1 =   1.1879E+03
               ~stop_2 =   1.2927E+03
             ~scharm_R =   1.2716E+03
             ~scharm_L =   1.3193E+03
                ~sup_R =   1.2716E+03
                ~sup_L =   1.3193E+03
           ~sbottom_1  =   1.2599E+03
           ~sbottom_2  =   1.2813E+03
           ~sstrange_R =   1.2685E+03
           ~sstrange_L =   1.3215E+03
             ~sdown_R  =   1.2685E+03
             ~sdown_L  =   1.3216E+03
               ~stau_1 =   1.8635E+02
               ~stau_2 =   3.9207E+02
               ~smu_R  =   1.9320E+02
               ~smu_L  =   3.9013E+02
              ~sel_R   =   1.9323E+02
              ~sel_L   =   3.9012E+02
              ~tausnu  =   3.8087E+02
                ~musnu =   3.8116E+02
                ~elsnu =   3.8115E+02
 
 Higgs Spectrum
                 mA0   =   5.4756E+02
            mh_charged =   5.5387E+02
                 mh0   =   1.1376E+02
                  mH   =   5.4787E+02
            \alpha_h   =  -7.4024E-02
 
 Neutralino spectrum
                  N1   =   2.5962E+02
                  N2   =   4.6631E+02
                  N3   =   5.4832E+02
                  N4   =   5.9219E+02
 
 Chargino spectrum
                  C1   =   4.5960E+02
                  C2   =   5.8443E+02
 
  Low Energy Observables 
   Fine tuning, Cmz^2mu^2   =    6.9379E+01
   Fine tuning, Cmt^2mu^2   =    3.4716E+01
        Br(B  => s,gamma)   =    0.0000E+00
       Br(mu  => e,gamma)   =    0.0000E+00 X 10^(-11)
       Br(tau => mu,gamma)  =    0.0000E+00 X 10^(-08)
       Br(tau => e,gamma)   =    0.0000E+00 X 10^(-07)
         Br(tau => e,e,e)   =    0.0000E+00 X 10^(-07)
      Br(tau => mu,mu,mu)   =    0.0000E+00 X 10^(-07)
          Br(mu => e,e,e)   =    0.0000E+00 X 10^(-12)
        Br(mu => e in Ti)   =    0.0000E+00 X 10^(-12)
            (g_mu - 2)      =    1.2739E+01 X 10^(-10)
------------------------------
flag for the point is LEPH                                                                                                
 --------------------------------------------------
 FLAGS AND THEIR MEANINGS
 AOK = Everything is fine.
 BMUNEG = B_mu is negative at Msusy.
 REWSB = |\mu|^2 < 0 at Msusy.
 MUNOC = Non-convergent |\mu| at Msusy.
 SW2NOC = Non-convergent Sin^2_thetaw at Mz.
 NPERTYUK = Non-perturbative yukawa.
 TACSPEC = Spectrum is tachyonic at Msusy.
 TACSPECMZ = Spectrum is tachyonic at Mz.
 FSNC = Final spectrum non-convergent.
 TACMh = Lightest CP-even neutral higgs tachyonic.
 TACMH = Heaviest CP-even neutral higgs tachyonic.
 TACMA = CP-odd neutral higgs tachyonic.
 TACMHCH = Charged higgs tachyonic.
 VARUNDER = Stepsize is zero while integrating the RGEs.
 TACSUP = SUP sector tachyonic.
 TACSDN = SDOWN sector tachyonic.
 TACSLP = SLEPTON sector tachyonic.
 TACSNU = SNEUTRINO sector tachyonic.
 LEPH = Lightest higgs mass below LEP limit.
 LEPC = Lightest chargino mass < 103.5 GeV.
 LSPSTAU = Lightest stau is LSP.
 --------------------------------------------------
