 ******** Begin Program SuSeFLAV ************
           model =    mSUG
            loop =    2
         tanbeta =    4.0000E+01
             m0  =    3.6000E+02
             a0  =   -5.0000E+02
             M12 =    6.0000E+02
             m10 =    3.6000E+02
             m20 =    3.6000E+02
         sign mu =    1.0000E+00
            qmix =    0
   top pole mass =    1.7330E+02
 ********************************************
 
  up-type yukawa at high energy:
     2.6114E-06    0.0000E+00    0.0000E+00
     0.0000E+00    2.6115E-03    0.0000E+00
     0.0000E+00    0.0000E+00    4.5554E-01
 
  down-type yukawa at high energy:
     3.5048E-04    0.0000E+00    0.0000E+00
     0.0000E+00    7.0106E-03    0.0000E+00
     0.0000E+00    0.0000E+00    1.9605E-01
 
  lepton-type yukawa at high energy:
     7.8278E-05    0.0000E+00    0.0000E+00
     0.0000E+00    1.6356E-02    0.0000E+00
     0.0000E+00    0.0000E+00    3.2952E-01
 
  nuetrino yukawa at high energy:
     0.0000E+00    0.0000E+00    0.0000E+00
     0.0000E+00    0.0000E+00    0.0000E+00
     0.0000E+00    0.0000E+00    0.0000E+00
 
  up-type yukawa at msusy :
     6.6083E-06    0.0000E+00    0.0000E+00
     0.0000E+00    6.6083E-03    0.0000E+00
     0.0000E+00    0.0000E+00    8.4667E-01
 
  down-type yukawa at msusy :
     1.0314E-03    0.0000E+00    0.0000E+00
     0.0000E+00    2.0629E-02    0.0000E+00
     0.0000E+00    0.0000E+00    4.8853E-01
 
  lepton-type yukawa at msusy :
     1.1243E-04    0.0000E+00    0.0000E+00
     0.0000E+00    2.3486E-02    0.0000E+00
     0.0000E+00    0.0000E+00    4.2609E-01
 
  Spectrum at msusy, q =   1.0095E+03
              alpha_1  =   3.6238E-01
              alpha_2  =   6.4285E-01
              alpha_3  =   1.0569E+00
               vev1    =   6.2222E+00
               vev2    =   2.4378E+02
           newtbeta    =   3.9179E+01
                  \mu  =   7.9853E+02
              ~gluino  =   1.3606E+03
               ~stop_1 =   9.3655E+02
               ~stop_2 =   1.1576E+03
             ~scharm_R =   1.2394E+03
             ~scharm_L =   1.2840E+03
                ~sup_R =   1.2394E+03
                ~sup_L =   1.2841E+03
           ~sbottom_1  =   1.0847E+03
           ~sbottom_2  =   1.1509E+03
           ~sstrange_R =   1.2350E+03
           ~sstrange_L =   1.2864E+03
             ~sdown_R  =   1.2352E+03
             ~sdown_L  =   1.2865E+03
               ~stau_1 =   2.5648E+02
               ~stau_2 =   5.1573E+02
               ~smu_R  =   4.2831E+02
               ~smu_L  =   5.4046E+02
              ~sel_R   =   4.2885E+02
              ~sel_L   =   5.4088E+02
              ~tausnu  =   4.8876E+02
                ~musnu =   5.3378E+02
                ~elsnu =   5.3376E+02
 
 Higgs Spectrum
                 mA0   =   6.8690E+02
            mh_charged =   6.9204E+02
                 mh0   =   1.1757E+02
                  mH   =   6.8677E+02
            \alpha_h   =  -2.6099E-02
 
 Neutralino spectrum
                  N1   =   2.5384E+02
                  N2   =   4.7197E+02
                  N3   =   8.0408E+02
                  N4   =   8.1169E+02
 
 Chargino spectrum
                  C1   =   4.6228E+02
                  C2   =   8.0848E+02
 
  Low Energy Observables 
   Fine tuning, Cmz^2mu^2   =    1.4496E+02
   Fine tuning, Cmt^2mu^2   =    7.2481E+01
        Br(B  => s,gamma)   =    0.0000E+00
       Br(mu  => e,gamma)   =    0.0000E+00 X 10^(-11)
       Br(tau => mu,gamma)  =    0.0000E+00 X 10^(-08)
       Br(tau => e,gamma)   =    0.0000E+00 X 10^(-07)
         Br(tau => e,e,e)   =    0.0000E+00 X 10^(-07)
      Br(tau => mu,mu,mu)   =    0.0000E+00 X 10^(-07)
          Br(mu => e,e,e)   =    0.0000E+00 X 10^(-12)
        Br(mu => e in Ti)   =    0.0000E+00 X 10^(-12)
            (g_mu - 2)      =    1.9907E+01 X 10^(-10)
------------------------------
flag for the point is  AOK                                                                                                
 --------------------------------------------------
 FLAGS AND THEIR MEANINGS
 AOK = Everything is fine.
 BMUNEG = B_mu is negative at Msusy.
 REWSB = |\mu|^2 < 0 at Msusy.
 MUNOC = Non-convergent |\mu| at Msusy.
 SW2NOC = Non-convergent Sin^2_thetaw at Mz.
 NPERTYUK = Non-perturbative yukawa.
 TACSPEC = Spectrum is tachyonic at Msusy.
 TACSPECMZ = Spectrum is tachyonic at Mz.
 FSNC = Final spectrum non-convergent.
 TACMh = Lightest CP-even neutral higgs tachyonic.
 TACMH = Heaviest CP-even neutral higgs tachyonic.
 TACMA = CP-odd neutral higgs tachyonic.
 TACMHCH = Charged higgs tachyonic.
 VARUNDER = Stepsize is zero while integrating the RGEs.
 TACSUP = SUP sector tachyonic.
 TACSDN = SDOWN sector tachyonic.
 TACSLP = SLEPTON sector tachyonic.
 TACSNU = SNEUTRINO sector tachyonic.
 LEPH = Lightest higgs mass below LEP limit.
 LEPC = Lightest chargino mass < 103.5 GeV.
 LSPSTAU = Lightest stau is LSP.
 --------------------------------------------------
