 ******** Begin Program SuSeFLAV ************
           model =    mSUG
            loop =    2
         tanbeta =    1.0000E+01
             m0  =    2.7500E+02
             a0  =    0.0000E+00
             M12 =    6.5000E+02
             m10 =    2.7500E+02
             m20 =    2.7500E+02
         sign mu =    1.0000E+00
            qmix =    0
   top pole mass =    1.7330E+02
 ********************************************
 
  up-type yukawa at high energy:
     2.6167E-06    0.0000E+00    0.0000E+00
     0.0000E+00    2.6168E-03    0.0000E+00
     0.0000E+00    0.0000E+00    4.4459E-01
 
  down-type yukawa at high energy:
     7.8473E-05    0.0000E+00    0.0000E+00
     0.0000E+00    1.5695E-03    0.0000E+00
     0.0000E+00    0.0000E+00    4.5323E-02
 
  lepton-type yukawa at high energy:
     1.7484E-05    0.0000E+00    0.0000E+00
     0.0000E+00    3.6521E-03    0.0000E+00
     0.0000E+00    0.0000E+00    6.3155E-02
 
  nuetrino yukawa at high energy:
     0.0000E+00    0.0000E+00    0.0000E+00
     0.0000E+00    0.0000E+00    0.0000E+00
     0.0000E+00    0.0000E+00    0.0000E+00
 
  up-type yukawa at msusy :
     6.6156E-06    0.0000E+00    0.0000E+00
     0.0000E+00    6.6156E-03    0.0000E+00
     0.0000E+00    0.0000E+00    8.4903E-01
 
  down-type yukawa at msusy :
     2.5412E-04    0.0000E+00    0.0000E+00
     0.0000E+00    5.0825E-03    0.0000E+00
     0.0000E+00    0.0000E+00    1.3320E-01
 
  lepton-type yukawa at msusy :
     2.7794E-05    0.0000E+00    0.0000E+00
     0.0000E+00    5.8058E-03    0.0000E+00
     0.0000E+00    0.0000E+00    9.9931E-02
 
  Spectrum at msusy, q =   1.1223E+03
              alpha_1  =   3.6273E-01
              alpha_2  =   6.4292E-01
              alpha_3  =   1.0524E+00
               vev1    =   2.5161E+01
               vev2    =   2.4253E+02
           newtbeta    =   9.6393E+00
                  \mu  =   7.8533E+02
              ~gluino  =   1.4620E+03
               ~stop_1 =   1.0477E+03
               ~stop_2 =   1.2817E+03
             ~scharm_R =   1.3046E+03
             ~scharm_L =   1.3546E+03
                ~sup_R =   1.3046E+03
                ~sup_L =   1.3546E+03
           ~sbottom_1  =   1.2420E+03
           ~sbottom_2  =   1.2946E+03
           ~sstrange_R =   1.2997E+03
           ~sstrange_L =   1.3568E+03
             ~sdown_R  =   1.2997E+03
             ~sdown_L  =   1.3568E+03
               ~stau_1 =   3.6628E+02
               ~stau_2 =   5.1563E+02
               ~smu_R  =   3.7319E+02
               ~smu_L  =   5.1566E+02
              ~sel_R   =   3.7322E+02
              ~sel_L   =   5.1566E+02
              ~tausnu  =   5.0722E+02
                ~musnu =   5.0880E+02
                ~elsnu =   5.0879E+02
 
 Higgs Spectrum
                 mA0   =   9.2915E+02
            mh_charged =   9.3306E+02
                 mh0   =   1.1621E+02
                  mH   =   9.2946E+02
            \alpha_h   =  -1.0569E-01
 
 Neutralino spectrum
                  N1   =   2.7383E+02
                  N2   =   5.0530E+02
                  N3   =   7.9295E+02
                  N4   =   8.0490E+02
 
 Chargino spectrum
                  C1   =   4.9558E+02
                  C2   =   7.9788E+02
 
  Low Energy Observables 
   Fine tuning, Cmz^2mu^2   =    1.4929E+02
   Fine tuning, Cmt^2mu^2   =    7.4673E+01
        Br(B  => s,gamma)   =    0.0000E+00
       Br(mu  => e,gamma)   =    0.0000E+00 X 10^(-11)
       Br(tau => mu,gamma)  =    0.0000E+00 X 10^(-08)
       Br(tau => e,gamma)   =    0.0000E+00 X 10^(-07)
         Br(tau => e,e,e)   =    0.0000E+00 X 10^(-07)
      Br(tau => mu,mu,mu)   =    0.0000E+00 X 10^(-07)
          Br(mu => e,e,e)   =    0.0000E+00 X 10^(-12)
        Br(mu => e in Ti)   =    0.0000E+00 X 10^(-12)
            (g_mu - 2)      =    5.0712E+00 X 10^(-10)
------------------------------
flag for the point is  AOK                                                                                                
 --------------------------------------------------
 FLAGS AND THEIR MEANINGS
 AOK = Everything is fine.
 BMUNEG = B_mu is negative at Msusy.
 REWSB = |\mu|^2 < 0 at Msusy.
 MUNOC = Non-convergent |\mu| at Msusy.
 SW2NOC = Non-convergent Sin^2_thetaw at Mz.
 NPERTYUK = Non-perturbative yukawa.
 TACSPEC = Spectrum is tachyonic at Msusy.
 TACSPECMZ = Spectrum is tachyonic at Mz.
 FSNC = Final spectrum non-convergent.
 TACMh = Lightest CP-even neutral higgs tachyonic.
 TACMH = Heaviest CP-even neutral higgs tachyonic.
 TACMA = CP-odd neutral higgs tachyonic.
 TACMHCH = Charged higgs tachyonic.
 VARUNDER = Stepsize is zero while integrating the RGEs.
 TACSUP = SUP sector tachyonic.
 TACSDN = SDOWN sector tachyonic.
 TACSLP = SLEPTON sector tachyonic.
 TACSNU = SNEUTRINO sector tachyonic.
 LEPH = Lightest higgs mass below LEP limit.
 LEPC = Lightest chargino mass < 103.5 GeV.
 LSPSTAU = Lightest stau is LSP.
 --------------------------------------------------
