# Spectrum Output in SUSY Les Houches Accord 2
# SuSeFLAV v1.2.0 
# D. Chowdhury, R. Garani and S. K. Vempati, hep-ph/1109.3551 
# For bug reports or any other queries please send email to suseflav@cts.iisc.ernet.in 
# Created on 18.06.2012 at 11:50 Hrs
#
BLOCK SPINFO  #  Program information
     1   SuSeFLAV     # Spectrum calculator
     2   1.2.0        # Version number
#
BLOCK MODSEL  #  MODEL NAME
     1      1   # mSUGRA
#
BLOCK MINPAR  # Input parameters
         1     5.00000000E+02   #  m0                 
         2     7.50000000E+02   #  m_1/2              
         3     1.00000000E+01   #  tanbeta(mz)        
         4     1.00000000E+00   #  sign(mu)           
         5     0.00000000E+00   #  A0                 
#
BLOCK SMINPUTS  # Standard Model inputs
         1     1.27934000E+02   # alpha_em (M_Z)^MSbar
         2     1.16637000E-05   # G_F [GeV^-2]
         3     1.17200000E-01   # alpha_S(M_Z)^MSbar
         4     9.11876000E+01   # M_Z pole mass
         5     4.25000000E+00   # mb(mb)^MSbar
         6     1.73300000E+02   # mt pole mass
         7     1.77700000E+00   # mtau pole mass
#
BLOCK EXTPAR  # Extra Input parameters
         0     1.35707667E+16   # Unification Scale
#
BLOCK MASS  # Mass Spectrum
# PDG code           mass       particle
        24     8.05130425E+01   # W+
        25     1.17113339E+02   # h
        35     1.12605107E+03   # H
        36     1.12572113E+03   # A
        37     1.12907489E+03   # H+
   1000001     1.59657231E+03   # ~d_L
   2000001     1.53288839E+03   # ~d_R
   1000002     1.59473930E+03   # ~u_L
   2000002     1.53857776E+03   # ~u_R
   1000003     1.59655943E+03   # ~s_L
   2000003     1.53287286E+03   # ~s_R
   1000004     1.59473635E+03   # ~c_L
   2000004     1.53855477E+03   # ~c_R
   1000005     1.45433631E+03   # ~b_1
   2000005     1.52580698E+03   # ~b_2
   1000006     1.22685726E+03   # ~t_1
   2000006     1.48772886E+03   # ~t_2
   1000011     7.07161339E+02   # ~e_L
   2000011     5.77475494E+02   # ~e_R
   1000012     7.02047640E+02   # ~nu_eL
   1000013     7.07139641E+02   # ~mu_L
   2000013     5.77439163E+02   # ~mu_R
   1000014     7.02058040E+02   # ~nu_muL
   1000015     5.69836509E+02   # ~tau_1
   2000015     7.05844463E+02   # ~tau_2
   1000016     6.99677912E+02   # ~nu_tauL
   1000021     1.68080795E+03   # ~g
   1000022     3.16872384E+02   # ~chi_10
   1000023     5.87014591E+02   # ~chi_20
   1000025     8.98406963E+02   # ~chi_30
   1000035     9.09492542E+02   # ~chi_40
   1000024     5.75550185E+02   # ~chi_1+
   1000037     9.01575088E+02   # ~chi_2+
#
BLOCK NMIX  # Neutralino Mixing Matrix
  1  1     9.97795304E-01   # N_11
  1  2    -9.70658622E-03   # N_12
  1  3     6.00568822E-02   # N_13
  1  4    -2.65232628E-02   # N_14
  2  1     2.22866579E-02   # N_21
  2  2     9.79967476E-01   # N_22
  2  3    -1.61158252E-01   # N_23
  2  4     1.14869793E-01   # N_24
  3  1     2.33004445E-02   # N_31
  3  2    -3.35193577E-02   # N_32
  3  3    -7.05157681E-01   # N_33
  3  4    -7.07874415E-01   # N_34
  4  1    -5.80079697E-02   # N_41
  4  2     1.96076469E-01   # N_42
  4  3     6.87876322E-01   # N_43
  4  4    -6.96430370E-01   # N_44
#
BLOCK UMIX  # Chargino Mixing Matrix U
  1  1     9.75184759E-01   # U_11
  1  2    -2.21392604E-01   # U_12
  2  1     2.21392604E-01   # U_21
  2  2     9.75184759E-01   # U_22
#
BLOCK VMIX  # Chargino Mixing Matrix V
  1  1     9.87744953E-01   # V_11
  1  2    -1.56076609E-01   # V_12
  2  1     1.56076609E-01   # V_21
  2  2     9.87744953E-01   # V_22
#
BLOCK STOPMIX  # Stop Mixing Matrix
  1  1     3.49095232E-01   # STOPMIX_11
  1  2     9.37087253E-01   # STOPMIX_12
  2  1    -9.37087253E-01   # STOPMIX_21
  2  2     3.49095232E-01   # STOPMIX_22
#
BLOCK SBOTMIX  # Sbottom Mixing Matrix
  1  1     9.85363382E-01   # SBOTMIX_11
  1  2     1.70467023E-01   # SBOTMIX_12
  2  1    -1.70467023E-01   # SBOTMIX_21
  2  2     9.85363382E-01   # SBOTMIX_22
#
BLOCK STAUMIX  # Stau Mixing Matrix
  1  1     9.72718573E-02   # STAUMIX_11
  1  2     9.95257849E-01   # STAUMIX_12
  2  1    -9.95257849E-01   # STAUMIX_21
  2  2     9.72718573E-02   # STAUMIX_22
#
BLOCK ALPHA  # Higgs mixing
          -1.05171547E-01   # Mixing angle in the neutral Higgs boson sector
#
BLOCK HMIX Q=  1.30912686E+03  # DRbar Higgs Parameters
     1     8.90510786E+02   # mu(Q)
     2     9.62116978E+00   # tanbeta(Q)
     3     2.43696194E+02   # vev(Q)
     4     1.30901653E+06   # MA^2(Q)
#
BLOCK GAUGE Q=  1.30912686E+03  # The gauge couplings
     1     3.62949789E-01   # gprime(Q) DRbar
     2     6.42041387E-01   # g(Q) DRbar
     3     1.04481033E+00   # g_3(Q) DRbar
#
BLOCK AU Q=  1.30912686E+03  # The trilinear couplings
  1  1    -1.64317921E+03   # A_u(Q) DRbar
  2  2    -1.64315297E+03   # A_c(Q) DRbar
  3  3    -1.28300608E+03   # A_t(Q) DRbar
#
BLOCK AD Q=  1.30912686E+03  # The trilinear couplings
  1  1    -1.99366097E+03   # A_d(Q) DRbar
  2  2    -1.99364086E+03   # A_s(Q) DRbar
  3  3    -1.87101687E+03   # A_b(Q) DRbar
#
BLOCK AE Q=  1.30912686E+03  # The trilinear couplings
  1  1    -4.37872773E+02   # A_e(Q) DRbar
  2  2    -4.37865010E+02   # A_mu(Q) DRbar
  3  3    -4.35574224E+02   # A_tau(Q) DRbar
#
BLOCK YU Q=  1.30912686E+03  # The top Yukawa coupling
  3  3     8.44178420E-01   # y_top(Q) DRbar
#
BLOCK YD Q=  1.30912686E+03  # The down Yukawa coupling
  3  3     1.32283400E-01   # y_b(Q) DRbar
#
BLOCK YE Q=  1.30912686E+03  # The tau Yukawa coupling
  3  3     9.97139549E-02   # y_tau(Q) DRbar
#
BLOCK MSOFT Q=  1.30912686E+03  # soft SUSY breaking masses at scale Q
         1     3.23256591E+02   # M_1
         2     5.87858366E+02   # M_2
         3     1.62218655E+03   # M_3
        21     4.49971602E+05   # M^2_Hd
        22    -7.56969162E+05   # M^2_Hu
        31     6.99867859E+02   # M_eL
        32     6.99859964E+02   # M_muL
        33     6.97527559E+02   # M_tauL
        34     5.72737919E+02   # M_eR
        35     5.72718396E+02   # M_muR
        36     5.66918335E+02   # M_tauR
        41     1.54446546E+03   # M_q1L
        42     1.54445153E+03   # M_q2L
        43     1.41348206E+03   # M_q3L
        44     1.48967323E+03   # M_uR
        45     1.48965576E+03   # M_cR
        46     1.20699996E+03   # M_tR
        47     1.48293751E+03   # M_dR
        48     1.48292582E+03   # M_sR
        49     1.47518575E+03   # M_bR
#
BLOCK SuSeFLAVLOWENERGY   #  PARAMETERS 
         1     3.26621873E-03   # Delta rho parameter
         2     3.04920019E-10   # g_mu - 2
         3     0.00000000E+00   # Br(b -> s gamma)
         4     0.00000000E+00   # Br(tau -> mu gamma)
         5     0.00000000E+00   # Br(tau -> e gamma)
         6     0.00000000E+00   # Br(mu -> e gamma)
         7     0.00000000E+00   # Br(tau -> mu mu mu)
         8     0.00000000E+00   # Br(tau -> e e e)
         9     0.00000000E+00   # Br(mu -> e e e)
#
BLOCK FINETUNE  # Fine Tuning
         1     1.91703774E+02   # delta mZ^2/mZ^2 (mu^2)
         2     9.58708050E+01   # delta mt/mt (mu^2)
