 ******** Begin Program SuSeFLAV ************
           model =    mSUG
            loop =    2
         tanbeta =    1.0000E+01
             m0  =    5.0000E+02
             a0  =    0.0000E+00
             M12 =    7.5000E+02
             m10 =    5.0000E+02
             m20 =    5.0000E+02
         sign mu =    1.0000E+00
            qmix =    0
   top pole mass =    1.7330E+02
 ********************************************
 
  up-type yukawa at high energy:
     2.6319E-06    0.0000E+00    0.0000E+00
     0.0000E+00    2.6320E-03    0.0000E+00
     0.0000E+00    0.0000E+00    4.4566E-01
 
  down-type yukawa at high energy:
     7.8977E-05    0.0000E+00    0.0000E+00
     0.0000E+00    1.5796E-03    0.0000E+00
     0.0000E+00    0.0000E+00    4.5560E-02
 
  lepton-type yukawa at high energy:
     1.7507E-05    0.0000E+00    0.0000E+00
     0.0000E+00    3.6570E-03    0.0000E+00
     0.0000E+00    0.0000E+00    6.3230E-02
 
  nuetrino yukawa at high energy:
     0.0000E+00    0.0000E+00    0.0000E+00
     0.0000E+00    0.0000E+00    0.0000E+00
     0.0000E+00    0.0000E+00    0.0000E+00
 
  up-type yukawa at msusy :
     6.5837E-06    0.0000E+00    0.0000E+00
     0.0000E+00    6.5838E-03    0.0000E+00
     0.0000E+00    0.0000E+00    8.4418E-01
 
  down-type yukawa at msusy :
     2.5246E-04    0.0000E+00    0.0000E+00
     0.0000E+00    5.0492E-03    0.0000E+00
     0.0000E+00    0.0000E+00    1.3228E-01
 
  lepton-type yukawa at msusy :
     2.7738E-05    0.0000E+00    0.0000E+00
     0.0000E+00    5.7940E-03    0.0000E+00
     0.0000E+00    0.0000E+00    9.9714E-02
 
  Spectrum at msusy, q =   1.3091E+03
              alpha_1  =   3.6295E-01
              alpha_2  =   6.4204E-01
              alpha_3  =   1.0448E+00
               vev1    =   2.5195E+01
               vev2    =   2.4240E+02
           newtbeta    =   9.6212E+00
                  \mu  =   8.9051E+02
              ~gluino  =   1.6808E+03
               ~stop_1 =   1.2269E+03
               ~stop_2 =   1.4877E+03
             ~scharm_R =   1.5386E+03
             ~scharm_L =   1.5947E+03
                ~sup_R =   1.5386E+03
                ~sup_L =   1.5947E+03
           ~sbottom_1  =   1.4543E+03
           ~sbottom_2  =   1.5258E+03
           ~sstrange_R =   1.5329E+03
           ~sstrange_L =   1.5966E+03
             ~sdown_R  =   1.5329E+03
             ~sdown_L  =   1.5966E+03
               ~stau_1 =   5.6984E+02
               ~stau_2 =   7.0584E+02
               ~smu_R  =   5.7744E+02
               ~smu_L  =   7.0714E+02
              ~sel_R   =   5.7748E+02
              ~sel_L   =   7.0716E+02
              ~tausnu  =   6.9968E+02
                ~musnu =   7.0206E+02
                ~elsnu =   7.0205E+02
 
 Higgs Spectrum
                 mA0   =   1.1257E+03
            mh_charged =   1.1291E+03
                 mh0   =   1.1711E+02
                  mH   =   1.1261E+03
            \alpha_h   =  -1.0517E-01
 
 Neutralino spectrum
                  N1   =   3.1687E+02
                  N2   =   5.8701E+02
                  N3   =   8.9841E+02
                  N4   =   9.0949E+02
 
 Chargino spectrum
                  C1   =   5.7555E+02
                  C2   =   9.0158E+02
 
  Low Energy Observables 
   Fine tuning, Cmz^2mu^2   =    1.9170E+02
   Fine tuning, Cmt^2mu^2   =    9.5871E+01
        Br(B  => s,gamma)   =    0.0000E+00
       Br(mu  => e,gamma)   =    0.0000E+00 X 10^(-11)
       Br(tau => mu,gamma)  =    0.0000E+00 X 10^(-08)
       Br(tau => e,gamma)   =    0.0000E+00 X 10^(-07)
         Br(tau => e,e,e)   =    0.0000E+00 X 10^(-07)
      Br(tau => mu,mu,mu)   =    0.0000E+00 X 10^(-07)
          Br(mu => e,e,e)   =    0.0000E+00 X 10^(-12)
        Br(mu => e in Ti)   =    0.0000E+00 X 10^(-12)
            (g_mu - 2)      =    3.0492E+00 X 10^(-10)
------------------------------
flag for the point is  AOK                                                                                                
 --------------------------------------------------
 FLAGS AND THEIR MEANINGS
 AOK = Everything is fine.
 BMUNEG = B_mu is negative at Msusy.
 REWSB = |\mu|^2 < 0 at Msusy.
 MUNOC = Non-convergent |\mu| at Msusy.
 SW2NOC = Non-convergent Sin^2_thetaw at Mz.
 NPERTYUK = Non-perturbative yukawa.
 TACSPEC = Spectrum is tachyonic at Msusy.
 TACSPECMZ = Spectrum is tachyonic at Mz.
 FSNC = Final spectrum non-convergent.
 TACMh = Lightest CP-even neutral higgs tachyonic.
 TACMH = Heaviest CP-even neutral higgs tachyonic.
 TACMA = CP-odd neutral higgs tachyonic.
 TACMHCH = Charged higgs tachyonic.
 VARUNDER = Stepsize is zero while integrating the RGEs.
 TACSUP = SUP sector tachyonic.
 TACSDN = SDOWN sector tachyonic.
 TACSLP = SLEPTON sector tachyonic.
 TACSNU = SNEUTRINO sector tachyonic.
 LEPH = Lightest higgs mass below LEP limit.
 LEPC = Lightest chargino mass < 103.5 GeV.
 LSPSTAU = Lightest stau is LSP.
 --------------------------------------------------
