# Spectrum Output in SUSY Les Houches Accord 2
# SuSeFLAV v1.2.0 
# D. Chowdhury, R. Garani and S. K. Vempati, hep-ph/1109.3551 
# For bug reports or any other queries please send email to suseflav@cts.iisc.ernet.in 
# Created on 18.06.2012 at 17:01 Hrs
#
BLOCK SPINFO  #  Program information
     1   SuSeFLAV     # Spectrum calculator
     2   1.2.0        # Version number
#
BLOCK MODSEL  #  MODEL NAME
     1      1   # mSUGRA
     3      4   # mSUGRA + RHN   
     6      3   # Lepton and quark flavor is violated
#
BLOCK MINPAR  # Input parameters
         1     1.75000000E+02   #  m0                 
         2     7.00000000E+02   #  m_1/2              
         3     1.00000000E+01   #  tanbeta(mz)        
         4     1.00000000E+00   #  sign(mu)           
         5     0.00000000E+00   #  A0                 
#
BLOCK SMINPUTS  # Standard Model inputs
         1     1.27934000E+02   # alpha_em (M_Z)^MSbar
         2     1.16639000E-05   # G_F [GeV^-2]
         3     1.17200000E-01   # alpha_S(M_Z)^MSbar
         4     9.11876000E+01   # M_Z pole mass
         5     4.23000000E+00   # mb(mb)^MSbar
         6     1.72700000E+02   # mt pole mass
         7     1.77000000E+00   # mtau pole mass
#
BLOCK EXTPAR  # Extra Input parameters
         0     1.97682880E+16   # Unification Scale
#
BLOCK MASS  # Mass Spectrum
# PDG code           mass       particle
        24     8.05095485E+01   # W+
        25     1.16435235E+02   # h
        35     9.79136838E+02   # H
        36     9.78810446E+02   # A
        37     9.82557324E+02   # H+
   1000001     1.29049183E+03   # ~d_1
   1000003     1.33317083E+03   # ~d_2
   1000005     1.33782720E+03   # ~d_3
   2000001     1.33783952E+03   # ~d_4
   2000003     1.39947428E+03   # ~d_5
   2000005     1.39948751E+03   # ~d_6
   1000002     1.08957331E+03   # ~u_1
   1000004     1.32515013E+03   # ~u_2
   1000006     1.34374200E+03   # ~u_3
   2000002     1.34410204E+03   # ~u_4
   2000004     1.39733996E+03   # ~u_5
   2000006     1.39738676E+03   # ~u_6
   1000011     3.12007210E+02   # ~l_1
   1000013     3.18856813E+02   # ~l_2
   1000015     3.18880312E+02   # ~l_3
   2000011     4.94924638E+02   # ~l_4
   2000013     4.96469064E+02   # ~l_5
   2000015     4.96470193E+02   # ~l_6
   1000012     4.87191917E+02   # ~nu_1
   1000014     4.90375557E+02   # ~nu_2
   1000016     4.90381909E+02   # ~nu_3
   1000021     1.57599127E+03   # ~g
   1000022     2.89580142E+02   # ~chi_10
   1000023     5.44321260E+02   # ~chi_20
   1000025     8.58605742E+02   # ~chi_30
   1000035     8.69437472E+02   # ~chi_40
   1000024     5.33851586E+02   # ~chi_1+
   1000037     8.62050764E+02   # ~chi_2+
#
BLOCK NMIX  # Neutralino Mixing Matrix
  1  1     9.97666897E-01   # N_11
  1  2    -1.03658854E-02   # N_12
  1  3     6.20427374E-02   # N_13
  1  4    -2.65332008E-02   # N_14
  2  1     2.32098394E-02   # N_21
  2  2     9.80197789E-01   # N_22
  2  3    -1.61409861E-01   # N_23
  2  4     1.12340793E-01   # N_24
  3  1     2.46412419E-02   # N_31
  3  2    -3.55274833E-02   # N_32
  3  3    -7.04937074E-01   # N_33
  3  4    -7.07950795E-01   # N_34
  4  1    -5.92863909E-02   # N_41
  4  2     1.94531848E-01   # N_42
  4  3     6.87867194E-01   # N_43
  4  4    -6.96764815E-01   # N_44
#
BLOCK UMIX  # Chargino Mixing Matrix U
  1  1     9.74989137E-01   # U_11
  1  2    -2.22252520E-01   # U_12
  2  1     2.22252520E-01   # U_21
  2  2     9.74989137E-01   # U_22
#
BLOCK VMIX  # Chargino Mixing Matrix V
  1  1     9.88224902E-01   # V_11
  1  2    -1.53008313E-01   # V_12
  2  1     1.53008313E-01   # V_21
  2  2     9.88224902E-01   # V_22
#
BLOCK USQMIX  # squark Mixing Matrix
  1  1     1.10996359E-03   # USQMIX_11
  1  2    -5.26653686E-03   # USQMIX_12
  1  3     3.55285163E-01   # USQMIX_13
  1  4     8.74704257E-04   # USQMIX_14
  1  5    -4.21826455E-03   # USQMIX_15
  1  6     9.34732542E-01   # USQMIX_16
  2  1     1.12595131E-02   # USQMIX_21
  2  2    -5.57113248E-02   # USQMIX_22
  2  3     9.23559656E-01   # USQMIX_23
  2  4     2.86784532E-02   # USQMIX_24
  2  5    -1.38092428E-01   # USQMIX_25
  2  6    -3.52015713E-01   # USQMIX_26
  3  1     2.97503604E-05   # USQMIX_31
  3  2    -9.98459109E-05   # USQMIX_32
  3  3     1.03612223E-03   # USQMIX_33
  3  4     9.77509497E-01   # USQMIX_34
  3  5     2.10888527E-01   # USQMIX_35
  3  6    -3.57456096E-04   # USQMIX_36
  4  1     2.18713034E-03   # USQMIX_41
  4  2     2.22241363E-03   # USQMIX_42
  4  3     1.33658496E-01   # USQMIX_43
  4  4    -2.08919254E-01   # USQMIX_44
  4  5     9.67647238E-01   # USQMIX_45
  4  6    -4.62304106E-02   # USQMIX_46
  5  1     9.82212602E-01   # USQMIX_51
  5  2     1.87753700E-01   # USQMIX_52
  5  3    -9.34002690E-04   # USQMIX_53
  5  4     5.08408182E-04   # USQMIX_54
  5  5    -2.40125320E-03   # USQMIX_55
  5  6     2.35206343E-04   # USQMIX_56
  6  1    -1.87418278E-01   # USQMIX_61
  6  2     9.80618229E-01   # USQMIX_62
  6  3     5.42538108E-02   # USQMIX_63
  6  4     2.10966004E-03   # USQMIX_64
  6  5    -9.57981340E-03   # USQMIX_65
  6  6    -1.49190698E-02   # USQMIX_66
#
BLOCK DSQMIX  # squark Mixing Matrix
  1  1     7.97027235E-03   # DSQMIX_11
  1  2    -3.83864371E-02   # DSQMIX_12
  1  3     9.76209913E-01   # DSQMIX_13
  1  4    -1.04373101E-05   # DSQMIX_14
  1  5    -2.41872347E-04   # DSQMIX_15
  1  6     2.13253614E-01   # DSQMIX_16
  2  1    -2.81490373E-03   # DSQMIX_21
  2  2     1.35643992E-02   # DSQMIX_22
  2  3    -2.12865829E-01   # DSQMIX_23
  2  4     1.79277418E-05   # DSQMIX_24
  2  5     9.89907962E-04   # DSQMIX_25
  2  6     9.76982723E-01   # DSQMIX_26
  3  1     6.10926290E-06   # DSQMIX_31
  3  2     5.89431515E-03   # DSQMIX_32
  3  3     6.86044621E-04   # DSQMIX_33
  3  4    -2.59132138E-05   # DSQMIX_34
  3  5     9.99981946E-01   # DSQMIX_35
  3  6    -9.45553890E-04   # DSQMIX_36
  4  1     2.96437791E-04   # DSQMIX_41
  4  2    -7.98684964E-07   # DSQMIX_42
  4  3     1.15232653E-05   # DSQMIX_43
  4  4     9.99999956E-01   # DSQMIX_44
  4  5     2.58944877E-05   # DSQMIX_45
  4  6    -1.50004568E-05   # DSQMIX_46
  5  1    -1.75678721E-01   # DSQMIX_51
  5  2     9.83552600E-01   # DSQMIX_52
  5  3     4.12376560E-02   # DSQMIX_53
  5  4     5.24615575E-05   # DSQMIX_54
  5  5    -5.82957993E-03   # DSQMIX_55
  5  6    -5.17098307E-03   # DSQMIX_56
  6  1     9.84411220E-01   # DSQMIX_61
  6  2     1.75875037E-01   # DSQMIX_62
  6  3    -1.15326258E-03   # DSQMIX_63
  6  4    -2.91633803E-04   # DSQMIX_64
  6  5    -1.04177570E-03   # DSQMIX_65
  6  6     1.44250146E-04   # DSQMIX_66
#
BLOCK SELMIX  # Slepton Mixing Matrix
  1  1     1.05172918E-05   # SELMIX_11
  1  2    -5.07243995E-05   # SELMIX_12
  1  3     1.03659288E-01   # SELMIX_13
  1  4     6.00795439E-08   # SELMIX_14
  1  5    -1.11136068E-05   # SELMIX_15
  1  6     9.94612864E-01   # SELMIX_16
  2  1    -3.08963421E-08   # SELMIX_21
  2  2     6.24290698E-03   # SELMIX_22
  2  3    -2.02732369E-06   # SELMIX_23
  2  4    -6.78386440E-09   # SELMIX_24
  2  5     9.99980513E-01   # SELMIX_25
  2  6     1.17032562E-05   # SELMIX_26
  3  1     2.98889603E-05   # SELMIX_31
  3  2    -6.33346643E-11   # SELMIX_32
  3  3     1.18627923E-08   # SELMIX_33
  3  4     1.00000000E+00   # SELMIX_34
  3  5     6.78606464E-09   # SELMIX_35
  3  6    -6.19572835E-08   # SELMIX_36
  4  1     9.84024132E-03   # SELMIX_41
  4  2    -4.73545903E-02   # SELMIX_42
  4  3     9.93448538E-01   # SELMIX_43
  4  4    -3.12319768E-07   # SELMIX_44
  4  5     2.98862232E-04   # SELMIX_45
  4  6    -1.03540457E-01   # SELMIX_46
  5  1     9.99950259E-01   # SELMIX_51
  5  2     2.09161972E-03   # SELMIX_52
  5  3    -9.70065703E-03   # SELMIX_53
  5  4    -2.98872963E-05   # SELMIX_54
  5  5    -1.30585232E-05   # SELMIX_55
  5  6     1.00054245E-03   # SELMIX_56
  6  1    -1.62739538E-03   # SELMIX_61
  6  2     9.98856442E-01   # SELMIX_62
  6  3     4.71237981E-02   # SELMIX_63
  6  4     4.78865778E-08   # SELMIX_64
  6  5    -6.23573700E-03   # SELMIX_65
  6  6    -4.86038874E-03   # SELMIX_66
#
BLOCK SNUMIX  # Sneutrino Mixing Matrix
  1  1     4.85609163E-03   # SNUMIX_11
  1  2    -2.34212181E-02   # SNUMIX_12
  1  3     9.99713892E-01   # SNUMIX_13
  2  1    -5.74301351E-02   # SNUMIX_21
  2  2     9.98069089E-01   # SNUMIX_22
  2  3     2.36616496E-02   # SNUMIX_23
  3  1     9.98337717E-01   # SNUMIX_31
  3  2     5.75286070E-02   # SNUMIX_32
  3  3    -3.50163123E-03   # SNUMIX_33
#
BLOCK ALPHA  # Higgs mixing
          -1.05473354E-01   # Mixing angle in the neutral Higgs boson sector
#
BLOCK HMIX Q=  1.20195104E+03  # DRbar Higgs Parameters
     1     8.50892352E+02   # mu(Q)
     2     9.63860969E+00   # tanbeta(Q)
     3     2.43818892E+02   # vev(Q)
     4     9.93075833E+05   # MA^2(Q)
#
BLOCK GAUGE Q=  1.20195104E+03  # The gauge couplings
     1     3.62957251E-01   # gprime(Q) DRbar
     2     6.42610013E-01   # g(Q) DRbar
     3     1.04880243E+00   # g_3(Q) DRbar
#
BLOCK TU Q=  1.20195104E+03  # The trilinear couplings
  1  1    -1.26688883E-01   # TURG_11
  1  2    -2.93067837E-02   # TURG_12
  1  3    -3.97143909E-04   # TURG_13
  2  1     2.93036897E+01   # TURG_21
  2  2    -1.26686864E+02   # TURG_22
  2  3    -5.37734251E+00   # TURG_23
  3  1    -1.11137936E+02   # TURG_31
  3  2     5.35228445E+02   # TURG_32
  3  3    -1.29451330E+04   # TURG_33
#
BLOCK TD Q=  1.20195104E+03  # The trilinear couplings
  1  1    -6.05492867E+00   # TDRG_11
  1  2    -1.02056677E-04   # TDRG_12
  1  3     2.38753240E-03   # TDRG_13
  2  1    -2.04113446E-03   # TDRG_21
  2  2    -1.21088577E+02   # TDRG_22
  2  3    -2.29965104E-01   # TDRG_23
  3  1     1.22702682E+00   # TDRG_31
  3  2    -5.90930668E+00   # TDRG_32
  3  3    -2.95665818E+03   # TDRG_33
#
BLOCK TE Q=  1.20195104E+03  # The trilinear couplings
  1  1    -1.44939639E-01   # TERG_11
  1  2    -2.31067896E-08   # TERG_12
  1  3    -4.08400009E-07   # TERG_13
  2  1    -4.82631697E-06   # TERG_21
  2  2    -3.02751405E+01   # TERG_22
  2  3     4.10638458E-04   # TERG_23
  3  1    -1.53360879E-03   # TERG_31
  3  2     7.38111177E-03   # TERG_32
  3  3    -5.16767720E+02   # TERG_33
#
BLOCK YU Q=  1.20195104E+03  # The top Yukawa coupling
  1  1     6.44039888E-06   # YU_11
  1  2     1.48968552E-06   # YU_12
  1  3     2.41182558E-08   # YU_13
  2  1    -1.48971566E-03   # YU_21
  2  2     6.44041987E-03   # YU_22
  2  3     2.72567759E-04   # YU_23
  3  1     7.22768068E-03   # YU_31
  3  2    -3.48078574E-02   # YU_32
  3  3     8.43790072E-01   # YU_33
#
BLOCK YD Q=  1.20195104E+03  # The down Yukawa coupling
  1  1     2.53400760E-04   # YD_11
  1  2    -1.10093361E-09   # YD_12
  1  3     2.56831365E-08   # YD_13
  2  1    -2.20186782E-08   # YD_21
  2  2     5.06812345E-03   # YD_22
  2  3    -2.47377376E-06   # YD_23
  3  1     1.31978305E-05   # YD_31
  3  2    -6.35600675E-05   # YD_32
  3  3     1.31856452E-01   # YD_33
#
BLOCK YE Q=  1.20195104E+03  # The tau Yukawa coupling
  1  1     2.77703519E-05   # YE_11
  1  2    -1.17975033E-11   # YE_12
  1  3     4.03483139E-10   # YE_13
  2  1    -2.46439381E-09   # YE_21
  2  2     5.80081939E-03   # YE_22
  2  3    -4.05872733E-07   # YE_23
  3  1     1.45732797E-06   # YE_31
  3  2    -7.01783391E-06   # YE_32
  3  3     9.96765043E-02   # YE_33
#
BLOCK MSOFT Q=  1.20195104E+03  # soft SUSY breaking masses at scale Q
         1     2.95504689E+02   # M_1
         2     5.45936065E+02   # M_2
         3     1.53262491E+03   # M_3
        21     2.14879877E+05   # M^2_Hd
        22    -6.96254426E+05   # M^2_Hu
        31     4.94404728E+02   # M_eL
        32     4.94396817E+02   # M_muL
        33     4.91242768E+02   # M_tauL
        34     3.15861187E+02   # M_eR
        35     3.15846380E+02   # M_muR
        36     3.11472426E+02   # M_tauR
        41     1.39829222E+03   # M_q1L
        42     1.39811849E+03   # M_q2L
        43     1.29136113E+03   # M_q3L
        44     1.34421791E+03   # M_uR
        45     1.34420302E+03   # M_cR
        46     1.11340022E+03   # M_tR
        47     1.33760077E+03   # M_dR
        48     1.33759064E+03   # M_sR
        49     1.33101944E+03   # M_bR
#
BLOCK MSQ2 Q=  1.20195104E+03  # M^2_Q soft SUSY breaking masses
  1  1     1.95522114E+06   # mSQRG_11
  1  2     1.03013845E+02   # mSQRG_12
  1  3    -2.38957910E+03   # mSQRG_13
  2  1     1.03013845E+02   # mSQRG_21
  2  2     1.95473530E+06   # mSQRG_22
  2  3     1.15080756E+04   # mSQRG_23
  3  1    -2.38957910E+03   # mSQRG_31
  3  2     1.15080756E+04   # mSQRG_32
  3  3     1.66761356E+06   # mSQRG_33
#
BLOCK MSU2 Q=  1.20195104E+03  # M^2_U soft SUSY breaking masses
  1  1     1.80692178E+06   # mSURG_11
  1  2    -5.84935042E-06   # mSURG_12
  1  3    -1.19615520E-02   # mSURG_13
  2  1    -5.84935042E-06   # mSURG_21
  2  2     1.80688177E+06   # mSURG_22
  2  3     4.19949204E+00   # mSURG_23
  3  1    -1.19615520E-02   # mSURG_31
  3  2     4.19949204E+00   # mSURG_32
  3  3     1.23966005E+06   # mSURG_33
#
BLOCK MSD2 Q=  1.20195104E+03  # M^2_D soft SUSY breaking masses
  1  1     1.78917582E+06   # mSDRG_11
  1  2    -9.47987536E-06   # mSDRG_12
  1  3     5.70618349E-03   # mSDRG_13
  2  1    -9.47987536E-06   # mSDRG_21
  2  2     1.78914873E+06   # mSDRG_22
  2  3    -5.49615942E-01   # mSDRG_23
  3  1     5.70618349E-03   # mSDRG_31
  3  2    -5.49615942E-01   # mSDRG_32
  3  3     1.77161275E+06   # mSDRG_33
#
BLOCK MSL2 Q=  1.20195104E+03  # M^2_L soft SUSY breaking masses
  1  1     2.44436035E+05   # mSLRG_11
  1  2     7.11764709E-01   # mSLRG_12
  1  3    -1.51306954E+01   # mSLRG_13
  2  1     7.11764709E-01   # mSLRG_21
  2  2     2.44428213E+05   # mSLRG_22
  2  3     7.28699499E+01   # mSLRG_23
  3  1    -1.51306954E+01   # mSLRG_31
  3  2     7.28699499E+01   # mSLRG_32
  3  3     2.41319457E+05   # mSLRG_33
#
BLOCK MSE2 Q=  1.20195104E+03  # M^2_E soft SUSY breaking masses
  1  1     9.97682892E+04   # mSERG_11
  1  2     6.08801266E-09   # mSERG_12
  1  3     1.01423906E-05   # mSERG_13
  2  1     6.08801266E-09   # mSERG_21
  2  2     9.97589361E+04   # mSERG_22
  2  3     1.15378509E-03   # mSERG_23
  3  1     1.01423906E-05   # mSERG_31
  3  2     1.15378509E-03   # mSERG_32
  3  3     9.70150720E+04   # mSERG_33
#
BLOCK SuSeFLAVLOWENERGY   #  PARAMETERS 
         1     3.39445591E-03   # Delta rho parameter
         2     5.11182016E-10   # g_mu - 2
         3     3.73074715E-04   # Br(b -> s gamma)
         4     1.70603080E-13   # Br(tau -> mu gamma)
         5     7.32782352E-15   # Br(tau -> e gamma)
         6     9.20566951E-17   # Br(mu -> e gamma)
         7     5.43318340E-16   # Br(tau -> mu mu mu)
         8     8.82689329E-17   # Br(tau -> e e e)
         9     6.80189421E-19   # Br(mu -> e e e)
#
BLOCK FINETUNE  # Fine Tuning
         1     1.75230800E+02   # delta mZ^2/mZ^2 (mu^2)
         2     8.76436260E+01   # delta mt/mt (mu^2)
