 ******** Begin Program SuSeFLAV ************
           model =    mSUG
            loop =    2
         tanbeta =    1.0000E+01
             m0  =    1.7500E+02
             a0  =    0.0000E+00
             M12 =    7.0000E+02
             m10 =    1.7500E+02
             m20 =    1.7500E+02
         sign mu =    1.0000E+00
            qmix =    1
   top pole mass =    1.7270E+02
             rhn =    1
            case =    CKM
             MR1 =    1.0000E+06
             MR2 =    1.0000E+09
             MR3 =    1.0000E+14
 ********************************************
 
  up-type yukawa at high energy:
     2.6034E-06    6.0209E-07    1.2056E-08
    -6.0221E-04    2.6035E-03    1.0964E-04
     3.8507E-03   -1.8545E-02    4.5019E-01
 
  down-type yukawa at high energy:
     7.8707E-05   -3.1029E-09    7.3431E-08
    -6.2058E-08    1.5744E-03   -7.0728E-06
     3.7766E-05   -1.8188E-04    4.5072E-02
 
  lepton-type yukawa at high energy:
     1.7489E-05   -1.2981E-10    3.0839E-09
    -2.7117E-08    3.6533E-03   -3.1024E-06
     1.1092E-05   -5.3420E-05    6.4256E-02
 
  nuetrino yukawa at high energy:
     3.1426E-06    7.2677E-07    1.4682E-08
    -7.2692E-04    3.1427E-03    1.3233E-04
     4.6995E-03   -2.2632E-02    5.4951E-01
 
  up-type yukawa at msusy :
     6.4404E-06    1.4897E-06    2.4118E-08
    -1.4897E-03    6.4404E-03    2.7257E-04
     7.2277E-03   -3.4808E-02    8.4379E-01
 
  down-type yukawa at msusy :
     2.5340E-04   -1.1009E-09    2.5683E-08
    -2.2019E-08    5.0681E-03   -2.4738E-06
     1.3198E-05   -6.3560E-05    1.3186E-01
 
  lepton-type yukawa at msusy :
     2.7770E-05   -1.1798E-11    4.0348E-10
    -2.4644E-09    5.8008E-03   -4.0587E-07
     1.4573E-06   -7.0178E-06    9.9677E-02
 
  Spectrum at msusy, q =   1.2020E+03
              alpha_1  =   3.6296E-01
              alpha_2  =   6.4261E-01
              alpha_3  =   1.0488E+00
               vev1    =   2.5162E+01
               vev2    =   2.4253E+02
           newtbeta    =   9.6386E+00
                  \mu  =   8.5089E+02
              ~gluino  =   1.5760E+03
               ~stop_1 =   1.1255E+03
               ~stop_2 =   1.3675E+03
             ~scharm_R =   1.3899E+03
             ~scharm_L =   1.4452E+03
                ~sup_R =   1.3900E+03
                ~sup_L =   1.4454E+03
           ~sbottom_1  =   1.3288E+03
           ~sbottom_2  =   1.3792E+03
           ~sstrange_R =   1.3845E+03
           ~sstrange_L =   1.4472E+03
             ~sdown_R  =   1.3845E+03
             ~sdown_L  =   1.4474E+03
               ~stau_1 =   3.1651E+02
               ~stau_2 =   5.0225E+02
               ~smu_R  =   3.2394E+02
               ~smu_L  =   5.0382E+02
              ~sel_R   =   3.2397E+02
              ~sel_L   =   5.0385E+02
              ~tausnu  =   4.9341E+02
                ~musnu =   4.9660E+02
                ~elsnu =   4.9658E+02
 
 Higgs Spectrum
                 mA0   =   9.7881E+02
            mh_charged =   9.8256E+02
                 mh0   =   1.1644E+02
                  mH   =   9.7914E+02
            \alpha_h   =  -1.0547E-01
 
 Neutralino spectrum
                  N1   =   2.8958E+02
                  N2   =   5.4432E+02
                  N3   =   8.5861E+02
                  N4   =   8.6944E+02
 
 Chargino spectrum
                  C1   =   5.3385E+02
                  C2   =   8.6205E+02
 
  Low Energy Observables 
   Fine tuning, Cmz^2mu^2   =    1.7523E+02
   Fine tuning, Cmt^2mu^2   =    8.7644E+01
        Br(B  => s,gamma)   =    3.7307E-04
       Br(mu  => e,gamma)   =    9.2057E-06 X 10^(-11)
       Br(tau => mu,gamma)  =    1.7060E-05 X 10^(-08)
       Br(tau => e,gamma)   =    7.3278E-08 X 10^(-07)
         Br(tau => e,e,e)   =    8.8269E-10 X 10^(-07)
      Br(tau => mu,mu,mu)   =    5.4332E-09 X 10^(-07)
          Br(mu => e,e,e)   =    6.8019E-07 X 10^(-12)
        Br(mu => e in Ti)   =    7.3062E-06 X 10^(-12)
            (g_mu - 2)      =    5.1118E+00 X 10^(-10)
------------------------------
flag for the point is  AOK                                                                                                
 --------------------------------------------------
 FLAGS AND THEIR MEANINGS
 AOK = Everything is fine.
 BMUNEG = B_mu is negative at Msusy.
 REWSB = |\mu|^2 < 0 at Msusy.
 MUNOC = Non-convergent |\mu| at Msusy.
 SW2NOC = Non-convergent Sin^2_thetaw at Mz.
 NPERTYUK = Non-perturbative yukawa.
 TACSPEC = Spectrum is tachyonic at Msusy.
 TACSPECMZ = Spectrum is tachyonic at Mz.
 FSNC = Final spectrum non-convergent.
 TACMh = Lightest CP-even neutral higgs tachyonic.
 TACMH = Heaviest CP-even neutral higgs tachyonic.
 TACMA = CP-odd neutral higgs tachyonic.
 TACMHCH = Charged higgs tachyonic.
 VARUNDER = Stepsize is zero while integrating the RGEs.
 TACSUP = SUP sector tachyonic.
 TACSDN = SDOWN sector tachyonic.
 TACSLP = SLEPTON sector tachyonic.
 TACSNU = SNEUTRINO sector tachyonic.
 LEPH = Lightest higgs mass below LEP limit.
 LEPC = Lightest chargino mass < 103.5 GeV.
 LSPSTAU = Lightest stau is LSP.
 --------------------------------------------------
