# Spectrum Output in SUSY Les Houches Accord 2
# SuSeFLAV v1.2.0 
# D. Chowdhury, R. Garani and S. K. Vempati, hep-ph/1109.3551 
# For bug reports or any other queries please send email to suseflav@cts.iisc.ernet.in 
# Created on 18.06.2012 at 11:50 Hrs
#
BLOCK SPINFO  #  Program information
     1   SuSeFLAV     # Spectrum calculator
     2   1.2.0        # Version number
#
BLOCK MODSEL  #  MODEL NAME
     1      1   # mSUGRA
#
BLOCK MINPAR  # Input parameters
         1     2.50000000E+02   #  m0                 
         2     6.00000000E+02   #  m_1/2              
         3     1.00000000E+01   #  tanbeta(mz)        
         4     1.00000000E+00   #  sign(mu)           
         5     0.00000000E+00   #  A0                 
#
BLOCK SMINPUTS  # Standard Model inputs
         1     1.27934000E+02   # alpha_em (M_Z)^MSbar
         2     1.16637000E-05   # G_F [GeV^-2]
         3     1.17200000E-01   # alpha_S(M_Z)^MSbar
         4     9.11876000E+01   # M_Z pole mass
         5     4.25000000E+00   # mb(mb)^MSbar
         6     1.73300000E+02   # mt pole mass
         7     1.77700000E+00   # mtau pole mass
#
BLOCK EXTPAR  # Extra Input parameters
         0     1.19103969E+16   # Unification Scale
#
BLOCK MASS  # Mass Spectrum
# PDG code           mass       particle
        24     8.05128432E+01   # W+
        25     1.15707404E+02   # h
        35     8.61268258E+02   # H
        36     8.60970794E+02   # A
        37     8.65133765E+02   # H+
   1000001     1.25840703E+03   # ~d_L
   2000001     1.20585356E+03   # ~d_R
   1000002     1.25603321E+03   # ~u_L
   2000002     1.21018212E+03   # ~u_R
   1000003     1.25839829E+03   # ~s_L
   2000003     1.20584020E+03   # ~s_R
   1000004     1.25603728E+03   # ~c_L
   2000004     1.21015609E+03   # ~c_R
   1000005     1.15176086E+03   # ~b_1
   2000005     1.20126472E+03   # ~b_2
   1000006     9.69013619E+02   # ~t_1
   2000006     1.19365644E+03   # ~t_2
   1000011     4.74503018E+02   # ~e_L
   2000011     3.42174173E+02   # ~e_R
   1000012     4.67154062E+02   # ~nu_eL
   1000013     4.74496012E+02   # ~mu_L
   2000013     3.42141360E+02   # ~mu_R
   1000014     4.67157119E+02   # ~nu_muL
   1000015     3.35364728E+02   # ~tau_1
   2000015     4.74746784E+02   # ~tau_2
   1000016     4.65710342E+02   # ~nu_tauL
   1000021     1.35601493E+03   # ~g
   1000022     2.52374175E+02   # ~chi_10
   1000023     4.64515520E+02   # ~chi_20
   1000025     7.38165685E+02   # ~chi_30
   1000035     7.50710737E+02   # ~chi_40
   1000024     4.55595703E+02   # ~chi_1+
   1000037     7.44096491E+02   # ~chi_2+
#
BLOCK NMIX  # Neutralino Mixing Matrix
  1  1     9.96735731E-01   # N_11
  1  2    -1.44875701E-02   # N_12
  1  3     7.29057960E-02   # N_13
  1  4    -3.15077491E-02   # N_14
  2  1     3.16928555E-02   # N_21
  2  2     9.73970431E-01   # N_22
  2  3    -1.84522787E-01   # N_23
  2  4     1.27783036E-01   # N_24
  3  1     2.85178181E-02   # N_31
  3  2    -4.14214441E-02   # N_32
  3  3    -7.04189751E-01   # N_33
  3  4    -7.08228630E-01   # N_34
  4  1    -6.85578588E-02   # N_41
  4  2     2.22386993E-01   # N_42
  4  3     6.81727864E-01   # N_43
  4  4    -6.93607213E-01   # N_44
#
BLOCK UMIX  # Chargino Mixing Matrix U
  1  1     9.66936313E-01   # U_11
  1  2    -2.55017973E-01   # U_12
  2  1     2.55017973E-01   # U_21
  2  2     9.66936313E-01   # U_22
#
BLOCK VMIX  # Chargino Mixing Matrix V
  1  1     9.84607711E-01   # V_11
  1  2    -1.74778876E-01   # V_12
  2  1     1.74778876E-01   # V_21
  2  2     9.84607711E-01   # V_22
#
BLOCK STOPMIX  # Stop Mixing Matrix
  1  1     4.19283241E-01   # STOPMIX_11
  1  2     9.07855475E-01   # STOPMIX_12
  2  1    -9.07855475E-01   # STOPMIX_21
  2  2     4.19283241E-01   # STOPMIX_22
#
BLOCK SBOTMIX  # Sbottom Mixing Matrix
  1  1     9.65533696E-01   # SBOTMIX_11
  1  2     2.60278087E-01   # SBOTMIX_12
  2  1    -2.60278087E-01   # SBOTMIX_21
  2  2     9.65533696E-01   # SBOTMIX_22
#
BLOCK STAUMIX  # Stau Mixing Matrix
  1  1     1.22624058E-01   # STAUMIX_11
  1  2     9.92453193E-01   # STAUMIX_12
  2  1    -9.92453193E-01   # STAUMIX_21
  2  2     1.22624058E-01   # STAUMIX_22
#
BLOCK ALPHA  # Higgs mixing
          -1.05962288E-01   # Mixing angle in the neutral Higgs boson sector
#
BLOCK HMIX Q=  1.04131502E+03  # DRbar Higgs Parameters
     1     7.30572999E+02   # mu(Q)
     2     9.64802035E+00   # tanbeta(Q)
     3     2.43871692E+02   # vev(Q)
     4     7.68184427E+05   # MA^2(Q)
#
BLOCK GAUGE Q=  1.04131502E+03  # The gauge couplings
     1     3.62577489E-01   # gprime(Q) DRbar
     2     6.43328573E-01   # g(Q) DRbar
     3     1.05633612E+00   # g_3(Q) DRbar
#
BLOCK AU Q=  1.04131502E+03  # The trilinear couplings
  1  1    -1.34037885E+03   # A_u(Q) DRbar
  2  2    -1.34035729E+03   # A_c(Q) DRbar
  3  3    -1.04387396E+03   # A_t(Q) DRbar
#
BLOCK AD Q=  1.04131502E+03  # The trilinear couplings
  1  1    -1.62972578E+03   # A_d(Q) DRbar
  2  2    -1.62970922E+03   # A_s(Q) DRbar
  3  3    -1.52878069E+03   # A_b(Q) DRbar
#
BLOCK AE Q=  1.04131502E+03  # The trilinear couplings
  1  1    -3.52026676E+02   # A_e(Q) DRbar
  2  2    -3.52020378E+02   # A_mu(Q) DRbar
  3  3    -3.50162979E+02   # A_tau(Q) DRbar
#
BLOCK YU Q=  1.04131502E+03  # The top Yukawa coupling
  3  3     8.51632245E-01   # y_top(Q) DRbar
#
BLOCK YD Q=  1.04131502E+03  # The down Yukawa coupling
  3  3     1.33731152E-01   # y_b(Q) DRbar
#
BLOCK YE Q=  1.04131502E+03  # The tau Yukawa coupling
  3  3     9.99931583E-02   # y_tau(Q) DRbar
#
BLOCK MSOFT Q=  1.04131502E+03  # soft SUSY breaking masses at scale Q
         1     2.58019501E+02   # M_1
         2     4.68852335E+02   # M_2
         3     1.31485363E+03   # M_3
        21     1.94418667E+05   # M^2_Hd
        22    -5.13759349E+05   # M^2_Hu
        31     4.66659210E+02   # M_eL
        32     4.66654464E+02   # M_muL
        33     4.65253803E+02   # M_tauL
        34     3.35909392E+02   # M_eR
        35     3.35895995E+02   # M_muR
        36     3.31915812E+02   # M_tauR
        41     1.21525664E+03   # M_q1L
        42     1.21524614E+03   # M_q2L
        43     1.11882679E+03   # M_q3L
        44     1.17023578E+03   # M_uR
        45     1.17022268E+03   # M_cR
        46     9.62576340E+02   # M_tR
        47     1.16472496E+03   # M_dR
        48     1.16471602E+03   # M_sR
        49     1.15881225E+03   # M_bR
#
BLOCK SuSeFLAVLOWENERGY   #  PARAMETERS 
         1     3.47613268E-03   # Delta rho parameter
         2     5.99023575E-10   # g_mu - 2
         3     0.00000000E+00   # Br(b -> s gamma)
         4     0.00000000E+00   # Br(tau -> mu gamma)
         5     0.00000000E+00   # Br(tau -> e gamma)
         6     0.00000000E+00   # Br(mu -> e gamma)
         7     0.00000000E+00   # Br(tau -> mu mu mu)
         8     0.00000000E+00   # Br(tau -> e e e)
         9     0.00000000E+00   # Br(mu -> e e e)
#
BLOCK FINETUNE  # Fine Tuning
         1     1.29284665E+02   # delta mZ^2/mZ^2 (mu^2)
         2     6.46707893E+01   # delta mt/mt (mu^2)
