 ******** Begin Program SuSeFLAV ************
           model =    mSUG
            loop =    2
         tanbeta =    1.0000E+01
             m0  =    2.5000E+02
             a0  =    0.0000E+00
             M12 =    6.0000E+02
             m10 =    2.5000E+02
             m20 =    2.5000E+02
         sign mu =    1.0000E+00
            qmix =    0
   top pole mass =    1.7330E+02
 ********************************************
 
  up-type yukawa at high energy:
     2.6097E-06    0.0000E+00    0.0000E+00
     0.0000E+00    2.6097E-03    0.0000E+00
     0.0000E+00    0.0000E+00    4.4432E-01
 
  down-type yukawa at high energy:
     7.8219E-05    0.0000E+00    0.0000E+00
     0.0000E+00    1.5644E-03    0.0000E+00
     0.0000E+00    0.0000E+00    4.5231E-02
 
  lepton-type yukawa at high energy:
     1.7474E-05    0.0000E+00    0.0000E+00
     0.0000E+00    3.6502E-03    0.0000E+00
     0.0000E+00    0.0000E+00    6.3097E-02
 
  nuetrino yukawa at high energy:
     0.0000E+00    0.0000E+00    0.0000E+00
     0.0000E+00    0.0000E+00    0.0000E+00
     0.0000E+00    0.0000E+00    0.0000E+00
 
  up-type yukawa at msusy :
     6.6314E-06    0.0000E+00    0.0000E+00
     0.0000E+00    6.6314E-03    0.0000E+00
     0.0000E+00    0.0000E+00    8.5163E-01
 
  down-type yukawa at msusy :
     2.5495E-04    0.0000E+00    0.0000E+00
     0.0000E+00    5.0990E-03    0.0000E+00
     0.0000E+00    0.0000E+00    1.3373E-01
 
  lepton-type yukawa at msusy :
     2.7823E-05    0.0000E+00    0.0000E+00
     0.0000E+00    5.8118E-03    0.0000E+00
     0.0000E+00    0.0000E+00    9.9993E-02
 
  Spectrum at msusy, q =   1.0413E+03
              alpha_1  =   3.6258E-01
              alpha_2  =   6.4333E-01
              alpha_3  =   1.0563E+00
               vev1    =   2.5143E+01
               vev2    =   2.4258E+02
           newtbeta    =   9.6480E+00
                  \mu  =   7.3057E+02
              ~gluino  =   1.3560E+03
               ~stop_1 =   9.6901E+02
               ~stop_2 =   1.1937E+03
             ~scharm_R =   1.2102E+03
             ~scharm_L =   1.2560E+03
                ~sup_R =   1.2102E+03
                ~sup_L =   1.2560E+03
           ~sbottom_1  =   1.1518E+03
           ~sbottom_2  =   1.2013E+03
           ~sstrange_R =   1.2058E+03
           ~sstrange_L =   1.2584E+03
             ~sdown_R  =   1.2059E+03
             ~sdown_L  =   1.2584E+03
               ~stau_1 =   3.3536E+02
               ~stau_2 =   4.7475E+02
               ~smu_R  =   3.4214E+02
               ~smu_L  =   4.7450E+02
              ~sel_R   =   3.4217E+02
              ~sel_L   =   4.7450E+02
              ~tausnu  =   4.6571E+02
                ~musnu =   4.6716E+02
                ~elsnu =   4.6715E+02
 
 Higgs Spectrum
                 mA0   =   8.6097E+02
            mh_charged =   8.6513E+02
                 mh0   =   1.1571E+02
                  mH   =   8.6127E+02
            \alpha_h   =  -1.0596E-01
 
 Neutralino spectrum
                  N1   =   2.5237E+02
                  N2   =   4.6452E+02
                  N3   =   7.3817E+02
                  N4   =   7.5071E+02
 
 Chargino spectrum
                  C1   =   4.5560E+02
                  C2   =   7.4410E+02
 
  Low Energy Observables 
   Fine tuning, Cmz^2mu^2   =    1.2928E+02
   Fine tuning, Cmt^2mu^2   =    6.4671E+01
        Br(B  => s,gamma)   =    0.0000E+00
       Br(mu  => e,gamma)   =    0.0000E+00 X 10^(-11)
       Br(tau => mu,gamma)  =    0.0000E+00 X 10^(-08)
       Br(tau => e,gamma)   =    0.0000E+00 X 10^(-07)
         Br(tau => e,e,e)   =    0.0000E+00 X 10^(-07)
      Br(tau => mu,mu,mu)   =    0.0000E+00 X 10^(-07)
          Br(mu => e,e,e)   =    0.0000E+00 X 10^(-12)
        Br(mu => e in Ti)   =    0.0000E+00 X 10^(-12)
            (g_mu - 2)      =    5.9902E+00 X 10^(-10)
------------------------------
flag for the point is  AOK                                                                                                
 --------------------------------------------------
 FLAGS AND THEIR MEANINGS
 AOK = Everything is fine.
 BMUNEG = B_mu is negative at Msusy.
 REWSB = |\mu|^2 < 0 at Msusy.
 MUNOC = Non-convergent |\mu| at Msusy.
 SW2NOC = Non-convergent Sin^2_thetaw at Mz.
 NPERTYUK = Non-perturbative yukawa.
 TACSPEC = Spectrum is tachyonic at Msusy.
 TACSPECMZ = Spectrum is tachyonic at Mz.
 FSNC = Final spectrum non-convergent.
 TACMh = Lightest CP-even neutral higgs tachyonic.
 TACMH = Heaviest CP-even neutral higgs tachyonic.
 TACMA = CP-odd neutral higgs tachyonic.
 TACMHCH = Charged higgs tachyonic.
 VARUNDER = Stepsize is zero while integrating the RGEs.
 TACSUP = SUP sector tachyonic.
 TACSDN = SDOWN sector tachyonic.
 TACSLP = SLEPTON sector tachyonic.
 TACSNU = SNEUTRINO sector tachyonic.
 LEPH = Lightest higgs mass below LEP limit.
 LEPC = Lightest chargino mass < 103.5 GeV.
 LSPSTAU = Lightest stau is LSP.
 --------------------------------------------------
