 ******** Begin Program SuSeFLAV ************
           model =    mSUG
            loop =    2
         tanbeta =    1.0000E+01
             m0  =    2.2500E+02
             a0  =    0.0000E+00
             M12 =    5.5000E+02
             m10 =    2.2500E+02
             m20 =    2.2500E+02
         sign mu =    1.0000E+00
            qmix =    0
   top pole mass =    1.7330E+02
 ********************************************
 
  up-type yukawa at high energy:
     2.6028E-06    0.0000E+00    0.0000E+00
     0.0000E+00    2.6029E-03    0.0000E+00
     0.0000E+00    0.0000E+00    4.4399E-01
 
  down-type yukawa at high energy:
     7.7977E-05    0.0000E+00    0.0000E+00
     0.0000E+00    1.5596E-03    0.0000E+00
     0.0000E+00    0.0000E+00    4.5119E-02
 
  lepton-type yukawa at high energy:
     1.7465E-05    0.0000E+00    0.0000E+00
     0.0000E+00    3.6482E-03    0.0000E+00
     0.0000E+00    0.0000E+00    6.3034E-02
 
  nuetrino yukawa at high energy:
     0.0000E+00    0.0000E+00    0.0000E+00
     0.0000E+00    0.0000E+00    0.0000E+00
     0.0000E+00    0.0000E+00    0.0000E+00
 
  up-type yukawa at msusy :
     6.6464E-06    0.0000E+00    0.0000E+00
     0.0000E+00    6.6464E-03    0.0000E+00
     0.0000E+00    0.0000E+00    8.5407E-01
 
  down-type yukawa at msusy :
     2.5573E-04    0.0000E+00    0.0000E+00
     0.0000E+00    5.1146E-03    0.0000E+00
     0.0000E+00    0.0000E+00    1.3416E-01
 
  lepton-type yukawa at msusy :
     2.7850E-05    0.0000E+00    0.0000E+00
     0.0000E+00    5.8175E-03    0.0000E+00
     0.0000E+00    0.0000E+00    1.0004E-01
 
  Spectrum at msusy, q =   9.7087E+02
              alpha_1  =   3.6244E-01
              alpha_2  =   6.4375E-01
              alpha_3  =   1.0600E+00
               vev1    =   2.5127E+01
               vev2    =   2.4263E+02
           newtbeta    =   9.6563E+00
                  \mu  =   6.8857E+02
              ~gluino  =   1.2637E+03
               ~stop_1 =   9.0015E+02
               ~stop_2 =   1.1178E+03
             ~scharm_R =   1.1293E+03
             ~scharm_L =   1.1713E+03
                ~sup_R =   1.1294E+03
                ~sup_L =   1.1713E+03
           ~sbottom_1  =   1.0736E+03
           ~sbottom_2  =   1.1214E+03
           ~sstrange_R =   1.1256E+03
           ~sstrange_L =   1.1738E+03
             ~sdown_R  =   1.1256E+03
             ~sdown_L  =   1.1739E+03
               ~stau_1 =   3.0512E+02
               ~stau_2 =   4.3643E+02
               ~smu_R  =   3.1196E+02
               ~smu_L  =   4.3588E+02
              ~sel_R   =   3.1199E+02
              ~sel_L   =   4.3588E+02
              ~tausnu  =   4.2663E+02
                ~musnu =   4.2798E+02
                ~elsnu =   4.2798E+02
 
 Higgs Spectrum
                 mA0   =   8.0486E+02
            mh_charged =   8.0927E+02
                 mh0   =   1.1526E+02
                  mH   =   8.0515E+02
            \alpha_h   =  -1.0624E-01
 
 Neutralino spectrum
                  N1   =   2.2458E+02
                  N2   =   4.2196E+02
                  N3   =   6.9620E+02
                  N4   =   7.0853E+02
 
 Chargino spectrum
                  C1   =   4.1389E+02
                  C2   =   7.0238E+02
 
  Low Energy Observables 
   Fine tuning, Cmz^2mu^2   =    1.1492E+02
   Fine tuning, Cmt^2mu^2   =    5.7489E+01
        Br(B  => s,gamma)   =    0.0000E+00
       Br(mu  => e,gamma)   =    0.0000E+00 X 10^(-11)
       Br(tau => mu,gamma)  =    0.0000E+00 X 10^(-08)
       Br(tau => e,gamma)   =    0.0000E+00 X 10^(-07)
         Br(tau => e,e,e)   =    0.0000E+00 X 10^(-07)
      Br(tau => mu,mu,mu)   =    0.0000E+00 X 10^(-07)
          Br(mu => e,e,e)   =    0.0000E+00 X 10^(-12)
        Br(mu => e in Ti)   =    0.0000E+00 X 10^(-12)
            (g_mu - 2)      =    7.1289E+00 X 10^(-10)
------------------------------
flag for the point is  AOK                                                                                                
 --------------------------------------------------
 FLAGS AND THEIR MEANINGS
 AOK = Everything is fine.
 BMUNEG = B_mu is negative at Msusy.
 REWSB = |\mu|^2 < 0 at Msusy.
 MUNOC = Non-convergent |\mu| at Msusy.
 SW2NOC = Non-convergent Sin^2_thetaw at Mz.
 NPERTYUK = Non-perturbative yukawa.
 TACSPEC = Spectrum is tachyonic at Msusy.
 TACSPECMZ = Spectrum is tachyonic at Mz.
 FSNC = Final spectrum non-convergent.
 TACMh = Lightest CP-even neutral higgs tachyonic.
 TACMH = Heaviest CP-even neutral higgs tachyonic.
 TACMA = CP-odd neutral higgs tachyonic.
 TACMHCH = Charged higgs tachyonic.
 VARUNDER = Stepsize is zero while integrating the RGEs.
 TACSUP = SUP sector tachyonic.
 TACSDN = SDOWN sector tachyonic.
 TACSLP = SLEPTON sector tachyonic.
 TACSNU = SNEUTRINO sector tachyonic.
 LEPH = Lightest higgs mass below LEP limit.
 LEPC = Lightest chargino mass < 103.5 GeV.
 LSPSTAU = Lightest stau is LSP.
 --------------------------------------------------
