# Spectrum Output in SUSY Les Houches Accord 2
# SuSeFLAV v1.2.0 
# D. Chowdhury, R. Garani and S. K. Vempati, hep-ph/1109.3551 
# For bug reports or any other queries please send email to suseflav@cts.iisc.ernet.in 
# Created on 18.06.2012 at 11:50 Hrs
#
BLOCK SPINFO  #  Program information
     1   SuSeFLAV     # Spectrum calculator
     2   1.2.0        # Version number
#
BLOCK MODSEL  #  MODEL NAME
     1      1   # mSUGRA
#
BLOCK MINPAR  # Input parameters
         1     3.00000000E+02   #  m0                 
         2     7.00000000E+02   #  m_1/2              
         3     1.00000000E+01   #  tanbeta(mz)        
         4     1.00000000E+00   #  sign(mu)           
         5     0.00000000E+00   #  A0                 
#
BLOCK SMINPUTS  # Standard Model inputs
         1     1.27934000E+02   # alpha_em (M_Z)^MSbar
         2     1.16637000E-05   # G_F [GeV^-2]
         3     1.17200000E-01   # alpha_S(M_Z)^MSbar
         4     9.11876000E+01   # M_Z pole mass
         5     4.25000000E+00   # mb(mb)^MSbar
         6     1.73300000E+02   # mt pole mass
         7     1.77700000E+00   # mtau pole mass
#
BLOCK EXTPAR  # Extra Input parameters
         0     1.28581044E+16   # Unification Scale
#
BLOCK MASS  # Mass Spectrum
# PDG code           mass       particle
        24     8.05131945E+01   # W+
        25     1.16660220E+02   # h
        35     9.97263150E+02   # H
        36     9.96941904E+02   # A
        37     1.00063082E+03   # H+
   1000001     1.45475216E+03   # ~d_L
   2000001     1.39316758E+03   # ~d_R
   1000002     1.45272259E+03   # ~u_L
   2000002     1.39854821E+03   # ~u_R
   1000003     1.45474130E+03   # ~s_L
   2000003     1.39315324E+03   # ~s_R
   1000004     1.45272261E+03   # ~c_L
   2000004     1.39852448E+03   # ~c_R
   1000005     1.33190816E+03   # ~b_1
   2000005     1.38744726E+03   # ~b_2
   1000006     1.12595069E+03   # ~t_1
   2000006     1.36955932E+03   # ~t_2
   1000011     5.56853597E+02   # ~e_L
   2000011     4.04315321E+02   # ~e_R
   1000012     5.50382068E+02   # ~nu_eL
   1000013     5.56842188E+02   # ~mu_L
   2000013     4.04281824E+02   # ~mu_R
   1000014     5.50387657E+02   # ~nu_muL
   1000015     3.97203066E+02   # ~tau_1
   2000015     5.56554643E+02   # ~tau_2
   1000016     5.48688059E+02   # ~nu_tauL
   1000021     1.56761516E+03   # ~g
   1000022     2.95281482E+02   # ~chi_10
   1000023     5.46064589E+02   # ~chi_20
   1000025     8.47300267E+02   # ~chi_30
   1000035     8.58713462E+02   # ~chi_40
   1000024     5.35532421E+02   # ~chi_1+
   1000037     8.51294166E+02   # ~chi_2+
#
BLOCK NMIX  # Neutralino Mixing Matrix
  1  1     9.97530846E-01   # N_11
  1  2    -1.09451658E-02   # N_12
  1  3     6.35431035E-02   # N_13
  1  4    -2.78332446E-02   # N_14
  2  1     2.46729832E-02   # N_21
  2  2     9.78550023E-01   # N_22
  2  3    -1.67145690E-01   # N_23
  2  4     1.17870327E-01   # N_24
  3  1     2.47563992E-02   # N_31
  3  2    -3.57503393E-02   # N_32
  3  3    -7.04902220E-01   # N_33
  3  4    -7.07970264E-01   # N_34
  4  1    -6.09145037E-02   # N_41
  4  2     2.02588174E-01   # N_42
  4  3     6.86394531E-01   # N_43
  4  4    -6.95780139E-01   # N_44
#
BLOCK UMIX  # Chargino Mixing Matrix U
  1  1     9.73174942E-01   # U_11
  1  2    -2.30066365E-01   # U_12
  2  1     2.30066365E-01   # U_21
  2  2     9.73174942E-01   # U_22
#
BLOCK VMIX  # Chargino Mixing Matrix V
  1  1     9.87035773E-01   # V_11
  1  2    -1.60500413E-01   # V_12
  2  1     1.60500413E-01   # V_21
  2  2     9.87035773E-01   # V_22
#
BLOCK STOPMIX  # Stop Mixing Matrix
  1  1     3.84036663E-01   # STOPMIX_11
  1  2     9.23317844E-01   # STOPMIX_12
  2  1    -9.23317844E-01   # STOPMIX_21
  2  2     3.84036663E-01   # STOPMIX_22
#
BLOCK SBOTMIX  # Sbottom Mixing Matrix
  1  1     9.72663598E-01   # SBOTMIX_11
  1  2     2.32218700E-01   # SBOTMIX_12
  2  1    -2.32218700E-01   # SBOTMIX_21
  2  2     9.72663598E-01   # SBOTMIX_22
#
BLOCK STAUMIX  # Stau Mixing Matrix
  1  1     1.04768622E-01   # STAUMIX_11
  1  2     9.94496624E-01   # STAUMIX_12
  2  1    -9.94496624E-01   # STAUMIX_21
  2  2     1.04768622E-01   # STAUMIX_22
#
BLOCK ALPHA  # Higgs mixing
          -1.05485051E-01   # Mixing angle in the neutral Higgs boson sector
#
BLOCK HMIX Q=  1.20302819E+03  # DRbar Higgs Parameters
     1     8.39603872E+02   # mu(Q)
     2     9.63120751E+00   # tanbeta(Q)
     3     2.43771920E+02   # vev(Q)
     4     1.02926714E+06   # MA^2(Q)
#
BLOCK GAUGE Q=  1.20302819E+03  # The gauge couplings
     1     3.62873232E-01   # gprime(Q) DRbar
     2     6.42551008E-01   # g(Q) DRbar
     3     1.04884701E+00   # g_3(Q) DRbar
#
BLOCK AU Q=  1.20302819E+03  # The trilinear couplings
  1  1    -1.54415010E+03   # A_u(Q) DRbar
  2  2    -1.54412537E+03   # A_c(Q) DRbar
  3  3    -1.20476026E+03   # A_t(Q) DRbar
#
BLOCK AD Q=  1.20302819E+03  # The trilinear couplings
  1  1    -1.87472973E+03   # A_d(Q) DRbar
  2  2    -1.87471077E+03   # A_s(Q) DRbar
  3  3    -1.75917415E+03   # A_b(Q) DRbar
#
BLOCK AE Q=  1.20302819E+03  # The trilinear couplings
  1  1    -4.09427435E+02   # A_e(Q) DRbar
  2  2    -4.09420154E+02   # A_mu(Q) DRbar
  3  3    -4.07269412E+02   # A_tau(Q) DRbar
#
BLOCK YU Q=  1.20302819E+03  # The top Yukawa coupling
  3  3     8.46638933E-01   # y_top(Q) DRbar
#
BLOCK YD Q=  1.20302819E+03  # The down Yukawa coupling
  3  3     1.32715421E-01   # y_b(Q) DRbar
#
BLOCK YE Q=  1.20302819E+03  # The tau Yukawa coupling
  3  3     9.98741392E-02   # y_tau(Q) DRbar
#
BLOCK MSOFT Q=  1.20302819E+03  # soft SUSY breaking masses at scale Q
         1     3.01397786E+02   # M_1
         2     5.48069995E+02   # M_2
         3     1.52088514E+03   # M_3
        21     2.69590688E+05   # M^2_Hd
        22    -6.76400284E+05   # M^2_Hu
        31     5.48299321E+02   # M_eL
        32     5.48293740E+02   # M_muL
        33     5.46643983E+02   # M_tauL
        34     3.97986563E+02   # M_eR
        35     3.97970944E+02   # M_muR
        36     3.93323672E+02   # M_tauR
        41     1.40580095E+03   # M_q1L
        42     1.40578883E+03   # M_q2L
        43     1.29430480E+03   # M_q3L
        44     1.35289197E+03   # M_uR
        45     1.35287680E+03   # M_cR
        46     1.11256531E+03   # M_tR
        47     1.34638209E+03   # M_dR
        48     1.34637180E+03   # M_sR
        49     1.33959241E+03   # M_bR
#
BLOCK SuSeFLAVLOWENERGY   #  PARAMETERS 
         1     3.33172639E-03   # Delta rho parameter
         2     4.34890278E-10   # g_mu - 2
         3     0.00000000E+00   # Br(b -> s gamma)
         4     0.00000000E+00   # Br(tau -> mu gamma)
         5     0.00000000E+00   # Br(tau -> e gamma)
         6     0.00000000E+00   # Br(mu -> e gamma)
         7     0.00000000E+00   # Br(tau -> mu mu mu)
         8     0.00000000E+00   # Br(tau -> e e e)
         9     0.00000000E+00   # Br(mu -> e e e)
#
BLOCK FINETUNE  # Fine Tuning
         1     1.70545415E+02   # delta mZ^2/mZ^2 (mu^2)
         2     8.52974713E+01   # delta mt/mt (mu^2)
