 ******** Begin Program SuSeFLAV ************
           model =    mSUG
            loop =    2
         tanbeta =    1.0000E+01
             m0  =    3.0000E+02
             a0  =    0.0000E+00
             M12 =    7.0000E+02
             m10 =    3.0000E+02
             m20 =    3.0000E+02
         sign mu =    1.0000E+00
            qmix =    0
   top pole mass =    1.7330E+02
 ********************************************
 
  up-type yukawa at high energy:
     2.6233E-06    0.0000E+00    0.0000E+00
     0.0000E+00    2.6233E-03    0.0000E+00
     0.0000E+00    0.0000E+00    4.4485E-01
 
  down-type yukawa at high energy:
     7.8707E-05    0.0000E+00    0.0000E+00
     0.0000E+00    1.5742E-03    0.0000E+00
     0.0000E+00    0.0000E+00    4.5407E-02
 
  lepton-type yukawa at high energy:
     1.7492E-05    0.0000E+00    0.0000E+00
     0.0000E+00    3.6539E-03    0.0000E+00
     0.0000E+00    0.0000E+00    6.3209E-02
 
  nuetrino yukawa at high energy:
     0.0000E+00    0.0000E+00    0.0000E+00
     0.0000E+00    0.0000E+00    0.0000E+00
     0.0000E+00    0.0000E+00    0.0000E+00
 
  up-type yukawa at msusy :
     6.6010E-06    0.0000E+00    0.0000E+00
     0.0000E+00    6.6010E-03    0.0000E+00
     0.0000E+00    0.0000E+00    8.4664E-01
 
  down-type yukawa at msusy :
     2.5337E-04    0.0000E+00    0.0000E+00
     0.0000E+00    5.0674E-03    0.0000E+00
     0.0000E+00    0.0000E+00    1.3272E-01
 
  lepton-type yukawa at msusy :
     2.7768E-05    0.0000E+00    0.0000E+00
     0.0000E+00    5.8003E-03    0.0000E+00
     0.0000E+00    0.0000E+00    9.9874E-02
 
  Spectrum at msusy, q =   1.2030E+03
              alpha_1  =   3.6287E-01
              alpha_2  =   6.4255E-01
              alpha_3  =   1.0488E+00
               vev1    =   2.5177E+01
               vev2    =   2.4248E+02
           newtbeta    =   9.6312E+00
                  \mu  =   8.3960E+02
              ~gluino  =   1.5676E+03
               ~stop_1 =   1.1260E+03
               ~stop_2 =   1.3696E+03
             ~scharm_R =   1.3985E+03
             ~scharm_L =   1.4527E+03
                ~sup_R =   1.3985E+03
                ~sup_L =   1.4527E+03
           ~sbottom_1  =   1.3319E+03
           ~sbottom_2  =   1.3874E+03
           ~sstrange_R =   1.3932E+03
           ~sstrange_L =   1.4547E+03
             ~sdown_R  =   1.3932E+03
             ~sdown_L  =   1.4548E+03
               ~stau_1 =   3.9720E+02
               ~stau_2 =   5.5655E+02
               ~smu_R  =   4.0428E+02
               ~smu_L  =   5.5684E+02
              ~sel_R   =   4.0432E+02
              ~sel_L   =   5.5685E+02
              ~tausnu  =   5.4869E+02
                ~musnu =   5.5039E+02
                ~elsnu =   5.5038E+02
 
 Higgs Spectrum
                 mA0   =   9.9694E+02
            mh_charged =   1.0006E+03
                 mh0   =   1.1666E+02
                  mH   =   9.9726E+02
            \alpha_h   =  -1.0549E-01
 
 Neutralino spectrum
                  N1   =   2.9528E+02
                  N2   =   5.4606E+02
                  N3   =   8.4730E+02
                  N4   =   8.5871E+02
 
 Chargino spectrum
                  C1   =   5.3553E+02
                  C2   =   8.5129E+02
 
  Low Energy Observables 
   Fine tuning, Cmz^2mu^2   =    1.7055E+02
   Fine tuning, Cmt^2mu^2   =    8.5297E+01
        Br(B  => s,gamma)   =    0.0000E+00
       Br(mu  => e,gamma)   =    0.0000E+00 X 10^(-11)
       Br(tau => mu,gamma)  =    0.0000E+00 X 10^(-08)
       Br(tau => e,gamma)   =    0.0000E+00 X 10^(-07)
         Br(tau => e,e,e)   =    0.0000E+00 X 10^(-07)
      Br(tau => mu,mu,mu)   =    0.0000E+00 X 10^(-07)
          Br(mu => e,e,e)   =    0.0000E+00 X 10^(-12)
        Br(mu => e in Ti)   =    0.0000E+00 X 10^(-12)
            (g_mu - 2)      =    4.3489E+00 X 10^(-10)
------------------------------
flag for the point is  AOK                                                                                                
 --------------------------------------------------
 FLAGS AND THEIR MEANINGS
 AOK = Everything is fine.
 BMUNEG = B_mu is negative at Msusy.
 REWSB = |\mu|^2 < 0 at Msusy.
 MUNOC = Non-convergent |\mu| at Msusy.
 SW2NOC = Non-convergent Sin^2_thetaw at Mz.
 NPERTYUK = Non-perturbative yukawa.
 TACSPEC = Spectrum is tachyonic at Msusy.
 TACSPECMZ = Spectrum is tachyonic at Mz.
 FSNC = Final spectrum non-convergent.
 TACMh = Lightest CP-even neutral higgs tachyonic.
 TACMH = Heaviest CP-even neutral higgs tachyonic.
 TACMA = CP-odd neutral higgs tachyonic.
 TACMHCH = Charged higgs tachyonic.
 VARUNDER = Stepsize is zero while integrating the RGEs.
 TACSUP = SUP sector tachyonic.
 TACSDN = SDOWN sector tachyonic.
 TACSLP = SLEPTON sector tachyonic.
 TACSNU = SNEUTRINO sector tachyonic.
 LEPH = Lightest higgs mass below LEP limit.
 LEPC = Lightest chargino mass < 103.5 GeV.
 LSPSTAU = Lightest stau is LSP.
 --------------------------------------------------
