 ******** Begin Program SuSeFLAV ************
           model =    mSUG
            loop =    2
         tanbeta =    1.0000E+01
             m0  =    1.5000E+02
             a0  =    0.0000E+00
             M12 =    6.0000E+02
             m10 =    1.5000E+02
             m20 =    1.5000E+02
         sign mu =    1.0000E+00
            qmix =    0
   top pole mass =    1.7330E+02
 ********************************************
 
  up-type yukawa at high energy:
     2.6084E-06    0.0000E+00    0.0000E+00
     0.0000E+00    2.6084E-03    0.0000E+00
     0.0000E+00    0.0000E+00    4.4403E-01
 
  down-type yukawa at high energy:
     7.8192E-05    0.0000E+00    0.0000E+00
     0.0000E+00    1.5639E-03    0.0000E+00
     0.0000E+00    0.0000E+00    4.5195E-02
 
  lepton-type yukawa at high energy:
     1.7470E-05    0.0000E+00    0.0000E+00
     0.0000E+00    3.6493E-03    0.0000E+00
     0.0000E+00    0.0000E+00    6.3087E-02
 
  nuetrino yukawa at high energy:
     0.0000E+00    0.0000E+00    0.0000E+00
     0.0000E+00    0.0000E+00    0.0000E+00
     0.0000E+00    0.0000E+00    0.0000E+00
 
  up-type yukawa at msusy :
     6.6332E-06    0.0000E+00    0.0000E+00
     0.0000E+00    6.6332E-03    0.0000E+00
     0.0000E+00    0.0000E+00    8.5175E-01
 
  down-type yukawa at msusy :
     2.5505E-04    0.0000E+00    0.0000E+00
     0.0000E+00    5.1010E-03    0.0000E+00
     0.0000E+00    0.0000E+00    1.3372E-01
 
  lepton-type yukawa at msusy :
     2.7826E-05    0.0000E+00    0.0000E+00
     0.0000E+00    5.8124E-03    0.0000E+00
     0.0000E+00    0.0000E+00    1.0001E-01
 
  Spectrum at msusy, q =   1.0324E+03
              alpha_1  =   3.6263E-01
              alpha_2  =   6.4342E-01
              alpha_3  =   1.0567E+00
               vev1    =   2.5142E+01
               vev2    =   2.4260E+02
           newtbeta    =   9.6492E+00
                  \mu  =   7.3130E+02
              ~gluino  =   1.3531E+03
               ~stop_1 =   9.6069E+02
               ~stop_2 =   1.1834E+03
             ~scharm_R =   1.1938E+03
             ~scharm_L =   1.2405E+03
                ~sup_R =   1.1938E+03
                ~sup_L =   1.2405E+03
           ~sbottom_1  =   1.1402E+03
           ~sbottom_2  =   1.1853E+03
           ~sstrange_R =   1.1894E+03
           ~sstrange_L =   1.2429E+03
             ~sdown_R  =   1.1895E+03
             ~sdown_L  =   1.2429E+03
               ~stau_1 =   2.7083E+02
               ~stau_2 =   4.3147E+02
               ~smu_R  =   2.7796E+02
               ~smu_L  =   4.3080E+02
              ~sel_R   =   2.7800E+02
              ~sel_L   =   4.3080E+02
              ~tausnu  =   4.2144E+02
                ~musnu =   4.2265E+02
                ~elsnu =   4.2265E+02
 
 Higgs Spectrum
                 mA0   =   8.3883E+02
            mh_charged =   8.4308E+02
                 mh0   =   1.1568E+02
                  mH   =   8.3913E+02
            \alpha_h   =  -1.0609E-01
 
 Neutralino spectrum
                  N1   =   2.5235E+02
                  N2   =   4.6449E+02
                  N3   =   7.3885E+02
                  N4   =   7.5134E+02
 
 Chargino spectrum
                  C1   =   4.5557E+02
                  C2   =   7.4477E+02
 
  Low Energy Observables 
   Fine tuning, Cmz^2mu^2   =    1.2956E+02
   Fine tuning, Cmt^2mu^2   =    6.4810E+01
        Br(B  => s,gamma)   =    0.0000E+00
       Br(mu  => e,gamma)   =    0.0000E+00 X 10^(-11)
       Br(tau => mu,gamma)  =    0.0000E+00 X 10^(-08)
       Br(tau => e,gamma)   =    0.0000E+00 X 10^(-07)
         Br(tau => e,e,e)   =    0.0000E+00 X 10^(-07)
      Br(tau => mu,mu,mu)   =    0.0000E+00 X 10^(-07)
          Br(mu => e,e,e)   =    0.0000E+00 X 10^(-12)
        Br(mu => e in Ti)   =    0.0000E+00 X 10^(-12)
            (g_mu - 2)      =    6.9899E+00 X 10^(-10)
------------------------------
flag for the point is  AOK                                                                                                
 --------------------------------------------------
 FLAGS AND THEIR MEANINGS
 AOK = Everything is fine.
 BMUNEG = B_mu is negative at Msusy.
 REWSB = |\mu|^2 < 0 at Msusy.
 MUNOC = Non-convergent |\mu| at Msusy.
 SW2NOC = Non-convergent Sin^2_thetaw at Mz.
 NPERTYUK = Non-perturbative yukawa.
 TACSPEC = Spectrum is tachyonic at Msusy.
 TACSPECMZ = Spectrum is tachyonic at Mz.
 FSNC = Final spectrum non-convergent.
 TACMh = Lightest CP-even neutral higgs tachyonic.
 TACMH = Heaviest CP-even neutral higgs tachyonic.
 TACMA = CP-odd neutral higgs tachyonic.
 TACMHCH = Charged higgs tachyonic.
 VARUNDER = Stepsize is zero while integrating the RGEs.
 TACSUP = SUP sector tachyonic.
 TACSDN = SDOWN sector tachyonic.
 TACSLP = SLEPTON sector tachyonic.
 TACSNU = SNEUTRINO sector tachyonic.
 LEPH = Lightest higgs mass below LEP limit.
 LEPC = Lightest chargino mass < 103.5 GeV.
 LSPSTAU = Lightest stau is LSP.
 --------------------------------------------------
