 ******** Begin Program SuSeFLAV ************
           model =    NUGM
            loop =    2
         tanbeta =    4.0000E+01
             m0  =    4.0000E+02
             a0  =    0.0000E+00
              M1 =    3.0000E+02
              M2 =    5.0000E+02
              M3 =    2.0000E+02
             m10 =    4.0000E+02
             m20 =    4.0000E+02
         sign mu =    1.0000E+00
            qmix =    1
   top pole mass =    1.7310E+02
             rhn =    1
            case =    CKM
             MR1 =    1.0000E+06
             MR2 =    1.0000E+09
             MR3 =    1.0000E+14
 ********************************************
 
 Invalid point LEPH                                                                                                
  up-type yukawa at high energy:
     2.5517E-06    5.9014E-07    1.2462E-08
    -5.9023E-04    2.5518E-03    1.1216E-04
     3.9696E-03   -1.9118E-02    4.7852E-01
 
  down-type yukawa at high energy:
     3.4349E-04   -1.4243E-08    3.6992E-07
    -2.8486E-07    6.8720E-03   -3.5636E-05
     1.9163E-04   -9.2302E-04    2.1701E-01
 
  lepton-type yukawa at high energy:
     7.9377E-05   -6.2426E-10    1.5658E-08
    -1.3043E-07    1.6587E-02   -1.5757E-05
     6.2471E-05   -3.0089E-04    3.3146E-01
 
  nuetrino yukawa at high energy:
     3.0954E-06    7.1588E-07    1.5343E-08
    -7.1599E-04    3.0956E-03    1.3679E-04
     4.8770E-03   -2.3489E-02    5.9058E-01
 
  up-type yukawa at msusy :
     6.6191E-06    1.5310E-06    2.4639E-08
    -1.5310E-03    6.6191E-03    2.8103E-04
     7.5258E-03   -3.6244E-02    8.8118E-01
 
  down-type yukawa at msusy :
     1.0655E-03   -3.0333E-09    7.1482E-08
    -6.0666E-08    2.1311E-02   -6.8852E-06
     3.6532E-05   -1.7594E-04    5.5354E-01
 
  lepton-type yukawa at msusy :
     1.1327E-04   -5.4104E-11    1.5438E-09
    -1.1308E-08    2.3662E-02   -1.5531E-06
     6.8046E-06   -3.2756E-05    4.1711E-01
 
  Spectrum at msusy, q =   4.5666E+02
              alpha_1  =   3.6050E-01
              alpha_2  =   6.4554E-01
              alpha_3  =   1.1045E+00
               vev1    =   6.1971E+00
               vev2    =   2.4469E+02
           newtbeta    =   3.9484E+01
                  \mu  =   1.9367E+02
              ~gluino  =   5.1452E+02
               ~stop_1 =   3.7610E+02
               ~stop_2 =   5.9248E+02
             ~scharm_R =   5.8488E+02
             ~scharm_L =   6.6087E+02
                ~sup_R =   5.8489E+02
                ~sup_L =   6.6103E+02
           ~sbottom_1  =   4.9864E+02
           ~sbottom_2  =   5.5679E+02
           ~sstrange_R =   5.8369E+02
           ~sstrange_L =   6.6559E+02
             ~sdown_R  =   5.8381E+02
             ~sdown_L  =   6.6575E+02
               ~stau_1 =   3.2707E+02
               ~stau_2 =   4.8547E+02
               ~smu_R  =   4.1794E+02
               ~smu_L  =   5.2186E+02
              ~sel_R   =   4.1821E+02
              ~sel_L   =   5.2228E+02
              ~tausnu  =   4.7667E+02
                ~musnu =   5.1555E+02
                ~elsnu =   5.1551E+02
 
 Higgs Spectrum
                 mA0   =   3.6605E+02
            mh_charged =   3.7582E+02
                 mh0   =   1.0977E+02
                  mH   =   3.6604E+02
            \alpha_h   =  -2.8281E-02
 
 Neutralino spectrum
                  N1   =   1.1224E+02
                  N2   =   1.9278E+02
                  N3   =   2.0349E+02
                  N4   =   4.2052E+02
 
 Chargino spectrum
                  C1   =   1.8305E+02
                  C2   =   4.1204E+02
 
  Low Energy Observables 
   Fine tuning, Cmz^2mu^2   =    8.6325E+00
   Fine tuning, Cmt^2mu^2   =    4.3164E+00
        Br(B  => s,gamma)   =    9.1185E-04
       Br(mu  => e,gamma)   =    5.3791E-03 X 10^(-11)
       Br(tau => mu,gamma)  =    1.3318E-02 X 10^(-08)
       Br(tau => e,gamma)   =    5.7249E-05 X 10^(-07)
         Br(tau => e,e,e)   =    6.8116E-07 X 10^(-07)
      Br(tau => mu,mu,mu)   =    4.0454E-06 X 10^(-07)
          Br(mu => e,e,e)   =    3.8936E-04 X 10^(-12)
        Br(mu => e in Ti)   =    3.5593E-03 X 10^(-12)
            (g_mu - 2)      =    4.0348E+01 X 10^(-10)
------------------------------
 --------------------------------------------------
 FLAGS AND THEIR MEANINGS
 AOK = Everything is fine.
 BMUNEG = B_mu is negative at Msusy.
 REWSB = |\mu|^2 < 0 at Msusy.
 MUNOC = Non-convergent |\mu| at Msusy.
 SW2NOC = Non-convergent Sin^2_thetaw at Mz.
 NPERTYUK = Non-perturbative yukawa.
 TACSPEC = Spectrum is tachyonic at Msusy.
 TACSPECMZ = Spectrum is tachyonic at Mz.
 FSNC = Final spectrum non-convergent.
 TACMh = Lightest CP-even neutral higgs tachyonic.
 TACMH = Heaviest CP-even neutral higgs tachyonic.
 TACMA = CP-odd neutral higgs tachyonic.
 TACMHCH = Charged higgs tachyonic.
 VARUNDER = Stepsize is zero while integrating the RGEs.
 TACSUP = SUP sector tachyonic.
 TACSDN = SDOWN sector tachyonic.
 TACSLP = SLEPTON sector tachyonic.
 TACSNU = SNEUTRINO sector tachyonic.
 LEPH = Lightest higgs mass below LEP limit.
 LEPC = Lightest chargino mass < 103.5 GeV.
 LSPSTAU = Lightest stau is LSP.
 --------------------------------------------------
