# Spectrum Output in SUSY Les Houches Accord 2
# SuSeFLAV v1.2.0 
# D. Chowdhury, R. Garani and S. K. Vempati, hep-ph/1109.3551 
# For bug reports or any other queries please send email to suseflav@cts.iisc.ernet.in 
# Created on 18.06.2012 at 11:50 Hrs
#
BLOCK SPINFO  #  Program information
     1   SuSeFLAV     # Spectrum calculator
     2   1.2.0        # Version number
#
BLOCK MODSEL  #  MODEL NAME
     1      2   # GMSB  
#
BLOCK MINPAR  # Input parameters
         1     4.50000000E+04   #  Lambda_susy        
         2     9.00000000E+04   #  Lambda_mess        
         3     1.50000000E+01   #  tanbeta(mz)        
         4     1.00000000E+00   #  sign(mu)           
         5     3.00000000E+00   #  N_mess             
         6     1.00000000E+00   #  c_grav             
#
BLOCK SMINPUTS  # Standard Model inputs
         1     1.27934000E+02   # alpha_em (M_Z)^MSbar
         2     1.16637000E-05   # G_F [GeV^-2]
         3     1.17200000E-01   # alpha_S(M_Z)^MSbar
         4     9.11876000E+01   # M_Z pole mass
         5     4.25000000E+00   # mb(mb)^MSbar
         6     1.73300000E+02   # mt pole mass
         7     1.77700000E+00   # mtau pole mass
#
#
BLOCK MASS  # Mass Spectrum
# PDG code           mass       particle
        24     8.05164655E+01   # W+
        25     1.11729472E+02   # h
        35     4.23275627E+02   # H
        36     4.23011036E+02   # A
        37     4.30971000E+02   # H+
   1000001     1.01147790E+03   # ~d_L
   2000001     9.71818710E+02   # ~d_R
   1000002     1.00844847E+03   # ~u_L
   2000002     9.73631835E+02   # ~u_R
   1000003     1.01147600E+03   # ~s_L
   2000003     9.71808610E+02   # ~s_R
   1000004     1.00844743E+03   # ~c_L
   2000004     9.73626009E+02   # ~c_R
   1000005     9.62830380E+02   # ~b_1
   2000005     9.81477110E+02   # ~b_2
   1000006     9.07786929E+02   # ~t_1
   2000006     9.96288070E+02   # ~t_2
   1000011     2.95157275E+02   # ~e_L
   2000011     1.47798540E+02   # ~e_R
   1000012     2.83654158E+02   # ~nu_eL
   1000013     2.95167489E+02   # ~mu_L
   2000013     1.47759521E+02   # ~mu_R
   1000014     2.83654787E+02   # ~nu_muL
   1000015     1.39524611E+02   # ~tau_1
   2000015     2.98098795E+02   # ~tau_2
   1000016     2.83446900E+02   # ~nu_tauL
   1000021     1.06094210E+03   # ~g
   1000022     1.88218486E+02   # ~chi_10
   1000023     3.37639628E+02   # ~chi_20
   1000025     4.29186123E+02   # ~chi_30
   1000035     4.68140757E+02   # ~chi_40
   1000024     3.32294103E+02   # ~chi_1+
   1000037     4.62010646E+02   # ~chi_2+
   1000039     9.59850000E-10   # ~gravitino
#
BLOCK NMIX  # Neutralino Mixing Matrix
  1  1     9.86961189E-01   # N_11
  1  2    -3.47364362E-02   # N_12
  1  3     1.40761332E-01   # N_13
  1  4    -6.99087875E-02   # N_14
  2  1     1.13445563E-01   # N_21
  2  2     8.32546168E-01   # N_22
  2  3    -4.19160113E-01   # N_23
  2  4     3.43950261E-01   # N_24
  3  1     4.72586060E-02   # N_31
  3  2    -6.57134490E-02   # N_32
  3  3    -6.99977479E-01   # N_33
  3  4    -7.09563172E-01   # N_34
  4  1    -1.03943924E-01   # N_41
  4  2     5.48946265E-01   # N_42
  4  3     5.60823123E-01   # N_43
  4  4    -6.11008252E-01   # N_44
#
BLOCK UMIX  # Chargino Mixing Matrix U
  1  1     8.06235609E-01   # U_11
  1  2    -5.91594576E-01   # U_12
  2  1     5.91594576E-01   # U_21
  2  2     8.06235609E-01   # U_22
#
BLOCK VMIX  # Chargino Mixing Matrix V
  1  1     8.75684860E-01   # V_11
  1  2    -4.82883035E-01   # V_12
  2  1     4.82883035E-01   # V_21
  2  2     8.75684860E-01   # V_22
#
BLOCK STOPMIX  # Stop Mixing Matrix
  1  1     3.68045486E-01   # STOPMIX_11
  1  2     9.29807787E-01   # STOPMIX_12
  2  1    -9.29807787E-01   # STOPMIX_21
  2  2     3.68045486E-01   # STOPMIX_22
#
BLOCK SBOTMIX  # Sbottom Mixing Matrix
  1  1     4.75911659E-01   # SBOTMIX_11
  1  2     8.79493088E-01   # SBOTMIX_12
  2  1    -8.79493088E-01   # SBOTMIX_21
  2  2     4.75911659E-01   # SBOTMIX_22
#
BLOCK STAUMIX  # Stau Mixing Matrix
  1  1     1.66956164E-01   # STAUMIX_11
  1  2     9.85964320E-01   # STAUMIX_12
  2  1    -9.85964320E-01   # STAUMIX_21
  2  2     1.66956164E-01   # STAUMIX_22
#
BLOCK ALPHA  # Higgs mixing
          -7.71824868E-02   # Mixing angle in the neutral Higgs boson sector
#
BLOCK HMIX Q=  9.21602325E+02  # DRbar Higgs Parameters
     1     4.22426991E+02   # mu(Q)
     2     1.45080285E+01   # tanbeta(Q)
     3     2.43810772E+02   # vev(Q)
     4     2.08284260E+05   # MA^2(Q)
#
BLOCK GAUGE Q=  9.21602325E+02  # The gauge couplings
     1     3.62738710E-01   # gprime(Q) DRbar
     2     6.45446224E-01   # g(Q) DRbar
     3     1.06619161E+00   # g_3(Q) DRbar
#
BLOCK AU Q=  9.21602325E+02  # The trilinear couplings
  1  1    -3.06924509E+02   # A_u(Q) DRbar
  2  2    -3.06923016E+02   # A_c(Q) DRbar
  3  3    -2.89525464E+02   # A_t(Q) DRbar
#
BLOCK AD Q=  9.21602325E+02  # The trilinear couplings
  1  1    -3.26335878E+02   # A_d(Q) DRbar
  2  2    -3.26334134E+02   # A_s(Q) DRbar
  3  3    -3.20021957E+02   # A_b(Q) DRbar
#
BLOCK AE Q=  9.21602325E+02  # The trilinear couplings
  1  1    -3.08522673E+01   # A_e(Q) DRbar
  2  2    -3.08520377E+01   # A_mu(Q) DRbar
  3  3    -3.07832320E+01   # A_tau(Q) DRbar
#
BLOCK YU Q=  9.21602325E+02  # The top Yukawa coupling
  3  3     8.60536444E-01   # y_top(Q) DRbar
#
BLOCK YD Q=  9.21602325E+02  # The down Yukawa coupling
  3  3     2.02390303E-01   # y_b(Q) DRbar
#
BLOCK YE Q=  9.21602325E+02  # The tau Yukawa coupling
  3  3     1.51421072E-01   # y_tau(Q) DRbar
#
BLOCK MSOFT Q=  9.21602325E+02  # soft SUSY breaking masses at scale Q
         1     1.94766761E+02   # M_1
         2     3.68630935E+02   # M_2
         3     1.01087960E+03   # M_3
        21    -8.42548599E+01   # M^2_Hd
        22    -1.66392013E+05   # M^2_Hu
        31     2.85945173E+02   # M_eL
        32     2.85944472E+02   # M_muL
        33     2.85733899E+02   # M_tauL
        34     1.35841474E+02   # M_eR
        35     1.35838465E+02   # M_muR
        36     1.34931814E+02   # M_tauR
        41     9.72398416E+02   # M_q1L
        42     9.72394496E+02   # M_q2L
        43     9.43124450E+02   # M_q3L
        44     9.37608425E+02   # M_uR
        45     9.37605009E+02   # M_cR
        46     8.79033530E+02   # M_tR
        47     9.34495457E+02   # M_dR
        48     9.34490695E+02   # M_sR
        49     9.31201615E+02   # M_bR
#
BLOCK SuSeFLAVLOWENERGY   #  PARAMETERS 
         1     4.14255078E-03   # Delta rho parameter
         2     2.29280613E-09   # g_mu - 2
         3     0.00000000E+00   # Br(b -> s gamma)
         4     0.00000000E+00   # Br(tau -> mu gamma)
         5     0.00000000E+00   # Br(tau -> e gamma)
         6     0.00000000E+00   # Br(mu -> e gamma)
         7     0.00000000E+00   # Br(tau -> mu mu mu)
         8     0.00000000E+00   # Br(tau -> e e e)
         9     0.00000000E+00   # Br(mu -> e e e)
#
BLOCK FINETUNE  # Fine Tuning
         1     4.21781865E+01   # delta mZ^2/mZ^2 (mu^2)
         2     2.11460242E+01   # delta mt/mt (mu^2)
