 ******** Begin Program SuSeFLAV ************
           model =    GMSB
            loop =    2
         tanbeta =    1.5000E+01
         lambda  =    4.5000E+04
   Messenger scale    9.0000E+04
   number of messen   3.0000E+00
         sign mu =    1.0000E+00
            qmix =    0
   top pole mass =    1.7330E+02
 ********************************************
 
 Invalid point LEPH                                                                                                
  up-type yukawa at high energy:
     5.7596E-06    0.0000E+00    0.0000E+00
     0.0000E+00    5.7596E-03    0.0000E+00
     0.0000E+00    0.0000E+00    7.9236E-01
 
  down-type yukawa at high energy:
     3.1531E-04    0.0000E+00    0.0000E+00
     0.0000E+00    6.3063E-03    0.0000E+00
     0.0000E+00    0.0000E+00    1.7005E-01
 
  lepton-type yukawa at high energy:
     3.9919E-05    0.0000E+00    0.0000E+00
     0.0000E+00    8.3385E-03    0.0000E+00
     0.0000E+00    0.0000E+00    1.4504E-01
 
  nuetrino yukawa at high energy:
     0.0000E+00    0.0000E+00    0.0000E+00
     0.0000E+00    0.0000E+00    0.0000E+00
     0.0000E+00    0.0000E+00    0.0000E+00
 
  up-type yukawa at msusy :
     6.6390E-06    0.0000E+00    0.0000E+00
     0.0000E+00    6.6390E-03    0.0000E+00
     0.0000E+00    0.0000E+00    8.6054E-01
 
  down-type yukawa at msusy :
     3.8378E-04    0.0000E+00    0.0000E+00
     0.0000E+00    7.6756E-03    0.0000E+00
     0.0000E+00    0.0000E+00    2.0239E-01
 
  lepton-type yukawa at msusy :
     4.1754E-05    0.0000E+00    0.0000E+00
     0.0000E+00    8.7218E-03    0.0000E+00
     0.0000E+00    0.0000E+00    1.5142E-01
 
  Spectrum at msusy, q =   9.2160E+02
              alpha_1  =   3.6274E-01
              alpha_2  =   6.4545E-01
              alpha_3  =   1.0662E+00
               vev1    =   1.6767E+01
               vev2    =   2.4325E+02
           newtbeta    =   1.4508E+01
                  \mu  =   4.2243E+02
              ~gluino  =   1.0609E+03
               ~stop_1 =   9.0779E+02
               ~stop_2 =   9.9629E+02
             ~scharm_R =   9.7363E+02
             ~scharm_L =   1.0084E+03
                ~sup_R =   9.7363E+02
                ~sup_L =   1.0084E+03
           ~sbottom_1  =   9.6283E+02
           ~sbottom_2  =   9.8148E+02
           ~sstrange_R =   9.7181E+02
           ~sstrange_L =   1.0115E+03
             ~sdown_R  =   9.7182E+02
             ~sdown_L  =   1.0115E+03
               ~stau_1 =   1.3952E+02
               ~stau_2 =   2.9810E+02
               ~smu_R  =   1.4776E+02
               ~smu_L  =   2.9517E+02
              ~sel_R   =   1.4780E+02
              ~sel_L   =   2.9516E+02
              ~tausnu  =   2.8345E+02
                ~musnu =   2.8365E+02
                ~elsnu =   2.8365E+02
 
 Higgs Spectrum
                 mA0   =   4.2301E+02
            mh_charged =   4.3097E+02
                 mh0   =   1.1173E+02
                  mH   =   4.2328E+02
            \alpha_h   =  -7.7182E-02
 
 Neutralino spectrum
                  N1   =   1.8822E+02
                  N2   =   3.3764E+02
                  N3   =   4.2919E+02
                  N4   =   4.6814E+02
 
 Chargino spectrum
                  C1   =   3.3229E+02
                  C2   =   4.6201E+02
 
  Low Energy Observables 
   Fine tuning, Cmz^2mu^2   =    4.2178E+01
   Fine tuning, Cmt^2mu^2   =    2.1146E+01
        Br(B  => s,gamma)   =    0.0000E+00
       Br(mu  => e,gamma)   =    0.0000E+00 X 10^(-11)
       Br(tau => mu,gamma)  =    0.0000E+00 X 10^(-08)
       Br(tau => e,gamma)   =    0.0000E+00 X 10^(-07)
         Br(tau => e,e,e)   =    0.0000E+00 X 10^(-07)
      Br(tau => mu,mu,mu)   =    0.0000E+00 X 10^(-07)
          Br(mu => e,e,e)   =    0.0000E+00 X 10^(-12)
        Br(mu => e in Ti)   =    0.0000E+00 X 10^(-12)
            (g_mu - 2)      =    2.2928E+01 X 10^(-10)
------------------------------
flag for the point is LEPH                                                                                                
 --------------------------------------------------
 FLAGS AND THEIR MEANINGS
 AOK = Everything is fine.
 BMUNEG = B_mu is negative at Msusy.
 REWSB = |\mu|^2 < 0 at Msusy.
 MUNOC = Non-convergent |\mu| at Msusy.
 SW2NOC = Non-convergent Sin^2_thetaw at Mz.
 NPERTYUK = Non-perturbative yukawa.
 TACSPEC = Spectrum is tachyonic at Msusy.
 TACSPECMZ = Spectrum is tachyonic at Mz.
 FSNC = Final spectrum non-convergent.
 TACMh = Lightest CP-even neutral higgs tachyonic.
 TACMH = Heaviest CP-even neutral higgs tachyonic.
 TACMA = CP-odd neutral higgs tachyonic.
 TACMHCH = Charged higgs tachyonic.
 VARUNDER = Stepsize is zero while integrating the RGEs.
 TACSUP = SUP sector tachyonic.
 TACSDN = SDOWN sector tachyonic.
 TACSLP = SLEPTON sector tachyonic.
 TACSNU = SNEUTRINO sector tachyonic.
 LEPH = Lightest higgs mass below LEP limit.
 LEPC = Lightest chargino mass < 103.5 GeV.
 LSPSTAU = Lightest stau is LSP.
 --------------------------------------------------
