 ******** Begin Program SuSeFLAV ************
           model =    CNUM
            loop =    2
         tanbeta =    1.5000E+01
      mQ  = 
   5.0000E+02   2.0000E+00   3.0000E+00
   2.0000E+00   5.0000E+02   6.0000E+00
   3.0000E+00   6.0000E+00   3.0000E+02
      mU  = 
   5.0000E+02   0.0000E+00   0.0000E+00
   0.0000E+00   5.0000E+02   0.0000E+00
   0.0000E+00   0.0000E+00   4.0000E+02
      mD  = 
   5.0000E+02   0.0000E+00   0.0000E+00
   0.0000E+00   5.0000E+02   0.0000E+00
   0.0000E+00   0.0000E+00   3.0000E+02
      mL  = 
   5.0000E+02   0.0000E+00   0.0000E+00
   0.0000E+00   5.0000E+02   0.0000E+00
   0.0000E+00   0.0000E+00   3.0000E+02
      mE  = 
   5.0000E+02   1.5000E+00   4.2000E+00
   1.5000E+00   5.0000E+02   6.9000E+00
   4.2000E+00   6.9000E+00   4.0000E+02
     mNu  = 
   5.0000E+02   0.0000E+00   0.0000E+00
   0.0000E+00   4.0000E+02   0.0000E+00
   0.0000E+00   0.0000E+00   4.0000E+02
             m10 =    4.0000E+02
             m20 =    4.0000E+02
             a0  =    0.0000E+00
              M1 =    3.0000E+02
              M2 =    4.0000E+02
              M3 =    8.0000E+02
         sign mu =    1.0000E+00
            qmix =    1
   top pole mass =    1.7270E+02
             rhn =    1
            case =    MNS
             MR1 =    1.0000E+06
             MR2 =    1.0000E+09
             MR3 =    1.0000E+14
 ********************************************
 
  up-type yukawa at high energy:
     2.5990E-06    6.0106E-07    1.2037E-08
    -6.0118E-04    2.5991E-03    1.0977E-04
     3.8252E-03   -1.8422E-02    4.4812E-01
 
  down-type yukawa at high energy:
     1.1925E-04   -4.6513E-09    1.1070E-07
    -9.3027E-08    2.3854E-03   -1.0663E-05
     5.5540E-05   -2.6748E-04    6.6903E-02
 
  lepton-type yukawa at high energy:
     2.6423E-05   -1.0399E-07    1.1436E-07
    -2.1723E-05    5.5558E-03   -5.0979E-05
     4.1549E-04   -8.8667E-04    9.6992E-02
 
  nuetrino yukawa at high energy:
     2.6882E-06    1.8441E-06    5.3302E-07
    -1.5610E-03    1.6489E-03    2.1714E-03
     1.6441E-01   -3.5085E-01    3.8523E-01
 
  up-type yukawa at msusy :
     6.3980E-06    1.4799E-06    2.3993E-08
    -1.4799E-03    6.3981E-03    2.7087E-04
     7.1730E-03   -3.4545E-02    8.3773E-01
 
  down-type yukawa at msusy :
     3.7765E-04   -1.7042E-09    3.9795E-08
    -3.4083E-08    7.5531E-03   -3.8331E-06
     1.9930E-05   -9.5983E-05    1.9179E-01
 
  lepton-type yukawa at msusy :
     4.1548E-05   -1.3535E-08    1.4635E-08
    -2.8275E-06    8.6834E-03   -6.5211E-06
     5.3681E-05   -1.1451E-04    1.4976E-01
 
  Spectrum at msusy, q =   1.3686E+03
              alpha_1  =   3.6316E-01
              alpha_2  =   6.4370E-01
              alpha_3  =   1.0422E+00
               vev1    =   1.6809E+01
               vev2    =   2.4303E+02
           newtbeta    =   1.4458E+01
                  \mu  =   9.6660E+02
              ~gluino  =   1.7918E+03
               ~stop_1 =   1.3246E+03
               ~stop_2 =   1.5048E+03
             ~scharm_R =   1.6284E+03
             ~scharm_L =   1.6415E+03
                ~sup_R =   1.6285E+03
                ~sup_L =   1.6417E+03
           ~sbottom_1  =   1.4620E+03
           ~sbottom_2  =   1.5664E+03
           ~sstrange_R =   1.6305E+03
           ~sstrange_L =   1.6433E+03
             ~sdown_R  =   1.6305E+03
             ~sdown_L  =   1.6435E+03
               ~stau_1 =   3.6485E+02
               ~stau_2 =   4.3629E+02
               ~smu_R  =   5.2095E+02
               ~smu_L  =   5.5775E+02
              ~sel_R   =   5.2112E+02
              ~sel_L   =   5.6036E+02
              ~tausnu  =   3.7782E+02
                ~musnu =   5.5060E+02
                ~elsnu =   5.5326E+02
 
 Higgs Spectrum
                 mA0   =   1.0450E+03
            mh_charged =   1.0484E+03
                 mh0   =   1.1752E+02
                  mH   =   1.0451E+03
            \alpha_h   =  -7.0226E-02
 
 Neutralino spectrum
                  N1   =   1.2018E+02
                  N2   =   3.0268E+02
                  N3   =   9.7508E+02
                  N4   =   9.7806E+02
 
 Chargino spectrum
                  C1   =   2.9816E+02
                  C2   =   9.7169E+02
 
  Low Energy Observables 
   Fine tuning, Cmz^2mu^2   =    2.2045E+02
   Fine tuning, Cmt^2mu^2   =    1.1023E+02
        Br(B  => s,gamma)   =    3.1089E-04
       Br(mu  => e,gamma)   =    3.3632E+01 X 10^(-11)
       Br(tau => mu,gamma)  =    7.0521E-02 X 10^(-08)
       Br(tau => e,gamma)   =    1.5425E-03 X 10^(-07)
         Br(tau => e,e,e)   =    1.8377E-05 X 10^(-07)
      Br(tau => mu,mu,mu)   =    2.1530E-05 X 10^(-07)
          Br(mu => e,e,e)   =    2.4360E+00 X 10^(-12)
        Br(mu => e in Ti)   =    2.6971E+01 X 10^(-12)
            (g_mu - 2)      =    6.9768E+00 X 10^(-10)
------------------------------
 --------------------------------------------------
 FLAGS AND THEIR MEANINGS
 AOK = Everything is fine.
 BMUNEG = B_mu is negative at Msusy.
 REWSB = |\mu|^2 < 0 at Msusy.
 MUNOC = Non-convergent |\mu| at Msusy.
 SW2NOC = Non-convergent Sin^2_thetaw at Mz.
 NPERTYUK = Non-perturbative yukawa.
 TACSPEC = Spectrum is tachyonic at Msusy.
 TACSPECMZ = Spectrum is tachyonic at Mz.
 FSNC = Final spectrum non-convergent.
 TACMh = Lightest CP-even neutral higgs tachyonic.
 TACMH = Heaviest CP-even neutral higgs tachyonic.
 TACMA = CP-odd neutral higgs tachyonic.
 TACMHCH = Charged higgs tachyonic.
 VARUNDER = Stepsize is zero while integrating the RGEs.
 TACSUP = SUP sector tachyonic.
 TACSDN = SDOWN sector tachyonic.
 TACSLP = SLEPTON sector tachyonic.
 TACSNU = SNEUTRINO sector tachyonic.
 LEPH = Lightest higgs mass below LEP limit.
 LEPC = Lightest chargino mass < 103.5 GeV.
 LSPSTAU = Lightest stau is LSP.
 --------------------------------------------------
