 ******** Begin Program SuSeFLAV ************
           model =    GMSB
            loop =    2
         tanbeta =    1.5000E+01
         lambda  =    1.0000E+05
   Messenger scale    2.0000E+05
   number of messen   1.0000E+00
         sign mu =    1.0000E+00
            qmix =    1
   top pole mass =    1.7270E+02
             rhn =    1
            case =    USD
             MR1 =    1.0000E+02
             MR2 =    1.0000E+03
             MR3 =    1.0000E+04
  Dirac Neutrino matrix at high energy:
    3.6847E-08   2.1273E-08   4.2546E-08
   -2.3880E-07   3.5072E-07   3.1447E-08
   -2.1404E-06  -1.6998E-06   2.7036E-06
 ********************************************
 
 Invalid point LEPH                                                                                                
  up-type yukawa at high energy:
     5.4714E-06    1.2655E-06    2.1543E-08
    -1.2656E-03    5.4714E-03    2.3158E-04
     6.6580E-03   -3.2064E-02    7.7839E-01
 
  down-type yukawa at high energy:
     3.0478E-04   -3.7790E-09    8.8891E-08
    -7.5581E-08    6.0960E-03   -8.5619E-06
     4.5893E-05   -2.2102E-04    1.6343E-01
 
  lepton-type yukawa at high energy:
     3.9581E-05    4.2115E-16   -6.8695E-16
     8.7973E-14    8.2680E-03   -1.1354E-13
    -2.4719E-12   -1.9560E-12    1.4256E-01
 
  nuetrino yukawa at high energy:
     4.6789E-07    2.7013E-07    5.4048E-07
    -3.0323E-06    4.4535E-06    3.9948E-07
    -2.7180E-05   -2.1585E-05    3.4344E-05
 
  up-type yukawa at msusy :
     6.4415E-06    1.4899E-06    2.4119E-08
    -1.4900E-03    6.4416E-03    2.7272E-04
     7.3372E-03   -3.5335E-02    8.5688E-01
 
  down-type yukawa at msusy :
     3.8155E-04   -1.6228E-09    3.7931E-08
    -3.2455E-08    7.6312E-03   -3.6535E-06
     1.9580E-05   -9.4298E-05    1.9953E-01
 
  lepton-type yukawa at msusy :
     4.1702E-05    1.6871E-17   -1.4762E-17
     3.5242E-15    8.7109E-03   -2.7588E-15
    -5.3237E-14   -4.7617E-14    1.4987E-01
 
  Spectrum at msusy, q =   1.0253E+03
              alpha_1  =   3.6294E-01
              alpha_2  =   6.4570E-01
              alpha_3  =   1.0674E+00
               vev1    =   1.6777E+01
               vev2    =   2.4304E+02
           newtbeta    =   1.4487E+01
                  \mu  =   5.2457E+02
              ~gluino  =   8.4173E+02
               ~stop_1 =   9.9310E+02
               ~stop_2 =   1.0964E+03
             ~scharm_R =   1.0775E+03
             ~scharm_L =   1.1253E+03
                ~sup_R =   1.0775E+03
                ~sup_L =   1.1253E+03
           ~sbottom_1  =   1.0646E+03
           ~sbottom_2  =   1.0867E+03
           ~sstrange_R =   1.0741E+03
           ~sstrange_L =   1.1279E+03
             ~sdown_R  =   1.0742E+03
             ~sdown_L  =   1.1280E+03
               ~stau_1 =   1.7519E+02
               ~stau_2 =   3.6177E+02
               ~smu_R  =   1.8272E+02
               ~smu_L  =   3.5942E+02
              ~sel_R   =   1.8276E+02
              ~sel_L   =   3.5941E+02
              ~tausnu  =   3.4956E+02
                ~musnu =   3.4987E+02
                ~elsnu =   3.4987E+02
 
 Higgs Spectrum
                 mA0   =   5.1908E+02
            mh_charged =   5.2574E+02
                 mh0   =   1.1236E+02
                  mH   =   5.1936E+02
            \alpha_h   =  -7.4399E-02
 
 Neutralino spectrum
                  N1   =   1.4040E+02
                  N2   =   2.6569E+02
                  N3   =   5.3194E+02
                  N4   =   5.4355E+02
 
 Chargino spectrum
                  C1   =   2.6167E+02
                  C2   =   5.3959E+02
 
  Low Energy Observables 
   Fine tuning, Cmz^2mu^2   =    6.4970E+01
   Fine tuning, Cmt^2mu^2   =    3.2450E+01
        Br(B  => s,gamma)   =    4.3875E-04
       Br(mu  => e,gamma)   =    5.1433E-16 X 10^(-11)
       Br(tau => mu,gamma)  =    1.3840E-17 X 10^(-08)
       Br(tau => e,gamma)   =    2.1209E-20 X 10^(-07)
         Br(tau => e,e,e)   =    2.5242E-22 X 10^(-07)
      Br(tau => mu,mu,mu)   =    4.6803E-21 X 10^(-07)
          Br(mu => e,e,e)   =    3.6947E-17 X 10^(-12)
        Br(mu => e in Ti)   =    3.6413E-16 X 10^(-12)
            (g_mu - 2)      =    1.9809E+01 X 10^(-10)
------------------------------
flag for the point is LEPH                                                                                                
 --------------------------------------------------
 FLAGS AND THEIR MEANINGS
 AOK = Everything is fine.
 BMUNEG = B_mu is negative at Msusy.
 REWSB = |\mu|^2 < 0 at Msusy.
 MUNOC = Non-convergent |\mu| at Msusy.
 SW2NOC = Non-convergent Sin^2_thetaw at Mz.
 NPERTYUK = Non-perturbative yukawa.
 TACSPEC = Spectrum is tachyonic at Msusy.
 TACSPECMZ = Spectrum is tachyonic at Mz.
 FSNC = Final spectrum non-convergent.
 TACMh = Lightest CP-even neutral higgs tachyonic.
 TACMH = Heaviest CP-even neutral higgs tachyonic.
 TACMA = CP-odd neutral higgs tachyonic.
 TACMHCH = Charged higgs tachyonic.
 VARUNDER = Stepsize is zero while integrating the RGEs.
 TACSUP = SUP sector tachyonic.
 TACSDN = SDOWN sector tachyonic.
 TACSLP = SLEPTON sector tachyonic.
 TACSNU = SNEUTRINO sector tachyonic.
 LEPH = Lightest higgs mass below LEP limit.
 LEPC = Lightest chargino mass < 103.5 GeV.
 LSPSTAU = Lightest stau is LSP.
 --------------------------------------------------
