 ******** Begin Program SuSeFLAV ************
           model =    GMSB
            loop =    2
         tanbeta =    1.5000E+01
         lambda  =    3.5000E+04
   Messenger scale    7.0000E+04
   number of messen   3.0000E+00
         sign mu =    1.0000E+00
            qmix =    0
   top pole mass =    1.7330E+02
 ********************************************
 
 Invalid point LEPH                                                                                                
  up-type yukawa at high energy:
     5.7935E-06    0.0000E+00    0.0000E+00
     0.0000E+00    5.7936E-03    0.0000E+00
     0.0000E+00    0.0000E+00    7.9965E-01
 
  down-type yukawa at high energy:
     3.1772E-04    0.0000E+00    0.0000E+00
     0.0000E+00    6.3544E-03    0.0000E+00
     0.0000E+00    0.0000E+00    1.7187E-01
 
  lepton-type yukawa at high energy:
     4.0049E-05    0.0000E+00    0.0000E+00
     0.0000E+00    8.3657E-03    0.0000E+00
     0.0000E+00    0.0000E+00    1.4532E-01
 
  nuetrino yukawa at high energy:
     0.0000E+00    0.0000E+00    0.0000E+00
     0.0000E+00    0.0000E+00    0.0000E+00
     0.0000E+00    0.0000E+00    0.0000E+00
 
  up-type yukawa at msusy :
     6.6887E-06    0.0000E+00    0.0000E+00
     0.0000E+00    6.6888E-03    0.0000E+00
     0.0000E+00    0.0000E+00    8.6917E-01
 
  down-type yukawa at msusy :
     3.8763E-04    0.0000E+00    0.0000E+00
     0.0000E+00    7.7527E-03    0.0000E+00
     0.0000E+00    0.0000E+00    2.0498E-01
 
  lepton-type yukawa at msusy :
     4.1880E-05    0.0000E+00    0.0000E+00
     0.0000E+00    8.7482E-03    0.0000E+00
     0.0000E+00    0.0000E+00    1.5167E-01
 
  Spectrum at msusy, q =   7.3695E+02
              alpha_1  =   3.6227E-01
              alpha_2  =   6.4677E-01
              alpha_3  =   1.0786E+00
               vev1    =   1.6734E+01
               vev2    =   2.4343E+02
           newtbeta    =   1.4547E+01
                  \mu  =   3.3545E+02
              ~gluino  =   8.4588E+02
               ~stop_1 =   7.2394E+02
               ~stop_2 =   8.0180E+02
             ~scharm_R =   7.7545E+02
             ~scharm_L =   8.0161E+02
                ~sup_R =   7.7545E+02
                ~sup_L =   8.0161E+02
           ~sbottom_1  =   7.6548E+02
           ~sbottom_2  =   7.8309E+02
           ~sstrange_R =   7.7459E+02
           ~sstrange_L =   8.0546E+02
             ~sdown_R  =   7.7460E+02
             ~sdown_L  =   8.0546E+02
               ~stau_1 =   1.0817E+02
               ~stau_2 =   2.3591E+02
               ~smu_R  =   1.1792E+02
               ~smu_L  =   2.3200E+02
              ~sel_R   =   1.1796E+02
              ~sel_L   =   2.3198E+02
              ~tausnu  =   2.1732E+02
                ~musnu =   2.1747E+02
                ~elsnu =   2.1747E+02
 
 Higgs Spectrum
                 mA0   =   3.3276E+02
            mh_charged =   3.4271E+02
                 mh0   =   1.0985E+02
                  mH   =   3.3304E+02
            \alpha_h   =  -8.2413E-02
 
 Neutralino spectrum
                  N1   =   1.4431E+02
                  N2   =   2.5537E+02
                  N3   =   3.4333E+02
                  N4   =   3.8352E+02
 
 Chargino spectrum
                  C1   =   2.5078E+02
                  C2   =   3.7826E+02
 
  Low Energy Observables 
   Fine tuning, Cmz^2mu^2   =    2.6653E+01
   Fine tuning, Cmt^2mu^2   =    1.3709E+01
        Br(B  => s,gamma)   =    0.0000E+00
       Br(mu  => e,gamma)   =    0.0000E+00 X 10^(-11)
       Br(tau => mu,gamma)  =    0.0000E+00 X 10^(-08)
       Br(tau => e,gamma)   =    0.0000E+00 X 10^(-07)
         Br(tau => e,e,e)   =    0.0000E+00 X 10^(-07)
      Br(tau => mu,mu,mu)   =    0.0000E+00 X 10^(-07)
          Br(mu => e,e,e)   =    0.0000E+00 X 10^(-12)
        Br(mu => e in Ti)   =    0.0000E+00 X 10^(-12)
            (g_mu - 2)      =    3.7801E+01 X 10^(-10)
------------------------------
flag for the point is LEPH                                                                                                
 --------------------------------------------------
 FLAGS AND THEIR MEANINGS
 AOK = Everything is fine.
 BMUNEG = B_mu is negative at Msusy.
 REWSB = |\mu|^2 < 0 at Msusy.
 MUNOC = Non-convergent |\mu| at Msusy.
 SW2NOC = Non-convergent Sin^2_thetaw at Mz.
 NPERTYUK = Non-perturbative yukawa.
 TACSPEC = Spectrum is tachyonic at Msusy.
 TACSPECMZ = Spectrum is tachyonic at Mz.
 FSNC = Final spectrum non-convergent.
 TACMh = Lightest CP-even neutral higgs tachyonic.
 TACMH = Heaviest CP-even neutral higgs tachyonic.
 TACMA = CP-odd neutral higgs tachyonic.
 TACMHCH = Charged higgs tachyonic.
 VARUNDER = Stepsize is zero while integrating the RGEs.
 TACSUP = SUP sector tachyonic.
 TACSDN = SDOWN sector tachyonic.
 TACSLP = SLEPTON sector tachyonic.
 TACSNU = SNEUTRINO sector tachyonic.
 LEPH = Lightest higgs mass below LEP limit.
 LEPC = Lightest chargino mass < 103.5 GeV.
 LSPSTAU = Lightest stau is LSP.
 --------------------------------------------------
