# Spectrum Output in SUSY Les Houches Accord 2
# SuSeFLAV v1.2.0 
# D. Chowdhury, R. Garani and S. K. Vempati, hep-ph/1109.3551 
# For bug reports or any other queries please send email to suseflav@cts.iisc.ernet.in 
# Created on 18.06.2012 at 11:51 Hrs
#
BLOCK SPINFO  #  Program information
     1   SuSeFLAV     # Spectrum calculator
     2   1.2.0        # Version number
#
BLOCK MODSEL  #  MODEL NAME
     1      2   # GMSB  
#
BLOCK MINPAR  # Input parameters
         1     1.17000000E+05   #  Lambda_susy        
         2     1.30000000E+05   #  Lambda_mess        
         3     1.50000000E+01   #  tanbeta(mz)        
         4     1.00000000E+00   #  sign(mu)           
         5     1.00000000E+00   #  N_mess             
         6     1.00000000E+00   #  c_grav             
#
BLOCK SMINPUTS  # Standard Model inputs
         1     1.27934000E+02   # alpha_em (M_Z)^MSbar
         2     1.16637000E-05   # G_F [GeV^-2]
         3     1.17200000E-01   # alpha_S(M_Z)^MSbar
         4     9.11876000E+01   # M_Z pole mass
         5     4.25000000E+00   # mb(mb)^MSbar
         6     1.73300000E+02   # mt pole mass
         7     1.77700000E+00   # mtau pole mass
#
#
BLOCK MASS  # Mass Spectrum
# PDG code           mass       particle
        24     8.05136476E+01   # W+
        25     1.13819304E+02   # h
        35     5.78481618E+02   # H
        36     5.78175012E+02   # A
        37     5.84195101E+02   # H+
   1000001     1.31988442E+03   # ~d_L
   2000001     1.26033342E+03   # ~d_R
   1000002     1.31763545E+03   # ~u_L
   2000002     1.26422458E+03   # ~u_R
   1000003     1.31987992E+03   # ~s_L
   2000003     1.26032236E+03   # ~s_R
   1000004     1.31763121E+03   # ~c_L
   2000004     1.26422111E+03   # ~c_R
   1000005     1.25150917E+03   # ~b_1
   2000005     1.27522544E+03   # ~b_2
   1000006     1.17433397E+03   # ~t_1
   2000006     1.28471464E+03   # ~t_2
   1000011     4.11516442E+02   # ~e_L
   2000011     2.06755283E+02   # ~e_R
   1000012     4.03035537E+02   # ~nu_eL
   1000013     4.11521807E+02   # ~mu_L
   2000013     2.06722200E+02   # ~mu_R
   1000014     4.03035271E+02   # ~nu_muL
   1000015     1.99916332E+02   # ~tau_1
   2000015     4.13364651E+02   # ~tau_2
   1000016     4.02715704E+02   # ~nu_tauL
   1000021     1.10447814E+03   # ~g
   1000022     1.92762587E+02   # ~chi_10
   1000023     3.62874651E+02   # ~chi_20
   1000025     5.87167907E+02   # ~chi_30
   1000035     6.02014742E+02   # ~chi_40
   1000024     3.57274219E+02   # ~chi_1+
   1000037     5.97074670E+02   # ~chi_2+
   1000039     3.60477000E-09   # ~gravitino
#
BLOCK NMIX  # Neutralino Mixing Matrix
  1  1     9.95168149E-01   # N_11
  1  2    -1.82187936E-02   # N_12
  1  3     8.98916230E-02   # N_13
  1  4    -3.50417859E-02   # N_14
  2  1     4.25594148E-02   # N_21
  2  2     9.63857235E-01   # N_22
  2  3    -2.19113007E-01   # N_23
  2  4     1.45455894E-01   # N_24
  3  1     3.75330971E-02   # N_31
  3  2    -5.45010786E-02   # N_32
  3  3    -7.02712192E-01   # N_33
  3  4    -7.08390058E-01   # N_34
  4  1    -8.01268864E-02   # N_41
  4  2     2.60147917E-01   # N_42
  4  3     6.70898325E-01   # N_43
  4  4    -6.89781256E-01   # N_44
#
BLOCK UMIX  # Chargino Mixing Matrix U
  1  1     9.52449553E-01   # U_11
  1  2    -3.04696324E-01   # U_12
  2  1     3.04696324E-01   # U_21
  2  2     9.52449553E-01   # U_22
#
BLOCK VMIX  # Chargino Mixing Matrix V
  1  1     9.79592142E-01   # V_11
  1  2    -2.00995608E-01   # V_12
  2  1     2.00995608E-01   # V_21
  2  2     9.79592142E-01   # V_22
#
BLOCK STOPMIX  # Stop Mixing Matrix
  1  1     2.26401838E-01   # STOPMIX_11
  1  2     9.74033987E-01   # STOPMIX_12
  2  1    -9.74033987E-01   # STOPMIX_21
  2  2     2.26401838E-01   # STOPMIX_22
#
BLOCK SBOTMIX  # Sbottom Mixing Matrix
  1  1     3.63472435E-01   # SBOTMIX_11
  1  2     9.31604953E-01   # SBOTMIX_12
  2  1    -9.31604953E-01   # SBOTMIX_21
  2  2     3.63472435E-01   # SBOTMIX_22
#
BLOCK STAUMIX  # Stau Mixing Matrix
  1  1     1.18926456E-01   # STAUMIX_11
  1  2     9.92903066E-01   # STAUMIX_12
  2  1    -9.92903066E-01   # STAUMIX_21
  2  2     1.18926456E-01   # STAUMIX_22
#
BLOCK ALPHA  # Higgs mixing
          -7.35274231E-02   # Mixing angle in the neutral Higgs boson sector
#
BLOCK HMIX Q=  1.20158604E+03  # DRbar Higgs Parameters
     1     5.80545016E+02   # mu(Q)
     2     1.44586774E+01   # tanbeta(Q)
     3     2.43471365E+02   # vev(Q)
     4     3.75874256E+05   # MA^2(Q)
#
BLOCK GAUGE Q=  1.20158604E+03  # The gauge couplings
     1     3.63289762E-01   # gprime(Q) DRbar
     2     6.44613442E-01   # g(Q) DRbar
     3     1.05682337E+00   # g_3(Q) DRbar
#
BLOCK AU Q=  1.20158604E+03  # The trilinear couplings
  1  1    -3.07003492E+02   # A_u(Q) DRbar
  2  2    -3.07001996E+02   # A_c(Q) DRbar
  3  3    -2.89496997E+02   # A_t(Q) DRbar
#
BLOCK AD Q=  1.20158604E+03  # The trilinear couplings
  1  1    -3.26409879E+02   # A_d(Q) DRbar
  2  2    -3.26408139E+02   # A_s(Q) DRbar
  3  3    -3.20066504E+02   # A_b(Q) DRbar
#
BLOCK AE Q=  1.20158604E+03  # The trilinear couplings
  1  1    -3.18736209E+01   # A_e(Q) DRbar
  2  2    -3.18733809E+01   # A_mu(Q) DRbar
  3  3    -3.18017327E+01   # A_tau(Q) DRbar
#
BLOCK YU Q=  1.20158604E+03  # The top Yukawa coupling
  3  3     8.53715121E-01   # y_top(Q) DRbar
#
BLOCK YD Q=  1.20158604E+03  # The down Yukawa coupling
  3  3     1.99265633E-01   # y_b(Q) DRbar
#
BLOCK YE Q=  1.20158604E+03  # The tau Yukawa coupling
  3  3     1.50606718E-01   # y_tau(Q) DRbar
#
BLOCK MSOFT Q=  1.20158604E+03  # soft SUSY breaking masses at scale Q
         1     1.97611352E+02   # M_1
         2     3.71925573E+02   # M_2
         3     1.00462349E+03   # M_3
        21    -8.22668544E+03   # M^2_Hd
        22    -3.11974137E+05   # M^2_Hu
        31     4.04542568E+02   # M_eL
        32     4.04541550E+02   # M_muL
        33     4.04237075E+02   # M_tauL
        34     1.96314929E+02   # M_eR
        35     1.96310695E+02   # M_muR
        36     1.95040471E+02   # M_tauR
        41     1.28409135E+03   # M_q1L
        42     1.28408585E+03   # M_q2L
        43     1.24264163E+03   # M_q3L
        44     1.23046687E+03   # M_uR
        45     1.23046202E+03   # M_cR
        46     1.14687655E+03   # M_tR
        47     1.22530919E+03   # M_dR
        48     1.22530250E+03   # M_sR
        49     1.22070589E+03   # M_bR
#
BLOCK SuSeFLAVLOWENERGY   #  PARAMETERS 
         1     4.00978938E-03   # Delta rho parameter
         2     1.39949775E-09   # g_mu - 2
         3     0.00000000E+00   # Br(b -> s gamma)
         4     0.00000000E+00   # Br(tau -> mu gamma)
         5     0.00000000E+00   # Br(tau -> e gamma)
         6     0.00000000E+00   # Br(mu -> e gamma)
         7     0.00000000E+00   # Br(tau -> mu mu mu)
         8     0.00000000E+00   # Br(tau -> e e e)
         9     0.00000000E+00   # Br(mu -> e e e)
#
BLOCK FINETUNE  # Fine Tuning
         1     7.94279569E+01   # delta mZ^2/mZ^2 (mu^2)
         2     3.95781208E+01   # delta mt/mt (mu^2)
