 ******** Begin Program SuSeFLAV ************
           model =    GMSB
            loop =    2
         tanbeta =    1.5000E+01
         lambda  =    1.1700E+05
   Messenger scale    1.3000E+05
   number of messen   1.0000E+00
         sign mu =    1.0000E+00
            qmix =    0
   top pole mass =    1.7330E+02
 ********************************************
 
 Invalid point LEPH                                                                                                
  up-type yukawa at high energy:
     5.7003E-06    0.0000E+00    0.0000E+00
     0.0000E+00    5.7004E-03    0.0000E+00
     0.0000E+00    0.0000E+00    7.8536E-01
 
  down-type yukawa at high energy:
     3.1099E-04    0.0000E+00    0.0000E+00
     0.0000E+00    6.2199E-03    0.0000E+00
     0.0000E+00    0.0000E+00    1.6719E-01
 
  lepton-type yukawa at high energy:
     3.9740E-05    0.0000E+00    0.0000E+00
     0.0000E+00    8.3011E-03    0.0000E+00
     0.0000E+00    0.0000E+00    1.4411E-01
 
  nuetrino yukawa at high energy:
     0.0000E+00    0.0000E+00    0.0000E+00
     0.0000E+00    0.0000E+00    0.0000E+00
     0.0000E+00    0.0000E+00    0.0000E+00
 
  up-type yukawa at msusy :
     6.5788E-06    0.0000E+00    0.0000E+00
     0.0000E+00    6.5788E-03    0.0000E+00
     0.0000E+00    0.0000E+00    8.5372E-01
 
  down-type yukawa at msusy :
     3.7909E-04    0.0000E+00    0.0000E+00
     0.0000E+00    7.5818E-03    0.0000E+00
     0.0000E+00    0.0000E+00    1.9927E-01
 
  lepton-type yukawa at msusy :
     4.1612E-05    0.0000E+00    0.0000E+00
     0.0000E+00    8.6921E-03    0.0000E+00
     0.0000E+00    0.0000E+00    1.5061E-01
 
  Spectrum at msusy, q =   1.2016E+03
              alpha_1  =   3.6329E-01
              alpha_2  =   6.4461E-01
              alpha_3  =   1.0568E+00
               vev1    =   1.6800E+01
               vev2    =   2.4290E+02
           newtbeta    =   1.4459E+01
                  \mu  =   5.8055E+02
              ~gluino  =   1.1045E+03
               ~stop_1 =   1.1743E+03
               ~stop_2 =   1.2847E+03
             ~scharm_R =   1.2642E+03
             ~scharm_L =   1.3176E+03
                ~sup_R =   1.2642E+03
                ~sup_L =   1.3176E+03
           ~sbottom_1  =   1.2515E+03
           ~sbottom_2  =   1.2752E+03
           ~sstrange_R =   1.2603E+03
           ~sstrange_L =   1.3199E+03
             ~sdown_R  =   1.2603E+03
             ~sdown_L  =   1.3199E+03
               ~stau_1 =   1.9992E+02
               ~stau_2 =   4.1336E+02
               ~smu_R  =   2.0672E+02
               ~smu_L  =   4.1152E+02
              ~sel_R   =   2.0676E+02
              ~sel_L   =   4.1152E+02
              ~tausnu  =   4.0272E+02
                ~musnu =   4.0304E+02
                ~elsnu =   4.0304E+02
 
 Higgs Spectrum
                 mA0   =   5.7818E+02
            mh_charged =   5.8420E+02
                 mh0   =   1.1382E+02
                  mH   =   5.7848E+02
            \alpha_h   =  -7.3527E-02
 
 Neutralino spectrum
                  N1   =   1.9276E+02
                  N2   =   3.6287E+02
                  N3   =   5.8717E+02
                  N4   =   6.0201E+02
 
 Chargino spectrum
                  C1   =   3.5727E+02
                  C2   =   5.9707E+02
 
  Low Energy Observables 
   Fine tuning, Cmz^2mu^2   =    7.9428E+01
   Fine tuning, Cmt^2mu^2   =    3.9578E+01
        Br(B  => s,gamma)   =    0.0000E+00
       Br(mu  => e,gamma)   =    0.0000E+00 X 10^(-11)
       Br(tau => mu,gamma)  =    0.0000E+00 X 10^(-08)
       Br(tau => e,gamma)   =    0.0000E+00 X 10^(-07)
         Br(tau => e,e,e)   =    0.0000E+00 X 10^(-07)
      Br(tau => mu,mu,mu)   =    0.0000E+00 X 10^(-07)
          Br(mu => e,e,e)   =    0.0000E+00 X 10^(-12)
        Br(mu => e in Ti)   =    0.0000E+00 X 10^(-12)
            (g_mu - 2)      =    1.3995E+01 X 10^(-10)
------------------------------
flag for the point is LEPH                                                                                                
 --------------------------------------------------
 FLAGS AND THEIR MEANINGS
 AOK = Everything is fine.
 BMUNEG = B_mu is negative at Msusy.
 REWSB = |\mu|^2 < 0 at Msusy.
 MUNOC = Non-convergent |\mu| at Msusy.
 SW2NOC = Non-convergent Sin^2_thetaw at Mz.
 NPERTYUK = Non-perturbative yukawa.
 TACSPEC = Spectrum is tachyonic at Msusy.
 TACSPECMZ = Spectrum is tachyonic at Mz.
 FSNC = Final spectrum non-convergent.
 TACMh = Lightest CP-even neutral higgs tachyonic.
 TACMH = Heaviest CP-even neutral higgs tachyonic.
 TACMA = CP-odd neutral higgs tachyonic.
 TACMHCH = Charged higgs tachyonic.
 VARUNDER = Stepsize is zero while integrating the RGEs.
 TACSUP = SUP sector tachyonic.
 TACSDN = SDOWN sector tachyonic.
 TACSLP = SLEPTON sector tachyonic.
 TACSNU = SNEUTRINO sector tachyonic.
 LEPH = Lightest higgs mass below LEP limit.
 LEPC = Lightest chargino mass < 103.5 GeV.
 LSPSTAU = Lightest stau is LSP.
 --------------------------------------------------
