# Spectrum Output in SUSY Les Houches Accord 2
# SuSeFLAV v1.2.0 
# D. Chowdhury, R. Garani and S. K. Vempati, hep-ph/1109.3551 
# For bug reports or any other queries please send email to suseflav@cts.iisc.ernet.in 
# Created on 18.06.2012 at 11:50 Hrs
#
BLOCK SPINFO  #  Program information
     1   SuSeFLAV     # Spectrum calculator
     2   1.2.0        # Version number
#
BLOCK MODSEL  #  MODEL NAME
     1      1   # mSUGRA
#
BLOCK MINPAR  # Input parameters
         1     3.75000000E+02   #  m0                 
         2     6.50000000E+02   #  m_1/2              
         3     4.00000000E+01   #  tanbeta(mz)        
         4     1.00000000E+00   #  sign(mu)           
         5    -5.00000000E+02   #  A0                 
#
BLOCK SMINPUTS  # Standard Model inputs
         1     1.27934000E+02   # alpha_em (M_Z)^MSbar
         2     1.16637000E-05   # G_F [GeV^-2]
         3     1.17200000E-01   # alpha_S(M_Z)^MSbar
         4     9.11876000E+01   # M_Z pole mass
         5     4.25000000E+00   # mb(mb)^MSbar
         6     1.73300000E+02   # mt pole mass
         7     1.77700000E+00   # mtau pole mass
#
BLOCK EXTPAR  # Extra Input parameters
         0     1.27195469E+16   # Unification Scale
#
BLOCK MASS  # Mass Spectrum
# PDG code           mass       particle
        24     8.05114988E+01   # W+
        25     1.17951989E+02   # h
        35     7.35185140E+02   # H
        36     7.35312420E+02   # A
        37     7.40114714E+02   # H+
   1000001     1.38239943E+03   # ~d_L
   2000001     1.32647362E+03   # ~d_R
   1000002     1.38020398E+03   # ~u_L
   2000002     1.33120625E+03   # ~u_R
   1000003     1.38231922E+03   # ~s_L
   2000003     1.32622132E+03   # ~s_R
   1000004     1.38010773E+03   # ~c_L
   2000004     1.33117378E+03   # ~c_R
   1000005     1.17104593E+03   # ~b_1
   2000005     1.23644983E+03   # ~b_2
   1000006     1.01576266E+03   # ~t_1
   2000006     1.24108466E+03   # ~t_2
   1000011     5.75649989E+02   # ~e_L
   2000011     4.51657606E+02   # ~e_R
   1000012     5.68783471E+02   # ~nu_eL
   1000013     5.75195824E+02   # ~mu_L
   2000013     4.51109121E+02   # ~mu_R
   1000014     5.68827080E+02   # ~nu_muL
   1000015     2.77204415E+02   # ~tau_1
   2000015     5.48374323E+02   # ~tau_2
   1000016     5.22948943E+02   # ~nu_tauL
   1000021     1.46611493E+03   # ~g
   1000022     2.75225849E+02   # ~chi_10
   1000023     5.12512087E+02   # ~chi_20
   1000025     8.56909274E+02   # ~chi_30
   1000035     8.64334032E+02   # ~chi_40
   1000024     5.02023950E+02   # ~chi_1+
   1000037     8.60792577E+02   # ~chi_2+
#
BLOCK NMIX  # Neutralino Mixing Matrix
  1  1     9.97886279E-01   # N_11
  1  2    -8.14435140E-03   # N_12
  1  3     6.08003601E-02   # N_13
  1  4    -2.14466881E-02   # N_14
  2  1     1.88405312E-02   # N_21
  2  2     9.85066095E-01   # N_22
  2  3    -1.45461736E-01   # N_23
  2  4     9.01704327E-02   # N_24
  3  1     2.73962684E-02   # N_31
  3  2    -3.97822568E-02   # N_32
  3  3    -7.04670589E-01   # N_33
  3  4    -7.07888534E-01   # N_34
  4  1    -5.58341610E-02   # N_41
  4  2     1.67319547E-01   # N_42
  4  3     6.91797340E-01   # N_43
  4  4    -7.00216506E-01   # N_44
#
BLOCK UMIX  # Chargino Mixing Matrix U
  1  1     9.80155203E-01   # U_11
  1  2    -1.98231629E-01   # U_12
  2  1     1.98231629E-01   # U_21
  2  2     9.80155203E-01   # U_22
#
BLOCK VMIX  # Chargino Mixing Matrix V
  1  1     9.92733903E-01   # V_11
  1  2    -1.20330368E-01   # V_12
  2  1     1.20330368E-01   # V_21
  2  2     9.92733903E-01   # V_22
#
BLOCK STOPMIX  # Stop Mixing Matrix
  1  1     4.59838982E-01   # STOPMIX_11
  1  2     8.88002315E-01   # STOPMIX_12
  2  1    -8.88002315E-01   # STOPMIX_21
  2  2     4.59838982E-01   # STOPMIX_22
#
BLOCK SBOTMIX  # Sbottom Mixing Matrix
  1  1     7.58978646E-01   # SBOTMIX_11
  1  2     6.51115516E-01   # SBOTMIX_12
  2  1    -6.51115516E-01   # SBOTMIX_21
  2  2     7.58978646E-01   # SBOTMIX_22
#
BLOCK STAUMIX  # Stau Mixing Matrix
  1  1     2.98503573E-01   # STAUMIX_11
  1  2     9.54408517E-01   # STAUMIX_12
  2  1    -9.54408517E-01   # STAUMIX_21
  2  2     2.98503573E-01   # STAUMIX_22
#
BLOCK ALPHA  # Higgs mixing
          -2.60561591E-02   # Mixing angle in the neutral Higgs boson sector
#
BLOCK HMIX Q=  1.08896443E+03  # DRbar Higgs Parameters
     1     8.51489633E+02   # mu(Q)
     2     3.91607836E+01   # tanbeta(Q)
     3     2.43783943E+02   # vev(Q)
     4     6.94013414E+05   # MA^2(Q)
#
BLOCK GAUGE Q=  1.08896443E+03  # The gauge couplings
     1     3.62552370E-01   # gprime(Q) DRbar
     2     6.42484731E-01   # g(Q) DRbar
     3     1.05299416E+00   # g_3(Q) DRbar
#
BLOCK AU Q=  1.08896443E+03  # The trilinear couplings
  1  1    -1.79264376E+03   # A_u(Q) DRbar
  2  2    -1.79252119E+03   # A_c(Q) DRbar
  3  3    -1.27224056E+03   # A_t(Q) DRbar
#
BLOCK AD Q=  1.08896443E+03  # The trilinear couplings
  1  1    -2.06411153E+03   # A_d(Q) DRbar
  2  2    -2.06381783E+03   # A_s(Q) DRbar
  3  3    -1.75485305E+03   # A_b(Q) DRbar
#
BLOCK AE Q=  1.08896443E+03  # The trilinear couplings
  1  1    -6.84899729E+02   # A_e(Q) DRbar
  2  2    -6.84563433E+02   # A_mu(Q) DRbar
  3  3    -5.74418412E+02   # A_tau(Q) DRbar
#
BLOCK YU Q=  1.08896443E+03  # The top Yukawa coupling
  3  3     8.44071827E-01   # y_top(Q) DRbar
#
BLOCK YD Q=  1.08896443E+03  # The down Yukawa coupling
  3  3     4.87957352E-01   # y_b(Q) DRbar
#
BLOCK YE Q=  1.08896443E+03  # The tau Yukawa coupling
  3  3     4.26187001E-01   # y_tau(Q) DRbar
#
BLOCK MSOFT Q=  1.08896443E+03  # soft SUSY breaking masses at scale Q
         1     2.80420664E+02   # M_1
         2     5.10799808E+02   # M_2
         3     1.42397400E+03   # M_3
        21    -1.57609907E+05   # M^2_Hd
        22    -7.10916651E+05   # M^2_Hu
        31     5.68044476E+02   # M_eL
        32     5.67900982E+02   # M_muL
        33     5.22757326E+02   # M_tauL
        34     4.46567372E+02   # M_eR
        35     4.46197492E+02   # M_muR
        36     3.14577869E+02   # M_tauR
        41     1.33847084E+03   # M_q1L
        42     1.33836246E+03   # M_q2L
        43     1.16099583E+03   # M_q3L
        44     1.29049476E+03   # M_uR
        45     1.29047579E+03   # M_cR
        46     1.01750978E+03   # M_tR
        47     1.28465767E+03   # M_dR
        48     1.28444816E+03   # M_sR
        49     1.17593596E+03   # M_bR
#
BLOCK SuSeFLAVLOWENERGY   #  PARAMETERS 
         1     3.02106527E-03   # Delta rho parameter
         2     1.74042208E-09   # g_mu - 2
         3     0.00000000E+00   # Br(b -> s gamma)
         4     0.00000000E+00   # Br(tau -> mu gamma)
         5     0.00000000E+00   # Br(tau -> e gamma)
         6     0.00000000E+00   # Br(mu -> e gamma)
         7     0.00000000E+00   # Br(tau -> mu mu mu)
         8     0.00000000E+00   # Br(tau -> e e e)
         9     0.00000000E+00   # Br(mu -> e e e)
#
BLOCK FINETUNE  # Fine Tuning
         1     1.64577191E+02   # delta mZ^2/mZ^2 (mu^2)
         2     8.22887926E+01   # delta mt/mt (mu^2)
