 ******** Begin Program SuSeFLAV ************
           model =    mSUG
            loop =    2
         tanbeta =    4.0000E+01
             m0  =    3.7500E+02
             a0  =   -5.0000E+02
             M12 =    6.5000E+02
             m10 =    3.7500E+02
             m20 =    3.7500E+02
         sign mu =    1.0000E+00
            qmix =    0
   top pole mass =    1.7330E+02
 ********************************************
 
  up-type yukawa at high energy:
     2.6180E-06    0.0000E+00    0.0000E+00
     0.0000E+00    2.6182E-03    0.0000E+00
     0.0000E+00    0.0000E+00    4.5577E-01
 
  down-type yukawa at high energy:
     3.5176E-04    0.0000E+00    0.0000E+00
     0.0000E+00    7.0362E-03    0.0000E+00
     0.0000E+00    0.0000E+00    1.9701E-01
 
  lepton-type yukawa at high energy:
     7.8352E-05    0.0000E+00    0.0000E+00
     0.0000E+00    1.6372E-02    0.0000E+00
     0.0000E+00    0.0000E+00    3.3008E-01
 
  nuetrino yukawa at high energy:
     0.0000E+00    0.0000E+00    0.0000E+00
     0.0000E+00    0.0000E+00    0.0000E+00
     0.0000E+00    0.0000E+00    0.0000E+00
 
  up-type yukawa at msusy :
     6.5920E-06    0.0000E+00    0.0000E+00
     0.0000E+00    6.5921E-03    0.0000E+00
     0.0000E+00    0.0000E+00    8.4407E-01
 
  down-type yukawa at msusy :
     1.0285E-03    0.0000E+00    0.0000E+00
     0.0000E+00    2.0570E-02    0.0000E+00
     0.0000E+00    0.0000E+00    4.8796E-01
 
  lepton-type yukawa at msusy :
     1.1237E-04    0.0000E+00    0.0000E+00
     0.0000E+00    2.3472E-02    0.0000E+00
     0.0000E+00    0.0000E+00    4.2619E-01
 
  Spectrum at msusy, q =   1.0890E+03
              alpha_1  =   3.6255E-01
              alpha_2  =   6.4248E-01
              alpha_3  =   1.0530E+00
               vev1    =   6.2238E+00
               vev2    =   2.4373E+02
           newtbeta    =   3.9161E+01
                  \mu  =   8.5149E+02
              ~gluino  =   1.4661E+03
               ~stop_1 =   1.0158E+03
               ~stop_2 =   1.2411E+03
             ~scharm_R =   1.3312E+03
             ~scharm_L =   1.3801E+03
                ~sup_R =   1.3312E+03
                ~sup_L =   1.3802E+03
           ~sbottom_1  =   1.1710E+03
           ~sbottom_2  =   1.2364E+03
           ~sstrange_R =   1.3262E+03
           ~sstrange_L =   1.3823E+03
             ~sdown_R  =   1.3265E+03
             ~sdown_L  =   1.3824E+03
               ~stau_1 =   2.7720E+02
               ~stau_2 =   5.4837E+02
               ~smu_R  =   4.5111E+02
               ~smu_L  =   5.7520E+02
              ~sel_R   =   4.5166E+02
              ~sel_L   =   5.7565E+02
              ~tausnu  =   5.2295E+02
                ~musnu =   5.6883E+02
                ~elsnu =   5.6878E+02
 
 Higgs Spectrum
                 mA0   =   7.3531E+02
            mh_charged =   7.4011E+02
                 mh0   =   1.1795E+02
                  mH   =   7.3519E+02
            \alpha_h   =  -2.6056E-02
 
 Neutralino spectrum
                  N1   =   2.7523E+02
                  N2   =   5.1251E+02
                  N3   =   8.5691E+02
                  N4   =   8.6433E+02
 
 Chargino spectrum
                  C1   =   5.0202E+02
                  C2   =   8.6079E+02
 
  Low Energy Observables 
   Fine tuning, Cmz^2mu^2   =    1.6458E+02
   Fine tuning, Cmt^2mu^2   =    8.2289E+01
        Br(B  => s,gamma)   =    0.0000E+00
       Br(mu  => e,gamma)   =    0.0000E+00 X 10^(-11)
       Br(tau => mu,gamma)  =    0.0000E+00 X 10^(-08)
       Br(tau => e,gamma)   =    0.0000E+00 X 10^(-07)
         Br(tau => e,e,e)   =    0.0000E+00 X 10^(-07)
      Br(tau => mu,mu,mu)   =    0.0000E+00 X 10^(-07)
          Br(mu => e,e,e)   =    0.0000E+00 X 10^(-12)
        Br(mu => e in Ti)   =    0.0000E+00 X 10^(-12)
            (g_mu - 2)      =    1.7404E+01 X 10^(-10)
------------------------------
flag for the point is  AOK                                                                                                
 --------------------------------------------------
 FLAGS AND THEIR MEANINGS
 AOK = Everything is fine.
 BMUNEG = B_mu is negative at Msusy.
 REWSB = |\mu|^2 < 0 at Msusy.
 MUNOC = Non-convergent |\mu| at Msusy.
 SW2NOC = Non-convergent Sin^2_thetaw at Mz.
 NPERTYUK = Non-perturbative yukawa.
 TACSPEC = Spectrum is tachyonic at Msusy.
 TACSPECMZ = Spectrum is tachyonic at Mz.
 FSNC = Final spectrum non-convergent.
 TACMh = Lightest CP-even neutral higgs tachyonic.
 TACMH = Heaviest CP-even neutral higgs tachyonic.
 TACMA = CP-odd neutral higgs tachyonic.
 TACMHCH = Charged higgs tachyonic.
 VARUNDER = Stepsize is zero while integrating the RGEs.
 TACSUP = SUP sector tachyonic.
 TACSDN = SDOWN sector tachyonic.
 TACSLP = SLEPTON sector tachyonic.
 TACSNU = SNEUTRINO sector tachyonic.
 LEPH = Lightest higgs mass below LEP limit.
 LEPC = Lightest chargino mass < 103.5 GeV.
 LSPSTAU = Lightest stau is LSP.
 --------------------------------------------------
