# Spectrum Output in SUSY Les Houches Accord 2
# SuSeFLAV v1.2.0 
# D. Chowdhury, R. Garani and S. K. Vempati, hep-ph/1109.3551 
# For bug reports or any other queries please send email to suseflav@cts.iisc.ernet.in 
# Created on 18.06.2012 at 11:50 Hrs
#
BLOCK SPINFO  #  Program information
     1   SuSeFLAV     # Spectrum calculator
     2   1.2.0        # Version number
#
BLOCK MODSEL  #  MODEL NAME
     1      1   # mSUGRA
#
BLOCK MINPAR  # Input parameters
         1     3.90000000E+02   #  m0                 
         2     7.00000000E+02   #  m_1/2              
         3     4.00000000E+01   #  tanbeta(mz)        
         4     1.00000000E+00   #  sign(mu)           
         5    -5.00000000E+02   #  A0                 
#
BLOCK SMINPUTS  # Standard Model inputs
         1     1.27934000E+02   # alpha_em (M_Z)^MSbar
         2     1.16637000E-05   # G_F [GeV^-2]
         3     1.17200000E-01   # alpha_S(M_Z)^MSbar
         4     9.11876000E+01   # M_Z pole mass
         5     4.25000000E+00   # mb(mb)^MSbar
         6     1.73300000E+02   # mt pole mass
         7     1.77700000E+00   # mtau pole mass
#
BLOCK EXTPAR  # Extra Input parameters
         0     1.31762689E+16   # Unification Scale
#
BLOCK MASS  # Mass Spectrum
# PDG code           mass       particle
        24     8.05118736E+01   # W+
        25     1.18303255E+02   # h
        35     7.83315062E+02   # H
        36     7.83433318E+02   # A
        37     7.87941571E+02   # H+
   1000001     1.47797624E+03   # ~d_L
   2000001     1.41739038E+03   # ~d_R
   1000002     1.47593346E+03   # ~u_L
   2000002     1.42265715E+03   # ~u_R
   1000003     1.47788813E+03   # ~s_L
   2000003     1.41713135E+03   # ~s_R
   1000004     1.47583040E+03   # ~c_L
   2000004     1.42262663E+03   # ~c_R
   1000005     1.25698066E+03   # ~b_1
   2000005     1.32165554E+03   # ~b_2
   1000006     1.09429987E+03   # ~t_1
   2000006     1.32452561E+03   # ~t_2
   1000011     6.10600040E+02   # ~e_L
   2000011     4.74596668E+02   # ~e_R
   1000012     6.03939805E+02   # ~nu_eL
   1000013     6.10112070E+02   # ~mu_L
   2000013     4.74046338E+02   # ~mu_R
   1000014     6.04011036E+02   # ~nu_muL
   1000015     2.97629193E+02   # ~tau_1
   2000015     5.81203707E+02   # ~tau_2
   1000016     5.57177391E+02   # ~nu_tauL
   1000021     1.57126090E+03   # ~g
   1000022     2.96622986E+02   # ~chi_10
   1000023     5.53081483E+02   # ~chi_20
   1000025     9.09405913E+02   # ~chi_30
   1000035     9.16653970E+02   # ~chi_40
   1000024     5.41786480E+02   # ~chi_1+
   1000037     9.12803217E+02   # ~chi_2+
#
BLOCK NMIX  # Neutralino Mixing Matrix
  1  1     9.98108882E-01   # N_11
  1  2    -7.23459316E-03   # N_12
  1  3     5.74770385E-02   # N_13
  1  4    -2.05599246E-02   # N_14
  2  1     1.70132218E-02   # N_21
  2  2     9.86108673E-01   # N_22
  2  3    -1.39838883E-01   # N_23
  2  4     8.80075125E-02   # N_24
  3  1     2.57456872E-02   # N_31
  3  2    -3.72437236E-02   # N_32
  3  3    -7.04956830E-01   # N_33
  3  4    -7.07803598E-01   # N_34
  4  1    -5.31636122E-02   # N_41
  4  2     1.61710392E-01   # N_42
  4  3     6.92948299E-01   # N_43
  4  4    -7.00604050E-01   # N_44
#
BLOCK UMIX  # Chargino Mixing Matrix U
  1  1     9.81727997E-01   # U_11
  1  2    -1.90289623E-01   # U_12
  2  1     1.90289623E-01   # U_21
  2  2     9.81727997E-01   # U_22
#
BLOCK VMIX  # Chargino Mixing Matrix V
  1  1     9.93096857E-01   # V_11
  1  2    -1.17297200E-01   # V_12
  2  1     1.17297200E-01   # V_21
  2  2     9.93096857E-01   # V_22
#
BLOCK STOPMIX  # Stop Mixing Matrix
  1  1     4.44675834E-01   # STOPMIX_11
  1  2     8.95691578E-01   # STOPMIX_12
  2  1    -8.95691578E-01   # STOPMIX_21
  2  2     4.44675834E-01   # STOPMIX_22
#
BLOCK SBOTMIX  # Sbottom Mixing Matrix
  1  1     7.56014573E-01   # SBOTMIX_11
  1  2     6.54554784E-01   # SBOTMIX_12
  2  1    -6.54554784E-01   # SBOTMIX_21
  2  2     7.56014573E-01   # SBOTMIX_22
#
BLOCK STAUMIX  # Stau Mixing Matrix
  1  1     2.83313809E-01   # STAUMIX_11
  1  2     9.59027260E-01   # STAUMIX_12
  2  1    -9.59027260E-01   # STAUMIX_21
  2  2     2.83313809E-01   # STAUMIX_22
#
BLOCK ALPHA  # Higgs mixing
          -2.60197007E-02   # Mixing angle in the neutral Higgs boson sector
#
BLOCK HMIX Q=  1.16806912E+03  # DRbar Higgs Parameters
     1     9.04084272E+02   # mu(Q)
     2     3.91442283E+01   # tanbeta(Q)
     3     2.43739202E+02   # vev(Q)
     4     7.89011386E+05   # MA^2(Q)
#
BLOCK GAUGE Q=  1.16806912E+03  # The gauge couplings
     1     3.62708961E-01   # gprime(Q) DRbar
     2     6.42142140E-01   # g(Q) DRbar
     3     1.04941585E+00   # g_3(Q) DRbar
#
BLOCK AU Q=  1.16806912E+03  # The trilinear couplings
  1  1    -1.89515064E+03   # A_u(Q) DRbar
  2  2    -1.89502262E+03   # A_c(Q) DRbar
  3  3    -1.35173732E+03   # A_t(Q) DRbar
#
BLOCK AD Q=  1.16806912E+03  # The trilinear couplings
  1  1    -2.17821665E+03   # A_d(Q) DRbar
  2  2    -2.17790993E+03   # A_s(Q) DRbar
  3  3    -1.85483494E+03   # A_b(Q) DRbar
#
BLOCK AE Q=  1.16806912E+03  # The trilinear couplings
  1  1    -7.05405590E+02   # A_e(Q) DRbar
  2  2    -7.05062226E+02   # A_mu(Q) DRbar
  3  3    -5.92378442E+02   # A_tau(Q) DRbar
#
BLOCK YU Q=  1.16806912E+03  # The top Yukawa coupling
  3  3     8.41683378E-01   # y_top(Q) DRbar
#
BLOCK YD Q=  1.16806912E+03  # The down Yukawa coupling
  3  3     4.87393200E-01   # y_b(Q) DRbar
#
BLOCK YE Q=  1.16806912E+03  # The tau Yukawa coupling
  3  3     4.26373824E-01   # y_tau(Q) DRbar
#
BLOCK MSOFT Q=  1.16806912E+03  # soft SUSY breaking masses at scale Q
         1     3.02123956E+02   # M_1
         2     5.50500982E+02   # M_2
         3     1.52699345E+03   # M_3
        21    -1.74243208E+05   # M^2_Hd
        22    -8.00234947E+05   # M^2_Hu
        31     6.02486422E+02   # M_eL
        32     6.02340212E+02   # M_muL
        33     5.56191137E+02   # M_tauL
        34     4.69306125E+02   # M_eR
        35     4.68925697E+02   # M_muR
        36     3.33374455E+02   # M_tauR
        41     1.43117116E+03   # M_q1L
        42     1.43105803E+03   # M_q2L
        43     1.24478851E+03   # M_q3L
        44     1.37913488E+03   # M_uR
        45     1.37911501E+03   # M_cR
        46     1.09227422E+03   # M_tR
        47     1.37278337E+03   # M_dR
        48     1.37256459E+03   # M_sR
        49     1.25870269E+03   # M_bR
#
BLOCK SuSeFLAVLOWENERGY   #  PARAMETERS 
         1     2.95364408E-03   # Delta rho parameter
         2     1.53423167E-09   # g_mu - 2
         3     0.00000000E+00   # Br(b -> s gamma)
         4     0.00000000E+00   # Br(tau -> mu gamma)
         5     0.00000000E+00   # Br(tau -> e gamma)
         6     0.00000000E+00   # Br(mu -> e gamma)
         7     0.00000000E+00   # Br(tau -> mu mu mu)
         8     0.00000000E+00   # Br(tau -> e e e)
         9     0.00000000E+00   # Br(mu -> e e e)
#
BLOCK FINETUNE  # Fine Tuning
         1     1.85278870E+02   # delta mZ^2/mZ^2 (mu^2)
         2     9.26396251E+01   # delta mt/mt (mu^2)
