 ******** Begin Program SuSeFLAV ************
           model =    mSUG
            loop =    2
         tanbeta =    4.0000E+01
             m0  =    3.9000E+02
             a0  =   -5.0000E+02
             M12 =    7.0000E+02
             m10 =    3.9000E+02
             m20 =    3.9000E+02
         sign mu =    1.0000E+00
            qmix =    0
   top pole mass =    1.7330E+02
 ********************************************
 
  up-type yukawa at high energy:
     2.6242E-06    0.0000E+00    0.0000E+00
     0.0000E+00    2.6243E-03    0.0000E+00
     0.0000E+00    0.0000E+00    4.5597E-01
 
  down-type yukawa at high energy:
     3.5294E-04    0.0000E+00    0.0000E+00
     0.0000E+00    7.0598E-03    0.0000E+00
     0.0000E+00    0.0000E+00    1.9789E-01
 
  lepton-type yukawa at high energy:
     7.8420E-05    0.0000E+00    0.0000E+00
     0.0000E+00    1.6386E-02    0.0000E+00
     0.0000E+00    0.0000E+00    3.3069E-01
 
  nuetrino yukawa at high energy:
     0.0000E+00    0.0000E+00    0.0000E+00
     0.0000E+00    0.0000E+00    0.0000E+00
     0.0000E+00    0.0000E+00    0.0000E+00
 
  up-type yukawa at msusy :
     6.5771E-06    0.0000E+00    0.0000E+00
     0.0000E+00    6.5772E-03    0.0000E+00
     0.0000E+00    0.0000E+00    8.4168E-01
 
  down-type yukawa at msusy :
     1.0258E-03    0.0000E+00    0.0000E+00
     0.0000E+00    2.0516E-02    0.0000E+00
     0.0000E+00    0.0000E+00    4.8739E-01
 
  lepton-type yukawa at msusy :
     1.1230E-04    0.0000E+00    0.0000E+00
     0.0000E+00    2.3459E-02    0.0000E+00
     0.0000E+00    0.0000E+00    4.2637E-01
 
  Spectrum at msusy, q =   1.1681E+03
              alpha_1  =   3.6271E-01
              alpha_2  =   6.4214E-01
              alpha_3  =   1.0494E+00
               vev1    =   6.2253E+00
               vev2    =   2.4368E+02
           newtbeta    =   3.9144E+01
                  \mu  =   9.0408E+02
              ~gluino  =   1.5713E+03
               ~stop_1 =   1.0943E+03
               ~stop_2 =   1.3245E+03
             ~scharm_R =   1.4226E+03
             ~scharm_L =   1.4758E+03
                ~sup_R =   1.4227E+03
                ~sup_L =   1.4759E+03
           ~sbottom_1  =   1.2570E+03
           ~sbottom_2  =   1.3217E+03
           ~sstrange_R =   1.4171E+03
           ~sstrange_L =   1.4779E+03
             ~sdown_R  =   1.4174E+03
             ~sdown_L  =   1.4780E+03
               ~stau_1 =   2.9763E+02
               ~stau_2 =   5.8120E+02
               ~smu_R  =   4.7405E+02
               ~smu_L  =   6.1011E+02
              ~sel_R   =   4.7460E+02
              ~sel_L   =   6.1060E+02
              ~tausnu  =   5.5718E+02
                ~musnu =   6.0401E+02
                ~elsnu =   6.0394E+02
 
 Higgs Spectrum
                 mA0   =   7.8343E+02
            mh_charged =   7.8794E+02
                 mh0   =   1.1830E+02
                  mH   =   7.8332E+02
            \alpha_h   =  -2.6020E-02
 
 Neutralino spectrum
                  N1   =   2.9662E+02
                  N2   =   5.5308E+02
                  N3   =   9.0941E+02
                  N4   =   9.1665E+02
 
 Chargino spectrum
                  C1   =   5.4179E+02
                  C2   =   9.1280E+02
 
  Low Energy Observables 
   Fine tuning, Cmz^2mu^2   =    1.8528E+02
   Fine tuning, Cmt^2mu^2   =    9.2640E+01
        Br(B  => s,gamma)   =    0.0000E+00
       Br(mu  => e,gamma)   =    0.0000E+00 X 10^(-11)
       Br(tau => mu,gamma)  =    0.0000E+00 X 10^(-08)
       Br(tau => e,gamma)   =    0.0000E+00 X 10^(-07)
         Br(tau => e,e,e)   =    0.0000E+00 X 10^(-07)
      Br(tau => mu,mu,mu)   =    0.0000E+00 X 10^(-07)
          Br(mu => e,e,e)   =    0.0000E+00 X 10^(-12)
        Br(mu => e in Ti)   =    0.0000E+00 X 10^(-12)
            (g_mu - 2)      =    1.5342E+01 X 10^(-10)
------------------------------
flag for the point is  AOK                                                                                                
 --------------------------------------------------
 FLAGS AND THEIR MEANINGS
 AOK = Everything is fine.
 BMUNEG = B_mu is negative at Msusy.
 REWSB = |\mu|^2 < 0 at Msusy.
 MUNOC = Non-convergent |\mu| at Msusy.
 SW2NOC = Non-convergent Sin^2_thetaw at Mz.
 NPERTYUK = Non-perturbative yukawa.
 TACSPEC = Spectrum is tachyonic at Msusy.
 TACSPECMZ = Spectrum is tachyonic at Mz.
 FSNC = Final spectrum non-convergent.
 TACMh = Lightest CP-even neutral higgs tachyonic.
 TACMH = Heaviest CP-even neutral higgs tachyonic.
 TACMA = CP-odd neutral higgs tachyonic.
 TACMHCH = Charged higgs tachyonic.
 VARUNDER = Stepsize is zero while integrating the RGEs.
 TACSUP = SUP sector tachyonic.
 TACSDN = SDOWN sector tachyonic.
 TACSLP = SLEPTON sector tachyonic.
 TACSNU = SNEUTRINO sector tachyonic.
 LEPH = Lightest higgs mass below LEP limit.
 LEPC = Lightest chargino mass < 103.5 GeV.
 LSPSTAU = Lightest stau is LSP.
 --------------------------------------------------
