# Spectrum Output in SUSY Les Houches Accord 2
# SuSeFLAV v1.2.0 
# D. Chowdhury, R. Garani and S. K. Vempati, hep-ph/1109.3551 
# For bug reports or any other queries please send email to suseflav@cts.iisc.ernet.in 
# Created on 18.06.2012 at 11:50 Hrs
#
BLOCK SPINFO  #  Program information
     1   SuSeFLAV     # Spectrum calculator
     2   1.2.0        # Version number
#
BLOCK MODSEL  #  MODEL NAME
     1      1   # mSUGRA
#
BLOCK MINPAR  # Input parameters
         1     1.15000000E+03   #  m0                 
         2     4.25000000E+02   #  m_1/2              
         3     4.00000000E+01   #  tanbeta(mz)        
         4     1.00000000E+00   #  sign(mu)           
         5    -5.00000000E+02   #  A0                 
#
BLOCK SMINPUTS  # Standard Model inputs
         1     1.27934000E+02   # alpha_em (M_Z)^MSbar
         2     1.16637000E-05   # G_F [GeV^-2]
         3     1.17200000E-01   # alpha_S(M_Z)^MSbar
         4     9.11876000E+01   # M_Z pole mass
         5     4.25000000E+00   # mb(mb)^MSbar
         6     1.73300000E+02   # mt pole mass
         7     1.77700000E+00   # mtau pole mass
#
BLOCK EXTPAR  # Extra Input parameters
         0     2.32138282E+16   # Unification Scale
#
BLOCK MASS  # Mass Spectrum
# PDG code           mass       particle
        24     8.05095651E+01   # W+
        25     1.16311499E+02   # h
        35     8.90768947E+02   # H
        36     8.90882724E+02   # A
        37     8.94843671E+02   # H+
   1000001     1.44136693E+03   # ~d_L
   2000001     1.42132616E+03   # ~d_R
   1000002     1.43925056E+03   # ~u_L
   2000002     1.42228899E+03   # ~u_R
   1000003     1.44125739E+03   # ~s_L
   2000003     1.42101141E+03   # ~s_R
   1000004     1.43912848E+03   # ~c_L
   2000004     1.42223224E+03   # ~c_R
   1000005     1.13406679E+03   # ~b_1
   2000005     1.25659968E+03   # ~b_2
   1000006     9.46489459E+02   # ~t_1
   2000006     1.16767349E+03   # ~t_2
   1000011     1.18244948E+03   # ~e_L
   2000011     1.16152224E+03   # ~e_R
   1000012     1.17691767E+03   # ~nu_eL
   1000013     1.18057193E+03   # ~mu_L
   2000013     1.16072906E+03   # ~mu_R
   1000014     1.17781728E+03   # ~nu_muL
   1000015     9.55864308E+02   # ~tau_1
   2000015     1.08999889E+03   # ~tau_2
   1000016     1.08609476E+03   # ~nu_tauL
   1000021     1.05138622E+03   # ~g
   1000022     1.76357993E+02   # ~chi_10
   1000023     3.30981809E+02   # ~chi_20
   1000025     5.85851771E+02   # ~chi_30
   1000035     5.96376462E+02   # ~chi_40
   1000024     3.21907547E+02   # ~chi_1+
   1000037     5.92417806E+02   # ~chi_2+
#
BLOCK NMIX  # Neutralino Mixing Matrix
  1  1     9.95559456E-01   # N_11
  1  2    -1.60110852E-02   # N_12
  1  3     8.81233579E-02   # N_13
  1  4    -2.89704623E-02   # N_14
  2  1     3.66233004E-02   # N_21
  2  2     9.72372988E-01   # N_22
  2  3    -1.98568919E-01   # N_23
  2  4     1.17131937E-01   # N_24
  3  1     4.05658907E-02   # N_31
  3  2    -5.95427308E-02   # N_32
  3  3    -7.02023506E-01   # N_33
  3  4    -7.08499872E-01   # N_34
  4  1    -7.66453595E-02   # N_41
  4  2     2.25142356E-01   # N_42
  4  3     6.78209153E-01   # N_43
  4  4    -6.95319173E-01   # N_44
#
BLOCK UMIX  # Chargino Mixing Matrix U
  1  1     9.62554648E-01   # U_11
  1  2    -2.71087715E-01   # U_12
  2  1     2.71087715E-01   # U_21
  2  2     9.62554648E-01   # U_22
#
BLOCK VMIX  # Chargino Mixing Matrix V
  1  1     9.87754565E-01   # V_11
  1  2    -1.56015764E-01   # V_12
  2  1     1.56015764E-01   # V_21
  2  2     9.87754565E-01   # V_22
#
BLOCK STOPMIX  # Stop Mixing Matrix
  1  1     3.40070274E-01   # STOPMIX_11
  1  2     9.40400026E-01   # STOPMIX_12
  2  1    -9.40400026E-01   # STOPMIX_21
  2  2     3.40070274E-01   # STOPMIX_22
#
BLOCK SBOTMIX  # Sbottom Mixing Matrix
  1  1     9.70408532E-01   # SBOTMIX_11
  1  2     2.41469007E-01   # SBOTMIX_12
  2  1    -2.41469007E-01   # SBOTMIX_21
  2  2     9.70408532E-01   # SBOTMIX_22
#
BLOCK STAUMIX  # Stau Mixing Matrix
  1  1     1.55123283E-01   # STAUMIX_11
  1  2     9.87895119E-01   # STAUMIX_12
  2  1    -9.87895119E-01   # STAUMIX_21
  2  2     1.55123283E-01   # STAUMIX_22
#
BLOCK ALPHA  # Higgs mixing
          -2.59755980E-02   # Mixing angle in the neutral Higgs boson sector
#
BLOCK HMIX Q=  1.02517082E+03  # DRbar Higgs Parameters
     1     5.77986846E+02   # mu(Q)
     2     3.92029466E+01   # tanbeta(Q)
     3     2.43599514E+02   # vev(Q)
     4     9.57661688E+05   # MA^2(Q)
#
BLOCK GAUGE Q=  1.02517082E+03  # The gauge couplings
     1     3.62048361E-01   # gprime(Q) DRbar
     2     6.43337491E-01   # g(Q) DRbar
     3     1.06078994E+00   # g_3(Q) DRbar
#
BLOCK AU Q=  1.02517082E+03  # The trilinear couplings
  1  1    -1.31582088E+03   # A_u(Q) DRbar
  2  2    -1.31572430E+03   # A_c(Q) DRbar
  3  3    -8.96142299E+02   # A_t(Q) DRbar
#
BLOCK AD Q=  1.02517082E+03  # The trilinear couplings
  1  1    -1.51970905E+03   # A_d(Q) DRbar
  2  2    -1.51947758E+03   # A_s(Q) DRbar
  3  3    -1.26053029E+03   # A_b(Q) DRbar
#
BLOCK AE Q=  1.02517082E+03  # The trilinear couplings
  1  1    -5.82517631E+02   # A_e(Q) DRbar
  2  2    -5.82209302E+02   # A_mu(Q) DRbar
  3  3    -4.88711320E+02   # A_tau(Q) DRbar
#
BLOCK YU Q=  1.02517082E+03  # The top Yukawa coupling
  3  3     8.51972226E-01   # y_top(Q) DRbar
#
BLOCK YD Q=  1.02517082E+03  # The down Yukawa coupling
  3  3     5.15484475E-01   # y_b(Q) DRbar
#
BLOCK YE Q=  1.02517082E+03  # The tau Yukawa coupling
  3  3     4.10986662E-01   # y_tau(Q) DRbar
#
BLOCK MSOFT Q=  1.02517082E+03  # soft SUSY breaking masses at scale Q
         1     1.78870231E+02   # M_1
         2     3.32075051E+02   # M_2
         3     9.50525957E+02   # M_3
        21     4.93695444E+05   # M^2_Hd
        22    -3.20431753E+05   # M^2_Hu
        31     1.17830134E+03   # M_eL
        32     1.17800661E+03   # M_muL
        33     1.08632111E+03   # M_tauL
        34     1.15937777E+03   # M_eR
        35     1.15877530E+03   # M_muR
        36     9.61255309E+02   # M_tauR
        41     1.41479748E+03   # M_q1L
        42     1.41465414E+03   # M_q2L
        43     1.11499759E+03   # M_q3L
        44     1.39885510E+03   # M_uR
        45     1.39882924E+03   # M_cR
        46     9.32362537E+02   # M_tR
        47     1.39716138E+03   # M_dR
        48     1.39689431E+03   # M_sR
        49     1.22999790E+03   # M_bR
#
BLOCK SuSeFLAVLOWENERGY   #  PARAMETERS 
         1     3.40062298E-03   # Delta rho parameter
         2     1.02395238E-09   # g_mu - 2
         3     0.00000000E+00   # Br(b -> s gamma)
         4     0.00000000E+00   # Br(tau -> mu gamma)
         5     0.00000000E+00   # Br(tau -> e gamma)
         6     0.00000000E+00   # Br(mu -> e gamma)
         7     0.00000000E+00   # Br(tau -> mu mu mu)
         8     0.00000000E+00   # Br(tau -> e e e)
         9     0.00000000E+00   # Br(mu -> e e e)
#
BLOCK FINETUNE  # Fine Tuning
         1     7.56779408E+01   # delta mZ^2/mZ^2 (mu^2)
         2     3.78391151E+01   # delta mt/mt (mu^2)
