 ******** Begin Program SuSeFLAV ************
           model =    mSUG
            loop =    2
         tanbeta =    4.0000E+01
             m0  =    1.0000E+03
             a0  =   -5.0000E+02
             M12 =    3.5000E+02
             m10 =    1.0000E+03
             m20 =    1.0000E+03
         sign mu =    1.0000E+00
            qmix =    0
   top pole mass =    1.7330E+02
 ********************************************
 
  up-type yukawa at high energy:
     2.6009E-06    0.0000E+00    0.0000E+00
     0.0000E+00    2.6011E-03    0.0000E+00
     0.0000E+00    0.0000E+00    4.6347E-01
 
  down-type yukawa at high energy:
     3.4876E-04    0.0000E+00    0.0000E+00
     0.0000E+00    6.9761E-03    0.0000E+00
     0.0000E+00    0.0000E+00    2.0827E-01
 
  lepton-type yukawa at high energy:
     7.8829E-05    0.0000E+00    0.0000E+00
     0.0000E+00    1.6471E-02    0.0000E+00
     0.0000E+00    0.0000E+00    3.1676E-01
 
  nuetrino yukawa at high energy:
     0.0000E+00    0.0000E+00    0.0000E+00
     0.0000E+00    0.0000E+00    0.0000E+00
     0.0000E+00    0.0000E+00    0.0000E+00
 
  up-type yukawa at msusy :
     6.6404E-06    0.0000E+00    0.0000E+00
     0.0000E+00    6.6405E-03    0.0000E+00
     0.0000E+00    0.0000E+00    8.5811E-01
 
  down-type yukawa at msusy :
     1.0380E-03    0.0000E+00    0.0000E+00
     0.0000E+00    2.0761E-02    0.0000E+00
     0.0000E+00    0.0000E+00    5.1828E-01
 
  lepton-type yukawa at msusy :
     1.1274E-04    0.0000E+00    0.0000E+00
     0.0000E+00    2.3550E-02    0.0000E+00
     0.0000E+00    0.0000E+00    4.1073E-01
 
  Spectrum at msusy, q =   8.6825E+02
              alpha_1  =   3.6168E-01
              alpha_2  =   6.4419E-01
              alpha_3  =   1.0698E+00
               vev1    =   6.2092E+00
               vev2    =   2.4367E+02
           newtbeta    =   3.9244E+01
                  \mu  =   5.0433E+02
              ~gluino  =   8.7981E+02
               ~stop_1 =   7.9396E+02
               ~stop_2 =   9.9923E+02
             ~scharm_R =   1.2184E+03
             ~scharm_L =   1.2313E+03
                ~sup_R =   1.2185E+03
                ~sup_L =   1.2314E+03
           ~sbottom_1  =   9.6037E+02
           ~sbottom_2  =   1.0733E+03
           ~sstrange_R =   1.2178E+03
           ~sstrange_L =   1.2338E+03
             ~sdown_R  =   1.2181E+03
             ~sdown_L  =   1.2339E+03
               ~stau_1 =   8.2683E+02
               ~stau_2 =   9.4466E+02
               ~smu_R  =   1.0085E+03
               ~smu_L  =   1.0238E+03
              ~sel_R   =   1.0093E+03
              ~sel_L   =   1.0255E+03
              ~tausnu  =   9.3885E+02
                ~musnu =   1.0205E+03
                ~elsnu =   1.0198E+03
 
 Higgs Spectrum
                 mA0   =   7.6888E+02
            mh_charged =   7.7339E+02
                 mh0   =   1.1524E+02
                  mH   =   7.6875E+02
            \alpha_h   =  -2.6076E-02
 
 Neutralino spectrum
                  N1   =   1.4485E+02
                  N2   =   2.7037E+02
                  N3   =   5.1283E+02
                  N4   =   5.2351E+02
 
 Chargino spectrum
                  C1   =   2.6287E+02
                  C2   =   5.2021E+02
 
  Low Energy Observables 
   Fine tuning, Cmz^2mu^2   =    5.7816E+01
   Fine tuning, Cmt^2mu^2   =    2.8908E+01
        Br(B  => s,gamma)   =    0.0000E+00
       Br(mu  => e,gamma)   =    0.0000E+00 X 10^(-11)
       Br(tau => mu,gamma)  =    0.0000E+00 X 10^(-08)
       Br(tau => e,gamma)   =    0.0000E+00 X 10^(-07)
         Br(tau => e,e,e)   =    0.0000E+00 X 10^(-07)
      Br(tau => mu,mu,mu)   =    0.0000E+00 X 10^(-07)
          Br(mu => e,e,e)   =    0.0000E+00 X 10^(-12)
        Br(mu => e in Ti)   =    0.0000E+00 X 10^(-12)
            (g_mu - 2)      =    1.3725E+01 X 10^(-10)
------------------------------
flag for the point is  AOK                                                                                                
 --------------------------------------------------
 FLAGS AND THEIR MEANINGS
 AOK = Everything is fine.
 BMUNEG = B_mu is negative at Msusy.
 REWSB = |\mu|^2 < 0 at Msusy.
 MUNOC = Non-convergent |\mu| at Msusy.
 SW2NOC = Non-convergent Sin^2_thetaw at Mz.
 NPERTYUK = Non-perturbative yukawa.
 TACSPEC = Spectrum is tachyonic at Msusy.
 TACSPECMZ = Spectrum is tachyonic at Mz.
 FSNC = Final spectrum non-convergent.
 TACMh = Lightest CP-even neutral higgs tachyonic.
 TACMH = Heaviest CP-even neutral higgs tachyonic.
 TACMA = CP-odd neutral higgs tachyonic.
 TACMHCH = Charged higgs tachyonic.
 VARUNDER = Stepsize is zero while integrating the RGEs.
 TACSUP = SUP sector tachyonic.
 TACSDN = SDOWN sector tachyonic.
 TACSLP = SLEPTON sector tachyonic.
 TACSNU = SNEUTRINO sector tachyonic.
 LEPH = Lightest higgs mass below LEP limit.
 LEPC = Lightest chargino mass < 103.5 GeV.
 LSPSTAU = Lightest stau is LSP.
 --------------------------------------------------
