# Spectrum Output in SUSY Les Houches Accord 2
# SuSeFLAV v1.2.0 
# D. Chowdhury, R. Garani and S. K. Vempati, hep-ph/1109.3551 
# For bug reports or any other queries please send email to suseflav@cts.iisc.ernet.in 
# Created on 18.06.2012 at 17:08 Hrs
#
BLOCK SPINFO  #  Program information
     1   SuSeFLAV     # Spectrum calculator
     2   1.2.0        # Version number
#
BLOCK MODSEL  #  MODEL NAME
     1      1   # mSUGRA
     3      4   # mSUGRA + RHN   
     6      3   # Lepton and quark flavor is violated
#
BLOCK MINPAR  # Input parameters
         1     5.00000000E+02   #  m0                 
         2     1.05000000E+03   #  m_1/2              
         3     1.00000000E+01   #  tanbeta(mz)        
         4     1.00000000E+00   #  sign(mu)           
         5     0.00000000E+00   #  A0                 
#
BLOCK SMINPUTS  # Standard Model inputs
         1     1.27934000E+02   # alpha_em (M_Z)^MSbar
         2     1.16639000E-05   # G_F [GeV^-2]
         3     1.17200000E-01   # alpha_S(M_Z)^MSbar
         4     9.11876000E+01   # M_Z pole mass
         5     4.23000000E+00   # mb(mb)^MSbar
         6     1.72700000E+02   # mt pole mass
         7     1.77000000E+00   # mtau pole mass
#
BLOCK EXTPAR  # Extra Input parameters
         0     1.68517756E+16   # Unification Scale
#
BLOCK MASS  # Mass Spectrum
# PDG code           mass       particle
        24     8.05116476E+01   # W+
        25     1.18655526E+02   # h
        35     1.47301765E+03   # H
        36     1.47257368E+03   # A
        37     1.47535616E+03   # H+
   1000001     1.90627592E+03   # ~d_1
   1000003     1.97142505E+03   # ~d_2
   1000005     1.98007131E+03   # ~d_3
   2000001     1.98008768E+03   # ~d_4
   2000003     2.07139150E+03   # ~d_5
   2000005     2.07141457E+03   # ~d_6
   1000002     1.61961755E+03   # ~u_1
   1000004     1.92925278E+03   # ~u_2
   1000006     1.98964665E+03   # ~u_3
   2000002     1.98973864E+03   # ~u_4
   2000004     2.06997664E+03   # ~u_5
   2000006     2.06998469E+03   # ~u_6
   1000011     6.28420305E+02   # ~l_1
   1000013     6.36586930E+02   # ~l_2
   1000015     6.36614656E+02   # ~l_3
   2000011     8.42783909E+02   # ~l_4
   2000013     8.49950784E+02   # ~l_5
   2000015     8.49959564E+02   # ~l_6
   1000012     8.38359008E+02   # ~nu_1
   1000014     8.46436239E+02   # ~nu_2
   1000016     8.46448836E+02   # ~nu_3
   1000021     2.30089319E+03   # ~g
   1000022     4.44206442E+02   # ~chi_10
   1000023     8.30814120E+02   # ~chi_20
   1000025     1.21925795E+03   # ~chi_30
   1000035     1.22803191E+03   # ~chi_40
   1000024     8.14579316E+02   # ~chi_1+
   1000037     1.21790146E+03   # ~chi_2+
#
BLOCK NMIX  # Neutralino Mixing Matrix
  1  1     9.98788310E-01   # N_11
  1  2    -5.26742704E-03   # N_12
  1  3     4.45853444E-02   # N_13
  1  4    -2.01572277E-02   # N_14
  2  1     1.28374587E-02   # N_21
  2  2     9.87150234E-01   # N_22
  2  3    -1.28259370E-01   # N_23
  2  4     9.44412425E-02   # N_24
  3  1     1.71093239E-02   # N_31
  3  2    -2.42644672E-02   # N_32
  3  3    -7.06033818E-01   # N_33
  3  4    -7.07555478E-01   # N_34
  4  1    -4.43213633E-02   # N_41
  4  2     1.57854061E-01   # N_42
  4  3     6.95038078E-01   # N_43
  4  4    -7.00028416E-01   # N_44
#
BLOCK UMIX  # Chargino Mixing Matrix U
  1  1     9.84565641E-01   # U_11
  1  2    -1.75015712E-01   # U_12
  2  1     1.75015712E-01   # U_21
  2  2     9.84565641E-01   # U_22
#
BLOCK VMIX  # Chargino Mixing Matrix V
  1  1     9.91852190E-01   # V_11
  1  2    -1.27394005E-01   # V_12
  2  1     1.27394005E-01   # V_21
  2  2     9.91852190E-01   # V_22
#
BLOCK USQMIX  # squark Mixing Matrix
  1  1     8.25129796E-04   # USQMIX_11
  1  2    -3.91650372E-03   # USQMIX_12
  1  3     2.52871535E-01   # USQMIX_13
  1  4     4.10061245E-04   # USQMIX_14
  1  5    -1.98135474E-03   # USQMIX_15
  1  6     9.67489469E-01   # USQMIX_16
  2  1     9.31455657E-03   # USQMIX_21
  2  2    -4.51147901E-02   # USQMIX_22
  2  3     9.65473970E-01   # USQMIX_23
  2  4     8.90631375E-03   # USQMIX_24
  2  5    -4.28746398E-02   # USQMIX_25
  2  6    -2.52626899E-01   # USQMIX_26
  3  1     4.21235405E-05   # USQMIX_31
  3  2     1.52315935E-04   # USQMIX_32
  3  3     2.04876373E-03   # USQMIX_33
  3  4     9.68323518E-01   # USQMIX_34
  3  5     2.49690115E-01   # USQMIX_35
  3  6    -4.33968026E-04   # USQMIX_36
  4  1     7.12945119E-04   # USQMIX_41
  4  2     4.75014973E-03   # USQMIX_42
  4  3     4.30797232E-02   # USQMIX_43
  4  4    -2.49535548E-01   # USQMIX_44
  4  5     9.67351681E-01   # USQMIX_45
  4  6    -9.15423746E-03   # USQMIX_46
  5  1     9.73968728E-01   # USQMIX_51
  5  2     2.26672520E-01   # USQMIX_52
  5  3     1.06195384E-03   # USQMIX_53
  5  4     3.79197931E-04   # USQMIX_54
  5  5    -1.78220588E-03   # USQMIX_55
  5  6    -1.94432527E-04   # USQMIX_56
  6  1    -2.26488334E-01   # USQMIX_61
  6  2     9.72906110E-01   # USQMIX_62
  6  3     4.53300318E-02   # USQMIX_63
  6  4     1.39304176E-03   # USQMIX_64
  6  5    -6.34301739E-03   # USQMIX_65
  6  6    -7.72984232E-03   # USQMIX_66
#
BLOCK DSQMIX  # squark Mixing Matrix
  1  1     8.18638052E-03   # DSQMIX_11
  1  2    -3.94268625E-02   # DSQMIX_12
  1  3     9.90697256E-01   # DSQMIX_13
  1  4    -5.97732685E-06   # DSQMIX_14
  1  5    -1.55684675E-04   # DSQMIX_15
  1  6     1.29990111E-01   # DSQMIX_16
  2  1    -1.74412784E-03   # DSQMIX_21
  2  2     8.40229225E-03   # DSQMIX_22
  2  3    -1.29747879E-01   # DSQMIX_23
  2  4     4.94037022E-06   # DSQMIX_24
  2  5     3.27563434E-04   # DSQMIX_25
  2  6     9.91509829E-01   # DSQMIX_26
  3  1     2.72497956E-06   # DSQMIX_31
  3  2     3.81070216E-03   # DSQMIX_32
  3  3     3.50346274E-04   # DSQMIX_33
  3  4    -9.06579685E-06   # DSQMIX_34
  3  5     9.99992628E-01   # DSQMIX_35
  3  6    -3.16807922E-04   # DSQMIX_36
  4  1     1.91314507E-04   # DSQMIX_41
  4  2    -4.26790903E-07   # DSQMIX_42
  4  3     4.96136847E-06   # DSQMIX_43
  4  4     9.99999982E-01   # DSQMIX_44
  4  5     9.06396430E-06   # DSQMIX_45
  4  6    -3.99627822E-06   # DSQMIX_46
  5  1    -1.64437025E-01   # DSQMIX_51
  5  2     9.85522110E-01   # DSQMIX_52
  5  3     4.10085810E-02   # DSQMIX_53
  5  4     3.16974372E-05   # DSQMIX_54
  5  5    -3.77051484E-03   # DSQMIX_55
  5  6    -3.27322289E-03   # DSQMIX_56
  6  1     9.86352052E-01   # DSQMIX_61
  6  2     1.64640739E-01   # DSQMIX_62
  6  3    -1.61523918E-03   # DSQMIX_63
  6  4    -1.88618959E-04   # DSQMIX_64
  6  5    -6.29484298E-04   # DSQMIX_65
  6  6     1.28690337E-04   # DSQMIX_66
#
BLOCK SELMIX  # Slepton Mixing Matrix
  1  1     1.65473929E-05   # SELMIX_11
  1  2    -7.97533705E-05   # SELMIX_12
  1  3     6.85378594E-02   # SELMIX_13
  1  4     2.73021565E-08   # SELMIX_14
  1  5    -1.41294262E-05   # SELMIX_15
  1  6     9.97648513E-01   # SELMIX_16
  2  1    -4.71684579E-08   # SELMIX_21
  2  2     4.04357867E-03   # SELMIX_22
  2  3    -4.06650992E-06   # SELMIX_23
  2  4    -1.03737219E-08   # SELMIX_24
  2  5     9.99991825E-01   # SELMIX_25
  2  6     1.47652306E-05   # SELMIX_26
  3  1     1.93583545E-05   # SELMIX_31
  3  2    -1.56912070E-10   # SELMIX_32
  3  3     1.19780165E-08   # SELMIX_33
  3  4     1.00000000E+00   # SELMIX_34
  3  5     1.03758240E-08   # SELMIX_35
  3  6    -2.85103420E-08   # SELMIX_36
  4  1     6.50069800E-03   # SELMIX_41
  4  2    -3.13312436E-02   # SELMIX_42
  4  3     9.97137449E-01   # SELMIX_43
  4  4    -1.39745940E-07   # SELMIX_44
  4  5     1.31758099E-04   # SELMIX_45
  4  6    -6.85053603E-02   # SELMIX_46
  5  1    -7.70507373E-02   # SELMIX_51
  5  2     9.96513690E-01   # SELMIX_52
  5  3     3.16705767E-02   # SELMIX_53
  5  4     1.49133459E-06   # SELMIX_54
  5  5    -4.02935836E-03   # SELMIX_55
  5  6    -2.09486620E-03   # SELMIX_56
  6  1     9.97005980E-01   # SELMIX_61
  6  2     7.72169802E-02   # SELMIX_62
  6  3    -4.05512338E-03   # SELMIX_63
  6  4    -1.93003237E-05   # SELMIX_64
  6  5    -3.12208910E-04   # SELMIX_65
  6  6     2.68216237E-04   # SELMIX_66
#
BLOCK SNUMIX  # Sneutrino Mixing Matrix
  1  1     5.80655726E-03   # SNUMIX_11
  1  2    -2.79945002E-02   # SNUMIX_12
  1  3     9.99591212E-01   # SNUMIX_13
  2  1    -6.60560288E-02   # SNUMIX_21
  2  2     9.97414024E-01   # SNUMIX_22
  2  3     2.83172409E-02   # SNUMIX_23
  3  1     9.97799020E-01   # SNUMIX_31
  3  2     6.61934516E-02   # SNUMIX_32
  3  3    -3.94233613E-03   # SNUMIX_33
#
BLOCK ALPHA  # Higgs mixing
          -1.04807140E-01   # Mixing angle in the neutral Higgs boson sector
#
BLOCK HMIX Q=  1.76792082E+03  # DRbar Higgs Parameters
     1     1.21051585E+03   # mu(Q)
     2     9.59484578E+00   # tanbeta(Q)
     3     2.43594480E+02   # vev(Q)
     4     2.24259992E+06   # MA^2(Q)
#
BLOCK GAUGE Q=  1.76792082E+03  # The gauge couplings
     1     3.63664244E-01   # gprime(Q) DRbar
     2     6.40497788E-01   # g(Q) DRbar
     3     1.02972000E+00   # g_3(Q) DRbar
#
BLOCK TU Q=  1.76792082E+03  # The trilinear couplings
  1  1    -1.79750974E-01   # TURG_11
  1  2    -4.15813958E-02   # TURG_12
  1  3    -5.67734028E-04   # TURG_13
  2  1     4.15772092E+01   # TURG_21
  2  2    -1.79748256E+02   # TURG_22
  2  3    -7.62879812E+00   # TURG_23
  3  1    -1.58196453E+02   # TURG_31
  3  2     7.61857366E+02   # TURG_32
  3  3    -1.84287504E+04   # TURG_33
#
BLOCK TD Q=  1.76792082E+03  # The trilinear couplings
  1  1    -8.51397694E+00   # TDRG_11
  1  2    -1.36005765E-04   # TDRG_12
  1  3     3.18271006E-03   # TDRG_13
  2  1    -2.72011656E-03   # TDRG_21
  2  2    -1.70266226E+02   # TDRG_22
  2  3    -3.06556112E-01   # TDRG_23
  3  1     1.62862180E+00   # TDRG_31
  3  2    -7.84337444E+00   # TDRG_32
  3  3    -4.15085876E+03   # TDRG_33
#
BLOCK TE Q=  1.76792082E+03  # The trilinear couplings
  1  1    -2.11955128E-01   # TERG_11
  1  2    -3.90197269E-08   # TERG_12
  1  3    -5.07155213E-07   # TERG_13
  2  1    -8.15021184E-06   # TERG_21
  2  2    -4.42734313E+01   # TERG_22
  2  3     5.09888560E-04   # TERG_23
  3  1    -1.91410567E-03   # TERG_31
  3  2     9.21152570E-03   # TERG_32
  3  3    -7.57156790E+02   # TERG_33
#
BLOCK YU Q=  1.76792082E+03  # The top Yukawa coupling
  1  1     6.36372486E-06   # YU_11
  1  2     1.47194724E-06   # YU_12
  1  3     2.39109412E-08   # YU_13
  2  1    -1.47198088E-03   # YU_21
  2  2     6.36374837E-03   # YU_22
  2  3     2.69307114E-04   # YU_23
  3  1     7.11991434E-03   # YU_31
  3  2    -3.42888666E-02   # YU_32
  3  3     8.31240570E-01   # YU_33
#
BLOCK YD Q=  1.76792082E+03  # The down Yukawa coupling
  1  1     2.49346299E-04   # YD_11
  1  2    -1.22101873E-09   # YD_12
  1  3     2.84773932E-08   # YD_13
  2  1    -2.44203820E-08   # YD_21
  2  2     4.98704606E-03   # YD_22
  2  3    -2.74291453E-06   # YD_23
  3  1     1.45706055E-05   # YD_31
  3  2    -7.01712994E-05   # YD_32
  3  3     1.29391328E-01   # YD_33
#
BLOCK YE Q=  1.76792082E+03  # The tau Yukawa coupling
  1  1     2.76256558E-05   # YE_11
  1  2    -1.05631505E-11   # YE_12
  1  3     3.76150079E-10   # YE_13
  2  1    -2.20654856E-09   # YE_21
  2  2     5.77059477E-03   # YE_22
  2  3    -3.78376031E-07   # YE_23
  3  1     1.36093124E-06   # YE_31
  3  2    -6.55360237E-06   # YE_32
  3  3     9.93300911E-02   # YE_33
#
BLOCK MSOFT Q=  1.76792082E+03  # soft SUSY breaking masses at scale Q
         1     4.52272169E+02   # M_1
         2     8.25857992E+02   # M_2
         3     2.23418193E+03   # M_3
        21     6.54525515E+05   # M^2_Hd
        22    -1.39822424E+06   # M^2_Hu
        31     8.48771373E+02   # M_eL
        32     8.48752909E+02   # M_muL
        33     8.40710839E+02   # M_tauL
        34     6.35104928E+02   # M_eR
        35     6.35081210E+02   # M_muR
        36     6.28068880E+02   # M_tauR
        41     2.07060684E+03   # M_q1L
        42     2.07034121E+03   # M_q2L
        43     1.90681513E+03   # M_q3L
        44     1.98996941E+03   # M_uR
        45     1.98994687E+03   # M_cR
        46     1.63545678E+03   # M_tR
        47     1.97992607E+03   # M_dR
        48     1.97991106E+03   # M_sR
        49     1.97017944E+03   # M_bR
#
BLOCK MSQ2 Q=  1.76792082E+03  # M^2_Q soft SUSY breaking masses
  1  1     4.28741268E+06   # mSQRG_11
  1  2     2.33416605E+02   # mSQRG_12
  1  3    -5.41820177E+03   # mSQRG_13
  2  1     2.33416605E+02   # mSQRG_21
  2  2     4.28631272E+06   # mSQRG_22
  2  3     2.60937547E+04   # mSQRG_23
  3  1    -5.41820177E+03   # mSQRG_31
  3  2     2.60937547E+04   # mSQRG_32
  3  3     3.63594396E+06   # mSQRG_33
#
BLOCK MSU2 Q=  1.76792082E+03  # M^2_U soft SUSY breaking masses
  1  1     3.95997824E+06   # mSURG_11
  1  2    -1.31181734E-05   # mSURG_12
  1  3    -2.73086895E-02   # mSURG_13
  2  1    -1.31181734E-05   # mSURG_21
  2  2     3.95988853E+06   # mSURG_22
  2  3     9.47652700E+00   # mSURG_23
  3  1    -2.73086895E-02   # mSURG_31
  3  2     9.47652700E+00   # mSURG_32
  3  3     2.67471889E+06   # mSURG_33
#
BLOCK MSD2 Q=  1.76792082E+03  # M^2_D soft SUSY breaking masses
  1  1     3.92010724E+06   # mSDRG_11
  1  2    -1.30634863E-05   # mSDRG_12
  1  3     7.85088841E-03   # mSDRG_13
  2  1    -1.30634863E-05   # mSDRG_21
  2  2     3.92004780E+06   # mSDRG_22
  2  3    -7.56194355E-01   # mSDRG_23
  3  1     7.85088841E-03   # mSDRG_31
  3  2    -7.56194355E-01   # mSDRG_32
  3  3     3.88160702E+06   # mSDRG_33
#
BLOCK MSL2 Q=  1.76792082E+03  # M^2_L soft SUSY breaking masses
  1  1     7.20412844E+05   # mSLRG_11
  1  2     3.62048336E+00   # mSLRG_12
  1  3    -7.90700062E+01   # mSLRG_13
  2  1     3.62048336E+00   # mSLRG_21
  2  2     7.20381501E+05   # mSLRG_22
  2  3     3.80801338E+02   # mSLRG_23
  3  1    -7.90700062E+01   # mSLRG_31
  3  2     3.80801338E+02   # mSLRG_32
  3  3     7.06794715E+05   # mSLRG_33
#
BLOCK MSE2 Q=  1.76792082E+03  # M^2_E soft SUSY breaking masses
  1  1     4.03358270E+05   # mSERG_11
  1  2     1.12304843E-07   # mSERG_12
  1  3     5.00084515E-06   # mSERG_13
  2  1     1.12304843E-07   # mSERG_21
  2  2     4.03328144E+05   # mSERG_22
  2  3     4.29658470E-02   # mSERG_23
  3  1     5.00084515E-06   # mSERG_31
  3  2     4.29658470E-02   # mSERG_32
  3  3     3.94470518E+05   # mSERG_33
#
BLOCK SuSeFLAVLOWENERGY   #  PARAMETERS 
         1     3.07020158E-03   # Delta rho parameter
         2     1.84914098E-10   # g_mu - 2
         3     3.84304285E-04   # Br(b -> s gamma)
         4     5.96552316E-14   # Br(tau -> mu gamma)
         5     2.56294935E-15   # Br(tau -> e gamma)
         6     3.10442489E-17   # Br(mu -> e gamma)
         7     1.83211250E-16   # Br(tau -> mu mu mu)
         8     3.05803464E-17   # Br(tau -> e e e)
         9     2.25765994E-19   # Br(mu -> e e e)
#
BLOCK FINETUNE  # Fine Tuning
         1     3.53561081E+02   # delta mZ^2/mZ^2 (mu^2)
         2     1.76798653E+02   # delta mt/mt (mu^2)
