 ******** Begin Program SuSeFLAV ************
           model =    mSUG
            loop =    2
         tanbeta =    1.0000E+01
             m0  =    5.0000E+02
             a0  =    0.0000E+00
             M12 =    1.0500E+03
             m10 =    5.0000E+02
             m20 =    5.0000E+02
         sign mu =    1.0000E+00
            qmix =    1
   top pole mass =    1.7270E+02
             rhn =    1
            case =    CKM
             MR1 =    1.0000E+06
             MR2 =    1.0000E+09
             MR3 =    1.0000E+14
 ********************************************
 
  up-type yukawa at high energy:
     2.6401E-06    6.1056E-07    1.2205E-08
    -6.1068E-04    2.6401E-03    1.1119E-04
     3.8672E-03   -1.8624E-02    4.5212E-01
 
  down-type yukawa at high energy:
     7.9987E-05   -3.1319E-09    7.4082E-08
    -6.2638E-08    1.6000E-03   -7.1355E-06
     3.7936E-05   -1.8270E-04    4.5575E-02
 
  lepton-type yukawa at high energy:
     1.7539E-05   -1.3061E-10    3.1014E-09
    -2.7282E-08    3.6638E-03   -3.1200E-06
     1.1175E-05   -5.3818E-05    6.4559E-02
 
  nuetrino yukawa at high energy:
     3.1809E-06    7.3564E-07    1.4835E-08
    -7.3579E-04    3.1810E-03    1.3396E-04
     4.7106E-03   -2.2686E-02    5.5081E-01
 
  up-type yukawa at msusy :
     6.3637E-06    1.4719E-06    2.3911E-08
    -1.4720E-03    6.3637E-03    2.6931E-04
     7.1199E-03   -3.4289E-02    8.3124E-01
 
  down-type yukawa at msusy :
     2.4935E-04   -1.2210E-09    2.8477E-08
    -2.4420E-08    4.9870E-03   -2.7429E-06
     1.4571E-05   -7.0171E-05    1.2939E-01
 
  lepton-type yukawa at msusy :
     2.7626E-05   -1.0563E-11    3.7615E-10
    -2.2065E-09    5.7706E-03   -3.7838E-07
     1.3609E-06   -6.5536E-06    9.9330E-02
 
  Spectrum at msusy, q =   1.7679E+03
              alpha_1  =   3.6366E-01
              alpha_2  =   6.4050E-01
              alpha_3  =   1.0297E+00
               vev1    =   2.5253E+01
               vev2    =   2.4230E+02
           newtbeta    =   9.5948E+00
                  \mu  =   1.2105E+03
              ~gluino  =   2.3009E+03
               ~stop_1 =   1.6702E+03
               ~stop_2 =   1.9889E+03
             ~scharm_R =   2.0550E+03
             ~scharm_L =   2.1380E+03
                ~sup_R =   2.0550E+03
                ~sup_L =   2.1383E+03
           ~sbottom_1  =   1.9606E+03
           ~sbottom_2  =   2.0368E+03
           ~sstrange_R =   2.0460E+03
           ~sstrange_L =   2.1394E+03
             ~sdown_R  =   2.0461E+03
             ~sdown_L  =   2.1396E+03
               ~stau_1 =   6.3321E+02
               ~stau_2 =   8.5289E+02
               ~smu_R  =   6.4202E+02
               ~smu_L  =   8.6003E+02
              ~sel_R   =   6.4206E+02
              ~sel_L   =   8.6012E+02
              ~tausnu  =   8.4727E+02
                ~musnu =   8.5526E+02
                ~elsnu =   8.5520E+02
 
 Higgs Spectrum
                 mA0   =   1.4726E+03
            mh_charged =   1.4754E+03
                 mh0   =   1.1866E+02
                  mH   =   1.4730E+03
            \alpha_h   =  -1.0481E-01
 
 Neutralino spectrum
                  N1   =   4.4421E+02
                  N2   =   8.3081E+02
                  N3   =   1.2193E+03
                  N4   =   1.2280E+03
 
 Chargino spectrum
                  C1   =   8.1458E+02
                  C2   =   1.2179E+03
 
  Low Energy Observables 
   Fine tuning, Cmz^2mu^2   =    3.5356E+02
   Fine tuning, Cmt^2mu^2   =    1.7680E+02
        Br(B  => s,gamma)   =    3.8430E-04
       Br(mu  => e,gamma)   =    3.1044E-06 X 10^(-11)
       Br(tau => mu,gamma)  =    5.9655E-06 X 10^(-08)
       Br(tau => e,gamma)   =    2.5629E-08 X 10^(-07)
         Br(tau => e,e,e)   =    3.0580E-10 X 10^(-07)
      Br(tau => mu,mu,mu)   =    1.8321E-09 X 10^(-07)
          Br(mu => e,e,e)   =    2.2577E-07 X 10^(-12)
        Br(mu => e in Ti)   =    2.0425E-06 X 10^(-12)
            (g_mu - 2)      =    1.8491E+00 X 10^(-10)
------------------------------
flag for the point is  AOK                                                                                                
 --------------------------------------------------
 FLAGS AND THEIR MEANINGS
 AOK = Everything is fine.
 BMUNEG = B_mu is negative at Msusy.
 REWSB = |\mu|^2 < 0 at Msusy.
 MUNOC = Non-convergent |\mu| at Msusy.
 SW2NOC = Non-convergent Sin^2_thetaw at Mz.
 NPERTYUK = Non-perturbative yukawa.
 TACSPEC = Spectrum is tachyonic at Msusy.
 TACSPECMZ = Spectrum is tachyonic at Mz.
 FSNC = Final spectrum non-convergent.
 TACMh = Lightest CP-even neutral higgs tachyonic.
 TACMH = Heaviest CP-even neutral higgs tachyonic.
 TACMA = CP-odd neutral higgs tachyonic.
 TACMHCH = Charged higgs tachyonic.
 VARUNDER = Stepsize is zero while integrating the RGEs.
 TACSUP = SUP sector tachyonic.
 TACSDN = SDOWN sector tachyonic.
 TACSLP = SLEPTON sector tachyonic.
 TACSNU = SNEUTRINO sector tachyonic.
 LEPH = Lightest higgs mass below LEP limit.
 LEPC = Lightest chargino mass < 103.5 GeV.
 LSPSTAU = Lightest stau is LSP.
 --------------------------------------------------
