# Spectrum Output in SUSY Les Houches Accord 2
# SuSeFLAV v1.2.0 
# D. Chowdhury, R. Garani and S. K. Vempati, hep-ph/1109.3551 
# For bug reports or any other queries please send email to suseflav@cts.iisc.ernet.in 
# Created on 18.06.2012 at 11:51 Hrs
#
BLOCK SPINFO  #  Program information
     1   SuSeFLAV     # Spectrum calculator
     2   1.2.0        # Version number
#
BLOCK MODSEL  #  MODEL NAME
     1      2   # GMSB  
#
BLOCK MINPAR  # Input parameters
         1     9.90000000E+04   #  Lambda_susy        
         2     1.10000000E+05   #  Lambda_mess        
         3     1.50000000E+01   #  tanbeta(mz)        
         4     1.00000000E+00   #  sign(mu)           
         5     1.00000000E+00   #  N_mess             
         6     1.00000000E+00   #  c_grav             
#
BLOCK SMINPUTS  # Standard Model inputs
         1     1.27934000E+02   # alpha_em (M_Z)^MSbar
         2     1.16637000E-05   # G_F [GeV^-2]
         3     1.17200000E-01   # alpha_S(M_Z)^MSbar
         4     9.11876000E+01   # M_Z pole mass
         5     4.25000000E+00   # mb(mb)^MSbar
         6     1.73300000E+02   # mt pole mass
         7     1.77700000E+00   # mtau pole mass
#
#
BLOCK MASS  # Mass Spectrum
# PDG code           mass       particle
        24     8.05147546E+01   # W+
        25     1.12667439E+02   # h
        35     4.95381181E+02   # H
        36     4.95098496E+02   # A
        37     5.02015861E+02   # H+
   1000001     1.13250192E+03   # ~d_L
   2000001     1.08236041E+03   # ~d_R
   1000002     1.12985421E+03   # ~u_L
   2000002     1.08532688E+03   # ~u_R
   1000003     1.13249868E+03   # ~s_L
   2000003     1.08234997E+03   # ~s_R
   1000004     1.12985124E+03   # ~c_L
   2000004     1.08532329E+03   # ~c_R
   1000005     1.07359613E+03   # ~b_1
   2000005     1.09496454E+03   # ~b_2
   1000006     1.00999908E+03   # ~t_1
   2000006     1.10615782E+03   # ~t_2
   1000011     3.49700676E+02   # ~e_L
   2000011     1.76214752E+02   # ~e_R
   1000012     3.39935270E+02   # ~nu_eL
   1000013     3.49708364E+02   # ~mu_L
   2000013     1.76179234E+02   # ~mu_R
   1000014     3.39934701E+02   # ~nu_muL
   1000015     1.68806665E+02   # ~tau_1
   2000015     3.52057993E+02   # ~tau_2
   1000016     3.39668611E+02   # ~nu_tauL
   1000021     9.49964090E+02   # ~g
   1000022     1.62228450E+02   # ~chi_10
   1000023     3.04412342E+02   # ~chi_20
   1000025     5.05739717E+02   # ~chi_30
   1000035     5.22201015E+02   # ~chi_40
   1000024     2.99717615E+02   # ~chi_1+
   1000037     5.17805512E+02   # ~chi_2+
   1000039     2.58093000E-09   # ~gravitino
#
BLOCK NMIX  # Neutralino Mixing Matrix
  1  1     9.93364114E-01   # N_11
  1  2    -2.45169691E-02   # N_12
  1  3     1.04922984E-01   # N_13
  1  4    -4.02221735E-02   # N_14
  2  1     5.57308455E-02   # N_21
  2  2     9.55193838E-01   # N_22
  2  3    -2.43683405E-01   # N_23
  2  4     1.58484077E-01   # N_24
  3  1     4.37787254E-02   # N_31
  3  2    -6.38112441E-02   # N_32
  3  3    -7.01118753E-01   # N_33
  3  4    -7.08832873E-01   # N_34
  4  1    -9.05827449E-02   # N_41
  4  2     2.87978775E-01   # N_42
  4  3     6.61847459E-01   # N_43
  4  4    -6.86163925E-01   # N_44
#
BLOCK UMIX  # Chargino Mixing Matrix U
  1  1     9.40144286E-01   # U_11
  1  2    -3.40776644E-01   # U_12
  2  1     3.40776644E-01   # U_21
  2  2     9.40144286E-01   # U_22
#
BLOCK VMIX  # Chargino Mixing Matrix V
  1  1     9.75413385E-01   # V_11
  1  2    -2.20383141E-01   # V_12
  2  1     2.20383141E-01   # V_21
  2  2     9.75413385E-01   # V_22
#
BLOCK STOPMIX  # Stop Mixing Matrix
  1  1     2.61482804E-01   # STOPMIX_11
  1  2     9.65208135E-01   # STOPMIX_12
  2  1    -9.65208135E-01   # STOPMIX_21
  2  2     2.61482804E-01   # STOPMIX_22
#
BLOCK SBOTMIX  # Sbottom Mixing Matrix
  1  1     4.10952757E-01   # SBOTMIX_11
  1  2     9.11656641E-01   # SBOTMIX_12
  2  1    -9.11656641E-01   # SBOTMIX_21
  2  2     4.10952757E-01   # SBOTMIX_22
#
BLOCK STAUMIX  # Stau Mixing Matrix
  1  1     1.40259247E-01   # STAUMIX_11
  1  2     9.90114813E-01   # STAUMIX_12
  2  1    -9.90114813E-01   # STAUMIX_21
  2  2     1.40259247E-01   # STAUMIX_22
#
BLOCK ALPHA  # Higgs mixing
          -7.50266145E-02   # Mixing angle in the neutral Higgs boson sector
#
BLOCK HMIX Q=  1.03292996E+03  # DRbar Higgs Parameters
     1     4.98724159E+02   # mu(Q)
     2     1.44843431E+01   # tanbeta(Q)
     3     2.43582957E+02   # vev(Q)
     4     2.75685121E+05   # MA^2(Q)
#
BLOCK GAUGE Q=  1.03292996E+03  # The gauge couplings
     1     3.62970650E-01   # gprime(Q) DRbar
     2     6.45455090E-01   # g(Q) DRbar
     3     1.06482052E+00   # g_3(Q) DRbar
#
BLOCK AU Q=  1.03292996E+03  # The trilinear couplings
  1  1    -2.65585231E+02   # A_u(Q) DRbar
  2  2    -2.65583929E+02   # A_c(Q) DRbar
  3  3    -2.50327409E+02   # A_t(Q) DRbar
#
BLOCK AD Q=  1.03292996E+03  # The trilinear couplings
  1  1    -2.82564168E+02   # A_d(Q) DRbar
  2  2    -2.82562651E+02   # A_s(Q) DRbar
  3  3    -2.77034575E+02   # A_b(Q) DRbar
#
BLOCK AE Q=  1.03292996E+03  # The trilinear couplings
  1  1    -2.69440965E+01   # A_e(Q) DRbar
  2  2    -2.69438933E+01   # A_mu(Q) DRbar
  3  3    -2.68833411E+01   # A_tau(Q) DRbar
#
BLOCK YU Q=  1.03292996E+03  # The top Yukawa coupling
  3  3     8.59173238E-01   # y_top(Q) DRbar
#
BLOCK YD Q=  1.03292996E+03  # The down Yukawa coupling
  3  3     2.00904098E-01   # y_b(Q) DRbar
#
BLOCK YE Q=  1.03292996E+03  # The tau Yukawa coupling
  3  3     1.50772156E-01   # y_tau(Q) DRbar
#
BLOCK MSOFT Q=  1.03292996E+03  # soft SUSY breaking masses at scale Q
         1     1.66887991E+02   # M_1
         2     3.15454701E+02   # M_2
         3     8.62863875E+02   # M_3
        21    -6.38425059E+03   # M^2_Hd
        22    -2.31502480E+05   # M^2_Hu
        31     3.43073738E+02   # M_eL
        32     3.43072877E+02   # M_muL
        33     3.42815855E+02   # M_tauL
        34     1.65771520E+02   # M_eR
        35     1.65767926E+02   # M_muR
        36     1.64691325E+02   # M_tauR
        41     1.10099606E+03   # M_q1L
        42     1.10099131E+03   # M_q2L
        43     1.06518994E+03   # M_q3L
        44     1.05599619E+03   # M_uR
        45     1.05599202E+03   # M_cR
        46     9.83870294E+02   # M_tR
        47     1.05171436E+03   # M_dR
        48     1.05170858E+03   # M_sR
        49     1.04772656E+03   # M_bR
#
BLOCK SuSeFLAVLOWENERGY   #  PARAMETERS 
         1     4.20326491E-03   # Delta rho parameter
         2     1.95211632E-09   # g_mu - 2
         3     0.00000000E+00   # Br(b -> s gamma)
         4     0.00000000E+00   # Br(tau -> mu gamma)
         5     0.00000000E+00   # Br(tau -> e gamma)
         6     0.00000000E+00   # Br(mu -> e gamma)
         7     0.00000000E+00   # Br(tau -> mu mu mu)
         8     0.00000000E+00   # Br(tau -> e e e)
         9     0.00000000E+00   # Br(mu -> e e e)
#
BLOCK FINETUNE  # Fine Tuning
         1     5.86999557E+01   # delta mZ^2/mZ^2 (mu^2)
         2     2.92819795E+01   # delta mt/mt (mu^2)
