 ******** Begin Program SuSeFLAV ************
           model =    GMSB
            loop =    2
         tanbeta =    1.5000E+01
         lambda  =    9.9000E+04
   Messenger scale    1.1000E+05
   number of messen   1.0000E+00
         sign mu =    1.0000E+00
            qmix =    0
   top pole mass =    1.7330E+02
 ********************************************
 
 Invalid point LEPH                                                                                                
  up-type yukawa at high energy:
     5.7218E-06    0.0000E+00    0.0000E+00
     0.0000E+00    5.7218E-03    0.0000E+00
     0.0000E+00    0.0000E+00    7.8990E-01
 
  down-type yukawa at high energy:
     3.1251E-04    0.0000E+00    0.0000E+00
     0.0000E+00    6.2503E-03    0.0000E+00
     0.0000E+00    0.0000E+00    1.6831E-01
 
  lepton-type yukawa at high energy:
     3.9826E-05    0.0000E+00    0.0000E+00
     0.0000E+00    8.3190E-03    0.0000E+00
     0.0000E+00    0.0000E+00    1.4429E-01
 
  nuetrino yukawa at high energy:
     0.0000E+00    0.0000E+00    0.0000E+00
     0.0000E+00    0.0000E+00    0.0000E+00
     0.0000E+00    0.0000E+00    0.0000E+00
 
  up-type yukawa at msusy :
     6.6110E-06    0.0000E+00    0.0000E+00
     0.0000E+00    6.6110E-03    0.0000E+00
     0.0000E+00    0.0000E+00    8.5917E-01
 
  down-type yukawa at msusy :
     3.8158E-04    0.0000E+00    0.0000E+00
     0.0000E+00    7.6315E-03    0.0000E+00
     0.0000E+00    0.0000E+00    2.0090E-01
 
  lepton-type yukawa at msusy :
     4.1696E-05    0.0000E+00    0.0000E+00
     0.0000E+00    8.7097E-03    0.0000E+00
     0.0000E+00    0.0000E+00    1.5077E-01
 
  Spectrum at msusy, q =   1.0329E+03
              alpha_1  =   3.6297E-01
              alpha_2  =   6.4546E-01
              alpha_3  =   1.0648E+00
               vev1    =   1.6778E+01
               vev2    =   2.4302E+02
           newtbeta    =   1.4484E+01
                  \mu  =   4.9872E+02
              ~gluino  =   9.4996E+02
               ~stop_1 =   1.0100E+03
               ~stop_2 =   1.1062E+03
             ~scharm_R =   1.0853E+03
             ~scharm_L =   1.1299E+03
                ~sup_R =   1.0853E+03
                ~sup_L =   1.1299E+03
           ~sbottom_1  =   1.0736E+03
           ~sbottom_2  =   1.0950E+03
           ~sstrange_R =   1.0823E+03
           ~sstrange_L =   1.1325E+03
             ~sdown_R  =   1.0824E+03
             ~sdown_L  =   1.1325E+03
               ~stau_1 =   1.6881E+02
               ~stau_2 =   3.5206E+02
               ~smu_R  =   1.7618E+02
               ~smu_L  =   3.4971E+02
              ~sel_R   =   1.7621E+02
              ~sel_L   =   3.4970E+02
              ~tausnu  =   3.3967E+02
                ~musnu =   3.3993E+02
                ~elsnu =   3.3994E+02
 
 Higgs Spectrum
                 mA0   =   4.9510E+02
            mh_charged =   5.0202E+02
                 mh0   =   1.1267E+02
                  mH   =   4.9538E+02
            \alpha_h   =  -7.5027E-02
 
 Neutralino spectrum
                  N1   =   1.6223E+02
                  N2   =   3.0441E+02
                  N3   =   5.0574E+02
                  N4   =   5.2220E+02
 
 Chargino spectrum
                  C1   =   2.9972E+02
                  C2   =   5.1781E+02
 
  Low Energy Observables 
   Fine tuning, Cmz^2mu^2   =    5.8700E+01
   Fine tuning, Cmt^2mu^2   =    2.9282E+01
        Br(B  => s,gamma)   =    0.0000E+00
       Br(mu  => e,gamma)   =    0.0000E+00 X 10^(-11)
       Br(tau => mu,gamma)  =    0.0000E+00 X 10^(-08)
       Br(tau => e,gamma)   =    0.0000E+00 X 10^(-07)
         Br(tau => e,e,e)   =    0.0000E+00 X 10^(-07)
      Br(tau => mu,mu,mu)   =    0.0000E+00 X 10^(-07)
          Br(mu => e,e,e)   =    0.0000E+00 X 10^(-12)
        Br(mu => e in Ti)   =    0.0000E+00 X 10^(-12)
            (g_mu - 2)      =    1.9521E+01 X 10^(-10)
------------------------------
flag for the point is LEPH                                                                                                
 --------------------------------------------------
 FLAGS AND THEIR MEANINGS
 AOK = Everything is fine.
 BMUNEG = B_mu is negative at Msusy.
 REWSB = |\mu|^2 < 0 at Msusy.
 MUNOC = Non-convergent |\mu| at Msusy.
 SW2NOC = Non-convergent Sin^2_thetaw at Mz.
 NPERTYUK = Non-perturbative yukawa.
 TACSPEC = Spectrum is tachyonic at Msusy.
 TACSPECMZ = Spectrum is tachyonic at Mz.
 FSNC = Final spectrum non-convergent.
 TACMh = Lightest CP-even neutral higgs tachyonic.
 TACMH = Heaviest CP-even neutral higgs tachyonic.
 TACMA = CP-odd neutral higgs tachyonic.
 TACMHCH = Charged higgs tachyonic.
 VARUNDER = Stepsize is zero while integrating the RGEs.
 TACSUP = SUP sector tachyonic.
 TACSDN = SDOWN sector tachyonic.
 TACSLP = SLEPTON sector tachyonic.
 TACSNU = SNEUTRINO sector tachyonic.
 LEPH = Lightest higgs mass below LEP limit.
 LEPC = Lightest chargino mass < 103.5 GeV.
 LSPSTAU = Lightest stau is LSP.
 --------------------------------------------------
