# Spectrum Output in SUSY Les Houches Accord 2
# SuSeFLAV v1.2.0 
# D. Chowdhury, R. Garani and S. K. Vempati, hep-ph/1109.3551 
# For bug reports or any other queries please send email to suseflav@cts.iisc.ernet.in 
# Created on 18.06.2012 at 11:50 Hrs
#
BLOCK SPINFO  #  Program information
     1   SuSeFLAV     # Spectrum calculator
     2   1.2.0        # Version number
#
BLOCK MODSEL  #  MODEL NAME
     1      1   # mSUGRA
#
BLOCK MINPAR  # Input parameters
         1     4.00000000E+02   #  m0                 
         2     6.00000000E+02   #  m_1/2              
         3     1.00000000E+01   #  tanbeta(mz)        
         4     1.00000000E+00   #  sign(mu)           
         5     0.00000000E+00   #  A0                 
#
BLOCK SMINPUTS  # Standard Model inputs
         1     1.27934000E+02   # alpha_em (M_Z)^MSbar
         2     1.16637000E-05   # G_F [GeV^-2]
         3     1.17200000E-01   # alpha_S(M_Z)^MSbar
         4     9.11876000E+01   # M_Z pole mass
         5     4.25000000E+00   # mb(mb)^MSbar
         6     1.73300000E+02   # mt pole mass
         7     1.77700000E+00   # mtau pole mass
#
BLOCK EXTPAR  # Extra Input parameters
         0     1.21653529E+16   # Unification Scale
#
BLOCK MASS  # Mass Spectrum
# PDG code           mass       particle
        24     8.05123128E+01   # W+
        25     1.15738272E+02   # h
        35     9.12657265E+02   # H
        36     9.12348017E+02   # A
        37     9.16341427E+02   # H+
   1000001     1.29518216E+03   # ~d_L
   2000001     1.24464400E+03   # ~d_R
   1000002     1.29288255E+03   # ~u_L
   2000002     1.24881265E+03   # ~u_R
   1000003     1.29517256E+03   # ~s_L
   2000003     1.24463009E+03   # ~s_R
   1000004     1.29288551E+03   # ~c_L
   2000004     1.24878649E+03   # ~c_R
   1000005     1.17913549E+03   # ~b_1
   2000005     1.23924946E+03   # ~b_2
   1000006     9.88716227E+02   # ~t_1
   2000006     1.21816173E+03   # ~t_2
   1000011     5.66827298E+02   # ~e_L
   2000011     4.62852939E+02   # ~e_R
   1000012     5.60736984E+02   # ~nu_eL
   1000013     5.66813445E+02   # ~mu_L
   2000013     4.62818738E+02   # ~mu_R
   1000014     5.60742163E+02   # ~nu_muL
   1000015     4.56006406E+02   # ~tau_1
   2000015     5.66303998E+02   # ~tau_2
   1000016     5.58823620E+02   # ~nu_tauL
   1000021     1.36325395E+03   # ~g
   1000022     2.52482986E+02   # ~chi_10
   1000023     4.64658196E+02   # ~chi_20
   1000025     7.36132916E+02   # ~chi_30
   1000035     7.48828508E+02   # ~chi_40
   1000024     4.55653146E+02   # ~chi_1+
   1000037     7.42110682E+02   # ~chi_2+
#
BLOCK NMIX  # Neutralino Mixing Matrix
  1  1     9.96709367E-01   # N_11
  1  2    -1.45425042E-02   # N_12
  1  3     7.31772815E-02   # N_13
  1  4    -3.16865623E-02   # N_14
  2  1     3.19368817E-02   # N_21
  2  2     9.73591057E-01   # N_22
  2  3    -1.85693502E-01   # N_23
  2  4     1.28912422E-01   # N_24
  3  1     2.85803032E-02   # N_31
  3  2    -4.14721949E-02   # N_32
  3  3    -7.04188133E-01   # N_33
  3  4    -7.08224750E-01   # N_34
  4  1    -6.88014465E-02   # N_41
  4  2     2.24029074E-01   # N_42
  4  3     6.81382479E-01   # N_43
  4  4    -6.93394009E-01   # N_44
#
BLOCK UMIX  # Chargino Mixing Matrix U
  1  1     9.66517619E-01   # U_11
  1  2    -2.56600257E-01   # U_12
  2  1     2.56600257E-01   # U_21
  2  2     9.66517619E-01   # U_22
#
BLOCK VMIX  # Chargino Mixing Matrix V
  1  1     9.84337578E-01   # V_11
  1  2    -1.76293884E-01   # V_12
  2  1     1.76293884E-01   # V_21
  2  2     9.84337578E-01   # V_22
#
BLOCK STOPMIX  # Stop Mixing Matrix
  1  1     4.00065876E-01   # STOPMIX_11
  1  2     9.16486386E-01   # STOPMIX_12
  2  1    -9.16486386E-01   # STOPMIX_21
  2  2     4.00065876E-01   # STOPMIX_22
#
BLOCK SBOTMIX  # Sbottom Mixing Matrix
  1  1     9.79118559E-01   # SBOTMIX_11
  1  2     2.03290058E-01   # SBOTMIX_12
  2  1    -2.03290058E-01   # SBOTMIX_21
  2  2     9.79118559E-01   # SBOTMIX_22
#
BLOCK STAUMIX  # Stau Mixing Matrix
  1  1     1.22304170E-01   # STAUMIX_11
  1  2     9.92492665E-01   # STAUMIX_12
  2  1    -9.92492665E-01   # STAUMIX_21
  2  2     1.22304170E-01   # STAUMIX_22
#
BLOCK ALPHA  # Higgs mixing
          -1.05706103E-01   # Mixing angle in the neutral Higgs boson sector
#
BLOCK HMIX Q=  1.06251222E+03  # DRbar Higgs Parameters
     1     7.28448167E+02   # mu(Q)
     2     9.64544462E+00   # tanbeta(Q)
     3     2.43839031E+02   # vev(Q)
     4     8.60509706E+05   # MA^2(Q)
#
BLOCK GAUGE Q=  1.06251222E+03  # The gauge couplings
     1     3.62512018E-01   # gprime(Q) DRbar
     2     6.43149413E-01   # g(Q) DRbar
     3     1.05555279E+00   # g_3(Q) DRbar
#
BLOCK AU Q=  1.06251222E+03  # The trilinear couplings
  1  1    -1.33880490E+03   # A_u(Q) DRbar
  2  2    -1.33878338E+03   # A_c(Q) DRbar
  3  3    -1.04273949E+03   # A_t(Q) DRbar
#
BLOCK AD Q=  1.06251222E+03  # The trilinear couplings
  1  1    -1.62767367E+03   # A_d(Q) DRbar
  2  2    -1.62765714E+03   # A_s(Q) DRbar
  3  3    -1.52687209E+03   # A_b(Q) DRbar
#
BLOCK AE Q=  1.06251222E+03  # The trilinear couplings
  1  1    -3.51877476E+02   # A_e(Q) DRbar
  2  2    -3.51871183E+02   # A_mu(Q) DRbar
  3  3    -3.50018388E+02   # A_tau(Q) DRbar
#
BLOCK YU Q=  1.06251222E+03  # The top Yukawa coupling
  3  3     8.51178717E-01   # y_top(Q) DRbar
#
BLOCK YD Q=  1.06251222E+03  # The down Yukawa coupling
  3  3     1.33693691E-01   # y_b(Q) DRbar
#
BLOCK YE Q=  1.06251222E+03  # The tau Yukawa coupling
  3  3     9.98871777E-02   # y_tau(Q) DRbar
#
BLOCK MSOFT Q=  1.06251222E+03  # soft SUSY breaking masses at scale Q
         1     2.58144551E+02   # M_1
         2     4.68959599E+02   # M_2
         3     1.31387429E+03   # M_3
        21     2.87704825E+05   # M^2_Hd
        22    -5.08761506E+05   # M^2_Hu
        31     5.60507377E+02   # M_eL
        32     5.60501008E+02   # M_muL
        33     5.58623364E+02   # M_tauL
        34     4.58312424E+02   # M_eR
        35     4.58296658E+02   # M_muR
        36     4.53623122E+02   # M_tauR
        41     1.25182778E+03   # M_q1L
        42     1.25181644E+03   # M_q2L
        43     1.14532204E+03   # M_q3L
        44     1.20850697E+03   # M_uR
        45     1.20849279E+03   # M_cR
        46     9.78930052E+02   # M_tR
        47     1.20322120E+03   # M_dR
        48     1.20321164E+03   # M_sR
        49     1.19686701E+03   # M_bR
#
BLOCK SuSeFLAVLOWENERGY   #  PARAMETERS 
         1     3.45680117E-03   # Delta rho parameter
         2     4.75674212E-10   # g_mu - 2
         3     0.00000000E+00   # Br(b -> s gamma)
         4     0.00000000E+00   # Br(tau -> mu gamma)
         5     0.00000000E+00   # Br(tau -> e gamma)
         6     0.00000000E+00   # Br(mu -> e gamma)
         7     0.00000000E+00   # Br(tau -> mu mu mu)
         8     0.00000000E+00   # Br(tau -> e e e)
         9     0.00000000E+00   # Br(mu -> e e e)
#
BLOCK FINETUNE  # Fine Tuning
         1     1.28505067E+02   # delta mZ^2/mZ^2 (mu^2)
         2     6.42746509E+01   # delta mt/mt (mu^2)
