 ******** Begin Program SuSeFLAV ************
           model =    mSUG
            loop =    2
         tanbeta =    1.0000E+01
             m0  =    4.0000E+02
             a0  =    0.0000E+00
             M12 =    6.0000E+02
             m10 =    4.0000E+02
             m20 =    4.0000E+02
         sign mu =    1.0000E+00
            qmix =    0
   top pole mass =    1.7330E+02
 ********************************************
 
  up-type yukawa at high energy:
     2.6118E-06    0.0000E+00    0.0000E+00
     0.0000E+00    2.6119E-03    0.0000E+00
     0.0000E+00    0.0000E+00    4.4465E-01
 
  down-type yukawa at high energy:
     7.8275E-05    0.0000E+00    0.0000E+00
     0.0000E+00    1.5655E-03    0.0000E+00
     0.0000E+00    0.0000E+00    4.5287E-02
 
  lepton-type yukawa at high energy:
     1.7482E-05    0.0000E+00    0.0000E+00
     0.0000E+00    3.6518E-03    0.0000E+00
     0.0000E+00    0.0000E+00    6.3072E-02
 
  nuetrino yukawa at high energy:
     0.0000E+00    0.0000E+00    0.0000E+00
     0.0000E+00    0.0000E+00    0.0000E+00
     0.0000E+00    0.0000E+00    0.0000E+00
 
  up-type yukawa at msusy :
     6.6273E-06    0.0000E+00    0.0000E+00
     0.0000E+00    6.6273E-03    0.0000E+00
     0.0000E+00    0.0000E+00    8.5118E-01
 
  down-type yukawa at msusy :
     2.5473E-04    0.0000E+00    0.0000E+00
     0.0000E+00    5.0946E-03    0.0000E+00
     0.0000E+00    0.0000E+00    1.3369E-01
 
  lepton-type yukawa at msusy :
     2.7817E-05    0.0000E+00    0.0000E+00
     0.0000E+00    5.8106E-03    0.0000E+00
     0.0000E+00    0.0000E+00    9.9887E-02
 
  Spectrum at msusy, q =   1.0625E+03
              alpha_1  =   3.6251E-01
              alpha_2  =   6.4315E-01
              alpha_3  =   1.0556E+00
               vev1    =   2.5147E+01
               vev2    =   2.4255E+02
           newtbeta    =   9.6454E+00
                  \mu  =   7.2845E+02
              ~gluino  =   1.3633E+03
               ~stop_1 =   9.8872E+02
               ~stop_2 =   1.2182E+03
             ~scharm_R =   1.2488E+03
             ~scharm_L =   1.2929E+03
                ~sup_R =   1.2488E+03
                ~sup_L =   1.2929E+03
           ~sbottom_1  =   1.1791E+03
           ~sbottom_2  =   1.2392E+03
           ~sstrange_R =   1.2446E+03
           ~sstrange_L =   1.2952E+03
             ~sdown_R  =   1.2446E+03
             ~sdown_L  =   1.2952E+03
               ~stau_1 =   4.5601E+02
               ~stau_2 =   5.6630E+02
               ~smu_R  =   4.6282E+02
               ~smu_L  =   5.6681E+02
              ~sel_R   =   4.6285E+02
              ~sel_L   =   5.6683E+02
              ~tausnu  =   5.5882E+02
                ~musnu =   5.6074E+02
                ~elsnu =   5.6074E+02
 
 Higgs Spectrum
                 mA0   =   9.1235E+02
            mh_charged =   9.1634E+02
                 mh0   =   1.1574E+02
                  mH   =   9.1266E+02
            \alpha_h   =  -1.0571E-01
 
 Neutralino spectrum
                  N1   =   2.5248E+02
                  N2   =   4.6466E+02
                  N3   =   7.3613E+02
                  N4   =   7.4883E+02
 
 Chargino spectrum
                  C1   =   4.5565E+02
                  C2   =   7.4211E+02
 
  Low Energy Observables 
   Fine tuning, Cmz^2mu^2   =    1.2851E+02
   Fine tuning, Cmt^2mu^2   =    6.4275E+01
        Br(B  => s,gamma)   =    0.0000E+00
       Br(mu  => e,gamma)   =    0.0000E+00 X 10^(-11)
       Br(tau => mu,gamma)  =    0.0000E+00 X 10^(-08)
       Br(tau => e,gamma)   =    0.0000E+00 X 10^(-07)
         Br(tau => e,e,e)   =    0.0000E+00 X 10^(-07)
      Br(tau => mu,mu,mu)   =    0.0000E+00 X 10^(-07)
          Br(mu => e,e,e)   =    0.0000E+00 X 10^(-12)
        Br(mu => e in Ti)   =    0.0000E+00 X 10^(-12)
            (g_mu - 2)      =    4.7567E+00 X 10^(-10)
------------------------------
flag for the point is  AOK                                                                                                
 --------------------------------------------------
 FLAGS AND THEIR MEANINGS
 AOK = Everything is fine.
 BMUNEG = B_mu is negative at Msusy.
 REWSB = |\mu|^2 < 0 at Msusy.
 MUNOC = Non-convergent |\mu| at Msusy.
 SW2NOC = Non-convergent Sin^2_thetaw at Mz.
 NPERTYUK = Non-perturbative yukawa.
 TACSPEC = Spectrum is tachyonic at Msusy.
 TACSPECMZ = Spectrum is tachyonic at Mz.
 FSNC = Final spectrum non-convergent.
 TACMh = Lightest CP-even neutral higgs tachyonic.
 TACMH = Heaviest CP-even neutral higgs tachyonic.
 TACMA = CP-odd neutral higgs tachyonic.
 TACMHCH = Charged higgs tachyonic.
 VARUNDER = Stepsize is zero while integrating the RGEs.
 TACSUP = SUP sector tachyonic.
 TACSDN = SDOWN sector tachyonic.
 TACSLP = SLEPTON sector tachyonic.
 TACSNU = SNEUTRINO sector tachyonic.
 LEPH = Lightest higgs mass below LEP limit.
 LEPC = Lightest chargino mass < 103.5 GeV.
 LSPSTAU = Lightest stau is LSP.
 --------------------------------------------------
