 ******** Begin Program SuSeFLAV ************
           model =    mSUG
            loop =    2
         tanbeta =    1.0000E+01
             m0  =    4.5000E+02
             a0  =    0.0000E+00
             M12 =    6.7500E+02
             m10 =    4.5000E+02
             m20 =    4.5000E+02
         sign mu =    1.0000E+00
            qmix =    0
   top pole mass =    1.7330E+02
 ********************************************
 
  up-type yukawa at high energy:
     2.6227E-06    0.0000E+00    0.0000E+00
     0.0000E+00    2.6228E-03    0.0000E+00
     0.0000E+00    0.0000E+00    4.4531E-01
 
  down-type yukawa at high energy:
     7.8646E-05    0.0000E+00    0.0000E+00
     0.0000E+00    1.5729E-03    0.0000E+00
     0.0000E+00    0.0000E+00    4.5442E-02
 
  lepton-type yukawa at high energy:
     1.7495E-05    0.0000E+00    0.0000E+00
     0.0000E+00    3.6546E-03    0.0000E+00
     0.0000E+00    0.0000E+00    6.3155E-02
 
  nuetrino yukawa at high energy:
     0.0000E+00    0.0000E+00    0.0000E+00
     0.0000E+00    0.0000E+00    0.0000E+00
     0.0000E+00    0.0000E+00    0.0000E+00
 
  up-type yukawa at msusy :
     6.6042E-06    0.0000E+00    0.0000E+00
     0.0000E+00    6.6042E-03    0.0000E+00
     0.0000E+00    0.0000E+00    8.4754E-01
 
  down-type yukawa at msusy :
     2.5352E-04    0.0000E+00    0.0000E+00
     0.0000E+00    5.0704E-03    0.0000E+00
     0.0000E+00    0.0000E+00    1.3297E-01
 
  lepton-type yukawa at msusy :
     2.7775E-05    0.0000E+00    0.0000E+00
     0.0000E+00    5.8018E-03    0.0000E+00
     0.0000E+00    0.0000E+00    9.9796E-02
 
  Spectrum at msusy, q =   1.1861E+03
              alpha_1  =   3.6274E-01
              alpha_2  =   6.4256E-01
              alpha_3  =   1.0498E+00
               vev1    =   2.5172E+01
               vev2    =   2.4247E+02
           newtbeta    =   9.6325E+00
                  \mu  =   8.1009E+02
              ~gluino  =   1.5223E+03
               ~stop_1 =   1.1082E+03
               ~stop_2 =   1.3531E+03
             ~scharm_R =   1.3941E+03
             ~scharm_L =   1.4443E+03
                ~sup_R =   1.3942E+03
                ~sup_L =   1.4443E+03
           ~sbottom_1  =   1.3171E+03
           ~sbottom_2  =   1.3830E+03
           ~sstrange_R =   1.3892E+03
           ~sstrange_L =   1.4463E+03
             ~sdown_R  =   1.3892E+03
             ~sdown_L  =   1.4463E+03
               ~stau_1 =   5.1292E+02
               ~stau_2 =   6.3605E+02
               ~smu_R  =   5.2011E+02
               ~smu_L  =   6.3698E+02
              ~sel_R   =   5.2015E+02
              ~sel_L   =   6.3699E+02
              ~tausnu  =   6.2931E+02
                ~musnu =   6.3146E+02
                ~elsnu =   6.3145E+02
 
 Higgs Spectrum
                 mA0   =   1.0195E+03
            mh_charged =   1.0232E+03
                 mh0   =   1.1648E+02
                  mH   =   1.0199E+03
            \alpha_h   =  -1.0539E-01
 
 Neutralino spectrum
                  N1   =   2.8468E+02
                  N2   =   5.2586E+02
                  N3   =   8.1785E+02
                  N4   =   8.2967E+02
 
 Chargino spectrum
                  C1   =   5.1563E+02
                  C2   =   8.2234E+02
 
  Low Energy Observables 
   Fine tuning, Cmz^2mu^2   =    1.5877E+02
   Fine tuning, Cmt^2mu^2   =    7.9407E+01
        Br(B  => s,gamma)   =    0.0000E+00
       Br(mu  => e,gamma)   =    0.0000E+00 X 10^(-11)
       Br(tau => mu,gamma)  =    0.0000E+00 X 10^(-08)
       Br(tau => e,gamma)   =    0.0000E+00 X 10^(-07)
         Br(tau => e,e,e)   =    0.0000E+00 X 10^(-07)
      Br(tau => mu,mu,mu)   =    0.0000E+00 X 10^(-07)
          Br(mu => e,e,e)   =    0.0000E+00 X 10^(-12)
        Br(mu => e in Ti)   =    0.0000E+00 X 10^(-12)
            (g_mu - 2)      =    3.7610E+00 X 10^(-10)
------------------------------
flag for the point is  AOK                                                                                                
 --------------------------------------------------
 FLAGS AND THEIR MEANINGS
 AOK = Everything is fine.
 BMUNEG = B_mu is negative at Msusy.
 REWSB = |\mu|^2 < 0 at Msusy.
 MUNOC = Non-convergent |\mu| at Msusy.
 SW2NOC = Non-convergent Sin^2_thetaw at Mz.
 NPERTYUK = Non-perturbative yukawa.
 TACSPEC = Spectrum is tachyonic at Msusy.
 TACSPECMZ = Spectrum is tachyonic at Mz.
 FSNC = Final spectrum non-convergent.
 TACMh = Lightest CP-even neutral higgs tachyonic.
 TACMH = Heaviest CP-even neutral higgs tachyonic.
 TACMA = CP-odd neutral higgs tachyonic.
 TACMHCH = Charged higgs tachyonic.
 VARUNDER = Stepsize is zero while integrating the RGEs.
 TACSUP = SUP sector tachyonic.
 TACSDN = SDOWN sector tachyonic.
 TACSLP = SLEPTON sector tachyonic.
 TACSNU = SNEUTRINO sector tachyonic.
 LEPH = Lightest higgs mass below LEP limit.
 LEPC = Lightest chargino mass < 103.5 GeV.
 LSPSTAU = Lightest stau is LSP.
 --------------------------------------------------
