 ******** Begin Program SuSeFLAV ************
           model =    mSUG
            loop =    2
         tanbeta =    1.0000E+01
             m0  =    1.0500E+03
             a0  =    0.0000E+00
             M12 =    5.0000E+02
             m10 =    1.0500E+03
             m20 =    1.0500E+03
         sign mu =    1.0000E+00
            qmix =    0
   top pole mass =    1.7330E+02
 ********************************************
 
  up-type yukawa at high energy:
     2.6200E-06    0.0000E+00    0.0000E+00
     0.0000E+00    2.6200E-03    0.0000E+00
     0.0000E+00    0.0000E+00    4.4927E-01
 
  down-type yukawa at high energy:
     7.8207E-05    0.0000E+00    0.0000E+00
     0.0000E+00    1.5642E-03    0.0000E+00
     0.0000E+00    0.0000E+00    4.5774E-02
 
  lepton-type yukawa at high energy:
     1.7504E-05    0.0000E+00    0.0000E+00
     0.0000E+00    3.6563E-03    0.0000E+00
     0.0000E+00    0.0000E+00    6.2679E-02
 
  nuetrino yukawa at high energy:
     0.0000E+00    0.0000E+00    0.0000E+00
     0.0000E+00    0.0000E+00    0.0000E+00
     0.0000E+00    0.0000E+00    0.0000E+00
 
  up-type yukawa at msusy :
     6.6172E-06    0.0000E+00    0.0000E+00
     0.0000E+00    6.6172E-03    0.0000E+00
     0.0000E+00    0.0000E+00    8.5364E-01
 
  down-type yukawa at msusy :
     2.5408E-04    0.0000E+00    0.0000E+00
     0.0000E+00    5.0815E-03    0.0000E+00
     0.0000E+00    0.0000E+00    1.3477E-01
 
  lepton-type yukawa at msusy :
     2.7811E-05    0.0000E+00    0.0000E+00
     0.0000E+00    5.8093E-03    0.0000E+00
     0.0000E+00    0.0000E+00    9.9131E-02
 
  Spectrum at msusy, q =   1.1259E+03
              alpha_1  =   3.6235E-01
              alpha_2  =   6.4308E-01
              alpha_3  =   1.0556E+00
               vev1    =   2.5145E+01
               vev2    =   2.4227E+02
           newtbeta    =   9.6349E+00
                  \mu  =   6.1619E+02
              ~gluino  =   1.2072E+03
               ~stop_1 =   1.0310E+03
               ~stop_2 =   1.3007E+03
             ~scharm_R =   1.4410E+03
             ~scharm_L =   1.4655E+03
                ~sup_R =   1.4410E+03
                ~sup_L =   1.4655E+03
           ~sbottom_1  =   1.2773E+03
           ~sbottom_2  =   1.4297E+03
           ~sstrange_R =   1.4391E+03
           ~sstrange_L =   1.4675E+03
             ~sdown_R  =   1.4392E+03
             ~sdown_L  =   1.4675E+03
               ~stau_1 =   1.0571E+03
               ~stau_2 =   1.0945E+03
               ~smu_R  =   1.0675E+03
               ~smu_L  =   1.0983E+03
              ~sel_R   =   1.0676E+03
              ~sel_L   =   1.0983E+03
              ~tausnu  =   1.0910E+03
                ~musnu =   1.0955E+03
                ~elsnu =   1.0954E+03
 
 Higgs Spectrum
                 mA0   =   1.2423E+03
            mh_charged =   1.2451E+03
                 mh0   =   1.1524E+02
                  mH   =   1.2424E+03
            \alpha_h   =  -1.0475E-01
 
 Neutralino spectrum
                  N1   =   2.0570E+02
                  N2   =   3.8417E+02
                  N3   =   6.2415E+02
                  N4   =   6.3882E+02
 
 Chargino spectrum
                  C1   =   3.7467E+02
                  C2   =   6.3240E+02
 
  Low Energy Observables 
   Fine tuning, Cmz^2mu^2   =    9.1836E+01
   Fine tuning, Cmt^2mu^2   =    4.5924E+01
        Br(B  => s,gamma)   =    0.0000E+00
       Br(mu  => e,gamma)   =    0.0000E+00 X 10^(-11)
       Br(tau => mu,gamma)  =    0.0000E+00 X 10^(-08)
       Br(tau => e,gamma)   =    0.0000E+00 X 10^(-07)
         Br(tau => e,e,e)   =    0.0000E+00 X 10^(-07)
      Br(tau => mu,mu,mu)   =    0.0000E+00 X 10^(-07)
          Br(mu => e,e,e)   =    0.0000E+00 X 10^(-12)
        Br(mu => e in Ti)   =    0.0000E+00 X 10^(-12)
            (g_mu - 2)      =    2.4858E+00 X 10^(-10)
------------------------------
flag for the point is  AOK                                                                                                
 --------------------------------------------------
 FLAGS AND THEIR MEANINGS
 AOK = Everything is fine.
 BMUNEG = B_mu is negative at Msusy.
 REWSB = |\mu|^2 < 0 at Msusy.
 MUNOC = Non-convergent |\mu| at Msusy.
 SW2NOC = Non-convergent Sin^2_thetaw at Mz.
 NPERTYUK = Non-perturbative yukawa.
 TACSPEC = Spectrum is tachyonic at Msusy.
 TACSPECMZ = Spectrum is tachyonic at Mz.
 FSNC = Final spectrum non-convergent.
 TACMh = Lightest CP-even neutral higgs tachyonic.
 TACMH = Heaviest CP-even neutral higgs tachyonic.
 TACMA = CP-odd neutral higgs tachyonic.
 TACMHCH = Charged higgs tachyonic.
 VARUNDER = Stepsize is zero while integrating the RGEs.
 TACSUP = SUP sector tachyonic.
 TACSDN = SDOWN sector tachyonic.
 TACSLP = SLEPTON sector tachyonic.
 TACSNU = SNEUTRINO sector tachyonic.
 LEPH = Lightest higgs mass below LEP limit.
 LEPC = Lightest chargino mass < 103.5 GeV.
 LSPSTAU = Lightest stau is LSP.
 --------------------------------------------------
