# Spectrum Output in SUSY Les Houches Accord 2
# SuSeFLAV v1.2.0 
# D. Chowdhury, R. Garani and S. K. Vempati, hep-ph/1109.3551 
# For bug reports or any other queries please send email to suseflav@cts.iisc.ernet.in 
# Created on 18.06.2012 at 11:50 Hrs
#
BLOCK SPINFO  #  Program information
     1   SuSeFLAV     # Spectrum calculator
     2   1.2.0        # Version number
#
BLOCK MODSEL  #  MODEL NAME
     1      1   # mSUGRA
#
BLOCK MINPAR  # Input parameters
         1     3.45000000E+02   #  m0                 
         2     5.50000000E+02   #  m_1/2              
         3     4.00000000E+01   #  tanbeta(mz)        
         4     1.00000000E+00   #  sign(mu)           
         5    -5.00000000E+02   #  A0                 
#
BLOCK SMINPUTS  # Standard Model inputs
         1     1.27934000E+02   # alpha_em (M_Z)^MSbar
         2     1.16637000E-05   # G_F [GeV^-2]
         3     1.17200000E-01   # alpha_S(M_Z)^MSbar
         4     9.11876000E+01   # M_Z pole mass
         5     4.25000000E+00   # mb(mb)^MSbar
         6     1.73300000E+02   # mt pole mass
         7     1.77700000E+00   # mtau pole mass
#
BLOCK EXTPAR  # Extra Input parameters
         0     1.17552726E+16   # Unification Scale
#
BLOCK MASS  # Mass Spectrum
# PDG code           mass       particle
        24     8.05108589E+01   # W+
        25     1.17145016E+02   # h
        35     6.38041870E+02   # H
        36     6.38190539E+02   # A
        37     6.43722949E+02   # H+
   1000001     1.19024826E+03   # ~d_L
   2000001     1.14356131E+03   # ~d_R
   1000002     1.18767190E+03   # ~u_L
   2000002     1.14721198E+03   # ~u_R
   1000003     1.19018561E+03   # ~s_L
   2000003     1.14332043E+03   # ~s_R
   1000004     1.18759042E+03   # ~c_L
   2000004     1.14717420E+03   # ~c_R
   1000005     9.97970380E+02   # ~b_1
   2000005     1.06504948E+03   # ~b_2
   1000006     8.56641171E+02   # ~t_1
   2000006     1.07404463E+03   # ~t_2
   1000011     5.06325608E+02   # ~e_L
   2000011     4.06208782E+02   # ~e_R
   1000012     4.98907024E+02   # ~nu_eL
   1000013     5.05938862E+02   # ~mu_L
   2000013     4.05657687E+02   # ~mu_R
   1000014     4.98900802E+02   # ~nu_muL
   1000015     2.35420878E+02   # ~tau_1
   2000015     4.83305654E+02   # ~tau_2
   1000016     4.54644646E+02   # ~nu_tauL
   1000021     1.25457741E+03   # ~g
   1000022     2.32451606E+02   # ~chi_10
   1000023     4.31447194E+02   # ~chi_20
   1000025     7.50911399E+02   # ~chi_30
   1000035     7.58717377E+02   # ~chi_40
   1000024     4.22557396E+02   # ~chi_1+
   1000037     7.55843648E+02   # ~chi_2+
#
BLOCK NMIX  # Neutralino Mixing Matrix
  1  1     9.97285831E-01   # N_11
  1  2    -1.06124086E-02   # N_12
  1  3     6.89533599E-02   # N_13
  1  4    -2.35325676E-02   # N_14
  2  1     2.36711372E-02   # N_21
  2  2     9.82459083E-01   # N_22
  2  3    -1.58759141E-01   # N_23
  2  4     9.49176612E-02   # N_24
  3  1     3.14678106E-02   # N_31
  3  2    -4.60889004E-02   # N_32
  3  3    -7.03886315E-01   # N_33
  3  4    -7.08116972E-01   # N_34
  4  1    -6.22127395E-02   # N_41
  4  2     1.80381097E-01   # N_42
  4  3     6.88901317E-01   # N_43
  4  4    -6.99290505E-01   # N_44
#
BLOCK UMIX  # Chargino Mixing Matrix U
  1  1     9.76149920E-01   # U_11
  1  2    -2.17097522E-01   # U_12
  2  1     2.17097522E-01   # U_21
  2  2     9.76149920E-01   # U_22
#
BLOCK VMIX  # Chargino Mixing Matrix V
  1  1     9.91898443E-01   # V_11
  1  2    -1.27033373E-01   # V_12
  2  1     1.27033373E-01   # V_21
  2  2     9.91898443E-01   # V_22
#
BLOCK STOPMIX  # Stop Mixing Matrix
  1  1     4.91821505E-01   # STOPMIX_11
  1  2     8.70696048E-01   # STOPMIX_12
  2  1    -8.70696048E-01   # STOPMIX_21
  2  2     4.91821505E-01   # STOPMIX_22
#
BLOCK SBOTMIX  # Sbottom Mixing Matrix
  1  1     7.64331027E-01   # SBOTMIX_11
  1  2     6.44824070E-01   # SBOTMIX_12
  2  1    -6.44824070E-01   # SBOTMIX_21
  2  2     7.64331027E-01   # SBOTMIX_22
#
BLOCK STAUMIX  # Stau Mixing Matrix
  1  1     3.32349076E-01   # STAUMIX_11
  1  2     9.43156451E-01   # STAUMIX_12
  2  1    -9.43156451E-01   # STAUMIX_21
  2  2     3.32349076E-01   # STAUMIX_22
#
BLOCK ALPHA  # Higgs mixing
          -2.61484456E-02   # Mixing angle in the neutral Higgs boson sector
#
BLOCK HMIX Q=  9.29584414E+02  # DRbar Higgs Parameters
     1     7.45190412E+02   # mu(Q)
     2     3.91992241E+01   # tanbeta(Q)
     3     2.43893707E+02   # vev(Q)
     4     5.21424331E+05   # MA^2(Q)
#
BLOCK GAUGE Q=  9.29584414E+02  # The gauge couplings
     1     3.62196781E-01   # gprime(Q) DRbar
     2     6.43251821E-01   # g(Q) DRbar
     3     1.06118859E+00   # g_3(Q) DRbar
#
BLOCK AU Q=  9.29584414E+02  # The trilinear couplings
  1  1    -1.58570848E+03   # A_u(Q) DRbar
  2  2    -1.58559692E+03   # A_c(Q) DRbar
  3  3    -1.11187904E+03   # A_t(Q) DRbar
#
BLOCK AD Q=  9.29584414E+02  # The trilinear couplings
  1  1    -1.83365535E+03   # A_d(Q) DRbar
  2  2    -1.83338795E+03   # A_s(Q) DRbar
  3  3    -1.55303055E+03   # A_b(Q) DRbar
#
BLOCK AE Q=  9.29584414E+02  # The trilinear couplings
  1  1    -6.43933754E+02   # A_e(Q) DRbar
  2  2    -6.43611550E+02   # A_mu(Q) DRbar
  3  3    -5.38393972E+02   # A_tau(Q) DRbar
#
BLOCK YU Q=  9.29584414E+02  # The top Yukawa coupling
  3  3     8.49530035E-01   # y_top(Q) DRbar
#
BLOCK YD Q=  9.29584414E+02  # The down Yukawa coupling
  3  3     4.89100430E-01   # y_b(Q) DRbar
#
BLOCK YE Q=  9.29584414E+02  # The tau Yukawa coupling
  3  3     4.26091497E-01   # y_tau(Q) DRbar
#
BLOCK MSOFT Q=  9.29584414E+02  # soft SUSY breaking masses at scale Q
         1     2.37050428E+02   # M_1
         2     4.31503730E+02   # M_2
         3     1.21673860E+03   # M_3
        21    -1.26114702E+05   # M^2_Hd
        22    -5.46679205E+05   # M^2_Hu
        31     4.99685221E+02   # M_eL
        32     4.99546490E+02   # M_muL
        33     4.56139509E+02   # M_tauL
        34     4.01476386E+02   # M_eR
        35     4.01126632E+02   # M_muR
        36     2.76719129E+02   # M_tauR
        41     1.15213672E+03   # M_q1L
        42     1.15203772E+03   # M_q2L
        43     9.92369059E+02   # M_q3L
        44     1.11224280E+03   # M_uR
        45     1.11222561E+03   # M_cR
        46     8.66799223E+02   # M_tR
        47     1.10742529E+03   # M_dR
        48     1.10723410E+03   # M_sR
        49     1.00936548E+03   # M_bR
#
BLOCK SuSeFLAVLOWENERGY   #  PARAMETERS 
         1     3.18114461E-03   # Delta rho parameter
         2     2.29830828E-09   # g_mu - 2
         3     0.00000000E+00   # Br(b -> s gamma)
         4     0.00000000E+00   # Br(tau -> mu gamma)
         5     0.00000000E+00   # Br(tau -> e gamma)
         6     0.00000000E+00   # Br(mu -> e gamma)
         7     0.00000000E+00   # Br(tau -> mu mu mu)
         8     0.00000000E+00   # Br(tau -> e e e)
         9     0.00000000E+00   # Br(mu -> e e e)
#
BLOCK FINETUNE  # Fine Tuning
         1     1.26453723E+02   # delta mZ^2/mZ^2 (mu^2)
         2     6.32270750E+01   # delta mt/mt (mu^2)
