 ******** Begin Program SuSeFLAV ************
           model =    mSUG
            loop =    2
         tanbeta =    4.0000E+01
             m0  =    3.4500E+02
             a0  =   -5.0000E+02
             M12 =    5.5000E+02
             m10 =    3.4500E+02
             m20 =    3.4500E+02
         sign mu =    1.0000E+00
            qmix =    0
   top pole mass =    1.7330E+02
 ********************************************
 
  up-type yukawa at high energy:
     2.6041E-06    0.0000E+00    0.0000E+00
     0.0000E+00    2.6042E-03    0.0000E+00
     0.0000E+00    0.0000E+00    4.5529E-01
 
  down-type yukawa at high energy:
     3.4909E-04    0.0000E+00    0.0000E+00
     0.0000E+00    6.9828E-03    0.0000E+00
     0.0000E+00    0.0000E+00    1.9496E-01
 
  lepton-type yukawa at high energy:
     7.8198E-05    0.0000E+00    0.0000E+00
     0.0000E+00    1.6340E-02    0.0000E+00
     0.0000E+00    0.0000E+00    3.2901E-01
 
  nuetrino yukawa at high energy:
     0.0000E+00    0.0000E+00    0.0000E+00
     0.0000E+00    0.0000E+00    0.0000E+00
     0.0000E+00    0.0000E+00    0.0000E+00
 
  up-type yukawa at msusy :
     6.6262E-06    0.0000E+00    0.0000E+00
     0.0000E+00    6.6262E-03    0.0000E+00
     0.0000E+00    0.0000E+00    8.4953E-01
 
  down-type yukawa at msusy :
     1.0347E-03    0.0000E+00    0.0000E+00
     0.0000E+00    2.0694E-02    0.0000E+00
     0.0000E+00    0.0000E+00    4.8910E-01
 
  lepton-type yukawa at msusy :
     1.1251E-04    0.0000E+00    0.0000E+00
     0.0000E+00    2.3502E-02    0.0000E+00
     0.0000E+00    0.0000E+00    4.2609E-01
 
  Spectrum at msusy, q =   9.2958E+02
              alpha_1  =   3.6220E-01
              alpha_2  =   6.4325E-01
              alpha_3  =   1.0612E+00
               vev1    =   6.2205E+00
               vev2    =   2.4384E+02
           newtbeta    =   3.9199E+01
                  \mu  =   7.4519E+02
              ~gluino  =   1.2546E+03
               ~stop_1 =   8.5664E+02
               ~stop_2 =   1.0740E+03
             ~scharm_R =   1.1472E+03
             ~scharm_L =   1.1876E+03
                ~sup_R =   1.1472E+03
                ~sup_L =   1.1877E+03
           ~sbottom_1  =   9.9797E+02
           ~sbottom_2  =   1.0650E+03
           ~sstrange_R =   1.1433E+03
           ~sstrange_L =   1.1902E+03
             ~sdown_R  =   1.1436E+03
             ~sdown_L  =   1.1902E+03
               ~stau_1 =   2.3542E+02
               ~stau_2 =   4.8331E+02
               ~smu_R  =   4.0566E+02
               ~smu_L  =   5.0594E+02
              ~sel_R   =   4.0621E+02
              ~sel_L   =   5.0633E+02
              ~tausnu  =   4.5464E+02
                ~musnu =   4.9890E+02
                ~elsnu =   4.9891E+02
 
 Higgs Spectrum
                 mA0   =   6.3819E+02
            mh_charged =   6.4372E+02
                 mh0   =   1.1715E+02
                  mH   =   6.3804E+02
            \alpha_h   =  -2.6148E-02
 
 Neutralino spectrum
                  N1   =   2.3245E+02
                  N2   =   4.3145E+02
                  N3   =   7.5091E+02
                  N4   =   7.5872E+02
 
 Chargino spectrum
                  C1   =   4.2256E+02
                  C2   =   7.5584E+02
 
  Low Energy Observables 
   Fine tuning, Cmz^2mu^2   =    1.2645E+02
   Fine tuning, Cmt^2mu^2   =    6.3227E+01
        Br(B  => s,gamma)   =    0.0000E+00
       Br(mu  => e,gamma)   =    0.0000E+00 X 10^(-11)
       Br(tau => mu,gamma)  =    0.0000E+00 X 10^(-08)
       Br(tau => e,gamma)   =    0.0000E+00 X 10^(-07)
         Br(tau => e,e,e)   =    0.0000E+00 X 10^(-07)
      Br(tau => mu,mu,mu)   =    0.0000E+00 X 10^(-07)
          Br(mu => e,e,e)   =    0.0000E+00 X 10^(-12)
        Br(mu => e in Ti)   =    0.0000E+00 X 10^(-12)
            (g_mu - 2)      =    2.2983E+01 X 10^(-10)
------------------------------
flag for the point is  AOK                                                                                                
 --------------------------------------------------
 FLAGS AND THEIR MEANINGS
 AOK = Everything is fine.
 BMUNEG = B_mu is negative at Msusy.
 REWSB = |\mu|^2 < 0 at Msusy.
 MUNOC = Non-convergent |\mu| at Msusy.
 SW2NOC = Non-convergent Sin^2_thetaw at Mz.
 NPERTYUK = Non-perturbative yukawa.
 TACSPEC = Spectrum is tachyonic at Msusy.
 TACSPECMZ = Spectrum is tachyonic at Mz.
 FSNC = Final spectrum non-convergent.
 TACMh = Lightest CP-even neutral higgs tachyonic.
 TACMH = Heaviest CP-even neutral higgs tachyonic.
 TACMA = CP-odd neutral higgs tachyonic.
 TACMHCH = Charged higgs tachyonic.
 VARUNDER = Stepsize is zero while integrating the RGEs.
 TACSUP = SUP sector tachyonic.
 TACSDN = SDOWN sector tachyonic.
 TACSLP = SLEPTON sector tachyonic.
 TACSNU = SNEUTRINO sector tachyonic.
 LEPH = Lightest higgs mass below LEP limit.
 LEPC = Lightest chargino mass < 103.5 GeV.
 LSPSTAU = Lightest stau is LSP.
 --------------------------------------------------
