 ******** Begin Program SuSeFLAV ************
           model =    mSUG
            loop =    2
         tanbeta =    1.0000E+01
             m0  =    1.7500E+02
             a0  =    0.0000E+00
             M12 =    7.0000E+02
             m10 =    1.7500E+02
             m20 =    1.7500E+02
         sign mu =    1.0000E+00
            qmix =    0
   top pole mass =    1.7270E+02
 ********************************************
 
  up-type yukawa at high energy:
     2.6105E-06    0.0000E+00    0.0000E+00
     0.0000E+00    2.6106E-03    0.0000E+00
     0.0000E+00    0.0000E+00    4.3911E-01
 
  down-type yukawa at high energy:
     7.8680E-05    0.0000E+00    0.0000E+00
     0.0000E+00    1.5736E-03    0.0000E+00
     0.0000E+00    0.0000E+00    4.5062E-02
 
  lepton-type yukawa at high energy:
     1.7488E-05    0.0000E+00    0.0000E+00
     0.0000E+00    3.6530E-03    0.0000E+00
     0.0000E+00    0.0000E+00    6.2951E-02
 
  nuetrino yukawa at high energy:
     0.0000E+00    0.0000E+00    0.0000E+00
     0.0000E+00    0.0000E+00    0.0000E+00
     0.0000E+00    0.0000E+00    0.0000E+00
 
  up-type yukawa at msusy :
     6.6018E-06    0.0000E+00    0.0000E+00
     0.0000E+00    6.6018E-03    0.0000E+00
     0.0000E+00    0.0000E+00    8.4334E-01
 
  down-type yukawa at msusy :
     2.5349E-04    0.0000E+00    0.0000E+00
     0.0000E+00    5.0699E-03    0.0000E+00
     0.0000E+00    0.0000E+00    1.3200E-01
 
  lepton-type yukawa at msusy :
     2.7774E-05    0.0000E+00    0.0000E+00
     0.0000E+00    5.8016E-03    0.0000E+00
     0.0000E+00    0.0000E+00    9.9515E-02
 
  Spectrum at msusy, q =   1.1924E+03
              alpha_1  =   3.6294E-01
              alpha_2  =   6.4264E-01
              alpha_3  =   1.0492E+00
               vev1    =   2.5173E+01
               vev2    =   2.4254E+02
           newtbeta    =   9.6350E+00
                  \mu  =   8.3730E+02
              ~gluino  =   1.5639E+03
               ~stop_1 =   1.1166E+03
               ~stop_2 =   1.3567E+03
             ~scharm_R =   1.3775E+03
             ~scharm_L =   1.4327E+03
                ~sup_R =   1.3775E+03
                ~sup_L =   1.4327E+03
           ~sbottom_1  =   1.3177E+03
           ~sbottom_2  =   1.3668E+03
           ~sstrange_R =   1.3720E+03
           ~sstrange_L =   1.4347E+03
             ~sdown_R  =   1.3720E+03
             ~sdown_L  =   1.4347E+03
               ~stau_1 =   3.1578E+02
               ~stau_2 =   5.0146E+02
               ~smu_R  =   3.2302E+02
               ~smu_L  =   5.0130E+02
              ~sel_R   =   3.2306E+02
              ~sel_L   =   5.0130E+02
              ~tausnu  =   4.9267E+02
                ~musnu =   4.9406E+02
                ~elsnu =   4.9405E+02
 
 Higgs Spectrum
                 mA0   =   9.6581E+02
            mh_charged =   9.6959E+02
                 mh0   =   1.1629E+02
                  mH   =   9.6613E+02
            \alpha_h   =  -1.0557E-01
 
 Neutralino spectrum
                  N1   =   2.9522E+02
                  N2   =   5.4586E+02
                  N3   =   8.4498E+02
                  N4   =   8.5649E+02
 
 Chargino spectrum
                  C1   =   5.3534E+02
                  C2   =   8.4907E+02
 
  Low Energy Observables 
   Fine tuning, Cmz^2mu^2   =    1.6973E+02
   Fine tuning, Cmt^2mu^2   =    8.4892E+01
        Br(B  => s,gamma)   =    0.0000E+00
       Br(mu  => e,gamma)   =    0.0000E+00 X 10^(-11)
       Br(tau => mu,gamma)  =    0.0000E+00 X 10^(-08)
       Br(tau => e,gamma)   =    0.0000E+00 X 10^(-07)
         Br(tau => e,e,e)   =    0.0000E+00 X 10^(-07)
      Br(tau => mu,mu,mu)   =    0.0000E+00 X 10^(-07)
          Br(mu => e,e,e)   =    0.0000E+00 X 10^(-12)
        Br(mu => e in Ti)   =    0.0000E+00 X 10^(-12)
            (g_mu - 2)      =    5.1336E+00 X 10^(-10)
------------------------------
flag for the point is  AOK                                                                                                
 --------------------------------------------------
 FLAGS AND THEIR MEANINGS
 AOK = Everything is fine.
 BMUNEG = B_mu is negative at Msusy.
 REWSB = |\mu|^2 < 0 at Msusy.
 MUNOC = Non-convergent |\mu| at Msusy.
 SW2NOC = Non-convergent Sin^2_thetaw at Mz.
 NPERTYUK = Non-perturbative yukawa.
 TACSPEC = Spectrum is tachyonic at Msusy.
 TACSPECMZ = Spectrum is tachyonic at Mz.
 FSNC = Final spectrum non-convergent.
 TACMh = Lightest CP-even neutral higgs tachyonic.
 TACMH = Heaviest CP-even neutral higgs tachyonic.
 TACMA = CP-odd neutral higgs tachyonic.
 TACMHCH = Charged higgs tachyonic.
 VARUNDER = Stepsize is zero while integrating the RGEs.
 TACSUP = SUP sector tachyonic.
 TACSDN = SDOWN sector tachyonic.
 TACSLP = SLEPTON sector tachyonic.
 TACSNU = SNEUTRINO sector tachyonic.
 LEPH = Lightest higgs mass below LEP limit.
 LEPC = Lightest chargino mass < 103.5 GeV.
 LSPSTAU = Lightest stau is LSP.
 --------------------------------------------------
