 ******** Begin Program SuSeFLAV ************
           model =    mSUG
            loop =    2
         tanbeta =    1.0000E+01
             m0  =    1.2500E+02
             a0  =    0.0000E+00
             M12 =    5.0000E+02
             m10 =    1.2500E+02
             m20 =    1.2500E+02
         sign mu =    1.0000E+00
            qmix =    0
   top pole mass =    1.7330E+02
 ********************************************
 
  up-type yukawa at high energy:
     2.5932E-06    0.0000E+00    0.0000E+00
     0.0000E+00    2.5933E-03    0.0000E+00
     0.0000E+00    0.0000E+00    4.4342E-01
 
  down-type yukawa at high energy:
     7.7649E-05    0.0000E+00    0.0000E+00
     0.0000E+00    1.5530E-03    0.0000E+00
     0.0000E+00    0.0000E+00    4.4977E-02
 
  lepton-type yukawa at high energy:
     1.7450E-05    0.0000E+00    0.0000E+00
     0.0000E+00    3.6451E-03    0.0000E+00
     0.0000E+00    0.0000E+00    6.2951E-02
 
  nuetrino yukawa at high energy:
     0.0000E+00    0.0000E+00    0.0000E+00
     0.0000E+00    0.0000E+00    0.0000E+00
     0.0000E+00    0.0000E+00    0.0000E+00
 
  up-type yukawa at msusy :
     6.6672E-06    0.0000E+00    0.0000E+00
     0.0000E+00    6.6672E-03    0.0000E+00
     0.0000E+00    0.0000E+00    8.5735E-01
 
  down-type yukawa at msusy :
     2.5682E-04    0.0000E+00    0.0000E+00
     0.0000E+00    5.1364E-03    0.0000E+00
     0.0000E+00    0.0000E+00    1.3480E-01
 
  lepton-type yukawa at msusy :
     2.7886E-05    0.0000E+00    0.0000E+00
     0.0000E+00    5.8251E-03    0.0000E+00
     0.0000E+00    0.0000E+00    1.0013E-01
 
  Spectrum at msusy, q =   8.8201E+02
              alpha_1  =   3.6231E-01
              alpha_2  =   6.4432E-01
              alpha_3  =   1.0651E+00
               vev1    =   2.5106E+01
               vev2    =   2.4272E+02
           newtbeta    =   9.6679E+00
                  \mu  =   6.3183E+02
              ~gluino  =   1.1537E+03
               ~stop_1 =   8.1357E+02
               ~stop_2 =   1.0215E+03
             ~scharm_R =   1.0211E+03
             ~scharm_L =   1.0595E+03
                ~sup_R =   1.0211E+03
                ~sup_L =   1.0595E+03
           ~sbottom_1  =   9.7318E+02
           ~sbottom_2  =   1.0147E+03
           ~sstrange_R =   1.0179E+03
           ~sstrange_L =   1.0623E+03
             ~sdown_R  =   1.0179E+03
             ~sdown_L  =   1.0623E+03
               ~stau_1 =   2.2663E+02
               ~stau_2 =   3.6408E+02
               ~smu_R  =   2.3391E+02
               ~smu_L  =   3.6280E+02
              ~sel_R   =   2.3395E+02
              ~sel_L   =   3.6280E+02
              ~tausnu  =   3.5234E+02
                ~musnu =   3.5338E+02
                ~elsnu =   3.5338E+02
 
 Higgs Spectrum
                 mA0   =   7.1872E+02
            mh_charged =   7.2358E+02
                 mh0   =   1.1461E+02
                  mH   =   7.1900E+02
            \alpha_h   =  -1.0686E-01
 
 Neutralino spectrum
                  N1   =   2.0368E+02
                  N2   =   3.8131E+02
                  N3   =   6.3949E+02
                  N4   =   6.5256E+02
 
 Chargino spectrum
                  C1   =   3.7402E+02
                  C2   =   6.4687E+02
 
  Low Energy Observables 
   Fine tuning, Cmz^2mu^2   =    9.6842E+01
   Fine tuning, Cmt^2mu^2   =    4.8461E+01
        Br(B  => s,gamma)   =    0.0000E+00
       Br(mu  => e,gamma)   =    0.0000E+00 X 10^(-11)
       Br(tau => mu,gamma)  =    0.0000E+00 X 10^(-08)
       Br(tau => e,gamma)   =    0.0000E+00 X 10^(-07)
         Br(tau => e,e,e)   =    0.0000E+00 X 10^(-07)
      Br(tau => mu,mu,mu)   =    0.0000E+00 X 10^(-07)
          Br(mu => e,e,e)   =    0.0000E+00 X 10^(-12)
        Br(mu => e in Ti)   =    0.0000E+00 X 10^(-12)
            (g_mu - 2)      =    1.0028E+01 X 10^(-10)
------------------------------
flag for the point is  AOK                                                                                                
 --------------------------------------------------
 FLAGS AND THEIR MEANINGS
 AOK = Everything is fine.
 BMUNEG = B_mu is negative at Msusy.
 REWSB = |\mu|^2 < 0 at Msusy.
 MUNOC = Non-convergent |\mu| at Msusy.
 SW2NOC = Non-convergent Sin^2_thetaw at Mz.
 NPERTYUK = Non-perturbative yukawa.
 TACSPEC = Spectrum is tachyonic at Msusy.
 TACSPECMZ = Spectrum is tachyonic at Mz.
 FSNC = Final spectrum non-convergent.
 TACMh = Lightest CP-even neutral higgs tachyonic.
 TACMH = Heaviest CP-even neutral higgs tachyonic.
 TACMA = CP-odd neutral higgs tachyonic.
 TACMHCH = Charged higgs tachyonic.
 VARUNDER = Stepsize is zero while integrating the RGEs.
 TACSUP = SUP sector tachyonic.
 TACSDN = SDOWN sector tachyonic.
 TACSLP = SLEPTON sector tachyonic.
 TACSNU = SNEUTRINO sector tachyonic.
 LEPH = Lightest higgs mass below LEP limit.
 LEPC = Lightest chargino mass < 103.5 GeV.
 LSPSTAU = Lightest stau is LSP.
 --------------------------------------------------
