# Spectrum Output in SUSY Les Houches Accord 2
# SuSeFLAV v1.2.0 
# D. Chowdhury, R. Garani and S. K. Vempati, hep-ph/1109.3551 
# For bug reports or any other queries please send email to suseflav@cts.iisc.ernet.in 
# Created on 18.06.2012 at 11:50 Hrs
#
BLOCK SPINFO  #  Program information
     1   SuSeFLAV     # Spectrum calculator
     2   1.2.0        # Version number
#
BLOCK MODSEL  #  MODEL NAME
     1      1   # mSUGRA
#
BLOCK MINPAR  # Input parameters
         1     3.50000000E+02   #  m0                 
         2     5.25000000E+02   #  m_1/2              
         3     1.00000000E+01   #  tanbeta(mz)        
         4     1.00000000E+00   #  sign(mu)           
         5     0.00000000E+00   #  A0                 
#
BLOCK SMINPUTS  # Standard Model inputs
         1     1.27934000E+02   # alpha_em (M_Z)^MSbar
         2     1.16637000E-05   # G_F [GeV^-2]
         3     1.17200000E-01   # alpha_S(M_Z)^MSbar
         4     9.11876000E+01   # M_Z pole mass
         5     4.25000000E+00   # mb(mb)^MSbar
         6     1.73300000E+02   # mt pole mass
         7     1.77700000E+00   # mtau pole mass
#
BLOCK EXTPAR  # Extra Input parameters
         0     2.15396591E+16   # Unification Scale
#
BLOCK MASS  # Mass Spectrum
# PDG code           mass       particle
        24     8.05119263E+01   # W+
        25     1.15004468E+02   # h
        35     8.16288006E+02   # H
        36     8.15954895E+02   # A
        37     8.20389441E+02   # H+
   1000001     1.15631011E+03   # ~d_L
   2000001     1.11205129E+03   # ~d_R
   1000002     1.15371412E+03   # ~u_L
   2000002     1.11542486E+03   # ~u_R
   1000003     1.15630210E+03   # ~s_L
   2000003     1.11203785E+03   # ~s_R
   1000004     1.15372063E+03   # ~c_L
   2000004     1.11539609E+03   # ~c_R
   1000005     1.05175021E+03   # ~b_1
   2000005     1.10742374E+03   # ~b_2
   1000006     8.77494899E+02   # ~t_1
   2000006     1.09435541E+03   # ~t_2
   1000011     4.98645276E+02   # ~e_L
   2000011     4.06165557E+02   # ~e_R
   1000012     4.91837887E+02   # ~nu_eL
   1000013     4.98635237E+02   # ~mu_L
   2000013     4.06131473E+02   # ~mu_R
   1000014     4.91840910E+02   # ~nu_muL
   1000015     3.99492018E+02   # ~tau_1
   2000015     4.98587245E+02   # ~tau_2
   1000016     4.90124005E+02   # ~nu_tauL
   1000021     1.21622373E+03   # ~g
   1000022     2.14232045E+02   # ~chi_10
   1000023     4.01800992E+02   # ~chi_20
   1000025     6.66775962E+02   # ~chi_30
   1000035     6.79574966E+02   # ~chi_40
   1000024     3.94065751E+02   # ~chi_1+
   1000037     6.73541337E+02   # ~chi_2+
#
BLOCK NMIX  # Neutralino Mixing Matrix
  1  1     9.96133076E-01   # N_11
  1  2    -1.71333770E-02   # N_12
  1  3     7.96409434E-02   # N_13
  1  4    -3.29038453E-02   # N_14
  2  1     3.63986701E-02   # N_21
  2  2     9.72022348E-01   # N_22
  2  3    -1.92802671E-01   # N_23
  2  4     1.29131026E-01   # N_24
  3  1     3.20399804E-02   # N_31
  3  2    -4.66193863E-02   # N_32
  3  3    -7.03480785E-01   # N_33
  3  4    -7.08459496E-01   # N_34
  4  1    -7.32630328E-02   # N_41
  4  2     2.29577079E-01   # N_42
  4  3     6.79410947E-01   # N_43
  4  4    -6.93056749E-01   # N_44
#
BLOCK UMIX  # Chargino Mixing Matrix U
  1  1     9.63575336E-01   # U_11
  1  2    -2.67437044E-01   # U_12
  2  1     2.67437044E-01   # U_21
  2  2     9.63575336E-01   # U_22
#
BLOCK VMIX  # Chargino Mixing Matrix V
  1  1     9.84154451E-01   # V_11
  1  2    -1.77313328E-01   # V_12
  2  1     1.77313328E-01   # V_21
  2  2     9.84154451E-01   # V_22
#
BLOCK STOPMIX  # Stop Mixing Matrix
  1  1     4.27372027E-01   # STOPMIX_11
  1  2     9.04075855E-01   # STOPMIX_12
  2  1    -9.04075855E-01   # STOPMIX_21
  2  2     4.27372027E-01   # STOPMIX_22
#
BLOCK SBOTMIX  # Sbottom Mixing Matrix
  1  1     9.75223793E-01   # SBOTMIX_11
  1  2     2.21220600E-01   # SBOTMIX_12
  2  1    -2.21220600E-01   # SBOTMIX_21
  2  2     9.75223793E-01   # SBOTMIX_22
#
BLOCK STAUMIX  # Stau Mixing Matrix
  1  1     1.40059042E-01   # STAUMIX_11
  1  2     9.90143154E-01   # STAUMIX_12
  2  1    -9.90143154E-01   # STAUMIX_21
  2  2     1.40059042E-01   # STAUMIX_22
#
BLOCK ALPHA  # Higgs mixing
          -1.06129551E-01   # Mixing angle in the neutral Higgs boson sector
#
BLOCK HMIX Q=  9.48297973E+02  # DRbar Higgs Parameters
     1     6.59037911E+02   # mu(Q)
     2     9.65875946E+00   # tanbeta(Q)
     3     2.43918738E+02   # vev(Q)
     4     6.88389500E+05   # MA^2(Q)
#
BLOCK GAUGE Q=  9.48297973E+02  # The gauge couplings
     1     3.62283190E-01   # gprime(Q) DRbar
     2     6.43797165E-01   # g(Q) DRbar
     3     1.06155189E+00   # g_3(Q) DRbar
#
BLOCK AU Q=  9.48297973E+02  # The trilinear couplings
  1  1    -1.20546258E+03   # A_u(Q) DRbar
  2  2    -1.20544292E+03   # A_c(Q) DRbar
  3  3    -9.34498237E+02   # A_t(Q) DRbar
#
BLOCK AD Q=  9.48297973E+02  # The trilinear couplings
  1  1    -1.47022286E+03   # A_d(Q) DRbar
  2  2    -1.47020774E+03   # A_s(Q) DRbar
  3  3    -1.37795882E+03   # A_b(Q) DRbar
#
BLOCK AE Q=  9.48297973E+02  # The trilinear couplings
  1  1    -3.14884524E+02   # A_e(Q) DRbar
  2  2    -3.14878762E+02   # A_mu(Q) DRbar
  3  3    -3.13184409E+02   # A_tau(Q) DRbar
#
BLOCK YU Q=  9.48297973E+02  # The top Yukawa coupling
  3  3     8.55334878E-01   # y_top(Q) DRbar
#
BLOCK YD Q=  9.48297973E+02  # The down Yukawa coupling
  3  3     1.34497847E-01   # y_b(Q) DRbar
#
BLOCK YE Q=  9.48297973E+02  # The tau Yukawa coupling
  3  3     9.99762025E-02   # y_tau(Q) DRbar
#
BLOCK MSOFT Q=  9.48297973E+02  # soft SUSY breaking masses at scale Q
         1     2.19385687E+02   # M_1
         2     4.07313464E+02   # M_2
         3     1.17089558E+03   # M_3
        21     2.21435338E+05   # M^2_Hd
        22    -4.18009488E+05   # M^2_Hu
        31     4.92781768E+02   # M_eL
        32     4.92776059E+02   # M_muL
        33     4.91095422E+02   # M_tauL
        34     4.01646989E+02   # M_eR
        35     4.01632813E+02   # M_muR
        36     3.97435795E+02   # M_tauR
        41     1.11705761E+03   # M_q1L
        42     1.11704735E+03   # M_q2L
        43     1.02124504E+03   # M_q3L
        44     1.07919652E+03   # M_uR
        45     1.07918376E+03   # M_cR
        46     8.72814666E+02   # M_tR
        47     1.07464721E+03   # M_dR
        48     1.07463855E+03   # M_sR
        49     1.06888436E+03   # M_bR
#
BLOCK SuSeFLAVLOWENERGY   #  PARAMETERS 
         1     3.58682528E-03   # Delta rho parameter
         2     6.14467440E-10   # g_mu - 2
         3     0.00000000E+00   # Br(b -> s gamma)
         4     0.00000000E+00   # Br(tau -> mu gamma)
         5     0.00000000E+00   # Br(tau -> e gamma)
         6     0.00000000E+00   # Br(mu -> e gamma)
         7     0.00000000E+00   # Br(tau -> mu mu mu)
         8     0.00000000E+00   # Br(tau -> e e e)
         9     0.00000000E+00   # Br(mu -> e e e)
#
BLOCK FINETUNE  # Fine Tuning
         1     1.05284358E+02   # delta mZ^2/mZ^2 (mu^2)
         2     5.26672505E+01   # delta mt/mt (mu^2)
