 ******** Begin Program SuSeFLAV ************
           model =    mSUG
            loop =    2
         tanbeta =    1.0000E+01
             m0  =    3.5000E+02
             a0  =    0.0000E+00
             M12 =    5.2500E+02
             m10 =    3.5000E+02
             m20 =    3.5000E+02
         sign mu =    1.0000E+00
            qmix =    0
   top pole mass =    1.7330E+02
 ********************************************
 
  up-type yukawa at high energy:
     2.6015E-06    0.0000E+00    0.0000E+00
     0.0000E+00    2.6015E-03    0.0000E+00
     0.0000E+00    0.0000E+00    4.4445E-01
 
  down-type yukawa at high energy:
     7.7884E-05    0.0000E+00    0.0000E+00
     0.0000E+00    1.5577E-03    0.0000E+00
     0.0000E+00    0.0000E+00    4.5144E-02
 
  lepton-type yukawa at high energy:
     1.7468E-05    0.0000E+00    0.0000E+00
     0.0000E+00    3.6488E-03    0.0000E+00
     0.0000E+00    0.0000E+00    6.2978E-02
 
  nuetrino yukawa at high energy:
     0.0000E+00    0.0000E+00    0.0000E+00
     0.0000E+00    0.0000E+00    0.0000E+00
     0.0000E+00    0.0000E+00    0.0000E+00
 
  up-type yukawa at msusy :
     6.6517E-06    0.0000E+00    0.0000E+00
     0.0000E+00    6.6517E-03    0.0000E+00
     0.0000E+00    0.0000E+00    8.5533E-01
 
  down-type yukawa at msusy :
     2.5600E-04    0.0000E+00    0.0000E+00
     0.0000E+00    5.1199E-03    0.0000E+00
     0.0000E+00    0.0000E+00    1.3450E-01
 
  lepton-type yukawa at msusy :
     2.7861E-05    0.0000E+00    0.0000E+00
     0.0000E+00    5.8196E-03    0.0000E+00
     0.0000E+00    0.0000E+00    9.9976E-02
 
  Spectrum at msusy, q =   9.4830E+02
              alpha_1  =   3.6228E-01
              alpha_2  =   6.4380E-01
              alpha_3  =   1.0616E+00
               vev1    =   2.5120E+01
               vev2    =   2.4263E+02
           newtbeta    =   9.6588E+00
                  \mu  =   6.5904E+02
              ~gluino  =   1.2162E+03
               ~stop_1 =   8.7749E+02
               ~stop_2 =   1.0944E+03
             ~scharm_R =   1.1154E+03
             ~scharm_L =   1.1537E+03
                ~sup_R =   1.1154E+03
                ~sup_L =   1.1537E+03
           ~sbottom_1  =   1.0518E+03
           ~sbottom_2  =   1.1074E+03
           ~sstrange_R =   1.1120E+03
           ~sstrange_L =   1.1563E+03
             ~sdown_R  =   1.1121E+03
             ~sdown_L  =   1.1563E+03
               ~stau_1 =   3.9949E+02
               ~stau_2 =   4.9859E+02
               ~smu_R  =   4.0613E+02
               ~smu_L  =   4.9864E+02
              ~sel_R   =   4.0617E+02
              ~sel_L   =   4.9865E+02
              ~tausnu  =   4.9012E+02
                ~musnu =   4.9184E+02
                ~elsnu =   4.9184E+02
 
 Higgs Spectrum
                 mA0   =   8.1595E+02
            mh_charged =   8.2039E+02
                 mh0   =   1.1500E+02
                  mH   =   8.1629E+02
            \alpha_h   =  -1.0613E-01
 
 Neutralino spectrum
                  N1   =   2.1423E+02
                  N2   =   4.0180E+02
                  N3   =   6.6678E+02
                  N4   =   6.7957E+02
 
 Chargino spectrum
                  C1   =   3.9407E+02
                  C2   =   6.7354E+02
 
  Low Energy Observables 
   Fine tuning, Cmz^2mu^2   =    1.0528E+02
   Fine tuning, Cmt^2mu^2   =    5.2667E+01
        Br(B  => s,gamma)   =    0.0000E+00
       Br(mu  => e,gamma)   =    0.0000E+00 X 10^(-11)
       Br(tau => mu,gamma)  =    0.0000E+00 X 10^(-08)
       Br(tau => e,gamma)   =    0.0000E+00 X 10^(-07)
         Br(tau => e,e,e)   =    0.0000E+00 X 10^(-07)
      Br(tau => mu,mu,mu)   =    0.0000E+00 X 10^(-07)
          Br(mu => e,e,e)   =    0.0000E+00 X 10^(-12)
        Br(mu => e in Ti)   =    0.0000E+00 X 10^(-12)
            (g_mu - 2)      =    6.1447E+00 X 10^(-10)
------------------------------
flag for the point is  AOK                                                                                                
 --------------------------------------------------
 FLAGS AND THEIR MEANINGS
 AOK = Everything is fine.
 BMUNEG = B_mu is negative at Msusy.
 REWSB = |\mu|^2 < 0 at Msusy.
 MUNOC = Non-convergent |\mu| at Msusy.
 SW2NOC = Non-convergent Sin^2_thetaw at Mz.
 NPERTYUK = Non-perturbative yukawa.
 TACSPEC = Spectrum is tachyonic at Msusy.
 TACSPECMZ = Spectrum is tachyonic at Mz.
 FSNC = Final spectrum non-convergent.
 TACMh = Lightest CP-even neutral higgs tachyonic.
 TACMH = Heaviest CP-even neutral higgs tachyonic.
 TACMA = CP-odd neutral higgs tachyonic.
 TACMHCH = Charged higgs tachyonic.
 VARUNDER = Stepsize is zero while integrating the RGEs.
 TACSUP = SUP sector tachyonic.
 TACSDN = SDOWN sector tachyonic.
 TACSLP = SLEPTON sector tachyonic.
 TACSNU = SNEUTRINO sector tachyonic.
 LEPH = Lightest higgs mass below LEP limit.
 LEPC = Lightest chargino mass < 103.5 GeV.
 LSPSTAU = Lightest stau is LSP.
 --------------------------------------------------
