# Spectrum Output in SUSY Les Houches Accord 2
# SuSeFLAV v1.2.0 
# D. Chowdhury, R. Garani and S. K. Vempati, hep-ph/1109.3551 
# For bug reports or any other queries please send email to suseflav@cts.iisc.ernet.in 
# Created on 18.06.2012 at 17:15 Hrs
#
BLOCK SPINFO  #  Program information
     1   SuSeFLAV     # Spectrum calculator
     2   1.2.0        # Version number
#
BLOCK MODSEL  #  MODEL NAME
     1      1   # mSUGRA
     6      1   # Quark flavor is violated
#
BLOCK MINPAR  # Input parameters
         1     1.75000000E+02   #  m0                 
         2     7.00000000E+02   #  m_1/2              
         3     1.00000000E+01   #  tanbeta(mz)        
         4     1.00000000E+00   #  sign(mu)           
         5     0.00000000E+00   #  A0                 
#
BLOCK SMINPUTS  # Standard Model inputs
         1     1.27934000E+02   # alpha_em (M_Z)^MSbar
         2     1.16637000E-05   # G_F [GeV^-2]
         3     1.17200000E-01   # alpha_S(M_Z)^MSbar
         4     9.11876000E+01   # M_Z pole mass
         5     4.25000000E+00   # mb(mb)^MSbar
         6     1.73300000E+02   # mt pole mass
         7     1.77700000E+00   # mtau pole mass
#
BLOCK EXTPAR  # Extra Input parameters
         0     1.43276116E+16   # Unification Scale
#
BLOCK MASS  # Mass Spectrum
# PDG code           mass       particle
        24     8.05135158E+01   # W+
        25     1.16634575E+02   # h
        35     9.72551409E+02   # H
        36     9.72224806E+02   # A
        37     9.75992465E+02   # H+
   1000001     1.43815896E+03   # ~d_L
   2000001     1.37539361E+03   # ~d_R
   1000002     1.43610463E+03   # ~u_L
   2000002     1.38085301E+03   # ~u_R
   1000003     1.43799058E+03   # ~s_L
   2000003     1.37537952E+03   # ~s_R
   1000004     1.43594699E+03   # ~c_L
   2000004     1.38082957E+03   # ~c_R
   1000005     1.32009996E+03   # ~b_1
   2000005     1.37010447E+03   # ~b_2
   1000006     1.11771100E+03   # ~t_1
   2000006     1.35900774E+03   # ~t_2
   1000011     5.02015857E+02   # ~e_L
   2000011     3.23343912E+02   # ~e_R
   1000012     4.94762671E+02   # ~nu_eL
   1000013     5.02008609E+02   # ~mu_L
   2000013     3.23310018E+02   # ~mu_R
   1000014     4.94770590E+02   # ~nu_muL
   1000015     3.15954606E+02   # ~tau_1
   2000015     5.02186445E+02   # ~tau_2
   1000016     4.93363647E+02   # ~nu_tauL
   1000021     1.56717156E+03   # ~g
   1000022     2.93708140E+02   # ~chi_10
   1000023     5.45565698E+02   # ~chi_20
   1000025     8.52064336E+02   # ~chi_30
   1000035     8.63220141E+02   # ~chi_40
   1000024     5.35087891E+02   # ~chi_1+
   1000037     8.55900546E+02   # ~chi_2+
#
BLOCK NMIX  # Neutralino Mixing Matrix
  1  1     9.97581134E-01   # N_11
  1  2    -1.07603946E-02   # N_12
  1  3     6.29824950E-02   # N_13
  1  4    -2.73733592E-02   # N_14
  2  1     2.41394439E-02   # N_21
  2  2     9.79230362E-01   # N_22
  2  3    -1.64797647E-01   # N_23
  2  4     1.15615397E-01   # N_24
  3  1     2.46937526E-02   # N_31
  3  2    -3.56524352E-02   # N_32
  3  3    -7.04911914E-01   # N_33
  3  4    -7.07967736E-01   # N_34
  4  1    -6.03273354E-02   # N_41
  4  2     1.99301317E-01   # N_42
  4  3     6.87003737E-01   # N_43
  4  4    -6.96179189E-01   # N_44
#
BLOCK UMIX  # Chargino Mixing Matrix U
  1  1     9.73935907E-01   # U_11
  1  2    -2.26823387E-01   # U_12
  2  1     2.26823387E-01   # U_21
  2  2     9.73935907E-01   # U_22
#
BLOCK VMIX  # Chargino Mixing Matrix V
  1  1     9.87533725E-01   # V_11
  1  2    -1.57407566E-01   # V_12
  2  1     1.57407566E-01   # V_21
  2  2     9.87533725E-01   # V_22
#
BLOCK STOPMIX  # Stop Mixing Matrix
  1  1     3.92268131E-01   # STOPMIX_11
  1  2     9.19850919E-01   # STOPMIX_12
  2  1    -9.19850919E-01   # STOPMIX_21
  2  2     3.92268131E-01   # STOPMIX_22
#
BLOCK SBOTMIX  # Sbottom Mixing Matrix
  1  1     9.64006661E-01   # SBOTMIX_11
  1  2     2.65878087E-01   # SBOTMIX_12
  2  1    -2.65878087E-01   # SBOTMIX_21
  2  2     9.64006661E-01   # SBOTMIX_22
#
BLOCK STAUMIX  # Stau Mixing Matrix
  1  1     1.04982746E-01   # STAUMIX_11
  1  2     9.94474043E-01   # STAUMIX_12
  2  1    -9.94474043E-01   # STAUMIX_21
  2  2     1.04982746E-01   # STAUMIX_22
#
BLOCK ALPHA  # Higgs mixing
          -1.05581393E-01   # Mixing angle in the neutral Higgs boson sector
#
BLOCK HMIX Q=  1.19610269E+03  # DRbar Higgs Parameters
     1     8.44443837E+02   # mu(Q)
     2     9.63146581E+00   # tanbeta(Q)
     3     2.43788413E+02   # vev(Q)
     4     9.79542568E+05   # MA^2(Q)
#
BLOCK GAUGE Q=  1.19610269E+03  # The gauge couplings
     1     3.62938222E-01   # gprime(Q) DRbar
     2     6.42640131E-01   # g(Q) DRbar
     3     1.04900809E+00   # g_3(Q) DRbar
#
BLOCK AU Q=  1.19610269E+03  # The trilinear couplings
  1  1    -1.54935268E+03   # A_u(Q) DRbar
  2  2    -1.54932306E+03   # A_c(Q) DRbar
  3  3    -1.20756928E+03   # A_t(Q) DRbar
#
BLOCK AD Q=  1.19610269E+03  # The trilinear couplings
  1  1    -1.88235493E+03   # A_d(Q) DRbar
  2  2    -1.88215908E+03   # A_s(Q) DRbar
  3  3    -1.76620802E+03   # A_b(Q) DRbar
#
BLOCK AE Q=  1.19610269E+03  # The trilinear couplings
  1  1    -4.11054468E+02   # A_e(Q) DRbar
  2  2    -4.11047133E+02   # A_mu(Q) DRbar
  3  3    -4.08880064E+02   # A_tau(Q) DRbar
#
BLOCK YU Q=  1.19610269E+03  # The top Yukawa coupling
  3  3     8.46564632E-01   # y_top(Q) DRbar
#
BLOCK YD Q=  1.19610269E+03  # The down Yukawa coupling
  3  3     1.32598129E-01   # y_b(Q) DRbar
#
BLOCK YE Q=  1.19610269E+03  # The tau Yukawa coupling
  3  3     9.98891554E-02   # y_tau(Q) DRbar
#
BLOCK MSOFT Q=  1.19610269E+03  # soft SUSY breaking masses at scale Q
         1     2.99742303E+02   # M_1
         2     5.47455758E+02   # M_2
         3     1.52426952E+03   # M_3
        21     2.13290153E+05   # M^2_Hd
        22    -6.85389256E+05   # M^2_Hu
        31     4.92538051E+02   # M_eL
        32     4.92533477E+02   # M_muL
        33     4.91181717E+02   # M_tauL
        34     3.15206258E+02   # M_eR
        35     3.15191685E+02   # M_muR
        36     3.10851468E+02   # M_tauR
        41     1.38920717E+03   # M_q1L
        42     1.38903450E+03   # M_q2L
        43     1.28286460E+03   # M_q3L
        44     1.33527759E+03   # M_uR
        45     1.33526291E+03   # M_cR
        46     1.10568649E+03   # M_tR
        47     1.32864341E+03   # M_dR
        48     1.32863341E+03   # M_sR
        49     1.32207525E+03   # M_bR
#
BLOCK SuSeFLAVLOWENERGY   #  PARAMETERS 
         1     3.32125850E-03   # Delta rho parameter
         2     5.12055355E-10   # g_mu - 2
         3     3.73261896E-04   # Br(b -> s gamma)
         4     2.26128681E-23   # Br(tau -> mu gamma)
         5     2.42770912E-27   # Br(tau -> e gamma)
         6     3.48794596E-32   # Br(mu -> e gamma)
         7     7.73470324E-26   # Br(tau -> mu mu mu)
         8     2.98171095E-29   # Br(tau -> e e e)
         9     2.65912196E-34   # Br(mu -> e e e)
#
BLOCK FINETUNE  # Fine Tuning
         1     1.72514369E+02   # delta mZ^2/mZ^2 (mu^2)
         2     8.62853891E+01   # delta mt/mt (mu^2)
