 ******** Begin Program SuSeFLAV ************
           model =    mSUG
            loop =    2
         tanbeta =    4.0000E+01
             m0  =    7.0000E+02
             a0  =   -5.0000E+02
             M12 =    6.0000E+02
             m10 =    7.0000E+02
             m20 =    7.0000E+02
         sign mu =    1.0000E+00
            qmix =    0
   top pole mass =    1.7330E+02
 ********************************************
 
  up-type yukawa at high energy:
     2.6184E-06    0.0000E+00    0.0000E+00
     0.0000E+00    2.6185E-03    0.0000E+00
     0.0000E+00    0.0000E+00    4.5754E-01
 
  down-type yukawa at high energy:
     3.5189E-04    0.0000E+00    0.0000E+00
     0.0000E+00    7.0388E-03    0.0000E+00
     0.0000E+00    0.0000E+00    2.0024E-01
 
  lepton-type yukawa at high energy:
     7.8510E-05    0.0000E+00    0.0000E+00
     0.0000E+00    1.6405E-02    0.0000E+00
     0.0000E+00    0.0000E+00    3.2676E-01
 
  nuetrino yukawa at high energy:
     0.0000E+00    0.0000E+00    0.0000E+00
     0.0000E+00    0.0000E+00    0.0000E+00
     0.0000E+00    0.0000E+00    0.0000E+00
 
  up-type yukawa at msusy :
     6.5921E-06    0.0000E+00    0.0000E+00
     0.0000E+00    6.5921E-03    0.0000E+00
     0.0000E+00    0.0000E+00    8.4543E-01
 
  down-type yukawa at msusy :
     1.0287E-03    0.0000E+00    0.0000E+00
     0.0000E+00    2.0574E-02    0.0000E+00
     0.0000E+00    0.0000E+00    4.9457E-01
 
  lepton-type yukawa at msusy :
     1.1239E-04    0.0000E+00    0.0000E+00
     0.0000E+00    2.3478E-02    0.0000E+00
     0.0000E+00    0.0000E+00    4.2201E-01
 
  Spectrum at msusy, q =   1.0823E+03
              alpha_1  =   3.6233E-01
              alpha_2  =   6.4248E-01
              alpha_3  =   1.0543E+00
               vev1    =   6.2224E+00
               vev2    =   2.4373E+02
           newtbeta    =   3.9170E+01
                  \mu  =   7.8494E+02
              ~gluino  =   1.3823E+03
               ~stop_1 =   1.0092E+03
               ~stop_2 =   1.2347E+03
             ~scharm_R =   1.3724E+03
             ~scharm_L =   1.4114E+03
                ~sup_R =   1.3725E+03
                ~sup_L =   1.4115E+03
           ~sbottom_1  =   1.1795E+03
           ~sbottom_2  =   1.2544E+03
           ~sstrange_R =   1.3686E+03
           ~sstrange_L =   1.4135E+03
             ~sdown_R  =   1.3688E+03
             ~sdown_L  =   1.4136E+03
               ~stau_1 =   5.6813E+02
               ~stau_2 =   7.5057E+02
               ~smu_R  =   7.3662E+02
               ~smu_L  =   8.0491E+02
              ~sel_R   =   7.3720E+02
              ~sel_L   =   8.0584E+02
              ~tausnu  =   7.3606E+02
                ~musnu =   8.0054E+02
                ~elsnu =   8.0021E+02
 
 Higgs Spectrum
                 mA0   =   7.8973E+02
            mh_charged =   7.9421E+02
                 mh0   =   1.1769E+02
                  mH   =   7.8965E+02
            \alpha_h   =  -2.5991E-02
 
 Neutralino spectrum
                  N1   =   2.5453E+02
                  N2   =   4.7280E+02
                  N3   =   7.9115E+02
                  N4   =   7.9938E+02
 
 Chargino spectrum
                  C1   =   4.6239E+02
                  C2   =   7.9541E+02
 
  Low Energy Observables 
   Fine tuning, Cmz^2mu^2   =    1.3977E+02
   Fine tuning, Cmt^2mu^2   =    6.9885E+01
        Br(B  => s,gamma)   =    0.0000E+00
       Br(mu  => e,gamma)   =    0.0000E+00 X 10^(-11)
       Br(tau => mu,gamma)  =    0.0000E+00 X 10^(-08)
       Br(tau => e,gamma)   =    0.0000E+00 X 10^(-07)
         Br(tau => e,e,e)   =    0.0000E+00 X 10^(-07)
      Br(tau => mu,mu,mu)   =    0.0000E+00 X 10^(-07)
          Br(mu => e,e,e)   =    0.0000E+00 X 10^(-12)
        Br(mu => e in Ti)   =    0.0000E+00 X 10^(-12)
            (g_mu - 2)      =    1.2768E+01 X 10^(-10)
------------------------------
flag for the point is  AOK                                                                                                
 --------------------------------------------------
 FLAGS AND THEIR MEANINGS
 AOK = Everything is fine.
 BMUNEG = B_mu is negative at Msusy.
 REWSB = |\mu|^2 < 0 at Msusy.
 MUNOC = Non-convergent |\mu| at Msusy.
 SW2NOC = Non-convergent Sin^2_thetaw at Mz.
 NPERTYUK = Non-perturbative yukawa.
 TACSPEC = Spectrum is tachyonic at Msusy.
 TACSPECMZ = Spectrum is tachyonic at Mz.
 FSNC = Final spectrum non-convergent.
 TACMh = Lightest CP-even neutral higgs tachyonic.
 TACMH = Heaviest CP-even neutral higgs tachyonic.
 TACMA = CP-odd neutral higgs tachyonic.
 TACMHCH = Charged higgs tachyonic.
 VARUNDER = Stepsize is zero while integrating the RGEs.
 TACSUP = SUP sector tachyonic.
 TACSDN = SDOWN sector tachyonic.
 TACSLP = SLEPTON sector tachyonic.
 TACSNU = SNEUTRINO sector tachyonic.
 LEPH = Lightest higgs mass below LEP limit.
 LEPC = Lightest chargino mass < 103.5 GeV.
 LSPSTAU = Lightest stau is LSP.
 --------------------------------------------------
