# Spectrum Output in SUSY Les Houches Accord 2
# SuSeFLAV v1.2.0 
# D. Chowdhury, R. Garani and S. K. Vempati, hep-ph/1109.3551 
# For bug reports or any other queries please send email to suseflav@cts.iisc.ernet.in 
# Created on 18.06.2012 at 11:50 Hrs
#
BLOCK SPINFO  #  Program information
     1   SuSeFLAV     # Spectrum calculator
     2   1.2.0        # Version number
#
BLOCK MODSEL  #  MODEL NAME
     1      1   # mSUGRA
#
BLOCK MINPAR  # Input parameters
         1     1.37500000E+02   #  m0                 
         2     5.50000000E+02   #  m_1/2              
         3     1.00000000E+01   #  tanbeta(mz)        
         4     1.00000000E+00   #  sign(mu)           
         5     0.00000000E+00   #  A0                 
#
BLOCK SMINPUTS  # Standard Model inputs
         1     1.27934000E+02   # alpha_em (M_Z)^MSbar
         2     1.16637000E-05   # G_F [GeV^-2]
         3     1.17200000E-01   # alpha_S(M_Z)^MSbar
         4     9.11876000E+01   # M_Z pole mass
         5     4.25000000E+00   # mb(mb)^MSbar
         6     1.73300000E+02   # mt pole mass
         7     1.77700000E+00   # mtau pole mass
#
BLOCK EXTPAR  # Extra Input parameters
         0     2.13040405E+16   # Unification Scale
#
BLOCK MASS  # Mass Spectrum
# PDG code           mass       particle
        24     8.05131035E+01   # W+
        25     1.15236833E+02   # h
        35     7.86225496E+02   # H
        36     7.85935916E+02   # A
        37     7.90434561E+02   # H+
   1000001     1.16067350E+03   # ~d_L
   2000001     1.11167171E+03   # ~d_R
   1000002     1.15808549E+03   # ~u_L
   2000002     1.11549344E+03   # ~u_R
   1000003     1.16066600E+03   # ~s_L
   2000003     1.11165873E+03   # ~s_R
   1000004     1.15809217E+03   # ~c_L
   2000004     1.11546570E+03   # ~c_R
   1000005     1.06376311E+03   # ~b_1
   2000005     1.10788631E+03   # ~b_2
   1000006     8.93067878E+02   # ~t_1
   2000006     1.10921344E+03   # ~t_2
   1000011     3.98309456E+02   # ~e_L
   2000011     2.56484614E+02   # ~e_R
   1000012     3.89602433E+02   # ~nu_eL
   1000013     3.98307523E+02   # ~mu_L
   2000013     2.56450305E+02   # ~mu_R
   1000014     3.89606371E+02   # ~nu_muL
   1000015     2.49184412E+02   # ~tau_1
   2000015     3.99256354E+02   # ~tau_2
   1000016     3.88460978E+02   # ~nu_tauL
   1000021     1.26084891E+03   # ~g
   1000022     2.24555239E+02   # ~chi_10
   1000023     4.21927984E+02   # ~chi_20
   1000025     6.96569190E+02   # ~chi_30
   1000035     7.08868005E+02   # ~chi_40
   1000024     4.13859882E+02   # ~chi_1+
   1000037     7.02757661E+02   # ~chi_2+
#
BLOCK NMIX  # Neutralino Mixing Matrix
  1  1     9.96473787E-01   # N_11
  1  2    -1.57029232E-02   # N_12
  1  3     7.61462273E-02   # N_13
  1  4    -3.15461781E-02   # N_14
  2  1     3.35390517E-02   # N_21
  2  2     9.73928107E-01   # N_22
  2  3    -1.86201815E-01   # N_23
  2  4     1.25172117E-01   # N_24
  3  1     3.06514571E-02   # N_31
  3  2    -4.45654875E-02   # N_32
  3  3    -7.03769881E-01   # N_33
  3  4    -7.08365979E-01   # N_34
  4  1    -7.05380130E-02   # N_41
  4  2     2.21881451E-01   # N_42
  4  3     6.81350564E-01   # N_43
  4  4    -6.93941222E-01   # N_44
#
BLOCK UMIX  # Chargino Mixing Matrix U
  1  1     9.66165949E-01   # U_11
  1  2    -2.57921225E-01   # U_12
  2  1     2.57921225E-01   # U_21
  2  2     9.66165949E-01   # U_22
#
BLOCK VMIX  # Chargino Mixing Matrix V
  1  1     9.85166305E-01   # V_11
  1  2    -1.71602304E-01   # V_12
  2  1     1.71602304E-01   # V_21
  2  2     9.85166305E-01   # V_22
#
BLOCK STOPMIX  # Stop Mixing Matrix
  1  1     4.43416765E-01   # STOPMIX_11
  1  2     8.96315554E-01   # STOPMIX_12
  2  1    -8.96315554E-01   # STOPMIX_21
  2  2     4.43416765E-01   # STOPMIX_22
#
BLOCK SBOTMIX  # Sbottom Mixing Matrix
  1  1     9.54233123E-01   # SBOTMIX_11
  1  2     2.99063785E-01   # SBOTMIX_12
  2  1    -2.99063785E-01   # SBOTMIX_21
  2  2     9.54233123E-01   # SBOTMIX_22
#
BLOCK STAUMIX  # Stau Mixing Matrix
  1  1     1.33978117E-01   # STAUMIX_11
  1  2     9.90984291E-01   # STAUMIX_12
  2  1    -9.90984291E-01   # STAUMIX_21
  2  2     1.33978117E-01   # STAUMIX_22
#
BLOCK ALPHA  # Higgs mixing
          -1.06370284E-01   # Mixing angle in the neutral Higgs boson sector
#
BLOCK HMIX Q=  9.63369059E+02  # DRbar Higgs Parameters
     1     6.88971030E+02   # mu(Q)
     2     9.65732896E+00   # tanbeta(Q)
     3     2.43933112E+02   # vev(Q)
     4     6.40724023E+05   # MA^2(Q)
#
BLOCK GAUGE Q=  9.63369059E+02  # The gauge couplings
     1     3.62492608E-01   # gprime(Q) DRbar
     2     6.43835254E-01   # g(Q) DRbar
     3     1.06033241E+00   # g_3(Q) DRbar
#
BLOCK AU Q=  9.63369059E+02  # The trilinear couplings
  1  1    -1.26007417E+03   # A_u(Q) DRbar
  2  2    -1.26005363E+03   # A_c(Q) DRbar
  3  3    -9.77475195E+02   # A_t(Q) DRbar
#
BLOCK AD Q=  9.63369059E+02  # The trilinear couplings
  1  1    -1.53610281E+03   # A_d(Q) DRbar
  2  2    -1.53608702E+03   # A_s(Q) DRbar
  3  3    -1.43988396E+03   # A_b(Q) DRbar
#
BLOCK AE Q=  9.63369059E+02  # The trilinear couplings
  1  1    -3.29760171E+02   # A_e(Q) DRbar
  2  2    -3.29754145E+02   # A_mu(Q) DRbar
  3  3    -3.27978374E+02   # A_tau(Q) DRbar
#
BLOCK YU Q=  9.63369059E+02  # The top Yukawa coupling
  3  3     8.54185732E-01   # y_top(Q) DRbar
#
BLOCK YD Q=  9.63369059E+02  # The down Yukawa coupling
  3  3     1.34156324E-01   # y_b(Q) DRbar
#
BLOCK YE Q=  9.63369059E+02  # The tau Yukawa coupling
  3  3     1.00057884E-01   # y_tau(Q) DRbar
#
BLOCK MSOFT Q=  9.63369059E+02  # soft SUSY breaking masses at scale Q
         1     2.29753479E+02   # M_1
         2     4.26837706E+02   # M_2
         3     1.22456474E+03   # M_3
        21     1.32649943E+05   # M^2_Hd
        22    -4.58638334E+05   # M^2_Hu
        31     3.90114433E+02   # M_eL
        32     3.90110718E+02   # M_muL
        33     3.89015796E+02   # M_tauL
        34     2.48687356E+02   # M_eR
        35     2.48675476E+02   # M_muR
        36     2.45145947E+02   # M_tauR
        41     1.12020596E+03   # M_q1L
        42     1.12019635E+03   # M_q2L
        43     1.03328886E+03   # M_q3L
        44     1.07826087E+03   # M_uR
        45     1.07824893E+03   # M_cR
        46     8.91266847E+02   # M_tR
        47     1.07318757E+03   # M_dR
        48     1.07317934E+03   # M_sR
        49     1.06776091E+03   # M_bR
#
BLOCK SuSeFLAVLOWENERGY   #  PARAMETERS 
         1     3.55428866E-03   # Delta rho parameter
         2     8.27948896E-10   # g_mu - 2
         3     0.00000000E+00   # Br(b -> s gamma)
         4     0.00000000E+00   # Br(tau -> mu gamma)
         5     0.00000000E+00   # Br(tau -> e gamma)
         6     0.00000000E+00   # Br(mu -> e gamma)
         7     0.00000000E+00   # Br(tau -> mu mu mu)
         8     0.00000000E+00   # Br(tau -> e e e)
         9     0.00000000E+00   # Br(mu -> e e e)
#
BLOCK FINETUNE  # Fine Tuning
         1     1.15062006E+02   # delta mZ^2/mZ^2 (mu^2)
         2     5.75664890E+01   # delta mt/mt (mu^2)
