 ******** Begin Program SuSeFLAV ************
           model =    mSUG
            loop =    2
         tanbeta =    1.0000E+01
             m0  =    1.3750E+02
             a0  =    0.0000E+00
             M12 =    5.5000E+02
             m10 =    1.3750E+02
             m20 =    1.3750E+02
         sign mu =    1.0000E+00
            qmix =    0
   top pole mass =    1.7330E+02
 ********************************************
 
  up-type yukawa at high energy:
     2.6016E-06    0.0000E+00    0.0000E+00
     0.0000E+00    2.6017E-03    0.0000E+00
     0.0000E+00    0.0000E+00    4.4373E-01
 
  down-type yukawa at high energy:
     7.7953E-05    0.0000E+00    0.0000E+00
     0.0000E+00    1.5591E-03    0.0000E+00
     0.0000E+00    0.0000E+00    4.5086E-02
 
  lepton-type yukawa at high energy:
     1.7461E-05    0.0000E+00    0.0000E+00
     0.0000E+00    3.6474E-03    0.0000E+00
     0.0000E+00    0.0000E+00    6.3023E-02
 
  nuetrino yukawa at high energy:
     0.0000E+00    0.0000E+00    0.0000E+00
     0.0000E+00    0.0000E+00    0.0000E+00
     0.0000E+00    0.0000E+00    0.0000E+00
 
  up-type yukawa at msusy :
     6.6480E-06    0.0000E+00    0.0000E+00
     0.0000E+00    6.6480E-03    0.0000E+00
     0.0000E+00    0.0000E+00    8.5419E-01
 
  down-type yukawa at msusy :
     2.5582E-04    0.0000E+00    0.0000E+00
     0.0000E+00    5.1164E-03    0.0000E+00
     0.0000E+00    0.0000E+00    1.3416E-01
 
  lepton-type yukawa at msusy :
     2.7853E-05    0.0000E+00    0.0000E+00
     0.0000E+00    5.8180E-03    0.0000E+00
     0.0000E+00    0.0000E+00    1.0006E-01
 
  Spectrum at msusy, q =   9.6337E+02
              alpha_1  =   3.6249E-01
              alpha_2  =   6.4384E-01
              alpha_3  =   1.0603E+00
               vev1    =   2.5126E+01
               vev2    =   2.4265E+02
           newtbeta    =   9.6573E+00
                  \mu  =   6.8897E+02
              ~gluino  =   1.2608E+03
               ~stop_1 =   8.9307E+02
               ~stop_2 =   1.1092E+03
             ~scharm_R =   1.1155E+03
             ~scharm_L =   1.1581E+03
                ~sup_R =   1.1155E+03
                ~sup_L =   1.1581E+03
           ~sbottom_1  =   1.0638E+03
           ~sbottom_2  =   1.1079E+03
           ~sstrange_R =   1.1117E+03
           ~sstrange_L =   1.1607E+03
             ~sdown_R  =   1.1117E+03
             ~sdown_L  =   1.1607E+03
               ~stau_1 =   2.4918E+02
               ~stau_2 =   3.9926E+02
               ~smu_R  =   2.5645E+02
               ~smu_L  =   3.9831E+02
              ~sel_R   =   2.5648E+02
              ~sel_L   =   3.9831E+02
              ~tausnu  =   3.8846E+02
                ~musnu =   3.8961E+02
                ~elsnu =   3.8960E+02
 
 Higgs Spectrum
                 mA0   =   7.8594E+02
            mh_charged =   7.9043E+02
                 mh0   =   1.1524E+02
                  mH   =   7.8623E+02
            \alpha_h   =  -1.0637E-01
 
 Neutralino spectrum
                  N1   =   2.2456E+02
                  N2   =   4.2193E+02
                  N3   =   6.9657E+02
                  N4   =   7.0887E+02
 
 Chargino spectrum
                  C1   =   4.1386E+02
                  C2   =   7.0276E+02
 
  Low Energy Observables 
   Fine tuning, Cmz^2mu^2   =    1.1506E+02
   Fine tuning, Cmt^2mu^2   =    5.7566E+01
        Br(B  => s,gamma)   =    0.0000E+00
       Br(mu  => e,gamma)   =    0.0000E+00 X 10^(-11)
       Br(tau => mu,gamma)  =    0.0000E+00 X 10^(-08)
       Br(tau => e,gamma)   =    0.0000E+00 X 10^(-07)
         Br(tau => e,e,e)   =    0.0000E+00 X 10^(-07)
      Br(tau => mu,mu,mu)   =    0.0000E+00 X 10^(-07)
          Br(mu => e,e,e)   =    0.0000E+00 X 10^(-12)
        Br(mu => e in Ti)   =    0.0000E+00 X 10^(-12)
            (g_mu - 2)      =    8.2795E+00 X 10^(-10)
------------------------------
flag for the point is  AOK                                                                                                
 --------------------------------------------------
 FLAGS AND THEIR MEANINGS
 AOK = Everything is fine.
 BMUNEG = B_mu is negative at Msusy.
 REWSB = |\mu|^2 < 0 at Msusy.
 MUNOC = Non-convergent |\mu| at Msusy.
 SW2NOC = Non-convergent Sin^2_thetaw at Mz.
 NPERTYUK = Non-perturbative yukawa.
 TACSPEC = Spectrum is tachyonic at Msusy.
 TACSPECMZ = Spectrum is tachyonic at Mz.
 FSNC = Final spectrum non-convergent.
 TACMh = Lightest CP-even neutral higgs tachyonic.
 TACMH = Heaviest CP-even neutral higgs tachyonic.
 TACMA = CP-odd neutral higgs tachyonic.
 TACMHCH = Charged higgs tachyonic.
 VARUNDER = Stepsize is zero while integrating the RGEs.
 TACSUP = SUP sector tachyonic.
 TACSDN = SDOWN sector tachyonic.
 TACSLP = SLEPTON sector tachyonic.
 TACSNU = SNEUTRINO sector tachyonic.
 LEPH = Lightest higgs mass below LEP limit.
 LEPC = Lightest chargino mass < 103.5 GeV.
 LSPSTAU = Lightest stau is LSP.
 --------------------------------------------------
