# Spectrum Output in SUSY Les Houches Accord 2
# SuSeFLAV v1.2.0 
# D. Chowdhury, R. Garani and S. K. Vempati, hep-ph/1109.3551 
# For bug reports or any other queries please send email to suseflav@cts.iisc.ernet.in 
# Created on 18.06.2012 at 11:50 Hrs
#
BLOCK SPINFO  #  Program information
     1   SuSeFLAV     # Spectrum calculator
     2   1.2.0        # Version number
#
BLOCK MODSEL  #  MODEL NAME
     1      2   # GMSB  
#
BLOCK MINPAR  # Input parameters
         1     4.00000000E+04   #  Lambda_susy        
         2     8.00000000E+04   #  Lambda_mess        
         3     1.50000000E+01   #  tanbeta(mz)        
         4     1.00000000E+00   #  sign(mu)           
         5     3.00000000E+00   #  N_mess             
         6     1.00000000E+00   #  c_grav             
#
BLOCK SMINPUTS  # Standard Model inputs
         1     1.27934000E+02   # alpha_em (M_Z)^MSbar
         2     1.16637000E-05   # G_F [GeV^-2]
         3     1.17200000E-01   # alpha_S(M_Z)^MSbar
         4     9.11876000E+01   # M_Z pole mass
         5     4.25000000E+00   # mb(mb)^MSbar
         6     1.73300000E+02   # mt pole mass
         7     1.77700000E+00   # mtau pole mass
#
#
BLOCK MASS  # Mass Spectrum
# PDG code           mass       particle
        24     8.05183193E+01   # W+
        25     1.10863012E+02   # h
        35     3.78585582E+02   # H
        36     3.78319958E+02   # A
        37     3.87145555E+02   # H+
   1000001     9.08947008E+02   # ~d_L
   2000001     8.73729260E+02   # ~d_R
   1000002     9.05556188E+02   # ~u_L
   2000002     8.75072572E+02   # ~u_R
   1000003     9.08945927E+02   # ~s_L
   2000003     8.73719316E+02   # ~s_R
   1000004     9.05556077E+02   # ~c_L
   2000004     8.75066452E+02   # ~c_R
   1000005     8.64680380E+02   # ~b_1
   2000005     8.82738731E+02   # ~b_2
   1000006     8.16236795E+02   # ~t_1
   2000006     8.99258149E+02   # ~t_2
   1000011     2.63531967E+02   # ~e_L
   2000011     1.32768038E+02   # ~e_R
   1000012     2.50722572E+02   # ~nu_eL
   1000013     2.63544113E+02   # ~mu_L
   2000013     1.32726337E+02   # ~mu_R
   1000014     2.50722937E+02   # ~nu_muL
   1000015     1.23828937E+02   # ~tau_1
   2000015     2.66915541E+02   # ~tau_2
   1000016     2.50545839E+02   # ~nu_tauL
   1000021     9.53980950E+02   # ~g
   1000022     1.66304913E+02   # ~chi_10
   1000023     2.96551191E+02   # ~chi_20
   1000025     3.86526498E+02   # ~chi_30
   1000035     4.26026241E+02   # ~chi_40
   1000024     2.91631620E+02   # ~chi_1+
   1000037     4.20321215E+02   # ~chi_2+
   1000039     7.58400000E-10   # ~gravitino
#
BLOCK NMIX  # Neutralino Mixing Matrix
  1  1     9.83669950E-01   # N_11
  1  2    -4.26679357E-02   # N_12
  1  3     1.57016628E-01   # N_13
  1  4    -7.69327923E-02   # N_14
  2  1     1.30656174E-01   # N_21
  2  2     8.27111307E-01   # N_22
  2  3    -4.25822156E-01   # N_23
  2  4     3.42770100E-01   # N_24
  3  1     5.27257556E-02   # N_31
  3  2    -7.35062776E-02   # N_32
  3  3    -6.98230213E-01   # N_33
  3  4    -7.10134770E-01   # N_34
  4  1    -1.11992802E-01   # N_41
  4  2     5.55574622E-01   # N_42
  4  3     5.53620665E-01   # N_43
  4  4    -6.10162775E-01   # N_44
#
BLOCK UMIX  # Chargino Mixing Matrix U
  1  1     7.95461063E-01   # U_11
  1  2    -6.06004701E-01   # U_12
  2  1     6.06004701E-01   # U_21
  2  2     7.95461063E-01   # U_22
#
BLOCK VMIX  # Chargino Mixing Matrix V
  1  1     8.74398663E-01   # V_11
  1  2    -4.85208181E-01   # V_12
  2  1     4.85208181E-01   # V_21
  2  2     8.74398663E-01   # V_22
#
BLOCK STOPMIX  # Stop Mixing Matrix
  1  1     3.96623633E-01   # STOPMIX_11
  1  2     9.17981315E-01   # STOPMIX_12
  2  1    -9.17981315E-01   # STOPMIX_21
  2  2     3.96623633E-01   # STOPMIX_22
#
BLOCK SBOTMIX  # Sbottom Mixing Matrix
  1  1     5.02818393E-01   # SBOTMIX_11
  1  2     8.64392077E-01   # SBOTMIX_12
  2  1    -8.64392077E-01   # SBOTMIX_21
  2  2     5.02818393E-01   # SBOTMIX_22
#
BLOCK STAUMIX  # Stau Mixing Matrix
  1  1     1.86355809E-01   # STAUMIX_11
  1  2     9.82482322E-01   # STAUMIX_12
  2  1    -9.82482322E-01   # STAUMIX_21
  2  2     1.86355809E-01   # STAUMIX_22
#
BLOCK ALPHA  # Higgs mixing
          -7.92567398E-02   # Mixing angle in the neutral Higgs boson sector
#
BLOCK HMIX Q=  8.29893728E+02  # DRbar Higgs Parameters
     1     3.79291643E+02   # mu(Q)
     2     1.45262994E+01   # tanbeta(Q)
     3     2.43894226E+02   # vev(Q)
     4     1.66819728E+05   # MA^2(Q)
#
BLOCK GAUGE Q=  8.29893728E+02  # The gauge couplings
     1     3.62517917E-01   # gprime(Q) DRbar
     2     6.46058498E-01   # g(Q) DRbar
     3     1.07192955E+00   # g_3(Q) DRbar
#
BLOCK AU Q=  8.29893728E+02  # The trilinear couplings
  1  1    -2.77073344E+02   # A_u(Q) DRbar
  2  2    -2.77071990E+02   # A_c(Q) DRbar
  3  3    -2.61287989E+02   # A_t(Q) DRbar
#
BLOCK AD Q=  8.29893728E+02  # The trilinear couplings
  1  1    -2.94733338E+02   # A_d(Q) DRbar
  2  2    -2.94731756E+02   # A_s(Q) DRbar
  3  3    -2.89004435E+02   # A_b(Q) DRbar
#
BLOCK AE Q=  8.29893728E+02  # The trilinear couplings
  1  1    -2.73950311E+01   # A_e(Q) DRbar
  2  2    -2.73948270E+01   # A_mu(Q) DRbar
  3  3    -2.73337664E+01   # A_tau(Q) DRbar
#
BLOCK YU Q=  8.29893728E+02  # The top Yukawa coupling
  3  3     8.64475166E-01   # y_top(Q) DRbar
#
BLOCK YD Q=  8.29893728E+02  # The down Yukawa coupling
  3  3     2.03562375E-01   # y_b(Q) DRbar
#
BLOCK YE Q=  8.29893728E+02  # The tau Yukawa coupling
  3  3     1.51537376E-01   # y_tau(Q) DRbar
#
BLOCK MSOFT Q=  8.29893728E+02  # soft SUSY breaking masses at scale Q
         1     1.72894885E+02   # M_1
         2     3.28239863E+02   # M_2
         3     9.08171300E+02   # M_3
        21    -2.80595720E+02   # M^2_Hd
        22    -1.35078029E+05   # M^2_Hu
        31     2.54574345E+02   # M_eL
        32     2.54573722E+02   # M_muL
        33     2.54386967E+02   # M_tauL
        34     1.20567529E+02   # M_eR
        35     1.20564849E+02   # M_muR
        36     1.19758399E+02   # M_tauR
        41     8.73127810E+02   # M_q1L
        42     8.73124277E+02   # M_q2L
        43     8.46722168E+02   # M_q3L
        44     8.42423901E+02   # M_uR
        45     8.42420828E+02   # M_cR
        46     7.89631396E+02   # M_tR
        47     8.39699088E+02   # M_dR
        48     8.39694794E+02   # M_sR
        49     8.36722209E+02   # M_bR
#
BLOCK SuSeFLAVLOWENERGY   #  PARAMETERS 
         1     4.29930988E-03   # Delta rho parameter
         2     2.89865059E-09   # g_mu - 2
         3     0.00000000E+00   # Br(b -> s gamma)
         4     0.00000000E+00   # Br(tau -> mu gamma)
         5     0.00000000E+00   # Br(tau -> e gamma)
         6     0.00000000E+00   # Br(mu -> e gamma)
         7     0.00000000E+00   # Br(tau -> mu mu mu)
         8     0.00000000E+00   # Br(tau -> e e e)
         9     0.00000000E+00   # Br(mu -> e e e)
#
BLOCK FINETUNE  # Fine Tuning
         1     3.40381594E+01   # delta mZ^2/mZ^2 (mu^2)
         2     1.71142366E+01   # delta mt/mt (mu^2)
