 ******** Begin Program SuSeFLAV ************
           model =    GMSB
            loop =    2
         tanbeta =    1.5000E+01
         lambda  =    4.0000E+04
   Messenger scale    8.0000E+04
   number of messen   3.0000E+00
         sign mu =    1.0000E+00
            qmix =    0
   top pole mass =    1.7330E+02
 ********************************************
 
 Invalid point LEPH                                                                                                
  up-type yukawa at high energy:
     5.7753E-06    0.0000E+00    0.0000E+00
     0.0000E+00    5.7754E-03    0.0000E+00
     0.0000E+00    0.0000E+00    7.9567E-01
 
  down-type yukawa at high energy:
     3.1643E-04    0.0000E+00    0.0000E+00
     0.0000E+00    6.3287E-03    0.0000E+00
     0.0000E+00    0.0000E+00    1.7087E-01
 
  lepton-type yukawa at high energy:
     3.9980E-05    0.0000E+00    0.0000E+00
     0.0000E+00    8.3512E-03    0.0000E+00
     0.0000E+00    0.0000E+00    1.4517E-01
 
  nuetrino yukawa at high energy:
     0.0000E+00    0.0000E+00    0.0000E+00
     0.0000E+00    0.0000E+00    0.0000E+00
     0.0000E+00    0.0000E+00    0.0000E+00
 
  up-type yukawa at msusy :
     6.6621E-06    0.0000E+00    0.0000E+00
     0.0000E+00    6.6621E-03    0.0000E+00
     0.0000E+00    0.0000E+00    8.6448E-01
 
  down-type yukawa at msusy :
     3.8557E-04    0.0000E+00    0.0000E+00
     0.0000E+00    7.7114E-03    0.0000E+00
     0.0000E+00    0.0000E+00    2.0356E-01
 
  lepton-type yukawa at msusy :
     4.1813E-05    0.0000E+00    0.0000E+00
     0.0000E+00    8.7342E-03    0.0000E+00
     0.0000E+00    0.0000E+00    1.5154E-01
 
  Spectrum at msusy, q =   8.2989E+02
              alpha_1  =   3.6252E-01
              alpha_2  =   6.4606E-01
              alpha_3  =   1.0719E+00
               vev1    =   1.6751E+01
               vev2    =   2.4333E+02
           newtbeta    =   1.4526E+01
                  \mu  =   3.7929E+02
              ~gluino  =   9.5398E+02
               ~stop_1 =   8.1624E+02
               ~stop_2 =   8.9926E+02
             ~scharm_R =   8.7507E+02
             ~scharm_L =   9.0556E+02
                ~sup_R =   8.7507E+02
                ~sup_L =   9.0556E+02
           ~sbottom_1  =   8.6468E+02
           ~sbottom_2  =   8.8274E+02
           ~sstrange_R =   8.7372E+02
           ~sstrange_L =   9.0895E+02
             ~sdown_R  =   8.7373E+02
             ~sdown_L  =   9.0895E+02
               ~stau_1 =   1.2383E+02
               ~stau_2 =   2.6692E+02
               ~smu_R  =   1.3273E+02
               ~smu_L  =   2.6354E+02
              ~sel_R   =   1.3277E+02
              ~sel_L   =   2.6353E+02
              ~tausnu  =   2.5055E+02
                ~musnu =   2.5072E+02
                ~elsnu =   2.5072E+02
 
 Higgs Spectrum
                 mA0   =   3.7832E+02
            mh_charged =   3.8715E+02
                 mh0   =   1.1086E+02
                  mH   =   3.7859E+02
            \alpha_h   =  -7.9257E-02
 
 Neutralino spectrum
                  N1   =   1.6630E+02
                  N2   =   2.9655E+02
                  N3   =   3.8653E+02
                  N4   =   4.2603E+02
 
 Chargino spectrum
                  C1   =   2.9163E+02
                  C2   =   4.2032E+02
 
  Low Energy Observables 
   Fine tuning, Cmz^2mu^2   =    3.4038E+01
   Fine tuning, Cmt^2mu^2   =    1.7114E+01
        Br(B  => s,gamma)   =    0.0000E+00
       Br(mu  => e,gamma)   =    0.0000E+00 X 10^(-11)
       Br(tau => mu,gamma)  =    0.0000E+00 X 10^(-08)
       Br(tau => e,gamma)   =    0.0000E+00 X 10^(-07)
         Br(tau => e,e,e)   =    0.0000E+00 X 10^(-07)
      Br(tau => mu,mu,mu)   =    0.0000E+00 X 10^(-07)
          Br(mu => e,e,e)   =    0.0000E+00 X 10^(-12)
        Br(mu => e in Ti)   =    0.0000E+00 X 10^(-12)
            (g_mu - 2)      =    2.8987E+01 X 10^(-10)
------------------------------
flag for the point is LEPH                                                                                                
 --------------------------------------------------
 FLAGS AND THEIR MEANINGS
 AOK = Everything is fine.
 BMUNEG = B_mu is negative at Msusy.
 REWSB = |\mu|^2 < 0 at Msusy.
 MUNOC = Non-convergent |\mu| at Msusy.
 SW2NOC = Non-convergent Sin^2_thetaw at Mz.
 NPERTYUK = Non-perturbative yukawa.
 TACSPEC = Spectrum is tachyonic at Msusy.
 TACSPECMZ = Spectrum is tachyonic at Mz.
 FSNC = Final spectrum non-convergent.
 TACMh = Lightest CP-even neutral higgs tachyonic.
 TACMH = Heaviest CP-even neutral higgs tachyonic.
 TACMA = CP-odd neutral higgs tachyonic.
 TACMHCH = Charged higgs tachyonic.
 VARUNDER = Stepsize is zero while integrating the RGEs.
 TACSUP = SUP sector tachyonic.
 TACSDN = SDOWN sector tachyonic.
 TACSLP = SLEPTON sector tachyonic.
 TACSNU = SNEUTRINO sector tachyonic.
 LEPH = Lightest higgs mass below LEP limit.
 LEPC = Lightest chargino mass < 103.5 GeV.
 LSPSTAU = Lightest stau is LSP.
 --------------------------------------------------
