# Spectrum Output in SUSY Les Houches Accord 2
# SuSeFLAV v1.2.0 
# D. Chowdhury, R. Garani and S. K. Vempati, hep-ph/1109.3551 
# For bug reports or any other queries please send email to suseflav@cts.iisc.ernet.in 
# Created on 18.06.2012 at 11:50 Hrs
#
BLOCK SPINFO  #  Program information
     1   SuSeFLAV     # Spectrum calculator
     2   1.2.0        # Version number
#
BLOCK MODSEL  #  MODEL NAME
     1      1   # mSUGRA
#
BLOCK MINPAR  # Input parameters
         1     6.00000000E+02   #  m0                 
         2     5.50000000E+02   #  m_1/2              
         3     4.00000000E+01   #  tanbeta(mz)        
         4     1.00000000E+00   #  sign(mu)           
         5    -5.00000000E+02   #  A0                 
#
BLOCK SMINPUTS  # Standard Model inputs
         1     1.27934000E+02   # alpha_em (M_Z)^MSbar
         2     1.16637000E-05   # G_F [GeV^-2]
         3     1.17200000E-01   # alpha_S(M_Z)^MSbar
         4     9.11876000E+01   # M_Z pole mass
         5     4.25000000E+00   # mb(mb)^MSbar
         6     1.73300000E+02   # mt pole mass
         7     1.77700000E+00   # mtau pole mass
#
BLOCK EXTPAR  # Extra Input parameters
         0     1.22559008E+16   # Unification Scale
#
BLOCK MASS  # Mass Spectrum
# PDG code           mass       particle
        24     8.05106146E+01   # W+
        25     1.17233881E+02   # h
        35     7.13581018E+02   # H
        36     7.13685574E+02   # A
        37     7.18634775E+02   # H+
   1000001     1.28310832E+03   # ~d_L
   2000001     1.24122809E+03   # ~d_R
   1000002     1.28075687E+03   # ~u_L
   2000002     1.24448121E+03   # ~u_R
   1000003     1.28303211E+03   # ~s_L
   2000003     1.24097319E+03   # ~s_R
   1000004     1.28066479E+03   # ~c_L
   2000004     1.24444330E+03   # ~c_R
   1000005     1.06797136E+03   # ~b_1
   2000005     1.14024121E+03   # ~b_2
   1000006     9.10607075E+02   # ~t_1
   2000006     1.12968591E+03   # ~t_2
   1000011     7.03450502E+02   # ~e_L
   2000011     6.36704613E+02   # ~e_R
   1000012     6.97495881E+02   # ~nu_eL
   1000013     7.02718188E+02   # ~mu_L
   2000013     6.36143515E+02   # ~mu_R
   1000014     6.97727629E+02   # ~nu_muL
   1000015     4.77201255E+02   # ~tau_1
   2000015     6.57089853E+02   # ~tau_2
   1000016     6.39602594E+02   # ~nu_tauL
   1000021     1.27116465E+03   # ~g
   1000022     2.32940023E+02   # ~chi_10
   1000023     4.32012065E+02   # ~chi_20
   1000025     7.41876984E+02   # ~chi_30
   1000035     7.50159145E+02   # ~chi_40
   1000024     4.22628423E+02   # ~chi_1+
   1000037     7.46683134E+02   # ~chi_2+
#
BLOCK NMIX  # Neutralino Mixing Matrix
  1  1     9.97208995E-01   # N_11
  1  2    -1.07671011E-02   # N_12
  1  3     6.98534955E-02   # N_13
  1  4    -2.40578359E-02   # N_14
  2  1     2.43884075E-02   # N_21
  2  2     9.81392563E-01   # N_22
  2  3    -1.62915349E-01   # N_23
  2  4     9.86530873E-02   # N_24
  3  1     3.17198588E-02   # N_31
  3  2    -4.64502648E-02   # N_32
  3  3    -7.03859301E-01   # N_33
  3  4    -7.08108967E-01   # N_34
  4  1    -6.30339346E-02   # N_41
  4  2     1.85997525E-01   # N_42
  4  3     6.87867112E-01   # N_43
  4  4    -6.98763537E-01   # N_44
#
BLOCK UMIX  # Chargino Mixing Matrix U
  1  1     9.74963190E-01   # U_11
  1  2    -2.22366313E-01   # U_12
  2  1     2.22366313E-01   # U_21
  2  2     9.74963190E-01   # U_22
#
BLOCK VMIX  # Chargino Mixing Matrix V
  1  1     9.91284838E-01   # V_11
  1  2    -1.31735985E-01   # V_12
  2  1     1.31735985E-01   # V_21
  2  2     9.91284838E-01   # V_22
#
BLOCK STOPMIX  # Stop Mixing Matrix
  1  1     4.56010514E-01   # STOPMIX_11
  1  2     8.89974388E-01   # STOPMIX_12
  2  1    -8.89974388E-01   # STOPMIX_21
  2  2     4.56010514E-01   # STOPMIX_22
#
BLOCK SBOTMIX  # Sbottom Mixing Matrix
  1  1     8.36671699E-01   # SBOTMIX_11
  1  2     5.47704727E-01   # SBOTMIX_12
  2  1    -5.47704727E-01   # SBOTMIX_21
  2  2     8.36671699E-01   # SBOTMIX_22
#
BLOCK STAUMIX  # Stau Mixing Matrix
  1  1     2.77881393E-01   # STAUMIX_11
  1  2     9.60615392E-01   # STAUMIX_12
  2  1    -9.60615392E-01   # STAUMIX_21
  2  2     2.77881393E-01   # STAUMIX_22
#
BLOCK ALPHA  # Higgs mixing
          -2.60433829E-02   # Mixing angle in the neutral Higgs boson sector
#
BLOCK HMIX Q=  9.83252957E+02  # DRbar Higgs Parameters
     1     7.35633497E+02   # mu(Q)
     2     3.91911484E+01   # tanbeta(Q)
     3     2.43863516E+02   # vev(Q)
     4     6.56715112E+05   # MA^2(Q)
#
BLOCK GAUGE Q=  9.83252957E+02  # The gauge couplings
     1     3.62147714E-01   # gprime(Q) DRbar
     2     6.42939796E-01   # g(Q) DRbar
     3     1.05904398E+00   # g_3(Q) DRbar
#
BLOCK AU Q=  9.83252957E+02  # The trilinear couplings
  1  1    -1.58138785E+03   # A_u(Q) DRbar
  2  2    -1.58127684E+03   # A_c(Q) DRbar
  3  3    -1.10813737E+03   # A_t(Q) DRbar
#
BLOCK AD Q=  9.83252957E+02  # The trilinear couplings
  1  1    -1.82554844E+03   # A_d(Q) DRbar
  2  2    -1.82528239E+03   # A_s(Q) DRbar
  3  3    -1.54272811E+03   # A_b(Q) DRbar
#
BLOCK AE Q=  9.83252957E+02  # The trilinear couplings
  1  1    -6.41363185E+02   # A_e(Q) DRbar
  2  2    -6.41041403E+02   # A_mu(Q) DRbar
  3  3    -5.37517352E+02   # A_tau(Q) DRbar
#
BLOCK YU Q=  9.83252957E+02  # The top Yukawa coupling
  3  3     8.48296282E-01   # y_top(Q) DRbar
#
BLOCK YD Q=  9.83252957E+02  # The down Yukawa coupling
  3  3     4.93723161E-01   # y_b(Q) DRbar
#
BLOCK YE Q=  9.83252957E+02  # The tau Yukawa coupling
  3  3     4.22790328E-01   # y_tau(Q) DRbar
#
BLOCK MSOFT Q=  9.83252957E+02  # soft SUSY breaking masses at scale Q
         1     2.37316759E+02   # M_1
         2     4.31783070E+02   # M_2
         3     1.21390486E+03   # M_3
        21    -5.66129064E+03   # M^2_Hd
        22    -5.30928821E+05   # M^2_Hu
        31     6.98576831E+02   # M_eL
        32     6.98397570E+02   # M_muL
        33     6.40989026E+02   # M_tauL
        34     6.33583494E+02   # M_eR
        35     6.33184611E+02   # M_muR
        36     4.95261086E+02   # M_tauR
        41     1.24502519E+03   # M_q1L
        42     1.24491483E+03   # M_q2L
        43     1.05306474E+03   # M_q3L
        44     1.20900479E+03   # M_uR
        45     1.20898535E+03   # M_cR
        46     9.11876681E+02   # M_tR
        47     1.20469907E+03   # M_dR
        48     1.20448792E+03   # M_sR
        49     1.09102216E+03   # M_bR
#
BLOCK SuSeFLAVLOWENERGY   #  PARAMETERS 
         1     3.17359674E-03   # Delta rho parameter
         2     1.58827454E-09   # g_mu - 2
         3     0.00000000E+00   # Br(b -> s gamma)
         4     0.00000000E+00   # Br(tau -> mu gamma)
         5     0.00000000E+00   # Br(tau -> e gamma)
         6     0.00000000E+00   # Br(mu -> e gamma)
         7     0.00000000E+00   # Br(tau -> mu mu mu)
         8     0.00000000E+00   # Br(tau -> e e e)
         9     0.00000000E+00   # Br(mu -> e e e)
#
BLOCK FINETUNE  # Fine Tuning
         1     1.23025924E+02   # delta mZ^2/mZ^2 (mu^2)
         2     6.15131574E+01   # delta mt/mt (mu^2)
