 ******** Begin Program SuSeFLAV ************
           model =    mSUG
            loop =    2
         tanbeta =    4.0000E+01
             m0  =    6.0000E+02
             a0  =   -5.0000E+02
             M12 =    5.5000E+02
             m10 =    6.0000E+02
             m20 =    6.0000E+02
         sign mu =    1.0000E+00
            qmix =    0
   top pole mass =    1.7330E+02
 ********************************************
 
  up-type yukawa at high energy:
     2.6089E-06    0.0000E+00    0.0000E+00
     0.0000E+00    2.6091E-03    0.0000E+00
     0.0000E+00    0.0000E+00    4.5652E-01
 
  down-type yukawa at high energy:
     3.5018E-04    0.0000E+00    0.0000E+00
     0.0000E+00    7.0045E-03    0.0000E+00
     0.0000E+00    0.0000E+00    1.9817E-01
 
  lepton-type yukawa at high energy:
     7.8375E-05    0.0000E+00    0.0000E+00
     0.0000E+00    1.6376E-02    0.0000E+00
     0.0000E+00    0.0000E+00    3.2675E-01
 
  nuetrino yukawa at high energy:
     0.0000E+00    0.0000E+00    0.0000E+00
     0.0000E+00    0.0000E+00    0.0000E+00
     0.0000E+00    0.0000E+00    0.0000E+00
 
  up-type yukawa at msusy :
     6.6126E-06    0.0000E+00    0.0000E+00
     0.0000E+00    6.6127E-03    0.0000E+00
     0.0000E+00    0.0000E+00    8.4830E-01
 
  down-type yukawa at msusy :
     1.0324E-03    0.0000E+00    0.0000E+00
     0.0000E+00    2.0649E-02    0.0000E+00
     0.0000E+00    0.0000E+00    4.9372E-01
 
  lepton-type yukawa at msusy :
     1.1247E-04    0.0000E+00    0.0000E+00
     0.0000E+00    2.3494E-02    0.0000E+00
     0.0000E+00    0.0000E+00    4.2279E-01
 
  Spectrum at msusy, q =   9.8325E+02
              alpha_1  =   3.6215E-01
              alpha_2  =   6.4294E-01
              alpha_3  =   1.0590E+00
               vev1    =   6.2209E+00
               vev2    =   2.4381E+02
           newtbeta    =   3.9191E+01
                  \mu  =   7.3563E+02
              ~gluino  =   1.2712E+03
               ~stop_1 =   9.1061E+02
               ~stop_2 =   1.1297E+03
             ~scharm_R =   1.2444E+03
             ~scharm_L =   1.2807E+03
                ~sup_R =   1.2445E+03
                ~sup_L =   1.2808E+03
           ~sbottom_1  =   1.0680E+03
           ~sbottom_2  =   1.1402E+03
           ~sstrange_R =   1.2410E+03
           ~sstrange_L =   1.2830E+03
             ~sdown_R  =   1.2412E+03
             ~sdown_L  =   1.2831E+03
               ~stau_1 =   4.7720E+02
               ~stau_2 =   6.5709E+02
               ~smu_R  =   6.3614E+02
               ~smu_L  =   7.0272E+02
              ~sel_R   =   6.3670E+02
              ~sel_L   =   7.0345E+02
              ~tausnu  =   6.3960E+02
                ~musnu =   6.9773E+02
                ~elsnu =   6.9750E+02
 
 Higgs Spectrum
                 mA0   =   7.1369E+02
            mh_charged =   7.1863E+02
                 mh0   =   1.1723E+02
                  mH   =   7.1358E+02
            \alpha_h   =  -2.6043E-02
 
 Neutralino spectrum
                  N1   =   2.3294E+02
                  N2   =   4.3201E+02
                  N3   =   7.4188E+02
                  N4   =   7.5016E+02
 
 Chargino spectrum
                  C1   =   4.2263E+02
                  C2   =   7.4668E+02
 
  Low Energy Observables 
   Fine tuning, Cmz^2mu^2   =    1.2303E+02
   Fine tuning, Cmt^2mu^2   =    6.1513E+01
        Br(B  => s,gamma)   =    0.0000E+00
       Br(mu  => e,gamma)   =    0.0000E+00 X 10^(-11)
       Br(tau => mu,gamma)  =    0.0000E+00 X 10^(-08)
       Br(tau => e,gamma)   =    0.0000E+00 X 10^(-07)
         Br(tau => e,e,e)   =    0.0000E+00 X 10^(-07)
      Br(tau => mu,mu,mu)   =    0.0000E+00 X 10^(-07)
          Br(mu => e,e,e)   =    0.0000E+00 X 10^(-12)
        Br(mu => e in Ti)   =    0.0000E+00 X 10^(-12)
            (g_mu - 2)      =    1.5883E+01 X 10^(-10)
------------------------------
flag for the point is  AOK                                                                                                
 --------------------------------------------------
 FLAGS AND THEIR MEANINGS
 AOK = Everything is fine.
 BMUNEG = B_mu is negative at Msusy.
 REWSB = |\mu|^2 < 0 at Msusy.
 MUNOC = Non-convergent |\mu| at Msusy.
 SW2NOC = Non-convergent Sin^2_thetaw at Mz.
 NPERTYUK = Non-perturbative yukawa.
 TACSPEC = Spectrum is tachyonic at Msusy.
 TACSPECMZ = Spectrum is tachyonic at Mz.
 FSNC = Final spectrum non-convergent.
 TACMh = Lightest CP-even neutral higgs tachyonic.
 TACMH = Heaviest CP-even neutral higgs tachyonic.
 TACMA = CP-odd neutral higgs tachyonic.
 TACMHCH = Charged higgs tachyonic.
 VARUNDER = Stepsize is zero while integrating the RGEs.
 TACSUP = SUP sector tachyonic.
 TACSDN = SDOWN sector tachyonic.
 TACSLP = SLEPTON sector tachyonic.
 TACSNU = SNEUTRINO sector tachyonic.
 LEPH = Lightest higgs mass below LEP limit.
 LEPC = Lightest chargino mass < 103.5 GeV.
 LSPSTAU = Lightest stau is LSP.
 --------------------------------------------------
