# Spectrum Output in SUSY Les Houches Accord 2
# SuSeFLAV v1.2.0 
# D. Chowdhury, R. Garani and S. K. Vempati, hep-ph/1109.3551 
# For bug reports or any other queries please send email to suseflav@cts.iisc.ernet.in 
# Created on 18.06.2012 at 11:50 Hrs
#
BLOCK SPINFO  #  Program information
     1   SuSeFLAV     # Spectrum calculator
     2   1.2.0        # Version number
#
BLOCK MODSEL  #  MODEL NAME
     1      1   # mSUGRA
#
BLOCK MINPAR  # Input parameters
         1     1.10000000E+03   #  m0                 
         2     4.00000000E+02   #  m_1/2              
         3     4.00000000E+01   #  tanbeta(mz)        
         4     1.00000000E+00   #  sign(mu)           
         5    -5.00000000E+02   #  A0                 
#
BLOCK SMINPUTS  # Standard Model inputs
         1     1.27934000E+02   # alpha_em (M_Z)^MSbar
         2     1.16637000E-05   # G_F [GeV^-2]
         3     1.17200000E-01   # alpha_S(M_Z)^MSbar
         4     9.11876000E+01   # M_Z pole mass
         5     4.25000000E+00   # mb(mb)^MSbar
         6     1.73300000E+02   # mt pole mass
         7     1.77700000E+00   # mtau pole mass
#
BLOCK EXTPAR  # Extra Input parameters
         0     2.26073609E+16   # Unification Scale
#
BLOCK MASS  # Mass Spectrum
# PDG code           mass       particle
        24     8.05095385E+01   # W+
        25     1.15981517E+02   # h
        35     8.50221872E+02   # H
        36     8.50341639E+02   # A
        37     8.54477983E+02   # H+
   1000001     1.37226778E+03   # ~d_L
   2000001     1.35364183E+03   # ~d_R
   1000002     1.37003682E+03   # ~u_L
   2000002     1.35443438E+03   # ~u_R
   1000003     1.37216675E+03   # ~s_L
   2000003     1.35333341E+03   # ~s_R
   1000004     1.36992243E+03   # ~c_L
   2000004     1.35437378E+03   # ~c_R
   1000005     1.07626151E+03   # ~b_1
   2000005     1.19555155E+03   # ~b_2
   1000006     8.95768721E+02   # ~t_1
   2000006     1.11147278E+03   # ~t_2
   1000011     1.13011854E+03   # ~e_L
   2000011     1.11076047E+03   # ~e_R
   1000012     1.12453602E+03   # ~nu_eL
   1000013     1.12828575E+03   # ~mu_L
   2000013     1.10998073E+03   # ~mu_R
   1000014     1.12538203E+03   # ~nu_muL
   1000015     9.12882636E+02   # ~tau_1
   2000015     1.04152880E+03   # ~tau_2
   1000016     1.03708544E+03   # ~nu_tauL
   1000021     9.94398913E+02   # ~g
   1000022     1.65851875E+02   # ~chi_10
   1000023     3.10762329E+02   # ~chi_20
   1000025     5.61692181E+02   # ~chi_30
   1000035     5.72271371E+02   # ~chi_40
   1000024     3.02212826E+02   # ~chi_1+
   1000037     5.68519629E+02   # ~chi_2+
#
BLOCK NMIX  # Neutralino Mixing Matrix
  1  1     9.95182481E-01   # N_11
  1  2    -1.74566798E-02   # N_12
  1  3     9.17955278E-02   # N_13
  1  4    -2.96761602E-02   # N_14
  2  1     3.92614840E-02   # N_21
  2  2     9.71322309E-01   # N_22
  2  3    -2.02946606E-01   # N_23
  2  4     1.17491201E-01   # N_24
  3  1     4.24803802E-02   # N_31
  3  2    -6.25790748E-02   # N_32
  3  3    -7.01528373E-01   # N_33
  3  4    -7.08616412E-01   # N_34
  4  1    -7.91566943E-02   # N_41
  4  2     2.28718375E-01   # N_42
  4  3     6.76937367E-01   # N_43
  4  4    -6.95110008E-01   # N_44
#
BLOCK UMIX  # Chargino Mixing Matrix U
  1  1     9.60696002E-01   # U_11
  1  2    -2.77602579E-01   # U_12
  2  1     2.77602579E-01   # U_21
  2  2     9.60696002E-01   # U_22
#
BLOCK VMIX  # Chargino Mixing Matrix V
  1  1     9.87633872E-01   # V_11
  1  2    -1.56777981E-01   # V_12
  2  1     1.56777981E-01   # V_21
  2  2     9.87633872E-01   # V_22
#
BLOCK STOPMIX  # Stop Mixing Matrix
  1  1     3.51182953E-01   # STOPMIX_11
  1  2     9.36306859E-01   # STOPMIX_12
  2  1    -9.36306859E-01   # STOPMIX_21
  2  2     3.51182953E-01   # STOPMIX_22
#
BLOCK SBOTMIX  # Sbottom Mixing Matrix
  1  1     9.68308229E-01   # SBOTMIX_11
  1  2     2.49758232E-01   # SBOTMIX_12
  2  1    -2.49758232E-01   # SBOTMIX_21
  2  2     9.68308229E-01   # SBOTMIX_22
#
BLOCK STAUMIX  # Stau Mixing Matrix
  1  1     1.62418666E-01   # STAUMIX_11
  1  2     9.86721935E-01   # STAUMIX_12
  2  1    -9.86721935E-01   # STAUMIX_21
  2  2     1.62418666E-01   # STAUMIX_22
#
BLOCK ALPHA  # Higgs mixing
          -2.60046908E-02   # Mixing angle in the neutral Higgs boson sector
#
BLOCK HMIX Q=  9.72909824E+02  # DRbar Higgs Parameters
     1     5.53646392E+02   # mu(Q)
     2     3.92156789E+01   # tanbeta(Q)
     3     2.43641680E+02   # vev(Q)
     4     8.72731601E+05   # MA^2(Q)
#
BLOCK GAUGE Q=  9.72909824E+02  # The gauge couplings
     1     3.61931702E-01   # gprime(Q) DRbar
     2     6.43603002E-01   # g(Q) DRbar
     3     1.06360003E+00   # g_3(Q) DRbar
#
BLOCK AU Q=  9.72909824E+02  # The trilinear couplings
  1  1    -1.26235770E+03   # A_u(Q) DRbar
  2  2    -1.26226400E+03   # A_c(Q) DRbar
  3  3    -8.54966745E+02   # A_t(Q) DRbar
#
BLOCK AD Q=  9.72909824E+02  # The trilinear couplings
  1  1    -1.46021574E+03   # A_d(Q) DRbar
  2  2    -1.45999115E+03   # A_s(Q) DRbar
  3  3    -1.20874518E+03   # A_b(Q) DRbar
#
BLOCK AE Q=  9.72909824E+02  # The trilinear couplings
  1  1    -5.72323299E+02   # A_e(Q) DRbar
  2  2    -5.72018560E+02   # A_mu(Q) DRbar
  3  3    -4.79714572E+02   # A_tau(Q) DRbar
#
BLOCK YU Q=  9.72909824E+02  # The top Yukawa coupling
  3  3     8.53883569E-01   # y_top(Q) DRbar
#
BLOCK YD Q=  9.72909824E+02  # The down Yukawa coupling
  3  3     5.16353979E-01   # y_b(Q) DRbar
#
BLOCK YE Q=  9.72909824E+02  # The tau Yukawa coupling
  3  3     4.10916356E-01   # y_tau(Q) DRbar
#
BLOCK MSOFT Q=  9.72909824E+02  # soft SUSY breaking masses at scale Q
         1     1.68310865E+02   # M_1
         2     3.12393963E+02   # M_2
         3     8.97664788E+02   # M_3
        21     4.48224166E+05   # M^2_Hd
        22    -2.94850831E+05   # M^2_Hu
        31     1.12606652E+03   # M_eL
        32     1.12578272E+03   # M_muL
        33     1.03765183E+03   # M_tauL
        34     1.10864862E+03   # M_eR
        35     1.10806881E+03   # M_muR
        36     9.18273492E+02   # M_tauR
        41     1.34704707E+03   # M_q1L
        42     1.34690896E+03   # M_q2L
        43     1.05859774E+03   # M_q3L
        44     1.33233162E+03   # M_uR
        45     1.33230674E+03   # M_cR
        46     8.83418237E+02   # M_tR
        47     1.33077855E+03   # M_dR
        48     1.33052128E+03   # M_sR
        49     1.16998184E+03   # M_bR
#
BLOCK SuSeFLAVLOWENERGY   #  PARAMETERS 
         1     3.46757920E-03   # Delta rho parameter
         2     1.12379954E-09   # g_mu - 2
         3     0.00000000E+00   # Br(b -> s gamma)
         4     0.00000000E+00   # Br(tau -> mu gamma)
         5     0.00000000E+00   # Br(tau -> e gamma)
         6     0.00000000E+00   # Br(mu -> e gamma)
         7     0.00000000E+00   # Br(tau -> mu mu mu)
         8     0.00000000E+00   # Br(tau -> e e e)
         9     0.00000000E+00   # Br(mu -> e e e)
#
BLOCK FINETUNE  # Fine Tuning
         1     6.95118284E+01   # delta mZ^2/mZ^2 (mu^2)
         2     3.47560625E+01   # delta mt/mt (mu^2)
